[2022-08-21 08:03:35] Executing SamBamViz v0.0.9
[2022-08-21 08:03:35] Using 1-based indexing
[2022-08-21 08:03:35] Input file: data/trimmed_bam/SRR13615959.02.trimmed.sorted.bam
[2022-08-21 08:03:35] Output file: data/trimmed_bam/SRR13615959.02.trimmed.sorted.bam.sambamviz.tsv
[2022-08-21 08:03:35] Parsing input file...
[2022-08-21 08:03:44] Parsed 50000 reads...
[2022-08-21 08:03:52] Parsed 100000 reads...
[2022-08-21 08:04:01] Parsed 150000 reads...
[2022-08-21 08:04:10] Parsed 200000 reads...
[2022-08-21 08:04:17] Finished parsing input file
[2022-08-21 08:04:17] - Number of reads: 243958
[2022-08-21 08:04:17]   - Unmapped: 0
[2022-08-21 08:04:17]   - Mapped: 243958
[2022-08-21 08:04:17] - Average raw (unclipped) read length: 99.65534641208733
[2022-08-21 08:04:17]   - Unmapped: N/A
[2022-08-21 08:04:17]   - Mapped: 99.65534641208733
[2022-08-21 08:04:17] - Average clipped read length: 96.48332909763155
[2022-08-21 08:04:17]   - Unmapped: N/A
[2022-08-21 08:04:17]   - Mapped: 96.48332909763155
[2022-08-21 08:04:17] - Average insert size: N/A
[2022-08-21 08:04:17] - Average coverage: 768.0545782890777
[2022-08-21 08:04:17] Writing nucleotide counts...
[2022-08-21 08:04:17] Finished writing nucleotide counts
