[2022-08-21 08:35:39] Executing SamBamViz v0.0.9
[2022-08-21 08:35:39] Using 1-based indexing
[2022-08-21 08:35:39] Input file: data/trimmed_bam/SRR13615965.02.trimmed.sorted.bam
[2022-08-21 08:35:39] Output file: data/trimmed_bam/SRR13615965.02.trimmed.sorted.bam.sambamviz.tsv
[2022-08-21 08:35:39] Parsing input file...
[2022-08-21 08:35:46] Parsed 50000 reads...
[2022-08-21 08:35:54] Parsed 100000 reads...
[2022-08-21 08:36:01] Parsed 150000 reads...
[2022-08-21 08:36:08] Parsed 200000 reads...
[2022-08-21 08:36:16] Parsed 250000 reads...
[2022-08-21 08:36:23] Parsed 300000 reads...
[2022-08-21 08:36:31] Parsed 350000 reads...
[2022-08-21 08:36:38] Parsed 400000 reads...
[2022-08-21 08:36:45] Parsed 450000 reads...
[2022-08-21 08:36:53] Parsed 500000 reads...
[2022-08-21 08:37:00] Parsed 550000 reads...
[2022-08-21 08:37:08] Parsed 600000 reads...
[2022-08-21 08:37:15] Parsed 650000 reads...
[2022-08-21 08:37:23] Parsed 700000 reads...
[2022-08-21 08:37:30] Parsed 750000 reads...
[2022-08-21 08:37:38] Parsed 800000 reads...
[2022-08-21 08:37:45] Parsed 850000 reads...
[2022-08-21 08:37:52] Parsed 900000 reads...
[2022-08-21 08:38:00] Parsed 950000 reads...
[2022-08-21 08:38:07] Parsed 1000000 reads...
[2022-08-21 08:38:15] Parsed 1050000 reads...
[2022-08-21 08:38:23] Parsed 1100000 reads...
[2022-08-21 08:38:30] Parsed 1150000 reads...
[2022-08-21 08:38:38] Parsed 1200000 reads...
[2022-08-21 08:38:45] Parsed 1250000 reads...
[2022-08-21 08:38:53] Parsed 1300000 reads...
[2022-08-21 08:39:00] Parsed 1350000 reads...
[2022-08-21 08:39:07] Parsed 1400000 reads...
[2022-08-21 08:39:15] Parsed 1450000 reads...
[2022-08-21 08:39:22] Parsed 1500000 reads...
[2022-08-21 08:39:30] Parsed 1550000 reads...
[2022-08-21 08:39:33] Finished parsing input file
[2022-08-21 08:39:33] - Number of reads: 1572709
[2022-08-21 08:39:33]   - Unmapped: 0
[2022-08-21 08:39:33]   - Mapped: 1572709
[2022-08-21 08:39:33] - Average raw (unclipped) read length: 99.74109641389475
[2022-08-21 08:39:33]   - Unmapped: N/A
[2022-08-21 08:39:33]   - Mapped: 99.74109641389475
[2022-08-21 08:39:33] - Average clipped read length: 97.23697518104112
[2022-08-21 08:39:33]   - Unmapped: N/A
[2022-08-21 08:39:33]   - Mapped: 97.23697518104112
[2022-08-21 08:39:33] - Average insert size: N/A
[2022-08-21 08:39:33] - Average coverage: 5010.6095897281575
[2022-08-21 08:39:33] Writing nucleotide counts...
[2022-08-21 08:39:33] Finished writing nucleotide counts
