[2022-08-21 06:10:37] Executing SamBamViz v0.0.9
[2022-08-21 06:10:37] Using 1-based indexing
[2022-08-21 06:10:37] Input file: data/trimmed_bam/SRR13615942.02.trimmed.sorted.bam
[2022-08-21 06:10:37] Output file: data/trimmed_bam/SRR13615942.02.trimmed.sorted.bam.sambamviz.tsv
[2022-08-21 06:10:37] Parsing input file...
[2022-08-21 06:10:44] Parsed 50000 reads...
[2022-08-21 06:10:51] Parsed 100000 reads...
[2022-08-21 06:10:59] Parsed 150000 reads...
[2022-08-21 06:11:06] Parsed 200000 reads...
[2022-08-21 06:11:14] Parsed 250000 reads...
[2022-08-21 06:11:22] Parsed 300000 reads...
[2022-08-21 06:11:29] Parsed 350000 reads...
[2022-08-21 06:11:37] Parsed 400000 reads...
[2022-08-21 06:11:44] Parsed 450000 reads...
[2022-08-21 06:11:52] Parsed 500000 reads...
[2022-08-21 06:12:00] Parsed 550000 reads...
[2022-08-21 06:12:07] Parsed 600000 reads...
[2022-08-21 06:12:15] Parsed 650000 reads...
[2022-08-21 06:12:22] Parsed 700000 reads...
[2022-08-21 06:12:30] Parsed 750000 reads...
[2022-08-21 06:12:37] Parsed 800000 reads...
[2022-08-21 06:12:45] Parsed 850000 reads...
[2022-08-21 06:12:53] Parsed 900000 reads...
[2022-08-21 06:13:00] Parsed 950000 reads...
[2022-08-21 06:13:08] Parsed 1000000 reads...
[2022-08-21 06:13:16] Parsed 1050000 reads...
[2022-08-21 06:13:23] Parsed 1100000 reads...
[2022-08-21 06:13:31] Parsed 1150000 reads...
[2022-08-21 06:13:39] Parsed 1200000 reads...
[2022-08-21 06:13:46] Parsed 1250000 reads...
[2022-08-21 06:13:54] Parsed 1300000 reads...
[2022-08-21 06:14:02] Parsed 1350000 reads...
[2022-08-21 06:14:09] Parsed 1400000 reads...
[2022-08-21 06:14:17] Parsed 1450000 reads...
[2022-08-21 06:14:25] Parsed 1500000 reads...
[2022-08-21 06:14:33] Parsed 1550000 reads...
[2022-08-21 06:14:40] Parsed 1600000 reads...
[2022-08-21 06:14:48] Parsed 1650000 reads...
[2022-08-21 06:14:56] Parsed 1700000 reads...
[2022-08-21 06:15:03] Parsed 1750000 reads...
[2022-08-21 06:15:11] Parsed 1800000 reads...
[2022-08-21 06:15:19] Parsed 1850000 reads...
[2022-08-21 06:15:26] Parsed 1900000 reads...
[2022-08-21 06:15:34] Parsed 1950000 reads...
[2022-08-21 06:15:42] Parsed 2000000 reads...
[2022-08-21 06:15:50] Parsed 2050000 reads...
[2022-08-21 06:15:58] Parsed 2100000 reads...
[2022-08-21 06:16:05] Parsed 2150000 reads...
[2022-08-21 06:16:13] Parsed 2200000 reads...
[2022-08-21 06:16:20] Parsed 2250000 reads...
[2022-08-21 06:16:28] Parsed 2300000 reads...
[2022-08-21 06:16:36] Parsed 2350000 reads...
[2022-08-21 06:16:43] Parsed 2400000 reads...
[2022-08-21 06:16:46] Finished parsing input file
[2022-08-21 06:16:46] - Number of reads: 2416125
[2022-08-21 06:16:46]   - Unmapped: 0
[2022-08-21 06:16:46]   - Mapped: 2416125
[2022-08-21 06:16:46] - Average raw (unclipped) read length: 99.69475834238709
[2022-08-21 06:16:46]   - Unmapped: N/A
[2022-08-21 06:16:46]   - Mapped: 99.69475834238709
[2022-08-21 06:16:46] - Average clipped read length: 97.91406694603963
[2022-08-21 06:16:46]   - Unmapped: N/A
[2022-08-21 06:16:46]   - Mapped: 97.91406694603963
[2022-08-21 06:16:46] - Average insert size: N/A
[2022-08-21 06:16:46] - Average coverage: 7770.873337788173
[2022-08-21 06:16:46] Writing nucleotide counts...
[2022-08-21 06:16:46] Finished writing nucleotide counts
