[2022-08-21 08:47:27] Executing SamBamViz v0.0.9
[2022-08-21 08:47:27] Using 1-based indexing
[2022-08-21 08:47:27] Input file: data/trimmed_bam/SRR13615971.02.trimmed.sorted.bam
[2022-08-21 08:47:27] Output file: data/trimmed_bam/SRR13615971.02.trimmed.sorted.bam.sambamviz.tsv
[2022-08-21 08:47:27] Parsing input file...
[2022-08-21 08:47:34] Parsed 50000 reads...
[2022-08-21 08:47:42] Parsed 100000 reads...
[2022-08-21 08:47:49] Parsed 150000 reads...
[2022-08-21 08:47:57] Parsed 200000 reads...
[2022-08-21 08:48:04] Parsed 250000 reads...
[2022-08-21 08:48:12] Parsed 300000 reads...
[2022-08-21 08:48:16] Finished parsing input file
[2022-08-21 08:48:16] - Number of reads: 323976
[2022-08-21 08:48:16]   - Unmapped: 0
[2022-08-21 08:48:16]   - Mapped: 323976
[2022-08-21 08:48:16] - Average raw (unclipped) read length: 99.9231239351063
[2022-08-21 08:48:16]   - Unmapped: N/A
[2022-08-21 08:48:16]   - Mapped: 99.9231239351063
[2022-08-21 08:48:16] - Average clipped read length: 96.73379509593303
[2022-08-21 08:48:16]   - Unmapped: N/A
[2022-08-21 08:48:16]   - Mapped: 96.73379509593303
[2022-08-21 08:48:16] - Average insert size: N/A
[2022-08-21 08:48:16] - Average coverage: 1009.8388122656669
[2022-08-21 08:48:16] Writing nucleotide counts...
[2022-08-21 08:48:16] Finished writing nucleotide counts
