[2022-08-21 14:22:06] Executing SamBamViz v0.0.9
[2022-08-21 14:22:06] Using 1-based indexing
[2022-08-21 14:22:06] Input file: data/trimmed_bam/SRR13616021.02.trimmed.sorted.bam
[2022-08-21 14:22:06] Output file: data/trimmed_bam/SRR13616021.02.trimmed.sorted.bam.sambamviz.tsv
[2022-08-21 14:22:06] Parsing input file...
[2022-08-21 14:22:13] Parsed 50000 reads...
[2022-08-21 14:22:20] Parsed 100000 reads...
[2022-08-21 14:22:27] Parsed 150000 reads...
[2022-08-21 14:22:34] Parsed 200000 reads...
[2022-08-21 14:22:42] Parsed 250000 reads...
[2022-08-21 14:22:42] Finished parsing input file
[2022-08-21 14:22:42] - Number of reads: 255901
[2022-08-21 14:22:42]   - Unmapped: 0
[2022-08-21 14:22:42]   - Mapped: 255901
[2022-08-21 14:22:42] - Average raw (unclipped) read length: 99.97432991664745
[2022-08-21 14:22:42]   - Unmapped: N/A
[2022-08-21 14:22:42]   - Mapped: 99.97432991664745
[2022-08-21 14:22:42] - Average clipped read length: 95.82596785475633
[2022-08-21 14:22:42]   - Unmapped: N/A
[2022-08-21 14:22:42]   - Mapped: 95.82596785475633
[2022-08-21 14:22:42] - Average insert size: N/A
[2022-08-21 14:22:42] - Average coverage: 781.6152765701291
[2022-08-21 14:22:42] Writing nucleotide counts...
[2022-08-21 14:22:42] Finished writing nucleotide counts
