[2022-08-21 13:01:28] Executing SamBamViz v0.0.9
[2022-08-21 13:01:28] Using 1-based indexing
[2022-08-21 13:01:28] Input file: data/trimmed_bam/SRR13616005.02.trimmed.sorted.bam
[2022-08-21 13:01:28] Output file: data/trimmed_bam/SRR13616005.02.trimmed.sorted.bam.sambamviz.tsv
[2022-08-21 13:01:28] Parsing input file...
[2022-08-21 13:01:38] Parsed 50000 reads...
[2022-08-21 13:01:47] Finished parsing input file
[2022-08-21 13:01:47] - Number of reads: 94323
[2022-08-21 13:01:47]   - Unmapped: 0
[2022-08-21 13:01:47]   - Mapped: 94323
[2022-08-21 13:01:47] - Average raw (unclipped) read length: 99.78359466938075
[2022-08-21 13:01:47]   - Unmapped: N/A
[2022-08-21 13:01:47]   - Mapped: 99.78359466938075
[2022-08-21 13:01:47] - Average clipped read length: 84.27131240524581
[2022-08-21 13:01:47]   - Unmapped: N/A
[2022-08-21 13:01:47]   - Mapped: 84.27131240524581
[2022-08-21 13:01:47] - Average insert size: N/A
[2022-08-21 13:01:47] - Average coverage: 258.1048090428734
[2022-08-21 13:01:47] Writing nucleotide counts...
[2022-08-21 13:01:48] Finished writing nucleotide counts
