[2022-08-21 06:10:38] Executing SamBamViz v0.0.9
[2022-08-21 06:10:38] Using 1-based indexing
[2022-08-21 06:10:38] Input file: data/trimmed_bam/SRR13615943.02.trimmed.sorted.bam
[2022-08-21 06:10:38] Output file: data/trimmed_bam/SRR13615943.02.trimmed.sorted.bam.sambamviz.tsv
[2022-08-21 06:10:38] Parsing input file...
[2022-08-21 06:10:44] Parsed 50000 reads...
[2022-08-21 06:10:49] Parsed 100000 reads...
[2022-08-21 06:10:56] Parsed 150000 reads...
[2022-08-21 06:11:03] Parsed 200000 reads...
[2022-08-21 06:11:09] Parsed 250000 reads...
[2022-08-21 06:11:16] Parsed 300000 reads...
[2022-08-21 06:11:22] Parsed 350000 reads...
[2022-08-21 06:11:29] Parsed 400000 reads...
[2022-08-21 06:11:37] Parsed 450000 reads...
[2022-08-21 06:11:44] Parsed 500000 reads...
[2022-08-21 06:11:51] Parsed 550000 reads...
[2022-08-21 06:11:58] Parsed 600000 reads...
[2022-08-21 06:12:05] Parsed 650000 reads...
[2022-08-21 06:12:13] Parsed 700000 reads...
[2022-08-21 06:12:20] Parsed 750000 reads...
[2022-08-21 06:12:28] Parsed 800000 reads...
[2022-08-21 06:12:35] Parsed 850000 reads...
[2022-08-21 06:12:43] Parsed 900000 reads...
[2022-08-21 06:12:50] Parsed 950000 reads...
[2022-08-21 06:12:57] Parsed 1000000 reads...
[2022-08-21 06:13:05] Parsed 1050000 reads...
[2022-08-21 06:13:12] Parsed 1100000 reads...
[2022-08-21 06:13:20] Parsed 1150000 reads...
[2022-08-21 06:13:27] Parsed 1200000 reads...
[2022-08-21 06:13:35] Parsed 1250000 reads...
[2022-08-21 06:13:42] Parsed 1300000 reads...
[2022-08-21 06:13:50] Parsed 1350000 reads...
[2022-08-21 06:13:57] Parsed 1400000 reads...
[2022-08-21 06:14:05] Parsed 1450000 reads...
[2022-08-21 06:14:12] Parsed 1500000 reads...
[2022-08-21 06:14:20] Parsed 1550000 reads...
[2022-08-21 06:14:27] Parsed 1600000 reads...
[2022-08-21 06:14:35] Parsed 1650000 reads...
[2022-08-21 06:14:42] Parsed 1700000 reads...
[2022-08-21 06:14:50] Parsed 1750000 reads...
[2022-08-21 06:14:57] Parsed 1800000 reads...
[2022-08-21 06:15:05] Parsed 1850000 reads...
[2022-08-21 06:15:12] Parsed 1900000 reads...
[2022-08-21 06:15:20] Parsed 1950000 reads...
[2022-08-21 06:15:28] Parsed 2000000 reads...
[2022-08-21 06:15:35] Parsed 2050000 reads...
[2022-08-21 06:15:43] Parsed 2100000 reads...
[2022-08-21 06:15:50] Parsed 2150000 reads...
[2022-08-21 06:15:58] Parsed 2200000 reads...
[2022-08-21 06:16:05] Parsed 2250000 reads...
[2022-08-21 06:16:13] Parsed 2300000 reads...
[2022-08-21 06:16:20] Parsed 2350000 reads...
[2022-08-21 06:16:27] Parsed 2400000 reads...
[2022-08-21 06:16:35] Parsed 2450000 reads...
[2022-08-21 06:16:42] Parsed 2500000 reads...
[2022-08-21 06:16:50] Parsed 2550000 reads...
[2022-08-21 06:16:58] Parsed 2600000 reads...
[2022-08-21 06:17:05] Parsed 2650000 reads...
[2022-08-21 06:17:13] Parsed 2700000 reads...
[2022-08-21 06:17:21] Parsed 2750000 reads...
[2022-08-21 06:17:27] Parsed 2800000 reads...
[2022-08-21 06:17:35] Parsed 2850000 reads...
[2022-08-21 06:17:43] Parsed 2900000 reads...
[2022-08-21 06:17:50] Parsed 2950000 reads...
[2022-08-21 06:17:57] Parsed 3000000 reads...
[2022-08-21 06:18:05] Parsed 3050000 reads...
[2022-08-21 06:18:13] Parsed 3100000 reads...
[2022-08-21 06:18:21] Parsed 3150000 reads...
[2022-08-21 06:18:29] Parsed 3200000 reads...
[2022-08-21 06:18:36] Parsed 3250000 reads...
[2022-08-21 06:18:44] Parsed 3300000 reads...
[2022-08-21 06:18:51] Parsed 3350000 reads...
[2022-08-21 06:18:58] Parsed 3400000 reads...
[2022-08-21 06:19:06] Parsed 3450000 reads...
[2022-08-21 06:19:14] Parsed 3500000 reads...
[2022-08-21 06:19:21] Parsed 3550000 reads...
[2022-08-21 06:19:29] Parsed 3600000 reads...
[2022-08-21 06:19:36] Parsed 3650000 reads...
[2022-08-21 06:19:44] Parsed 3700000 reads...
[2022-08-21 06:19:51] Parsed 3750000 reads...
[2022-08-21 06:19:59] Parsed 3800000 reads...
[2022-08-21 06:20:07] Parsed 3850000 reads...
[2022-08-21 06:20:14] Parsed 3900000 reads...
[2022-08-21 06:20:22] Parsed 3950000 reads...
[2022-08-21 06:20:29] Parsed 4000000 reads...
[2022-08-21 06:20:37] Parsed 4050000 reads...
[2022-08-21 06:20:44] Parsed 4100000 reads...
[2022-08-21 06:20:52] Parsed 4150000 reads...
[2022-08-21 06:20:59] Parsed 4200000 reads...
[2022-08-21 06:21:07] Parsed 4250000 reads...
[2022-08-21 06:21:15] Parsed 4300000 reads...
[2022-08-21 06:21:22] Parsed 4350000 reads...
[2022-08-21 06:21:30] Parsed 4400000 reads...
[2022-08-21 06:21:37] Parsed 4450000 reads...
[2022-08-21 06:21:45] Parsed 4500000 reads...
[2022-08-21 06:21:52] Parsed 4550000 reads...
[2022-08-21 06:22:00] Parsed 4600000 reads...
[2022-08-21 06:22:07] Parsed 4650000 reads...
[2022-08-21 06:22:15] Parsed 4700000 reads...
[2022-08-21 06:22:22] Parsed 4750000 reads...
[2022-08-21 06:22:30] Parsed 4800000 reads...
[2022-08-21 06:22:37] Parsed 4850000 reads...
[2022-08-21 06:22:45] Parsed 4900000 reads...
[2022-08-21 06:22:53] Parsed 4950000 reads...
[2022-08-21 06:23:00] Parsed 5000000 reads...
[2022-08-21 06:23:07] Parsed 5050000 reads...
[2022-08-21 06:23:15] Parsed 5100000 reads...
[2022-08-21 06:23:23] Parsed 5150000 reads...
[2022-08-21 06:23:30] Parsed 5200000 reads...
[2022-08-21 06:23:38] Parsed 5250000 reads...
[2022-08-21 06:23:45] Parsed 5300000 reads...
[2022-08-21 06:23:53] Parsed 5350000 reads...
[2022-08-21 06:24:01] Parsed 5400000 reads...
[2022-08-21 06:24:08] Parsed 5450000 reads...
[2022-08-21 06:24:16] Parsed 5500000 reads...
[2022-08-21 06:24:23] Parsed 5550000 reads...
[2022-08-21 06:24:31] Parsed 5600000 reads...
[2022-08-21 06:24:38] Parsed 5650000 reads...
[2022-08-21 06:24:46] Parsed 5700000 reads...
[2022-08-21 06:24:53] Parsed 5750000 reads...
[2022-08-21 06:25:01] Parsed 5800000 reads...
[2022-08-21 06:25:08] Parsed 5850000 reads...
[2022-08-21 06:25:16] Parsed 5900000 reads...
[2022-08-21 06:25:23] Parsed 5950000 reads...
[2022-08-21 06:25:31] Parsed 6000000 reads...
[2022-08-21 06:25:38] Parsed 6050000 reads...
[2022-08-21 06:25:46] Parsed 6100000 reads...
[2022-08-21 06:25:54] Parsed 6150000 reads...
[2022-08-21 06:26:01] Parsed 6200000 reads...
[2022-08-21 06:26:09] Parsed 6250000 reads...
[2022-08-21 06:26:17] Parsed 6300000 reads...
[2022-08-21 06:26:24] Parsed 6350000 reads...
[2022-08-21 06:26:32] Parsed 6400000 reads...
[2022-08-21 06:26:39] Parsed 6450000 reads...
[2022-08-21 06:26:46] Parsed 6500000 reads...
[2022-08-21 06:26:54] Parsed 6550000 reads...
[2022-08-21 06:27:02] Parsed 6600000 reads...
[2022-08-21 06:27:09] Parsed 6650000 reads...
[2022-08-21 06:27:17] Parsed 6700000 reads...
[2022-08-21 06:27:24] Parsed 6750000 reads...
[2022-08-21 06:27:32] Parsed 6800000 reads...
[2022-08-21 06:27:40] Parsed 6850000 reads...
[2022-08-21 06:27:47] Parsed 6900000 reads...
[2022-08-21 06:27:55] Parsed 6950000 reads...
[2022-08-21 06:28:02] Parsed 7000000 reads...
[2022-08-21 06:28:10] Parsed 7050000 reads...
[2022-08-21 06:28:19] Parsed 7100000 reads...
[2022-08-21 06:28:27] Parsed 7150000 reads...
[2022-08-21 06:28:36] Parsed 7200000 reads...
[2022-08-21 06:28:44] Parsed 7250000 reads...
[2022-08-21 06:28:51] Parsed 7300000 reads...
[2022-08-21 06:28:59] Parsed 7350000 reads...
[2022-08-21 06:29:06] Parsed 7400000 reads...
[2022-08-21 06:29:14] Parsed 7450000 reads...
[2022-08-21 06:29:21] Parsed 7500000 reads...
[2022-08-21 06:29:29] Parsed 7550000 reads...
[2022-08-21 06:29:36] Parsed 7600000 reads...
[2022-08-21 06:29:44] Parsed 7650000 reads...
[2022-08-21 06:29:51] Parsed 7700000 reads...
[2022-08-21 06:29:59] Parsed 7750000 reads...
[2022-08-21 06:30:07] Parsed 7800000 reads...
[2022-08-21 06:30:14] Parsed 7850000 reads...
[2022-08-21 06:30:22] Parsed 7900000 reads...
[2022-08-21 06:30:30] Parsed 7950000 reads...
[2022-08-21 06:30:37] Parsed 8000000 reads...
[2022-08-21 06:30:45] Parsed 8050000 reads...
[2022-08-21 06:30:52] Parsed 8100000 reads...
[2022-08-21 06:31:00] Parsed 8150000 reads...
[2022-08-21 06:31:07] Parsed 8200000 reads...
[2022-08-21 06:31:15] Parsed 8250000 reads...
[2022-08-21 06:31:23] Parsed 8300000 reads...
[2022-08-21 06:31:30] Parsed 8350000 reads...
[2022-08-21 06:31:38] Parsed 8400000 reads...
[2022-08-21 06:31:45] Parsed 8450000 reads...
[2022-08-21 06:31:53] Parsed 8500000 reads...
[2022-08-21 06:32:01] Parsed 8550000 reads...
[2022-08-21 06:32:08] Parsed 8600000 reads...
[2022-08-21 06:32:16] Parsed 8650000 reads...
[2022-08-21 06:32:24] Parsed 8700000 reads...
[2022-08-21 06:32:31] Parsed 8750000 reads...
[2022-08-21 06:32:39] Parsed 8800000 reads...
[2022-08-21 06:32:47] Parsed 8850000 reads...
[2022-08-21 06:32:54] Parsed 8900000 reads...
[2022-08-21 06:33:02] Parsed 8950000 reads...
[2022-08-21 06:33:10] Parsed 9000000 reads...
[2022-08-21 06:33:18] Parsed 9050000 reads...
[2022-08-21 06:33:25] Parsed 9100000 reads...
[2022-08-21 06:33:33] Parsed 9150000 reads...
[2022-08-21 06:33:40] Parsed 9200000 reads...
[2022-08-21 06:33:48] Parsed 9250000 reads...
[2022-08-21 06:33:56] Parsed 9300000 reads...
[2022-08-21 06:34:04] Parsed 9350000 reads...
[2022-08-21 06:34:11] Parsed 9400000 reads...
[2022-08-21 06:34:19] Parsed 9450000 reads...
[2022-08-21 06:34:27] Parsed 9500000 reads...
[2022-08-21 06:34:35] Parsed 9550000 reads...
[2022-08-21 06:34:42] Parsed 9600000 reads...
[2022-08-21 06:34:50] Parsed 9650000 reads...
[2022-08-21 06:34:58] Parsed 9700000 reads...
[2022-08-21 06:35:06] Parsed 9750000 reads...
[2022-08-21 06:35:13] Parsed 9800000 reads...
[2022-08-21 06:35:21] Parsed 9850000 reads...
[2022-08-21 06:35:28] Parsed 9900000 reads...
[2022-08-21 06:35:36] Parsed 9950000 reads...
[2022-08-21 06:35:44] Parsed 10000000 reads...
[2022-08-21 06:35:52] Parsed 10050000 reads...
[2022-08-21 06:35:59] Parsed 10100000 reads...
[2022-08-21 06:36:07] Parsed 10150000 reads...
[2022-08-21 06:36:14] Parsed 10200000 reads...
[2022-08-21 06:36:22] Parsed 10250000 reads...
[2022-08-21 06:36:29] Parsed 10300000 reads...
[2022-08-21 06:36:37] Parsed 10350000 reads...
[2022-08-21 06:36:45] Parsed 10400000 reads...
[2022-08-21 06:36:52] Parsed 10450000 reads...
[2022-08-21 06:37:00] Parsed 10500000 reads...
[2022-08-21 06:37:08] Parsed 10550000 reads...
[2022-08-21 06:37:15] Parsed 10600000 reads...
[2022-08-21 06:37:23] Parsed 10650000 reads...
[2022-08-21 06:37:31] Parsed 10700000 reads...
[2022-08-21 06:37:38] Parsed 10750000 reads...
[2022-08-21 06:37:46] Parsed 10800000 reads...
[2022-08-21 06:37:54] Parsed 10850000 reads...
[2022-08-21 06:38:02] Parsed 10900000 reads...
[2022-08-21 06:38:09] Parsed 10950000 reads...
[2022-08-21 06:38:17] Parsed 11000000 reads...
[2022-08-21 06:38:24] Parsed 11050000 reads...
[2022-08-21 06:38:32] Parsed 11100000 reads...
[2022-08-21 06:38:40] Parsed 11150000 reads...
[2022-08-21 06:38:47] Parsed 11200000 reads...
[2022-08-21 06:38:55] Parsed 11250000 reads...
[2022-08-21 06:39:02] Parsed 11300000 reads...
[2022-08-21 06:39:10] Parsed 11350000 reads...
[2022-08-21 06:39:17] Parsed 11400000 reads...
[2022-08-21 06:39:25] Parsed 11450000 reads...
[2022-08-21 06:39:33] Parsed 11500000 reads...
[2022-08-21 06:39:40] Parsed 11550000 reads...
[2022-08-21 06:39:48] Parsed 11600000 reads...
[2022-08-21 06:39:56] Parsed 11650000 reads...
[2022-08-21 06:40:03] Parsed 11700000 reads...
[2022-08-21 06:40:11] Parsed 11750000 reads...
[2022-08-21 06:40:18] Parsed 11800000 reads...
[2022-08-21 06:40:26] Parsed 11850000 reads...
[2022-08-21 06:40:34] Parsed 11900000 reads...
[2022-08-21 06:40:41] Parsed 11950000 reads...
[2022-08-21 06:40:49] Parsed 12000000 reads...
[2022-08-21 06:40:56] Parsed 12050000 reads...
[2022-08-21 06:41:04] Parsed 12100000 reads...
[2022-08-21 06:41:11] Parsed 12150000 reads...
[2022-08-21 06:41:19] Parsed 12200000 reads...
[2022-08-21 06:41:26] Parsed 12250000 reads...
[2022-08-21 06:41:34] Parsed 12300000 reads...
[2022-08-21 06:41:42] Parsed 12350000 reads...
[2022-08-21 06:41:49] Parsed 12400000 reads...
[2022-08-21 06:41:57] Parsed 12450000 reads...
[2022-08-21 06:42:04] Parsed 12500000 reads...
[2022-08-21 06:42:12] Parsed 12550000 reads...
[2022-08-21 06:42:20] Parsed 12600000 reads...
[2022-08-21 06:42:27] Parsed 12650000 reads...
[2022-08-21 06:42:35] Parsed 12700000 reads...
[2022-08-21 06:42:42] Parsed 12750000 reads...
[2022-08-21 06:42:50] Parsed 12800000 reads...
[2022-08-21 06:42:57] Parsed 12850000 reads...
[2022-08-21 06:43:05] Parsed 12900000 reads...
[2022-08-21 06:43:12] Parsed 12950000 reads...
[2022-08-21 06:43:20] Parsed 13000000 reads...
[2022-08-21 06:43:28] Parsed 13050000 reads...
[2022-08-21 06:43:36] Parsed 13100000 reads...
[2022-08-21 06:43:43] Parsed 13150000 reads...
[2022-08-21 06:43:51] Parsed 13200000 reads...
[2022-08-21 06:43:59] Parsed 13250000 reads...
[2022-08-21 06:44:06] Parsed 13300000 reads...
[2022-08-21 06:44:14] Parsed 13350000 reads...
[2022-08-21 06:44:21] Parsed 13400000 reads...
[2022-08-21 06:44:29] Parsed 13450000 reads...
[2022-08-21 06:44:36] Parsed 13500000 reads...
[2022-08-21 06:44:44] Parsed 13550000 reads...
[2022-08-21 06:44:52] Parsed 13600000 reads...
[2022-08-21 06:44:59] Parsed 13650000 reads...
[2022-08-21 06:45:07] Parsed 13700000 reads...
[2022-08-21 06:45:15] Parsed 13750000 reads...
[2022-08-21 06:45:23] Parsed 13800000 reads...
[2022-08-21 06:45:31] Parsed 13850000 reads...
[2022-08-21 06:45:38] Parsed 13900000 reads...
[2022-08-21 06:45:46] Parsed 13950000 reads...
[2022-08-21 06:45:53] Parsed 14000000 reads...
[2022-08-21 06:46:00] Parsed 14050000 reads...
[2022-08-21 06:46:07] Parsed 14100000 reads...
[2022-08-21 06:46:15] Parsed 14150000 reads...
[2022-08-21 06:46:23] Parsed 14200000 reads...
[2022-08-21 06:46:30] Parsed 14250000 reads...
[2022-08-21 06:46:37] Parsed 14300000 reads...
[2022-08-21 06:46:45] Parsed 14350000 reads...
[2022-08-21 06:46:52] Parsed 14400000 reads...
[2022-08-21 06:46:59] Parsed 14450000 reads...
[2022-08-21 06:47:07] Parsed 14500000 reads...
[2022-08-21 06:47:15] Parsed 14550000 reads...
[2022-08-21 06:47:25] Parsed 14600000 reads...
[2022-08-21 06:47:34] Parsed 14650000 reads...
[2022-08-21 06:47:43] Parsed 14700000 reads...
[2022-08-21 06:47:52] Parsed 14750000 reads...
[2022-08-21 06:48:00] Parsed 14800000 reads...
[2022-08-21 06:48:09] Parsed 14850000 reads...
[2022-08-21 06:48:19] Parsed 14900000 reads...
[2022-08-21 06:48:30] Parsed 14950000 reads...
[2022-08-21 06:48:39] Parsed 15000000 reads...
[2022-08-21 06:48:49] Parsed 15050000 reads...
[2022-08-21 06:48:58] Parsed 15100000 reads...
[2022-08-21 06:49:06] Parsed 15150000 reads...
[2022-08-21 06:49:15] Parsed 15200000 reads...
[2022-08-21 06:49:25] Parsed 15250000 reads...
[2022-08-21 06:49:33] Parsed 15300000 reads...
[2022-08-21 06:49:42] Parsed 15350000 reads...
[2022-08-21 06:49:51] Parsed 15400000 reads...
[2022-08-21 06:50:00] Parsed 15450000 reads...
[2022-08-21 06:50:10] Parsed 15500000 reads...
[2022-08-21 06:50:19] Parsed 15550000 reads...
[2022-08-21 06:50:27] Parsed 15600000 reads...
[2022-08-21 06:50:36] Parsed 15650000 reads...
[2022-08-21 06:50:46] Parsed 15700000 reads...
[2022-08-21 06:50:55] Parsed 15750000 reads...
[2022-08-21 06:51:04] Parsed 15800000 reads...
[2022-08-21 06:51:13] Parsed 15850000 reads...
[2022-08-21 06:51:22] Parsed 15900000 reads...
[2022-08-21 06:51:32] Parsed 15950000 reads...
[2022-08-21 06:51:41] Parsed 16000000 reads...
[2022-08-21 06:51:51] Parsed 16050000 reads...
[2022-08-21 06:51:59] Parsed 16100000 reads...
[2022-08-21 06:52:08] Parsed 16150000 reads...
[2022-08-21 06:52:17] Parsed 16200000 reads...
[2022-08-21 06:52:25] Parsed 16250000 reads...
[2022-08-21 06:52:34] Parsed 16300000 reads...
[2022-08-21 06:52:42] Parsed 16350000 reads...
[2022-08-21 06:52:52] Parsed 16400000 reads...
[2022-08-21 06:53:01] Parsed 16450000 reads...
[2022-08-21 06:53:10] Parsed 16500000 reads...
[2022-08-21 06:53:19] Parsed 16550000 reads...
[2022-08-21 06:53:29] Parsed 16600000 reads...
[2022-08-21 06:53:38] Parsed 16650000 reads...
[2022-08-21 06:53:48] Parsed 16700000 reads...
[2022-08-21 06:53:56] Parsed 16750000 reads...
[2022-08-21 06:54:05] Parsed 16800000 reads...
[2022-08-21 06:54:13] Parsed 16850000 reads...
[2022-08-21 06:54:22] Parsed 16900000 reads...
[2022-08-21 06:54:31] Parsed 16950000 reads...
[2022-08-21 06:54:39] Parsed 17000000 reads...
[2022-08-21 06:54:48] Parsed 17050000 reads...
[2022-08-21 06:54:56] Parsed 17100000 reads...
[2022-08-21 06:55:05] Parsed 17150000 reads...
[2022-08-21 06:55:14] Parsed 17200000 reads...
[2022-08-21 06:55:23] Parsed 17250000 reads...
[2022-08-21 06:55:31] Parsed 17300000 reads...
[2022-08-21 06:55:39] Parsed 17350000 reads...
[2022-08-21 06:55:47] Parsed 17400000 reads...
[2022-08-21 06:55:56] Parsed 17450000 reads...
[2022-08-21 06:56:06] Parsed 17500000 reads...
[2022-08-21 06:56:15] Parsed 17550000 reads...
[2022-08-21 06:56:24] Parsed 17600000 reads...
[2022-08-21 06:56:32] Parsed 17650000 reads...
[2022-08-21 06:56:41] Parsed 17700000 reads...
[2022-08-21 06:56:49] Parsed 17750000 reads...
[2022-08-21 06:56:57] Parsed 17800000 reads...
[2022-08-21 06:57:04] Parsed 17850000 reads...
[2022-08-21 06:57:12] Parsed 17900000 reads...
[2022-08-21 06:57:20] Parsed 17950000 reads...
[2022-08-21 06:57:27] Parsed 18000000 reads...
[2022-08-21 06:57:35] Parsed 18050000 reads...
[2022-08-21 06:57:43] Parsed 18100000 reads...
[2022-08-21 06:57:50] Parsed 18150000 reads...
[2022-08-21 06:57:58] Parsed 18200000 reads...
[2022-08-21 06:58:05] Parsed 18250000 reads...
[2022-08-21 06:58:13] Parsed 18300000 reads...
[2022-08-21 06:58:21] Parsed 18350000 reads...
[2022-08-21 06:58:29] Parsed 18400000 reads...
[2022-08-21 06:58:37] Parsed 18450000 reads...
[2022-08-21 06:58:44] Parsed 18500000 reads...
[2022-08-21 06:58:52] Parsed 18550000 reads...
[2022-08-21 06:58:59] Parsed 18600000 reads...
[2022-08-21 06:59:06] Parsed 18650000 reads...
[2022-08-21 06:59:14] Parsed 18700000 reads...
[2022-08-21 06:59:22] Parsed 18750000 reads...
[2022-08-21 06:59:29] Parsed 18800000 reads...
[2022-08-21 06:59:36] Parsed 18850000 reads...
[2022-08-21 06:59:44] Parsed 18900000 reads...
[2022-08-21 06:59:52] Parsed 18950000 reads...
[2022-08-21 06:59:59] Parsed 19000000 reads...
[2022-08-21 07:00:07] Parsed 19050000 reads...
[2022-08-21 07:00:14] Parsed 19100000 reads...
[2022-08-21 07:00:22] Parsed 19150000 reads...
[2022-08-21 07:00:29] Parsed 19200000 reads...
[2022-08-21 07:00:37] Parsed 19250000 reads...
[2022-08-21 07:00:44] Parsed 19300000 reads...
[2022-08-21 07:00:52] Parsed 19350000 reads...
[2022-08-21 07:01:00] Parsed 19400000 reads...
[2022-08-21 07:01:07] Parsed 19450000 reads...
[2022-08-21 07:01:14] Parsed 19500000 reads...
[2022-08-21 07:01:22] Parsed 19550000 reads...
[2022-08-21 07:01:29] Parsed 19600000 reads...
[2022-08-21 07:01:37] Parsed 19650000 reads...
[2022-08-21 07:01:44] Parsed 19700000 reads...
[2022-08-21 07:01:51] Parsed 19750000 reads...
[2022-08-21 07:01:58] Parsed 19800000 reads...
[2022-08-21 07:02:06] Parsed 19850000 reads...
[2022-08-21 07:02:14] Parsed 19900000 reads...
[2022-08-21 07:02:21] Parsed 19950000 reads...
[2022-08-21 07:02:29] Parsed 20000000 reads...
[2022-08-21 07:02:36] Parsed 20050000 reads...
[2022-08-21 07:02:44] Parsed 20100000 reads...
[2022-08-21 07:02:51] Parsed 20150000 reads...
[2022-08-21 07:02:59] Parsed 20200000 reads...
[2022-08-21 07:03:07] Parsed 20250000 reads...
[2022-08-21 07:03:15] Parsed 20300000 reads...
[2022-08-21 07:03:22] Parsed 20350000 reads...
[2022-08-21 07:03:30] Parsed 20400000 reads...
[2022-08-21 07:03:37] Parsed 20450000 reads...
[2022-08-21 07:03:44] Parsed 20500000 reads...
[2022-08-21 07:03:52] Parsed 20550000 reads...
[2022-08-21 07:03:59] Parsed 20600000 reads...
[2022-08-21 07:04:06] Parsed 20650000 reads...
[2022-08-21 07:04:14] Parsed 20700000 reads...
[2022-08-21 07:04:22] Parsed 20750000 reads...
[2022-08-21 07:04:30] Parsed 20800000 reads...
[2022-08-21 07:04:37] Parsed 20850000 reads...
[2022-08-21 07:04:45] Parsed 20900000 reads...
[2022-08-21 07:04:53] Parsed 20950000 reads...
[2022-08-21 07:04:59] Parsed 21000000 reads...
[2022-08-21 07:05:07] Parsed 21050000 reads...
[2022-08-21 07:05:14] Parsed 21100000 reads...
[2022-08-21 07:05:22] Parsed 21150000 reads...
[2022-08-21 07:05:30] Parsed 21200000 reads...
[2022-08-21 07:05:38] Parsed 21250000 reads...
[2022-08-21 07:05:46] Parsed 21300000 reads...
[2022-08-21 07:05:53] Parsed 21350000 reads...
[2022-08-21 07:06:00] Parsed 21400000 reads...
[2022-08-21 07:06:08] Parsed 21450000 reads...
[2022-08-21 07:06:16] Parsed 21500000 reads...
[2022-08-21 07:06:23] Parsed 21550000 reads...
[2022-08-21 07:06:31] Parsed 21600000 reads...
[2022-08-21 07:06:39] Parsed 21650000 reads...
[2022-08-21 07:06:46] Parsed 21700000 reads...
[2022-08-21 07:06:53] Parsed 21750000 reads...
[2022-08-21 07:07:01] Parsed 21800000 reads...
[2022-08-21 07:07:08] Parsed 21850000 reads...
[2022-08-21 07:07:15] Parsed 21900000 reads...
[2022-08-21 07:07:23] Parsed 21950000 reads...
[2022-08-21 07:07:31] Parsed 22000000 reads...
[2022-08-21 07:07:38] Parsed 22050000 reads...
[2022-08-21 07:07:45] Parsed 22100000 reads...
[2022-08-21 07:07:52] Parsed 22150000 reads...
[2022-08-21 07:08:00] Parsed 22200000 reads...
[2022-08-21 07:08:08] Parsed 22250000 reads...
[2022-08-21 07:08:16] Parsed 22300000 reads...
[2022-08-21 07:08:24] Parsed 22350000 reads...
[2022-08-21 07:08:32] Parsed 22400000 reads...
[2022-08-21 07:08:40] Parsed 22450000 reads...
[2022-08-21 07:08:48] Parsed 22500000 reads...
[2022-08-21 07:08:55] Parsed 22550000 reads...
[2022-08-21 07:09:02] Parsed 22600000 reads...
[2022-08-21 07:09:10] Parsed 22650000 reads...
[2022-08-21 07:09:18] Parsed 22700000 reads...
[2022-08-21 07:09:25] Parsed 22750000 reads...
[2022-08-21 07:09:32] Parsed 22800000 reads...
[2022-08-21 07:09:40] Parsed 22850000 reads...
[2022-08-21 07:09:47] Parsed 22900000 reads...
[2022-08-21 07:09:55] Parsed 22950000 reads...
[2022-08-21 07:10:02] Parsed 23000000 reads...
[2022-08-21 07:10:10] Parsed 23050000 reads...
[2022-08-21 07:10:17] Parsed 23100000 reads...
[2022-08-21 07:10:25] Parsed 23150000 reads...
[2022-08-21 07:10:32] Parsed 23200000 reads...
[2022-08-21 07:10:40] Parsed 23250000 reads...
[2022-08-21 07:10:47] Parsed 23300000 reads...
[2022-08-21 07:10:55] Parsed 23350000 reads...
[2022-08-21 07:11:02] Parsed 23400000 reads...
[2022-08-21 07:11:09] Parsed 23450000 reads...
[2022-08-21 07:11:17] Parsed 23500000 reads...
[2022-08-21 07:11:24] Parsed 23550000 reads...
[2022-08-21 07:11:31] Parsed 23600000 reads...
[2022-08-21 07:11:39] Parsed 23650000 reads...
[2022-08-21 07:11:46] Parsed 23700000 reads...
[2022-08-21 07:11:54] Parsed 23750000 reads...
[2022-08-21 07:12:01] Parsed 23800000 reads...
[2022-08-21 07:12:08] Parsed 23850000 reads...
[2022-08-21 07:12:16] Parsed 23900000 reads...
[2022-08-21 07:12:23] Parsed 23950000 reads...
[2022-08-21 07:12:30] Parsed 24000000 reads...
[2022-08-21 07:12:38] Parsed 24050000 reads...
[2022-08-21 07:12:45] Parsed 24100000 reads...
[2022-08-21 07:12:52] Parsed 24150000 reads...
[2022-08-21 07:13:00] Parsed 24200000 reads...
[2022-08-21 07:13:07] Parsed 24250000 reads...
[2022-08-21 07:13:15] Parsed 24300000 reads...
[2022-08-21 07:13:23] Parsed 24350000 reads...
[2022-08-21 07:13:30] Parsed 24400000 reads...
[2022-08-21 07:13:38] Parsed 24450000 reads...
[2022-08-21 07:13:45] Parsed 24500000 reads...
[2022-08-21 07:13:52] Parsed 24550000 reads...
[2022-08-21 07:13:59] Parsed 24600000 reads...
[2022-08-21 07:14:06] Parsed 24650000 reads...
[2022-08-21 07:14:14] Parsed 24700000 reads...
[2022-08-21 07:14:21] Parsed 24750000 reads...
[2022-08-21 07:14:29] Parsed 24800000 reads...
[2022-08-21 07:14:36] Parsed 24850000 reads...
[2022-08-21 07:14:44] Parsed 24900000 reads...
[2022-08-21 07:14:51] Parsed 24950000 reads...
[2022-08-21 07:14:59] Parsed 25000000 reads...
[2022-08-21 07:15:06] Parsed 25050000 reads...
[2022-08-21 07:15:13] Parsed 25100000 reads...
[2022-08-21 07:15:21] Parsed 25150000 reads...
[2022-08-21 07:15:28] Parsed 25200000 reads...
[2022-08-21 07:15:36] Parsed 25250000 reads...
[2022-08-21 07:15:43] Parsed 25300000 reads...
[2022-08-21 07:15:50] Parsed 25350000 reads...
[2022-08-21 07:15:58] Parsed 25400000 reads...
[2022-08-21 07:16:05] Parsed 25450000 reads...
[2022-08-21 07:16:12] Parsed 25500000 reads...
[2022-08-21 07:16:20] Parsed 25550000 reads...
[2022-08-21 07:16:27] Parsed 25600000 reads...
[2022-08-21 07:16:35] Parsed 25650000 reads...
[2022-08-21 07:16:42] Parsed 25700000 reads...
[2022-08-21 07:16:50] Parsed 25750000 reads...
[2022-08-21 07:16:57] Parsed 25800000 reads...
[2022-08-21 07:17:04] Parsed 25850000 reads...
[2022-08-21 07:17:11] Parsed 25900000 reads...
[2022-08-21 07:17:18] Parsed 25950000 reads...
[2022-08-21 07:17:25] Parsed 26000000 reads...
[2022-08-21 07:17:33] Parsed 26050000 reads...
[2022-08-21 07:17:40] Parsed 26100000 reads...
[2022-08-21 07:17:48] Parsed 26150000 reads...
[2022-08-21 07:17:56] Parsed 26200000 reads...
[2022-08-21 07:18:03] Parsed 26250000 reads...
[2022-08-21 07:18:10] Parsed 26300000 reads...
[2022-08-21 07:18:18] Parsed 26350000 reads...
[2022-08-21 07:18:26] Parsed 26400000 reads...
[2022-08-21 07:18:34] Parsed 26450000 reads...
[2022-08-21 07:18:41] Parsed 26500000 reads...
[2022-08-21 07:18:48] Parsed 26550000 reads...
[2022-08-21 07:18:56] Parsed 26600000 reads...
[2022-08-21 07:19:03] Parsed 26650000 reads...
[2022-08-21 07:19:11] Parsed 26700000 reads...
[2022-08-21 07:19:18] Parsed 26750000 reads...
[2022-08-21 07:19:25] Parsed 26800000 reads...
[2022-08-21 07:19:33] Parsed 26850000 reads...
[2022-08-21 07:19:41] Parsed 26900000 reads...
[2022-08-21 07:19:48] Parsed 26950000 reads...
[2022-08-21 07:19:55] Parsed 27000000 reads...
[2022-08-21 07:20:02] Parsed 27050000 reads...
[2022-08-21 07:20:10] Parsed 27100000 reads...
[2022-08-21 07:20:17] Parsed 27150000 reads...
[2022-08-21 07:20:24] Parsed 27200000 reads...
[2022-08-21 07:20:32] Parsed 27250000 reads...
[2022-08-21 07:20:39] Parsed 27300000 reads...
[2022-08-21 07:20:47] Parsed 27350000 reads...
[2022-08-21 07:20:54] Parsed 27400000 reads...
[2022-08-21 07:21:01] Parsed 27450000 reads...
[2022-08-21 07:21:09] Parsed 27500000 reads...
[2022-08-21 07:21:16] Parsed 27550000 reads...
[2022-08-21 07:21:24] Parsed 27600000 reads...
[2022-08-21 07:21:31] Parsed 27650000 reads...
[2022-08-21 07:21:38] Parsed 27700000 reads...
[2022-08-21 07:21:46] Parsed 27750000 reads...
[2022-08-21 07:21:53] Parsed 27800000 reads...
[2022-08-21 07:22:00] Parsed 27850000 reads...
[2022-08-21 07:22:08] Parsed 27900000 reads...
[2022-08-21 07:22:15] Parsed 27950000 reads...
[2022-08-21 07:22:23] Parsed 28000000 reads...
[2022-08-21 07:22:30] Parsed 28050000 reads...
[2022-08-21 07:22:37] Parsed 28100000 reads...
[2022-08-21 07:22:44] Parsed 28150000 reads...
[2022-08-21 07:22:52] Parsed 28200000 reads...
[2022-08-21 07:23:00] Parsed 28250000 reads...
[2022-08-21 07:23:07] Parsed 28300000 reads...
[2022-08-21 07:23:15] Parsed 28350000 reads...
[2022-08-21 07:23:22] Parsed 28400000 reads...
[2022-08-21 07:23:30] Parsed 28450000 reads...
[2022-08-21 07:23:37] Parsed 28500000 reads...
[2022-08-21 07:23:44] Parsed 28550000 reads...
[2022-08-21 07:23:51] Parsed 28600000 reads...
[2022-08-21 07:23:59] Parsed 28650000 reads...
[2022-08-21 07:24:07] Parsed 28700000 reads...
[2022-08-21 07:24:14] Parsed 28750000 reads...
[2022-08-21 07:24:22] Parsed 28800000 reads...
[2022-08-21 07:24:29] Parsed 28850000 reads...
[2022-08-21 07:24:37] Parsed 28900000 reads...
[2022-08-21 07:24:44] Parsed 28950000 reads...
[2022-08-21 07:24:51] Parsed 29000000 reads...
[2022-08-21 07:24:59] Parsed 29050000 reads...
[2022-08-21 07:25:06] Parsed 29100000 reads...
[2022-08-21 07:25:14] Parsed 29150000 reads...
[2022-08-21 07:25:21] Parsed 29200000 reads...
[2022-08-21 07:25:29] Parsed 29250000 reads...
[2022-08-21 07:25:36] Parsed 29300000 reads...
[2022-08-21 07:25:43] Parsed 29350000 reads...
[2022-08-21 07:25:51] Parsed 29400000 reads...
[2022-08-21 07:25:59] Parsed 29450000 reads...
[2022-08-21 07:26:06] Parsed 29500000 reads...
[2022-08-21 07:26:14] Parsed 29550000 reads...
[2022-08-21 07:26:21] Parsed 29600000 reads...
[2022-08-21 07:26:29] Parsed 29650000 reads...
[2022-08-21 07:26:36] Parsed 29700000 reads...
[2022-08-21 07:26:44] Parsed 29750000 reads...
[2022-08-21 07:26:52] Parsed 29800000 reads...
[2022-08-21 07:27:00] Parsed 29850000 reads...
[2022-08-21 07:27:07] Parsed 29900000 reads...
[2022-08-21 07:27:15] Parsed 29950000 reads...
[2022-08-21 07:27:22] Parsed 30000000 reads...
[2022-08-21 07:27:29] Parsed 30050000 reads...
[2022-08-21 07:27:37] Parsed 30100000 reads...
[2022-08-21 07:27:44] Parsed 30150000 reads...
[2022-08-21 07:27:52] Parsed 30200000 reads...
[2022-08-21 07:27:59] Parsed 30250000 reads...
[2022-08-21 07:28:07] Parsed 30300000 reads...
[2022-08-21 07:28:15] Parsed 30350000 reads...
[2022-08-21 07:28:23] Parsed 30400000 reads...
[2022-08-21 07:28:32] Parsed 30450000 reads...
[2022-08-21 07:28:39] Parsed 30500000 reads...
[2022-08-21 07:28:47] Parsed 30550000 reads...
[2022-08-21 07:28:54] Parsed 30600000 reads...
[2022-08-21 07:29:02] Parsed 30650000 reads...
[2022-08-21 07:29:09] Parsed 30700000 reads...
[2022-08-21 07:29:16] Parsed 30750000 reads...
[2022-08-21 07:29:24] Parsed 30800000 reads...
[2022-08-21 07:29:31] Parsed 30850000 reads...
[2022-08-21 07:29:39] Parsed 30900000 reads...
[2022-08-21 07:29:46] Parsed 30950000 reads...
[2022-08-21 07:29:54] Parsed 31000000 reads...
[2022-08-21 07:30:01] Parsed 31050000 reads...
[2022-08-21 07:30:08] Parsed 31100000 reads...
[2022-08-21 07:30:16] Parsed 31150000 reads...
[2022-08-21 07:30:23] Parsed 31200000 reads...
[2022-08-21 07:30:30] Parsed 31250000 reads...
[2022-08-21 07:30:38] Parsed 31300000 reads...
[2022-08-21 07:30:46] Parsed 31350000 reads...
[2022-08-21 07:30:53] Parsed 31400000 reads...
[2022-08-21 07:31:01] Parsed 31450000 reads...
[2022-08-21 07:31:08] Parsed 31500000 reads...
[2022-08-21 07:31:16] Parsed 31550000 reads...
[2022-08-21 07:31:24] Parsed 31600000 reads...
[2022-08-21 07:31:32] Parsed 31650000 reads...
[2022-08-21 07:31:39] Parsed 31700000 reads...
[2022-08-21 07:31:46] Parsed 31750000 reads...
[2022-08-21 07:31:53] Parsed 31800000 reads...
[2022-08-21 07:32:01] Parsed 31850000 reads...
[2022-08-21 07:32:08] Parsed 31900000 reads...
[2022-08-21 07:32:16] Parsed 31950000 reads...
[2022-08-21 07:32:23] Parsed 32000000 reads...
[2022-08-21 07:32:31] Parsed 32050000 reads...
[2022-08-21 07:32:38] Parsed 32100000 reads...
[2022-08-21 07:32:45] Parsed 32150000 reads...
[2022-08-21 07:32:53] Parsed 32200000 reads...
[2022-08-21 07:33:00] Parsed 32250000 reads...
[2022-08-21 07:33:08] Parsed 32300000 reads...
[2022-08-21 07:33:16] Parsed 32350000 reads...
[2022-08-21 07:33:23] Parsed 32400000 reads...
[2022-08-21 07:33:31] Parsed 32450000 reads...
[2022-08-21 07:33:38] Parsed 32500000 reads...
[2022-08-21 07:33:45] Parsed 32550000 reads...
[2022-08-21 07:34:01] Parsed 32600000 reads...
[2022-08-21 07:34:13] Parsed 32650000 reads...
[2022-08-21 07:34:24] Parsed 32700000 reads...
[2022-08-21 07:34:34] Parsed 32750000 reads...
[2022-08-21 07:34:41] Parsed 32800000 reads...
[2022-08-21 07:34:49] Parsed 32850000 reads...
[2022-08-21 07:34:58] Parsed 32900000 reads...
[2022-08-21 07:35:05] Parsed 32950000 reads...
[2022-08-21 07:35:14] Parsed 33000000 reads...
[2022-08-21 07:35:22] Parsed 33050000 reads...
[2022-08-21 07:35:30] Parsed 33100000 reads...
[2022-08-21 07:35:38] Parsed 33150000 reads...
[2022-08-21 07:35:46] Parsed 33200000 reads...
[2022-08-21 07:35:55] Parsed 33250000 reads...
[2022-08-21 07:36:03] Parsed 33300000 reads...
[2022-08-21 07:36:11] Parsed 33350000 reads...
[2022-08-21 07:36:20] Parsed 33400000 reads...
[2022-08-21 07:36:29] Parsed 33450000 reads...
[2022-08-21 07:36:40] Parsed 33500000 reads...
[2022-08-21 07:36:50] Parsed 33550000 reads...
[2022-08-21 07:37:00] Parsed 33600000 reads...
[2022-08-21 07:37:09] Parsed 33650000 reads...
[2022-08-21 07:37:18] Parsed 33700000 reads...
[2022-08-21 07:37:27] Parsed 33750000 reads...
[2022-08-21 07:37:35] Parsed 33800000 reads...
[2022-08-21 07:37:44] Parsed 33850000 reads...
[2022-08-21 07:37:53] Parsed 33900000 reads...
[2022-08-21 07:38:02] Parsed 33950000 reads...
[2022-08-21 07:38:11] Parsed 34000000 reads...
[2022-08-21 07:38:20] Parsed 34050000 reads...
[2022-08-21 07:38:29] Parsed 34100000 reads...
[2022-08-21 07:38:38] Parsed 34150000 reads...
[2022-08-21 07:38:47] Parsed 34200000 reads...
[2022-08-21 07:38:56] Parsed 34250000 reads...
[2022-08-21 07:39:05] Parsed 34300000 reads...
[2022-08-21 07:39:15] Parsed 34350000 reads...
[2022-08-21 07:39:24] Parsed 34400000 reads...
[2022-08-21 07:39:33] Parsed 34450000 reads...
[2022-08-21 07:39:42] Parsed 34500000 reads...
[2022-08-21 07:39:50] Parsed 34550000 reads...
[2022-08-21 07:39:58] Parsed 34600000 reads...
[2022-08-21 07:40:07] Parsed 34650000 reads...
[2022-08-21 07:40:16] Parsed 34700000 reads...
[2022-08-21 07:40:25] Parsed 34750000 reads...
[2022-08-21 07:40:33] Parsed 34800000 reads...
[2022-08-21 07:40:42] Parsed 34850000 reads...
[2022-08-21 07:40:51] Parsed 34900000 reads...
[2022-08-21 07:41:00] Parsed 34950000 reads...
[2022-08-21 07:41:09] Parsed 35000000 reads...
[2022-08-21 07:41:18] Parsed 35050000 reads...
[2022-08-21 07:41:27] Parsed 35100000 reads...
[2022-08-21 07:41:36] Parsed 35150000 reads...
[2022-08-21 07:41:44] Parsed 35200000 reads...
[2022-08-21 07:41:52] Parsed 35250000 reads...
[2022-08-21 07:42:01] Parsed 35300000 reads...
[2022-08-21 07:42:09] Parsed 35350000 reads...
[2022-08-21 07:42:17] Parsed 35400000 reads...
[2022-08-21 07:42:26] Parsed 35450000 reads...
[2022-08-21 07:42:35] Parsed 35500000 reads...
[2022-08-21 07:42:43] Parsed 35550000 reads...
[2022-08-21 07:42:52] Parsed 35600000 reads...
[2022-08-21 07:43:01] Parsed 35650000 reads...
[2022-08-21 07:43:10] Parsed 35700000 reads...
[2022-08-21 07:43:19] Parsed 35750000 reads...
[2022-08-21 07:43:28] Parsed 35800000 reads...
[2022-08-21 07:43:37] Parsed 35850000 reads...
[2022-08-21 07:43:46] Parsed 35900000 reads...
[2022-08-21 07:43:54] Parsed 35950000 reads...
[2022-08-21 07:44:03] Parsed 36000000 reads...
[2022-08-21 07:44:12] Parsed 36050000 reads...
[2022-08-21 07:44:21] Parsed 36100000 reads...
[2022-08-21 07:44:30] Parsed 36150000 reads...
[2022-08-21 07:44:38] Parsed 36200000 reads...
[2022-08-21 07:44:47] Parsed 36250000 reads...
[2022-08-21 07:44:56] Parsed 36300000 reads...
[2022-08-21 07:45:05] Parsed 36350000 reads...
[2022-08-21 07:45:13] Parsed 36400000 reads...
[2022-08-21 07:45:22] Parsed 36450000 reads...
[2022-08-21 07:45:30] Parsed 36500000 reads...
[2022-08-21 07:45:39] Parsed 36550000 reads...
[2022-08-21 07:45:48] Parsed 36600000 reads...
[2022-08-21 07:45:57] Parsed 36650000 reads...
[2022-08-21 07:46:06] Parsed 36700000 reads...
[2022-08-21 07:46:15] Parsed 36750000 reads...
[2022-08-21 07:46:23] Parsed 36800000 reads...
[2022-08-21 07:46:32] Parsed 36850000 reads...
[2022-08-21 07:46:41] Parsed 36900000 reads...
[2022-08-21 07:46:49] Parsed 36950000 reads...
[2022-08-21 07:46:58] Parsed 37000000 reads...
[2022-08-21 07:47:07] Parsed 37050000 reads...
[2022-08-21 07:47:16] Parsed 37100000 reads...
[2022-08-21 07:47:26] Parsed 37150000 reads...
[2022-08-21 07:47:34] Parsed 37200000 reads...
[2022-08-21 07:47:44] Parsed 37250000 reads...
[2022-08-21 07:47:52] Parsed 37300000 reads...
[2022-08-21 07:48:01] Parsed 37350000 reads...
[2022-08-21 07:48:10] Parsed 37400000 reads...
[2022-08-21 07:48:19] Parsed 37450000 reads...
[2022-08-21 07:48:29] Parsed 37500000 reads...
[2022-08-21 07:48:39] Parsed 37550000 reads...
[2022-08-21 07:48:48] Parsed 37600000 reads...
[2022-08-21 07:48:57] Parsed 37650000 reads...
[2022-08-21 07:49:06] Parsed 37700000 reads...
[2022-08-21 07:49:15] Parsed 37750000 reads...
[2022-08-21 07:49:24] Parsed 37800000 reads...
[2022-08-21 07:49:33] Parsed 37850000 reads...
[2022-08-21 07:49:42] Parsed 37900000 reads...
[2022-08-21 07:49:51] Parsed 37950000 reads...
[2022-08-21 07:49:59] Parsed 38000000 reads...
[2022-08-21 07:50:08] Parsed 38050000 reads...
[2022-08-21 07:50:17] Parsed 38100000 reads...
[2022-08-21 07:50:26] Parsed 38150000 reads...
[2022-08-21 07:50:35] Parsed 38200000 reads...
[2022-08-21 07:50:44] Parsed 38250000 reads...
[2022-08-21 07:50:53] Parsed 38300000 reads...
[2022-08-21 07:51:02] Parsed 38350000 reads...
[2022-08-21 07:51:12] Parsed 38400000 reads...
[2022-08-21 07:51:20] Parsed 38450000 reads...
[2022-08-21 07:51:29] Parsed 38500000 reads...
[2022-08-21 07:51:37] Parsed 38550000 reads...
[2022-08-21 07:51:46] Parsed 38600000 reads...
[2022-08-21 07:51:55] Parsed 38650000 reads...
[2022-08-21 07:52:05] Parsed 38700000 reads...
[2022-08-21 07:52:14] Parsed 38750000 reads...
[2022-08-21 07:52:23] Parsed 38800000 reads...
[2022-08-21 07:52:32] Parsed 38850000 reads...
[2022-08-21 07:52:41] Parsed 38900000 reads...
[2022-08-21 07:52:50] Parsed 38950000 reads...
[2022-08-21 07:52:59] Parsed 39000000 reads...
[2022-08-21 07:53:08] Parsed 39050000 reads...
[2022-08-21 07:53:16] Parsed 39100000 reads...
[2022-08-21 07:53:25] Parsed 39150000 reads...
[2022-08-21 07:53:34] Parsed 39200000 reads...
[2022-08-21 07:53:43] Parsed 39250000 reads...
[2022-08-21 07:53:52] Parsed 39300000 reads...
[2022-08-21 07:53:57] Finished parsing input file
[2022-08-21 07:53:57] - Number of reads: 39329035
[2022-08-21 07:53:57]   - Unmapped: 0
[2022-08-21 07:53:57]   - Mapped: 39329035
[2022-08-21 07:53:57] - Average raw (unclipped) read length: 99.58695742216915
[2022-08-21 07:53:57]   - Unmapped: N/A
[2022-08-21 07:53:57]   - Mapped: 99.58695742216915
[2022-08-21 07:53:58] - Average clipped read length: 96.674478918692
[2022-08-21 07:53:58]   - Unmapped: N/A
[2022-08-21 07:53:58]   - Mapped: 96.674478918692
[2022-08-21 07:53:58] - Average insert size: N/A
[2022-08-21 07:53:58] - Average coverage: 123881.88366493897
[2022-08-21 07:53:58] Writing nucleotide counts...
[2022-08-21 07:53:58] Finished writing nucleotide counts
