[2022-08-21 10:15:03] Executing SamBamViz v0.0.9
[2022-08-21 10:15:03] Using 1-based indexing
[2022-08-21 10:15:03] Input file: data/trimmed_bam/SRR13615990.02.trimmed.sorted.bam
[2022-08-21 10:15:03] Output file: data/trimmed_bam/SRR13615990.02.trimmed.sorted.bam.sambamviz.tsv
[2022-08-21 10:15:03] Parsing input file...
[2022-08-21 10:15:08] Parsed 50000 reads...
[2022-08-21 10:15:14] Parsed 100000 reads...
[2022-08-21 10:15:20] Parsed 150000 reads...
[2022-08-21 10:15:27] Parsed 200000 reads...
[2022-08-21 10:15:34] Parsed 250000 reads...
[2022-08-21 10:15:42] Parsed 300000 reads...
[2022-08-21 10:15:49] Parsed 350000 reads...
[2022-08-21 10:15:56] Parsed 400000 reads...
[2022-08-21 10:16:03] Parsed 450000 reads...
[2022-08-21 10:16:11] Parsed 500000 reads...
[2022-08-21 10:16:18] Parsed 550000 reads...
[2022-08-21 10:16:26] Parsed 600000 reads...
[2022-08-21 10:16:33] Parsed 650000 reads...
[2022-08-21 10:16:41] Parsed 700000 reads...
[2022-08-21 10:16:48] Parsed 750000 reads...
[2022-08-21 10:16:56] Parsed 800000 reads...
[2022-08-21 10:17:03] Parsed 850000 reads...
[2022-08-21 10:17:10] Parsed 900000 reads...
[2022-08-21 10:17:17] Parsed 950000 reads...
[2022-08-21 10:17:25] Parsed 1000000 reads...
[2022-08-21 10:17:32] Parsed 1050000 reads...
[2022-08-21 10:17:39] Parsed 1100000 reads...
[2022-08-21 10:17:47] Parsed 1150000 reads...
[2022-08-21 10:17:54] Parsed 1200000 reads...
[2022-08-21 10:18:01] Parsed 1250000 reads...
[2022-08-21 10:18:09] Parsed 1300000 reads...
[2022-08-21 10:18:17] Parsed 1350000 reads...
[2022-08-21 10:18:24] Parsed 1400000 reads...
[2022-08-21 10:18:32] Parsed 1450000 reads...
[2022-08-21 10:18:39] Parsed 1500000 reads...
[2022-08-21 10:18:46] Parsed 1550000 reads...
[2022-08-21 10:18:54] Parsed 1600000 reads...
[2022-08-21 10:19:01] Parsed 1650000 reads...
[2022-08-21 10:19:08] Parsed 1700000 reads...
[2022-08-21 10:19:16] Parsed 1750000 reads...
[2022-08-21 10:19:23] Parsed 1800000 reads...
[2022-08-21 10:19:31] Parsed 1850000 reads...
[2022-08-21 10:19:38] Parsed 1900000 reads...
[2022-08-21 10:19:45] Parsed 1950000 reads...
[2022-08-21 10:19:53] Parsed 2000000 reads...
[2022-08-21 10:20:00] Parsed 2050000 reads...
[2022-08-21 10:20:08] Parsed 2100000 reads...
[2022-08-21 10:20:15] Parsed 2150000 reads...
[2022-08-21 10:20:22] Parsed 2200000 reads...
[2022-08-21 10:20:30] Parsed 2250000 reads...
[2022-08-21 10:20:37] Parsed 2300000 reads...
[2022-08-21 10:20:44] Parsed 2350000 reads...
[2022-08-21 10:20:52] Parsed 2400000 reads...
[2022-08-21 10:20:59] Parsed 2450000 reads...
[2022-08-21 10:21:07] Parsed 2500000 reads...
[2022-08-21 10:21:14] Parsed 2550000 reads...
[2022-08-21 10:21:21] Parsed 2600000 reads...
[2022-08-21 10:21:28] Parsed 2650000 reads...
[2022-08-21 10:21:36] Parsed 2700000 reads...
[2022-08-21 10:21:43] Parsed 2750000 reads...
[2022-08-21 10:21:51] Parsed 2800000 reads...
[2022-08-21 10:21:58] Parsed 2850000 reads...
[2022-08-21 10:22:05] Parsed 2900000 reads...
[2022-08-21 10:22:12] Parsed 2950000 reads...
[2022-08-21 10:22:20] Parsed 3000000 reads...
[2022-08-21 10:22:27] Parsed 3050000 reads...
[2022-08-21 10:22:35] Parsed 3100000 reads...
[2022-08-21 10:22:42] Parsed 3150000 reads...
[2022-08-21 10:22:50] Parsed 3200000 reads...
[2022-08-21 10:22:57] Parsed 3250000 reads...
[2022-08-21 10:23:04] Parsed 3300000 reads...
[2022-08-21 10:23:12] Parsed 3350000 reads...
[2022-08-21 10:23:19] Parsed 3400000 reads...
[2022-08-21 10:23:27] Parsed 3450000 reads...
[2022-08-21 10:23:34] Parsed 3500000 reads...
[2022-08-21 10:23:42] Parsed 3550000 reads...
[2022-08-21 10:23:49] Parsed 3600000 reads...
[2022-08-21 10:23:57] Parsed 3650000 reads...
[2022-08-21 10:24:04] Parsed 3700000 reads...
[2022-08-21 10:24:11] Parsed 3750000 reads...
[2022-08-21 10:24:19] Parsed 3800000 reads...
[2022-08-21 10:24:26] Parsed 3850000 reads...
[2022-08-21 10:24:34] Parsed 3900000 reads...
[2022-08-21 10:24:41] Parsed 3950000 reads...
[2022-08-21 10:24:48] Parsed 4000000 reads...
[2022-08-21 10:24:56] Parsed 4050000 reads...
[2022-08-21 10:25:03] Parsed 4100000 reads...
[2022-08-21 10:25:10] Parsed 4150000 reads...
[2022-08-21 10:25:18] Parsed 4200000 reads...
[2022-08-21 10:25:25] Parsed 4250000 reads...
[2022-08-21 10:25:33] Parsed 4300000 reads...
[2022-08-21 10:25:40] Parsed 4350000 reads...
[2022-08-21 10:25:47] Parsed 4400000 reads...
[2022-08-21 10:25:55] Parsed 4450000 reads...
[2022-08-21 10:26:02] Parsed 4500000 reads...
[2022-08-21 10:26:09] Parsed 4550000 reads...
[2022-08-21 10:26:17] Parsed 4600000 reads...
[2022-08-21 10:26:24] Parsed 4650000 reads...
[2022-08-21 10:26:31] Parsed 4700000 reads...
[2022-08-21 10:26:39] Parsed 4750000 reads...
[2022-08-21 10:26:46] Parsed 4800000 reads...
[2022-08-21 10:26:53] Parsed 4850000 reads...
[2022-08-21 10:27:01] Parsed 4900000 reads...
[2022-08-21 10:27:08] Parsed 4950000 reads...
[2022-08-21 10:27:16] Parsed 5000000 reads...
[2022-08-21 10:27:23] Parsed 5050000 reads...
[2022-08-21 10:27:30] Parsed 5100000 reads...
[2022-08-21 10:27:37] Parsed 5150000 reads...
[2022-08-21 10:27:45] Parsed 5200000 reads...
[2022-08-21 10:27:52] Parsed 5250000 reads...
[2022-08-21 10:28:00] Parsed 5300000 reads...
[2022-08-21 10:28:07] Parsed 5350000 reads...
[2022-08-21 10:28:15] Parsed 5400000 reads...
[2022-08-21 10:28:23] Parsed 5450000 reads...
[2022-08-21 10:28:32] Parsed 5500000 reads...
[2022-08-21 10:28:40] Parsed 5550000 reads...
[2022-08-21 10:28:47] Parsed 5600000 reads...
[2022-08-21 10:28:54] Parsed 5650000 reads...
[2022-08-21 10:29:02] Parsed 5700000 reads...
[2022-08-21 10:29:09] Parsed 5750000 reads...
[2022-08-21 10:29:16] Parsed 5800000 reads...
[2022-08-21 10:29:24] Parsed 5850000 reads...
[2022-08-21 10:29:31] Parsed 5900000 reads...
[2022-08-21 10:29:39] Parsed 5950000 reads...
[2022-08-21 10:29:46] Parsed 6000000 reads...
[2022-08-21 10:29:53] Parsed 6050000 reads...
[2022-08-21 10:30:01] Parsed 6100000 reads...
[2022-08-21 10:30:08] Parsed 6150000 reads...
[2022-08-21 10:30:15] Parsed 6200000 reads...
[2022-08-21 10:30:23] Parsed 6250000 reads...
[2022-08-21 10:30:30] Parsed 6300000 reads...
[2022-08-21 10:30:38] Parsed 6350000 reads...
[2022-08-21 10:30:45] Parsed 6400000 reads...
[2022-08-21 10:30:53] Parsed 6450000 reads...
[2022-08-21 10:31:00] Parsed 6500000 reads...
[2022-08-21 10:31:07] Parsed 6550000 reads...
[2022-08-21 10:31:15] Parsed 6600000 reads...
[2022-08-21 10:31:23] Parsed 6650000 reads...
[2022-08-21 10:31:30] Parsed 6700000 reads...
[2022-08-21 10:31:38] Parsed 6750000 reads...
[2022-08-21 10:31:45] Parsed 6800000 reads...
[2022-08-21 10:31:53] Parsed 6850000 reads...
[2022-08-21 10:32:00] Parsed 6900000 reads...
[2022-08-21 10:32:08] Parsed 6950000 reads...
[2022-08-21 10:32:15] Parsed 7000000 reads...
[2022-08-21 10:32:23] Parsed 7050000 reads...
[2022-08-21 10:32:30] Parsed 7100000 reads...
[2022-08-21 10:32:37] Parsed 7150000 reads...
[2022-08-21 10:32:45] Parsed 7200000 reads...
[2022-08-21 10:32:52] Parsed 7250000 reads...
[2022-08-21 10:32:59] Parsed 7300000 reads...
[2022-08-21 10:33:07] Parsed 7350000 reads...
[2022-08-21 10:33:15] Parsed 7400000 reads...
[2022-08-21 10:33:22] Parsed 7450000 reads...
[2022-08-21 10:33:30] Parsed 7500000 reads...
[2022-08-21 10:33:37] Parsed 7550000 reads...
[2022-08-21 10:33:45] Parsed 7600000 reads...
[2022-08-21 10:33:52] Parsed 7650000 reads...
[2022-08-21 10:33:59] Parsed 7700000 reads...
[2022-08-21 10:34:07] Parsed 7750000 reads...
[2022-08-21 10:34:15] Parsed 7800000 reads...
[2022-08-21 10:34:22] Parsed 7850000 reads...
[2022-08-21 10:34:29] Parsed 7900000 reads...
[2022-08-21 10:34:37] Parsed 7950000 reads...
[2022-08-21 10:34:44] Parsed 8000000 reads...
[2022-08-21 10:34:52] Parsed 8050000 reads...
[2022-08-21 10:34:59] Parsed 8100000 reads...
[2022-08-21 10:35:07] Parsed 8150000 reads...
[2022-08-21 10:35:14] Parsed 8200000 reads...
[2022-08-21 10:35:21] Parsed 8250000 reads...
[2022-08-21 10:35:29] Parsed 8300000 reads...
[2022-08-21 10:35:36] Parsed 8350000 reads...
[2022-08-21 10:35:44] Parsed 8400000 reads...
[2022-08-21 10:35:51] Parsed 8450000 reads...
[2022-08-21 10:35:59] Parsed 8500000 reads...
[2022-08-21 10:36:06] Parsed 8550000 reads...
[2022-08-21 10:36:13] Parsed 8600000 reads...
[2022-08-21 10:36:21] Parsed 8650000 reads...
[2022-08-21 10:36:28] Parsed 8700000 reads...
[2022-08-21 10:36:36] Parsed 8750000 reads...
[2022-08-21 10:36:43] Parsed 8800000 reads...
[2022-08-21 10:36:50] Parsed 8850000 reads...
[2022-08-21 10:36:58] Parsed 8900000 reads...
[2022-08-21 10:37:06] Parsed 8950000 reads...
[2022-08-21 10:37:13] Parsed 9000000 reads...
[2022-08-21 10:37:20] Parsed 9050000 reads...
[2022-08-21 10:37:28] Parsed 9100000 reads...
[2022-08-21 10:37:35] Parsed 9150000 reads...
[2022-08-21 10:37:43] Parsed 9200000 reads...
[2022-08-21 10:37:50] Parsed 9250000 reads...
[2022-08-21 10:37:58] Parsed 9300000 reads...
[2022-08-21 10:38:05] Parsed 9350000 reads...
[2022-08-21 10:38:12] Parsed 9400000 reads...
[2022-08-21 10:38:20] Parsed 9450000 reads...
[2022-08-21 10:38:27] Parsed 9500000 reads...
[2022-08-21 10:38:35] Parsed 9550000 reads...
[2022-08-21 10:38:42] Parsed 9600000 reads...
[2022-08-21 10:38:50] Parsed 9650000 reads...
[2022-08-21 10:38:57] Parsed 9700000 reads...
[2022-08-21 10:39:04] Parsed 9750000 reads...
[2022-08-21 10:39:12] Parsed 9800000 reads...
[2022-08-21 10:39:19] Parsed 9850000 reads...
[2022-08-21 10:39:27] Parsed 9900000 reads...
[2022-08-21 10:39:34] Parsed 9950000 reads...
[2022-08-21 10:39:41] Parsed 10000000 reads...
[2022-08-21 10:39:48] Parsed 10050000 reads...
[2022-08-21 10:39:56] Parsed 10100000 reads...
[2022-08-21 10:40:04] Parsed 10150000 reads...
[2022-08-21 10:40:11] Parsed 10200000 reads...
[2022-08-21 10:40:18] Parsed 10250000 reads...
[2022-08-21 10:40:26] Parsed 10300000 reads...
[2022-08-21 10:40:33] Parsed 10350000 reads...
[2022-08-21 10:40:40] Parsed 10400000 reads...
[2022-08-21 10:40:48] Parsed 10450000 reads...
[2022-08-21 10:40:55] Parsed 10500000 reads...
[2022-08-21 10:41:03] Parsed 10550000 reads...
[2022-08-21 10:41:10] Parsed 10600000 reads...
[2022-08-21 10:41:17] Parsed 10650000 reads...
[2022-08-21 10:41:24] Parsed 10700000 reads...
[2022-08-21 10:41:32] Parsed 10750000 reads...
[2022-08-21 10:41:39] Parsed 10800000 reads...
[2022-08-21 10:41:47] Parsed 10850000 reads...
[2022-08-21 10:41:54] Parsed 10900000 reads...
[2022-08-21 10:42:01] Parsed 10950000 reads...
[2022-08-21 10:42:09] Parsed 11000000 reads...
[2022-08-21 10:42:16] Parsed 11050000 reads...
[2022-08-21 10:42:24] Parsed 11100000 reads...
[2022-08-21 10:42:31] Parsed 11150000 reads...
[2022-08-21 10:42:38] Parsed 11200000 reads...
[2022-08-21 10:42:46] Parsed 11250000 reads...
[2022-08-21 10:42:53] Parsed 11300000 reads...
[2022-08-21 10:43:01] Parsed 11350000 reads...
[2022-08-21 10:43:08] Parsed 11400000 reads...
[2022-08-21 10:43:16] Parsed 11450000 reads...
[2022-08-21 10:43:23] Parsed 11500000 reads...
[2022-08-21 10:43:31] Parsed 11550000 reads...
[2022-08-21 10:43:38] Parsed 11600000 reads...
[2022-08-21 10:43:46] Parsed 11650000 reads...
[2022-08-21 10:43:53] Parsed 11700000 reads...
[2022-08-21 10:44:01] Parsed 11750000 reads...
[2022-08-21 10:44:08] Parsed 11800000 reads...
[2022-08-21 10:44:15] Parsed 11850000 reads...
[2022-08-21 10:44:23] Parsed 11900000 reads...
[2022-08-21 10:44:30] Parsed 11950000 reads...
[2022-08-21 10:44:38] Parsed 12000000 reads...
[2022-08-21 10:44:45] Parsed 12050000 reads...
[2022-08-21 10:44:52] Parsed 12100000 reads...
[2022-08-21 10:44:59] Parsed 12150000 reads...
[2022-08-21 10:45:07] Parsed 12200000 reads...
[2022-08-21 10:45:15] Parsed 12250000 reads...
[2022-08-21 10:45:22] Parsed 12300000 reads...
[2022-08-21 10:45:30] Parsed 12350000 reads...
[2022-08-21 10:45:37] Parsed 12400000 reads...
[2022-08-21 10:45:45] Parsed 12450000 reads...
[2022-08-21 10:45:52] Parsed 12500000 reads...
[2022-08-21 10:46:00] Parsed 12550000 reads...
[2022-08-21 10:46:07] Parsed 12600000 reads...
[2022-08-21 10:46:14] Parsed 12650000 reads...
[2022-08-21 10:46:22] Parsed 12700000 reads...
[2022-08-21 10:46:29] Parsed 12750000 reads...
[2022-08-21 10:46:36] Parsed 12800000 reads...
[2022-08-21 10:46:44] Parsed 12850000 reads...
[2022-08-21 10:46:52] Parsed 12900000 reads...
[2022-08-21 10:46:59] Parsed 12950000 reads...
[2022-08-21 10:47:06] Parsed 13000000 reads...
[2022-08-21 10:47:14] Parsed 13050000 reads...
[2022-08-21 10:47:22] Parsed 13100000 reads...
[2022-08-21 10:47:29] Parsed 13150000 reads...
[2022-08-21 10:47:37] Parsed 13200000 reads...
[2022-08-21 10:47:44] Parsed 13250000 reads...
[2022-08-21 10:47:52] Parsed 13300000 reads...
[2022-08-21 10:48:00] Parsed 13350000 reads...
[2022-08-21 10:48:07] Parsed 13400000 reads...
[2022-08-21 10:48:15] Parsed 13450000 reads...
[2022-08-21 10:48:24] Parsed 13500000 reads...
[2022-08-21 10:48:33] Parsed 13550000 reads...
[2022-08-21 10:48:40] Parsed 13600000 reads...
[2022-08-21 10:48:48] Parsed 13650000 reads...
[2022-08-21 10:48:55] Parsed 13700000 reads...
[2022-08-21 10:49:03] Parsed 13750000 reads...
[2022-08-21 10:49:11] Parsed 13800000 reads...
[2022-08-21 10:49:18] Parsed 13850000 reads...
[2022-08-21 10:49:26] Parsed 13900000 reads...
[2022-08-21 10:49:33] Parsed 13950000 reads...
[2022-08-21 10:49:41] Parsed 14000000 reads...
[2022-08-21 10:49:49] Parsed 14050000 reads...
[2022-08-21 10:49:56] Parsed 14100000 reads...
[2022-08-21 10:50:04] Parsed 14150000 reads...
[2022-08-21 10:50:11] Parsed 14200000 reads...
[2022-08-21 10:50:18] Parsed 14250000 reads...
[2022-08-21 10:50:26] Parsed 14300000 reads...
[2022-08-21 10:50:34] Parsed 14350000 reads...
[2022-08-21 10:50:41] Parsed 14400000 reads...
[2022-08-21 10:50:48] Parsed 14450000 reads...
[2022-08-21 10:50:56] Parsed 14500000 reads...
[2022-08-21 10:51:04] Parsed 14550000 reads...
[2022-08-21 10:51:11] Parsed 14600000 reads...
[2022-08-21 10:51:19] Parsed 14650000 reads...
[2022-08-21 10:51:26] Parsed 14700000 reads...
[2022-08-21 10:51:34] Parsed 14750000 reads...
[2022-08-21 10:51:41] Parsed 14800000 reads...
[2022-08-21 10:51:48] Parsed 14850000 reads...
[2022-08-21 10:51:56] Parsed 14900000 reads...
[2022-08-21 10:52:03] Parsed 14950000 reads...
[2022-08-21 10:52:11] Parsed 15000000 reads...
[2022-08-21 10:52:18] Parsed 15050000 reads...
[2022-08-21 10:52:26] Parsed 15100000 reads...
[2022-08-21 10:52:33] Parsed 15150000 reads...
[2022-08-21 10:52:40] Parsed 15200000 reads...
[2022-08-21 10:52:48] Parsed 15250000 reads...
[2022-08-21 10:52:55] Parsed 15300000 reads...
[2022-08-21 10:53:03] Parsed 15350000 reads...
[2022-08-21 10:53:10] Parsed 15400000 reads...
[2022-08-21 10:53:17] Parsed 15450000 reads...
[2022-08-21 10:53:25] Parsed 15500000 reads...
[2022-08-21 10:53:32] Parsed 15550000 reads...
[2022-08-21 10:53:40] Parsed 15600000 reads...
[2022-08-21 10:53:47] Parsed 15650000 reads...
[2022-08-21 10:53:55] Parsed 15700000 reads...
[2022-08-21 10:54:02] Parsed 15750000 reads...
[2022-08-21 10:54:09] Parsed 15800000 reads...
[2022-08-21 10:54:17] Parsed 15850000 reads...
[2022-08-21 10:54:24] Parsed 15900000 reads...
[2022-08-21 10:54:31] Parsed 15950000 reads...
[2022-08-21 10:54:39] Parsed 16000000 reads...
[2022-08-21 10:54:46] Parsed 16050000 reads...
[2022-08-21 10:54:53] Parsed 16100000 reads...
[2022-08-21 10:55:01] Parsed 16150000 reads...
[2022-08-21 10:55:08] Parsed 16200000 reads...
[2022-08-21 10:55:16] Parsed 16250000 reads...
[2022-08-21 10:55:23] Parsed 16300000 reads...
[2022-08-21 10:55:30] Parsed 16350000 reads...
[2022-08-21 10:55:38] Parsed 16400000 reads...
[2022-08-21 10:55:45] Parsed 16450000 reads...
[2022-08-21 10:55:53] Parsed 16500000 reads...
[2022-08-21 10:56:00] Parsed 16550000 reads...
[2022-08-21 10:56:08] Parsed 16600000 reads...
[2022-08-21 10:56:15] Parsed 16650000 reads...
[2022-08-21 10:56:23] Parsed 16700000 reads...
[2022-08-21 10:56:30] Parsed 16750000 reads...
[2022-08-21 10:56:36] Parsed 16800000 reads...
[2022-08-21 10:56:43] Parsed 16850000 reads...
[2022-08-21 10:56:51] Parsed 16900000 reads...
[2022-08-21 10:56:58] Parsed 16950000 reads...
[2022-08-21 10:57:05] Parsed 17000000 reads...
[2022-08-21 10:57:13] Parsed 17050000 reads...
[2022-08-21 10:57:21] Parsed 17100000 reads...
[2022-08-21 10:57:28] Parsed 17150000 reads...
[2022-08-21 10:57:35] Parsed 17200000 reads...
[2022-08-21 10:57:42] Parsed 17250000 reads...
[2022-08-21 10:57:49] Parsed 17300000 reads...
[2022-08-21 10:57:56] Parsed 17350000 reads...
[2022-08-21 10:58:03] Parsed 17400000 reads...
[2022-08-21 10:58:11] Parsed 17450000 reads...
[2022-08-21 10:58:19] Parsed 17500000 reads...
[2022-08-21 10:58:27] Parsed 17550000 reads...
[2022-08-21 10:58:34] Parsed 17600000 reads...
[2022-08-21 10:58:42] Parsed 17650000 reads...
[2022-08-21 10:58:49] Parsed 17700000 reads...
[2022-08-21 10:58:56] Parsed 17750000 reads...
[2022-08-21 10:59:03] Parsed 17800000 reads...
[2022-08-21 10:59:11] Parsed 17850000 reads...
[2022-08-21 10:59:18] Parsed 17900000 reads...
[2022-08-21 10:59:26] Parsed 17950000 reads...
[2022-08-21 10:59:33] Parsed 18000000 reads...
[2022-08-21 10:59:40] Parsed 18050000 reads...
[2022-08-21 10:59:48] Parsed 18100000 reads...
[2022-08-21 10:59:56] Parsed 18150000 reads...
[2022-08-21 11:00:03] Parsed 18200000 reads...
[2022-08-21 11:00:10] Parsed 18250000 reads...
[2022-08-21 11:00:17] Parsed 18300000 reads...
[2022-08-21 11:00:25] Parsed 18350000 reads...
[2022-08-21 11:00:33] Parsed 18400000 reads...
[2022-08-21 11:00:40] Parsed 18450000 reads...
[2022-08-21 11:00:47] Parsed 18500000 reads...
[2022-08-21 11:00:55] Parsed 18550000 reads...
[2022-08-21 11:01:02] Parsed 18600000 reads...
[2022-08-21 11:01:10] Parsed 18650000 reads...
[2022-08-21 11:01:17] Parsed 18700000 reads...
[2022-08-21 11:01:25] Parsed 18750000 reads...
[2022-08-21 11:01:32] Parsed 18800000 reads...
[2022-08-21 11:01:40] Parsed 18850000 reads...
[2022-08-21 11:01:48] Parsed 18900000 reads...
[2022-08-21 11:01:56] Parsed 18950000 reads...
[2022-08-21 11:02:03] Parsed 19000000 reads...
[2022-08-21 11:02:11] Parsed 19050000 reads...
[2022-08-21 11:02:19] Parsed 19100000 reads...
[2022-08-21 11:02:26] Finished parsing input file
[2022-08-21 11:02:26] - Number of reads: 19149568
[2022-08-21 11:02:26]   - Unmapped: 0
[2022-08-21 11:02:26]   - Mapped: 19149568
[2022-08-21 11:02:26] - Average raw (unclipped) read length: 99.77132606855675
[2022-08-21 11:02:26]   - Unmapped: N/A
[2022-08-21 11:02:26]   - Mapped: 99.77132606855675
[2022-08-21 11:02:26] - Average clipped read length: 96.41408996798256
[2022-08-21 11:02:26]   - Unmapped: N/A
[2022-08-21 11:02:27]   - Mapped: 96.41408996798256
[2022-08-21 11:02:27] - Average insert size: N/A
[2022-08-21 11:02:27] - Average coverage: 59336.5356354884
[2022-08-21 11:02:27] Writing nucleotide counts...
[2022-08-21 11:02:27] Finished writing nucleotide counts
