[2022-08-21 11:39:24] Executing SamBamViz v0.0.9
[2022-08-21 11:39:24] Using 1-based indexing
[2022-08-21 11:39:24] Input file: data/trimmed_bam/SRR13616000.02.trimmed.sorted.bam
[2022-08-21 11:39:24] Output file: data/trimmed_bam/SRR13616000.02.trimmed.sorted.bam.sambamviz.tsv
[2022-08-21 11:39:24] Parsing input file...
[2022-08-21 11:39:31] Parsed 50000 reads...
[2022-08-21 11:39:38] Parsed 100000 reads...
[2022-08-21 11:39:45] Parsed 150000 reads...
[2022-08-21 11:39:53] Parsed 200000 reads...
[2022-08-21 11:40:00] Parsed 250000 reads...
[2022-08-21 11:40:07] Parsed 300000 reads...
[2022-08-21 11:40:15] Parsed 350000 reads...
[2022-08-21 11:40:22] Parsed 400000 reads...
[2022-08-21 11:40:29] Parsed 450000 reads...
[2022-08-21 11:40:36] Parsed 500000 reads...
[2022-08-21 11:40:44] Parsed 550000 reads...
[2022-08-21 11:40:51] Parsed 600000 reads...
[2022-08-21 11:40:54] Finished parsing input file
[2022-08-21 11:40:54] - Number of reads: 616674
[2022-08-21 11:40:54]   - Unmapped: 0
[2022-08-21 11:40:54]   - Mapped: 616674
[2022-08-21 11:40:54] - Average raw (unclipped) read length: 99.74270846508853
[2022-08-21 11:40:54]   - Unmapped: N/A
[2022-08-21 11:40:54]   - Mapped: 99.74270846508853
[2022-08-21 11:40:54] - Average clipped read length: 94.98413099952325
[2022-08-21 11:40:54]   - Unmapped: N/A
[2022-08-21 11:40:54]   - Mapped: 94.98413099952325
[2022-08-21 11:40:54] - Average insert size: N/A
[2022-08-21 11:40:54] - Average coverage: 1911.2430272222593
[2022-08-21 11:40:54] Writing nucleotide counts...
[2022-08-21 11:40:54] Finished writing nucleotide counts
