[2022-08-21 10:09:35] Executing SamBamViz v0.0.9
[2022-08-21 10:09:35] Using 1-based indexing
[2022-08-21 10:09:35] Input file: data/trimmed_bam/SRR13615987.02.trimmed.sorted.bam
[2022-08-21 10:09:35] Output file: data/trimmed_bam/SRR13615987.02.trimmed.sorted.bam.sambamviz.tsv
[2022-08-21 10:09:35] Parsing input file...
[2022-08-21 10:09:42] Parsed 50000 reads...
[2022-08-21 10:09:49] Parsed 100000 reads...
[2022-08-21 10:09:57] Parsed 150000 reads...
[2022-08-21 10:10:04] Parsed 200000 reads...
[2022-08-21 10:10:12] Parsed 250000 reads...
[2022-08-21 10:10:19] Parsed 300000 reads...
[2022-08-21 10:10:27] Parsed 350000 reads...
[2022-08-21 10:10:35] Parsed 400000 reads...
[2022-08-21 10:10:42] Parsed 450000 reads...
[2022-08-21 10:10:50] Parsed 500000 reads...
[2022-08-21 10:10:57] Parsed 550000 reads...
[2022-08-21 10:11:05] Parsed 600000 reads...
[2022-08-21 10:11:12] Parsed 650000 reads...
[2022-08-21 10:11:20] Parsed 700000 reads...
[2022-08-21 10:11:27] Parsed 750000 reads...
[2022-08-21 10:11:35] Parsed 800000 reads...
[2022-08-21 10:11:42] Parsed 850000 reads...
[2022-08-21 10:11:50] Parsed 900000 reads...
[2022-08-21 10:11:57] Parsed 950000 reads...
[2022-08-21 10:12:05] Parsed 1000000 reads...
[2022-08-21 10:12:12] Parsed 1050000 reads...
[2022-08-21 10:12:19] Parsed 1100000 reads...
[2022-08-21 10:12:27] Parsed 1150000 reads...
[2022-08-21 10:12:34] Parsed 1200000 reads...
[2022-08-21 10:12:42] Parsed 1250000 reads...
[2022-08-21 10:12:49] Parsed 1300000 reads...
[2022-08-21 10:12:57] Parsed 1350000 reads...
[2022-08-21 10:13:04] Parsed 1400000 reads...
[2022-08-21 10:13:12] Parsed 1450000 reads...
[2022-08-21 10:13:19] Parsed 1500000 reads...
[2022-08-21 10:13:27] Parsed 1550000 reads...
[2022-08-21 10:13:35] Parsed 1600000 reads...
[2022-08-21 10:13:42] Parsed 1650000 reads...
[2022-08-21 10:13:50] Parsed 1700000 reads...
[2022-08-21 10:13:57] Parsed 1750000 reads...
[2022-08-21 10:14:04] Parsed 1800000 reads...
[2022-08-21 10:14:12] Parsed 1850000 reads...
[2022-08-21 10:14:19] Parsed 1900000 reads...
[2022-08-21 10:14:27] Parsed 1950000 reads...
[2022-08-21 10:14:35] Parsed 2000000 reads...
[2022-08-21 10:14:39] Finished parsing input file
[2022-08-21 10:14:39] - Number of reads: 2027620
[2022-08-21 10:14:39]   - Unmapped: 0
[2022-08-21 10:14:39]   - Mapped: 2027620
[2022-08-21 10:14:39] - Average raw (unclipped) read length: 99.58035282745287
[2022-08-21 10:14:39]   - Unmapped: N/A
[2022-08-21 10:14:39]   - Mapped: 99.58035282745287
[2022-08-21 10:14:39] - Average clipped read length: 96.6212835738452
[2022-08-21 10:14:39]   - Unmapped: N/A
[2022-08-21 10:14:39]   - Mapped: 96.6212835738452
[2022-08-21 10:14:39] - Average insert size: N/A
[2022-08-21 10:14:39] - Average coverage: 6396.761621296235
[2022-08-21 10:14:39] Writing nucleotide counts...
[2022-08-21 10:14:39] Finished writing nucleotide counts
