[2022-08-21 13:46:04] Executing SamBamViz v0.0.9
[2022-08-21 13:46:04] Using 1-based indexing
[2022-08-21 13:46:04] Input file: data/trimmed_bam/SRR13616007.02.trimmed.sorted.bam
[2022-08-21 13:46:04] Output file: data/trimmed_bam/SRR13616007.02.trimmed.sorted.bam.sambamviz.tsv
[2022-08-21 13:46:04] Parsing input file...
[2022-08-21 13:46:13] Parsed 50000 reads...
[2022-08-21 13:46:21] Parsed 100000 reads...
[2022-08-21 13:46:24] Finished parsing input file
[2022-08-21 13:46:24] - Number of reads: 114564
[2022-08-21 13:46:24]   - Unmapped: 0
[2022-08-21 13:46:24]   - Mapped: 114564
[2022-08-21 13:46:24] - Average raw (unclipped) read length: 99.74496351384379
[2022-08-21 13:46:24]   - Unmapped: N/A
[2022-08-21 13:46:24]   - Mapped: 99.74496351384379
[2022-08-21 13:46:24] - Average clipped read length: 90.04162738731189
[2022-08-21 13:46:24]   - Unmapped: N/A
[2022-08-21 13:46:24]   - Mapped: 90.04162738731189
[2022-08-21 13:46:24] - Average insert size: N/A
[2022-08-21 13:46:24] - Average coverage: 337.4125476556752
[2022-08-21 13:46:24] Writing nucleotide counts...
[2022-08-21 13:46:24] Finished writing nucleotide counts
