[2022-08-21 13:57:44] Executing SamBamViz v0.0.9
[2022-08-21 13:57:44] Using 1-based indexing
[2022-08-21 13:57:44] Input file: data/trimmed_bam/SRR13616013.02.trimmed.sorted.bam
[2022-08-21 13:57:44] Output file: data/trimmed_bam/SRR13616013.02.trimmed.sorted.bam.sambamviz.tsv
[2022-08-21 13:57:44] Parsing input file...
[2022-08-21 13:57:51] Parsed 50000 reads...
[2022-08-21 13:57:59] Parsed 100000 reads...
[2022-08-21 13:58:06] Parsed 150000 reads...
[2022-08-21 13:58:14] Parsed 200000 reads...
[2022-08-21 13:58:21] Parsed 250000 reads...
[2022-08-21 13:58:29] Parsed 300000 reads...
[2022-08-21 13:58:36] Parsed 350000 reads...
[2022-08-21 13:58:44] Parsed 400000 reads...
[2022-08-21 13:58:51] Parsed 450000 reads...
[2022-08-21 13:58:59] Parsed 500000 reads...
[2022-08-21 13:59:06] Parsed 550000 reads...
[2022-08-21 13:59:14] Parsed 600000 reads...
[2022-08-21 13:59:21] Parsed 650000 reads...
[2022-08-21 13:59:29] Parsed 700000 reads...
[2022-08-21 13:59:37] Parsed 750000 reads...
[2022-08-21 13:59:44] Parsed 800000 reads...
[2022-08-21 13:59:52] Parsed 850000 reads...
[2022-08-21 13:59:59] Parsed 900000 reads...
[2022-08-21 14:00:07] Parsed 950000 reads...
[2022-08-21 14:00:14] Parsed 1000000 reads...
[2022-08-21 14:00:22] Parsed 1050000 reads...
[2022-08-21 14:00:30] Parsed 1100000 reads...
[2022-08-21 14:00:37] Parsed 1150000 reads...
[2022-08-21 14:00:45] Parsed 1200000 reads...
[2022-08-21 14:00:52] Parsed 1250000 reads...
[2022-08-21 14:01:00] Parsed 1300000 reads...
[2022-08-21 14:01:07] Parsed 1350000 reads...
[2022-08-21 14:01:15] Parsed 1400000 reads...
[2022-08-21 14:01:22] Parsed 1450000 reads...
[2022-08-21 14:01:30] Parsed 1500000 reads...
[2022-08-21 14:01:37] Parsed 1550000 reads...
[2022-08-21 14:01:45] Parsed 1600000 reads...
[2022-08-21 14:01:52] Parsed 1650000 reads...
[2022-08-21 14:02:00] Parsed 1700000 reads...
[2022-08-21 14:02:08] Parsed 1750000 reads...
[2022-08-21 14:02:15] Parsed 1800000 reads...
[2022-08-21 14:02:23] Parsed 1850000 reads...
[2022-08-21 14:02:30] Parsed 1900000 reads...
[2022-08-21 14:02:38] Parsed 1950000 reads...
[2022-08-21 14:02:45] Parsed 2000000 reads...
[2022-08-21 14:02:53] Parsed 2050000 reads...
[2022-08-21 14:02:55] Finished parsing input file
[2022-08-21 14:02:55] - Number of reads: 2063073
[2022-08-21 14:02:55]   - Unmapped: 0
[2022-08-21 14:02:55]   - Mapped: 2063073
[2022-08-21 14:02:55] - Average raw (unclipped) read length: 99.74873695695693
[2022-08-21 14:02:55]   - Unmapped: N/A
[2022-08-21 14:02:55]   - Mapped: 99.74873695695693
[2022-08-21 14:02:55] - Average clipped read length: 96.44485677433615
[2022-08-21 14:02:55]   - Unmapped: N/A
[2022-08-21 14:02:55]   - Mapped: 96.44485677433615
[2022-08-21 14:02:55] - Average insert size: N/A
[2022-08-21 14:02:55] - Average coverage: 6471.973613805097
[2022-08-21 14:02:55] Writing nucleotide counts...
[2022-08-21 14:02:55] Finished writing nucleotide counts
