[2022-08-21 14:16:11] Executing SamBamViz v0.0.9
[2022-08-21 14:16:11] Using 1-based indexing
[2022-08-21 14:16:11] Input file: data/trimmed_bam/SRR13616019.02.trimmed.sorted.bam
[2022-08-21 14:16:11] Output file: data/trimmed_bam/SRR13616019.02.trimmed.sorted.bam.sambamviz.tsv
[2022-08-21 14:16:11] Parsing input file...
[2022-08-21 14:16:17] Parsed 50000 reads...
[2022-08-21 14:16:24] Parsed 100000 reads...
[2022-08-21 14:16:32] Parsed 150000 reads...
[2022-08-21 14:16:39] Parsed 200000 reads...
[2022-08-21 14:16:46] Parsed 250000 reads...
[2022-08-21 14:16:53] Parsed 300000 reads...
[2022-08-21 14:17:00] Parsed 350000 reads...
[2022-08-21 14:17:07] Parsed 400000 reads...
[2022-08-21 14:17:15] Parsed 450000 reads...
[2022-08-21 14:17:22] Parsed 500000 reads...
[2022-08-21 14:17:29] Parsed 550000 reads...
[2022-08-21 14:17:36] Parsed 600000 reads...
[2022-08-21 14:17:44] Parsed 650000 reads...
[2022-08-21 14:17:51] Parsed 700000 reads...
[2022-08-21 14:17:58] Parsed 750000 reads...
[2022-08-21 14:18:06] Parsed 800000 reads...
[2022-08-21 14:18:13] Parsed 850000 reads...
[2022-08-21 14:18:21] Parsed 900000 reads...
[2022-08-21 14:18:28] Parsed 950000 reads...
[2022-08-21 14:18:35] Parsed 1000000 reads...
[2022-08-21 14:18:42] Parsed 1050000 reads...
[2022-08-21 14:18:49] Parsed 1100000 reads...
[2022-08-21 14:18:57] Parsed 1150000 reads...
[2022-08-21 14:19:04] Parsed 1200000 reads...
[2022-08-21 14:19:11] Parsed 1250000 reads...
[2022-08-21 14:19:18] Parsed 1300000 reads...
[2022-08-21 14:19:25] Parsed 1350000 reads...
[2022-08-21 14:19:33] Parsed 1400000 reads...
[2022-08-21 14:19:40] Parsed 1450000 reads...
[2022-08-21 14:19:47] Parsed 1500000 reads...
[2022-08-21 14:19:54] Parsed 1550000 reads...
[2022-08-21 14:20:01] Parsed 1600000 reads...
[2022-08-21 14:20:09] Parsed 1650000 reads...
[2022-08-21 14:20:16] Parsed 1700000 reads...
[2022-08-21 14:20:23] Parsed 1750000 reads...
[2022-08-21 14:20:30] Parsed 1800000 reads...
[2022-08-21 14:20:37] Parsed 1850000 reads...
[2022-08-21 14:20:44] Parsed 1900000 reads...
[2022-08-21 14:20:52] Parsed 1950000 reads...
[2022-08-21 14:20:59] Parsed 2000000 reads...
[2022-08-21 14:21:06] Parsed 2050000 reads...
[2022-08-21 14:21:13] Parsed 2100000 reads...
[2022-08-21 14:21:20] Parsed 2150000 reads...
[2022-08-21 14:21:27] Parsed 2200000 reads...
[2022-08-21 14:21:35] Parsed 2250000 reads...
[2022-08-21 14:21:42] Parsed 2300000 reads...
[2022-08-21 14:21:49] Parsed 2350000 reads...
[2022-08-21 14:21:56] Parsed 2400000 reads...
[2022-08-21 14:22:04] Parsed 2450000 reads...
[2022-08-21 14:22:04] Finished parsing input file
[2022-08-21 14:22:04] - Number of reads: 2451091
[2022-08-21 14:22:04]   - Unmapped: 0
[2022-08-21 14:22:04]   - Mapped: 2451091
[2022-08-21 14:22:04] - Average raw (unclipped) read length: 99.75541340570383
[2022-08-21 14:22:04]   - Unmapped: N/A
[2022-08-21 14:22:04]   - Mapped: 99.75541340570383
[2022-08-21 14:22:04] - Average clipped read length: 95.98583773511469
[2022-08-21 14:22:04]   - Unmapped: N/A
[2022-08-21 14:22:04]   - Mapped: 95.98583773511469
[2022-08-21 14:22:04] - Average insert size: N/A
[2022-08-21 14:22:04] - Average coverage: 7542.6046418299775
[2022-08-21 14:22:04] Writing nucleotide counts...
[2022-08-21 14:22:04] Finished writing nucleotide counts
