[2022-08-21 07:43:41] Executing SamBamViz v0.0.9
[2022-08-21 07:43:41] Using 1-based indexing
[2022-08-21 07:43:41] Input file: data/trimmed_bam/SRR13615955.02.trimmed.sorted.bam
[2022-08-21 07:43:41] Output file: data/trimmed_bam/SRR13615955.02.trimmed.sorted.bam.sambamviz.tsv
[2022-08-21 07:43:41] Parsing input file...
[2022-08-21 07:43:48] Parsed 50000 reads...
[2022-08-21 07:43:55] Parsed 100000 reads...
[2022-08-21 07:44:01] Parsed 150000 reads...
[2022-08-21 07:44:08] Parsed 200000 reads...
[2022-08-21 07:44:15] Parsed 250000 reads...
[2022-08-21 07:44:23] Parsed 300000 reads...
[2022-08-21 07:44:31] Parsed 350000 reads...
[2022-08-21 07:44:39] Parsed 400000 reads...
[2022-08-21 07:44:46] Parsed 450000 reads...
[2022-08-21 07:44:54] Parsed 500000 reads...
[2022-08-21 07:45:01] Parsed 550000 reads...
[2022-08-21 07:45:09] Parsed 600000 reads...
[2022-08-21 07:45:17] Parsed 650000 reads...
[2022-08-21 07:45:25] Parsed 700000 reads...
[2022-08-21 07:45:34] Parsed 750000 reads...
[2022-08-21 07:45:42] Parsed 800000 reads...
[2022-08-21 07:45:50] Parsed 850000 reads...
[2022-08-21 07:45:59] Parsed 900000 reads...
[2022-08-21 07:46:07] Parsed 950000 reads...
[2022-08-21 07:46:14] Parsed 1000000 reads...
[2022-08-21 07:46:23] Parsed 1050000 reads...
[2022-08-21 07:46:31] Parsed 1100000 reads...
[2022-08-21 07:46:40] Parsed 1150000 reads...
[2022-08-21 07:46:48] Parsed 1200000 reads...
[2022-08-21 07:46:57] Parsed 1250000 reads...
[2022-08-21 07:47:05] Parsed 1300000 reads...
[2022-08-21 07:47:13] Parsed 1350000 reads...
[2022-08-21 07:47:23] Parsed 1400000 reads...
[2022-08-21 07:47:31] Parsed 1450000 reads...
[2022-08-21 07:47:40] Parsed 1500000 reads...
[2022-08-21 07:47:48] Parsed 1550000 reads...
[2022-08-21 07:47:57] Parsed 1600000 reads...
[2022-08-21 07:48:06] Parsed 1650000 reads...
[2022-08-21 07:48:15] Parsed 1700000 reads...
[2022-08-21 07:48:25] Parsed 1750000 reads...
[2022-08-21 07:48:33] Parsed 1800000 reads...
[2022-08-21 07:48:42] Parsed 1850000 reads...
[2022-08-21 07:48:51] Parsed 1900000 reads...
[2022-08-21 07:48:59] Parsed 1950000 reads...
[2022-08-21 07:49:08] Parsed 2000000 reads...
[2022-08-21 07:49:16] Parsed 2050000 reads...
[2022-08-21 07:49:25] Parsed 2100000 reads...
[2022-08-21 07:49:33] Parsed 2150000 reads...
[2022-08-21 07:49:42] Parsed 2200000 reads...
[2022-08-21 07:49:50] Parsed 2250000 reads...
[2022-08-21 07:49:59] Parsed 2300000 reads...
[2022-08-21 07:50:08] Parsed 2350000 reads...
[2022-08-21 07:50:17] Parsed 2400000 reads...
[2022-08-21 07:50:25] Parsed 2450000 reads...
[2022-08-21 07:50:34] Parsed 2500000 reads...
[2022-08-21 07:50:43] Parsed 2550000 reads...
[2022-08-21 07:50:51] Parsed 2600000 reads...
[2022-08-21 07:51:00] Parsed 2650000 reads...
[2022-08-21 07:51:09] Parsed 2700000 reads...
[2022-08-21 07:51:17] Parsed 2750000 reads...
[2022-08-21 07:51:26] Parsed 2800000 reads...
[2022-08-21 07:51:34] Parsed 2850000 reads...
[2022-08-21 07:51:43] Parsed 2900000 reads...
[2022-08-21 07:51:51] Parsed 2950000 reads...
[2022-08-21 07:51:59] Parsed 3000000 reads...
[2022-08-21 07:52:08] Parsed 3050000 reads...
[2022-08-21 07:52:17] Parsed 3100000 reads...
[2022-08-21 07:52:25] Parsed 3150000 reads...
[2022-08-21 07:52:34] Parsed 3200000 reads...
[2022-08-21 07:52:43] Parsed 3250000 reads...
[2022-08-21 07:52:51] Parsed 3300000 reads...
[2022-08-21 07:52:59] Parsed 3350000 reads...
[2022-08-21 07:53:08] Parsed 3400000 reads...
[2022-08-21 07:53:17] Parsed 3450000 reads...
[2022-08-21 07:53:26] Parsed 3500000 reads...
[2022-08-21 07:53:34] Parsed 3550000 reads...
[2022-08-21 07:53:43] Parsed 3600000 reads...
[2022-08-21 07:53:52] Parsed 3650000 reads...
[2022-08-21 07:54:00] Parsed 3700000 reads...
[2022-08-21 07:54:09] Parsed 3750000 reads...
[2022-08-21 07:54:17] Parsed 3800000 reads...
[2022-08-21 07:54:26] Parsed 3850000 reads...
[2022-08-21 07:54:35] Parsed 3900000 reads...
[2022-08-21 07:54:44] Parsed 3950000 reads...
[2022-08-21 07:54:52] Parsed 4000000 reads...
[2022-08-21 07:55:01] Parsed 4050000 reads...
[2022-08-21 07:55:09] Parsed 4100000 reads...
[2022-08-21 07:55:18] Parsed 4150000 reads...
[2022-08-21 07:55:27] Parsed 4200000 reads...
[2022-08-21 07:55:36] Parsed 4250000 reads...
[2022-08-21 07:55:45] Parsed 4300000 reads...
[2022-08-21 07:55:54] Parsed 4350000 reads...
[2022-08-21 07:56:03] Parsed 4400000 reads...
[2022-08-21 07:56:11] Parsed 4450000 reads...
[2022-08-21 07:56:19] Parsed 4500000 reads...
[2022-08-21 07:56:28] Parsed 4550000 reads...
[2022-08-21 07:56:35] Parsed 4600000 reads...
[2022-08-21 07:56:44] Parsed 4650000 reads...
[2022-08-21 07:56:52] Parsed 4700000 reads...
[2022-08-21 07:57:00] Parsed 4750000 reads...
[2022-08-21 07:57:09] Parsed 4800000 reads...
[2022-08-21 07:57:17] Parsed 4850000 reads...
[2022-08-21 07:57:27] Parsed 4900000 reads...
[2022-08-21 07:57:35] Parsed 4950000 reads...
[2022-08-21 07:57:44] Parsed 5000000 reads...
[2022-08-21 07:57:52] Parsed 5050000 reads...
[2022-08-21 07:58:01] Parsed 5100000 reads...
[2022-08-21 07:58:09] Parsed 5150000 reads...
[2022-08-21 07:58:18] Parsed 5200000 reads...
[2022-08-21 07:58:27] Parsed 5250000 reads...
[2022-08-21 07:58:36] Parsed 5300000 reads...
[2022-08-21 07:58:44] Parsed 5350000 reads...
[2022-08-21 07:58:53] Parsed 5400000 reads...
[2022-08-21 07:59:01] Parsed 5450000 reads...
[2022-08-21 07:59:10] Parsed 5500000 reads...
[2022-08-21 07:59:18] Parsed 5550000 reads...
[2022-08-21 07:59:27] Parsed 5600000 reads...
[2022-08-21 07:59:36] Parsed 5650000 reads...
[2022-08-21 07:59:45] Parsed 5700000 reads...
[2022-08-21 07:59:53] Parsed 5750000 reads...
[2022-08-21 08:00:02] Parsed 5800000 reads...
[2022-08-21 08:00:11] Parsed 5850000 reads...
[2022-08-21 08:00:19] Parsed 5900000 reads...
[2022-08-21 08:00:28] Parsed 5950000 reads...
[2022-08-21 08:00:37] Parsed 6000000 reads...
[2022-08-21 08:00:46] Parsed 6050000 reads...
[2022-08-21 08:00:55] Parsed 6100000 reads...
[2022-08-21 08:01:04] Parsed 6150000 reads...
[2022-08-21 08:01:13] Parsed 6200000 reads...
[2022-08-21 08:01:21] Parsed 6250000 reads...
[2022-08-21 08:01:29] Parsed 6300000 reads...
[2022-08-21 08:01:37] Parsed 6350000 reads...
[2022-08-21 08:01:43] Parsed 6400000 reads...
[2022-08-21 08:01:51] Parsed 6450000 reads...
[2022-08-21 08:02:00] Parsed 6500000 reads...
[2022-08-21 08:02:09] Parsed 6550000 reads...
[2022-08-21 08:02:17] Parsed 6600000 reads...
[2022-08-21 08:02:26] Parsed 6650000 reads...
[2022-08-21 08:02:34] Parsed 6700000 reads...
[2022-08-21 08:02:43] Parsed 6750000 reads...
[2022-08-21 08:02:51] Parsed 6800000 reads...
[2022-08-21 08:03:00] Parsed 6850000 reads...
[2022-08-21 08:03:08] Parsed 6900000 reads...
[2022-08-21 08:03:17] Parsed 6950000 reads...
[2022-08-21 08:03:26] Parsed 7000000 reads...
[2022-08-21 08:03:35] Parsed 7050000 reads...
[2022-08-21 08:03:43] Parsed 7100000 reads...
[2022-08-21 08:03:52] Parsed 7150000 reads...
[2022-08-21 08:04:01] Parsed 7200000 reads...
[2022-08-21 08:04:10] Parsed 7250000 reads...
[2022-08-21 08:04:19] Parsed 7300000 reads...
[2022-08-21 08:04:28] Parsed 7350000 reads...
[2022-08-21 08:04:36] Parsed 7400000 reads...
[2022-08-21 08:04:45] Parsed 7450000 reads...
[2022-08-21 08:04:54] Parsed 7500000 reads...
[2022-08-21 08:05:03] Parsed 7550000 reads...
[2022-08-21 08:05:10] Parsed 7600000 reads...
[2022-08-21 08:05:18] Parsed 7650000 reads...
[2022-08-21 08:05:26] Parsed 7700000 reads...
[2022-08-21 08:05:35] Parsed 7750000 reads...
[2022-08-21 08:05:43] Parsed 7800000 reads...
[2022-08-21 08:05:52] Parsed 7850000 reads...
[2022-08-21 08:06:01] Parsed 7900000 reads...
[2022-08-21 08:06:10] Parsed 7950000 reads...
[2022-08-21 08:06:18] Parsed 8000000 reads...
[2022-08-21 08:06:27] Parsed 8050000 reads...
[2022-08-21 08:06:35] Parsed 8100000 reads...
[2022-08-21 08:06:44] Parsed 8150000 reads...
[2022-08-21 08:06:53] Parsed 8200000 reads...
[2022-08-21 08:07:02] Parsed 8250000 reads...
[2022-08-21 08:07:11] Parsed 8300000 reads...
[2022-08-21 08:07:20] Parsed 8350000 reads...
[2022-08-21 08:07:29] Parsed 8400000 reads...
[2022-08-21 08:07:37] Parsed 8450000 reads...
[2022-08-21 08:07:47] Parsed 8500000 reads...
[2022-08-21 08:07:55] Parsed 8550000 reads...
[2022-08-21 08:08:03] Parsed 8600000 reads...
[2022-08-21 08:08:12] Parsed 8650000 reads...
[2022-08-21 08:08:22] Parsed 8700000 reads...
[2022-08-21 08:08:31] Parsed 8750000 reads...
[2022-08-21 08:08:41] Parsed 8800000 reads...
[2022-08-21 08:08:49] Parsed 8850000 reads...
[2022-08-21 08:08:58] Parsed 8900000 reads...
[2022-08-21 08:09:06] Parsed 8950000 reads...
[2022-08-21 08:09:15] Parsed 9000000 reads...
[2022-08-21 08:09:24] Parsed 9050000 reads...
[2022-08-21 08:09:32] Parsed 9100000 reads...
[2022-08-21 08:09:41] Parsed 9150000 reads...
[2022-08-21 08:09:50] Parsed 9200000 reads...
[2022-08-21 08:09:59] Parsed 9250000 reads...
[2022-08-21 08:10:08] Parsed 9300000 reads...
[2022-08-21 08:10:16] Parsed 9350000 reads...
[2022-08-21 08:10:24] Parsed 9400000 reads...
[2022-08-21 08:10:31] Parsed 9450000 reads...
[2022-08-21 08:10:40] Parsed 9500000 reads...
[2022-08-21 08:10:48] Parsed 9550000 reads...
[2022-08-21 08:10:57] Parsed 9600000 reads...
[2022-08-21 08:11:05] Parsed 9650000 reads...
[2022-08-21 08:11:14] Parsed 9700000 reads...
[2022-08-21 08:11:23] Parsed 9750000 reads...
[2022-08-21 08:11:32] Parsed 9800000 reads...
[2022-08-21 08:11:41] Parsed 9850000 reads...
[2022-08-21 08:11:50] Parsed 9900000 reads...
[2022-08-21 08:11:58] Parsed 9950000 reads...
[2022-08-21 08:12:06] Parsed 10000000 reads...
[2022-08-21 08:12:15] Parsed 10050000 reads...
[2022-08-21 08:12:23] Parsed 10100000 reads...
[2022-08-21 08:12:32] Parsed 10150000 reads...
[2022-08-21 08:12:41] Parsed 10200000 reads...
[2022-08-21 08:12:49] Parsed 10250000 reads...
[2022-08-21 08:12:57] Parsed 10300000 reads...
[2022-08-21 08:13:06] Parsed 10350000 reads...
[2022-08-21 08:13:15] Parsed 10400000 reads...
[2022-08-21 08:13:24] Parsed 10450000 reads...
[2022-08-21 08:13:32] Parsed 10500000 reads...
[2022-08-21 08:13:41] Parsed 10550000 reads...
[2022-08-21 08:13:50] Parsed 10600000 reads...
[2022-08-21 08:13:58] Parsed 10650000 reads...
[2022-08-21 08:14:07] Parsed 10700000 reads...
[2022-08-21 08:14:16] Parsed 10750000 reads...
[2022-08-21 08:14:25] Parsed 10800000 reads...
[2022-08-21 08:14:33] Parsed 10850000 reads...
[2022-08-21 08:14:42] Parsed 10900000 reads...
[2022-08-21 08:14:50] Parsed 10950000 reads...
[2022-08-21 08:14:59] Parsed 11000000 reads...
[2022-08-21 08:15:07] Parsed 11050000 reads...
[2022-08-21 08:15:16] Parsed 11100000 reads...
[2022-08-21 08:15:25] Parsed 11150000 reads...
[2022-08-21 08:15:34] Parsed 11200000 reads...
[2022-08-21 08:15:43] Parsed 11250000 reads...
[2022-08-21 08:15:51] Parsed 11300000 reads...
[2022-08-21 08:16:00] Parsed 11350000 reads...
[2022-08-21 08:16:09] Parsed 11400000 reads...
[2022-08-21 08:16:18] Parsed 11450000 reads...
[2022-08-21 08:16:27] Parsed 11500000 reads...
[2022-08-21 08:16:36] Parsed 11550000 reads...
[2022-08-21 08:16:44] Parsed 11600000 reads...
[2022-08-21 08:16:52] Parsed 11650000 reads...
[2022-08-21 08:16:59] Parsed 11700000 reads...
[2022-08-21 08:17:08] Parsed 11750000 reads...
[2022-08-21 08:17:17] Parsed 11800000 reads...
[2022-08-21 08:17:25] Parsed 11850000 reads...
[2022-08-21 08:17:34] Parsed 11900000 reads...
[2022-08-21 08:17:43] Parsed 11950000 reads...
[2022-08-21 08:17:52] Parsed 12000000 reads...
[2022-08-21 08:18:00] Parsed 12050000 reads...
[2022-08-21 08:18:08] Parsed 12100000 reads...
[2022-08-21 08:18:18] Parsed 12150000 reads...
[2022-08-21 08:18:26] Parsed 12200000 reads...
[2022-08-21 08:18:35] Parsed 12250000 reads...
[2022-08-21 08:18:44] Parsed 12300000 reads...
[2022-08-21 08:18:52] Parsed 12350000 reads...
[2022-08-21 08:19:01] Parsed 12400000 reads...
[2022-08-21 08:19:09] Parsed 12450000 reads...
[2022-08-21 08:19:18] Parsed 12500000 reads...
[2022-08-21 08:19:27] Parsed 12550000 reads...
[2022-08-21 08:19:35] Parsed 12600000 reads...
[2022-08-21 08:19:44] Parsed 12650000 reads...
[2022-08-21 08:19:52] Parsed 12700000 reads...
[2022-08-21 08:20:01] Parsed 12750000 reads...
[2022-08-21 08:20:10] Parsed 12800000 reads...
[2022-08-21 08:20:18] Parsed 12850000 reads...
[2022-08-21 08:20:27] Parsed 12900000 reads...
[2022-08-21 08:20:35] Parsed 12950000 reads...
[2022-08-21 08:20:44] Parsed 13000000 reads...
[2022-08-21 08:20:53] Parsed 13050000 reads...
[2022-08-21 08:21:01] Parsed 13100000 reads...
[2022-08-21 08:21:09] Parsed 13150000 reads...
[2022-08-21 08:21:18] Parsed 13200000 reads...
[2022-08-21 08:21:27] Parsed 13250000 reads...
[2022-08-21 08:21:36] Parsed 13300000 reads...
[2022-08-21 08:21:44] Parsed 13350000 reads...
[2022-08-21 08:21:53] Parsed 13400000 reads...
[2022-08-21 08:22:01] Parsed 13450000 reads...
[2022-08-21 08:22:11] Parsed 13500000 reads...
[2022-08-21 08:22:19] Parsed 13550000 reads...
[2022-08-21 08:22:28] Parsed 13600000 reads...
[2022-08-21 08:22:37] Parsed 13650000 reads...
[2022-08-21 08:22:46] Parsed 13700000 reads...
[2022-08-21 08:22:55] Parsed 13750000 reads...
[2022-08-21 08:23:03] Parsed 13800000 reads...
[2022-08-21 08:23:12] Parsed 13850000 reads...
[2022-08-21 08:23:21] Parsed 13900000 reads...
[2022-08-21 08:23:30] Parsed 13950000 reads...
[2022-08-21 08:23:39] Parsed 14000000 reads...
[2022-08-21 08:23:47] Parsed 14050000 reads...
[2022-08-21 08:23:57] Parsed 14100000 reads...
[2022-08-21 08:24:05] Parsed 14150000 reads...
[2022-08-21 08:24:14] Parsed 14200000 reads...
[2022-08-21 08:24:23] Parsed 14250000 reads...
[2022-08-21 08:24:31] Parsed 14300000 reads...
[2022-08-21 08:24:40] Parsed 14350000 reads...
[2022-08-21 08:24:48] Parsed 14400000 reads...
[2022-08-21 08:24:57] Parsed 14450000 reads...
[2022-08-21 08:25:06] Parsed 14500000 reads...
[2022-08-21 08:25:14] Parsed 14550000 reads...
[2022-08-21 08:25:22] Parsed 14600000 reads...
[2022-08-21 08:25:31] Parsed 14650000 reads...
[2022-08-21 08:25:40] Parsed 14700000 reads...
[2022-08-21 08:25:49] Parsed 14750000 reads...
[2022-08-21 08:25:57] Parsed 14800000 reads...
[2022-08-21 08:26:06] Parsed 14850000 reads...
[2022-08-21 08:26:14] Parsed 14900000 reads...
[2022-08-21 08:26:22] Parsed 14950000 reads...
[2022-08-21 08:26:30] Parsed 15000000 reads...
[2022-08-21 08:26:38] Parsed 15050000 reads...
[2022-08-21 08:26:46] Parsed 15100000 reads...
[2022-08-21 08:26:54] Parsed 15150000 reads...
[2022-08-21 08:27:03] Parsed 15200000 reads...
[2022-08-21 08:27:11] Parsed 15250000 reads...
[2022-08-21 08:27:22] Parsed 15300000 reads...
[2022-08-21 08:27:30] Parsed 15350000 reads...
[2022-08-21 08:27:39] Parsed 15400000 reads...
[2022-08-21 08:27:47] Parsed 15450000 reads...
[2022-08-21 08:27:55] Parsed 15500000 reads...
[2022-08-21 08:28:04] Parsed 15550000 reads...
[2022-08-21 08:28:12] Parsed 15600000 reads...
[2022-08-21 08:28:22] Parsed 15650000 reads...
[2022-08-21 08:28:31] Parsed 15700000 reads...
[2022-08-21 08:28:41] Parsed 15750000 reads...
[2022-08-21 08:28:50] Parsed 15800000 reads...
[2022-08-21 08:28:58] Parsed 15850000 reads...
[2022-08-21 08:29:07] Parsed 15900000 reads...
[2022-08-21 08:29:16] Parsed 15950000 reads...
[2022-08-21 08:29:24] Parsed 16000000 reads...
[2022-08-21 08:29:33] Parsed 16050000 reads...
[2022-08-21 08:29:42] Parsed 16100000 reads...
[2022-08-21 08:29:49] Parsed 16150000 reads...
[2022-08-21 08:29:57] Parsed 16200000 reads...
[2022-08-21 08:30:06] Parsed 16250000 reads...
[2022-08-21 08:30:15] Parsed 16300000 reads...
[2022-08-21 08:30:23] Parsed 16350000 reads...
[2022-08-21 08:30:32] Parsed 16400000 reads...
[2022-08-21 08:30:40] Parsed 16450000 reads...
[2022-08-21 08:30:48] Parsed 16500000 reads...
[2022-08-21 08:30:56] Parsed 16550000 reads...
[2022-08-21 08:31:05] Parsed 16600000 reads...
[2022-08-21 08:31:13] Parsed 16650000 reads...
[2022-08-21 08:31:21] Parsed 16700000 reads...
[2022-08-21 08:31:29] Parsed 16750000 reads...
[2022-08-21 08:31:36] Parsed 16800000 reads...
[2022-08-21 08:31:43] Parsed 16850000 reads...
[2022-08-21 08:31:51] Parsed 16900000 reads...
[2022-08-21 08:31:58] Parsed 16950000 reads...
[2022-08-21 08:32:06] Parsed 17000000 reads...
[2022-08-21 08:32:13] Parsed 17050000 reads...
[2022-08-21 08:32:21] Parsed 17100000 reads...
[2022-08-21 08:32:28] Parsed 17150000 reads...
[2022-08-21 08:32:36] Parsed 17200000 reads...
[2022-08-21 08:32:43] Parsed 17250000 reads...
[2022-08-21 08:32:51] Parsed 17300000 reads...
[2022-08-21 08:32:58] Parsed 17350000 reads...
[2022-08-21 08:33:05] Parsed 17400000 reads...
[2022-08-21 08:33:12] Parsed 17450000 reads...
[2022-08-21 08:33:20] Parsed 17500000 reads...
[2022-08-21 08:33:28] Parsed 17550000 reads...
[2022-08-21 08:33:34] Parsed 17600000 reads...
[2022-08-21 08:33:41] Parsed 17650000 reads...
[2022-08-21 08:33:49] Parsed 17700000 reads...
[2022-08-21 08:33:56] Parsed 17750000 reads...
[2022-08-21 08:34:03] Parsed 17800000 reads...
[2022-08-21 08:34:11] Parsed 17850000 reads...
[2022-08-21 08:34:18] Parsed 17900000 reads...
[2022-08-21 08:34:26] Parsed 17950000 reads...
[2022-08-21 08:34:33] Parsed 18000000 reads...
[2022-08-21 08:34:40] Parsed 18050000 reads...
[2022-08-21 08:34:48] Parsed 18100000 reads...
[2022-08-21 08:34:55] Parsed 18150000 reads...
[2022-08-21 08:35:03] Parsed 18200000 reads...
[2022-08-21 08:35:10] Parsed 18250000 reads...
[2022-08-21 08:35:18] Parsed 18300000 reads...
[2022-08-21 08:35:25] Parsed 18350000 reads...
[2022-08-21 08:35:32] Parsed 18400000 reads...
[2022-08-21 08:35:39] Parsed 18450000 reads...
[2022-08-21 08:35:47] Parsed 18500000 reads...
[2022-08-21 08:35:54] Parsed 18550000 reads...
[2022-08-21 08:36:01] Parsed 18600000 reads...
[2022-08-21 08:36:08] Parsed 18650000 reads...
[2022-08-21 08:36:16] Parsed 18700000 reads...
[2022-08-21 08:36:23] Parsed 18750000 reads...
[2022-08-21 08:36:31] Parsed 18800000 reads...
[2022-08-21 08:36:39] Parsed 18850000 reads...
[2022-08-21 08:36:46] Parsed 18900000 reads...
[2022-08-21 08:36:54] Parsed 18950000 reads...
[2022-08-21 08:37:00] Parsed 19000000 reads...
[2022-08-21 08:37:06] Parsed 19050000 reads...
[2022-08-21 08:37:13] Parsed 19100000 reads...
[2022-08-21 08:37:21] Parsed 19150000 reads...
[2022-08-21 08:37:28] Parsed 19200000 reads...
[2022-08-21 08:37:36] Parsed 19250000 reads...
[2022-08-21 08:37:43] Parsed 19300000 reads...
[2022-08-21 08:37:50] Parsed 19350000 reads...
[2022-08-21 08:37:57] Parsed 19400000 reads...
[2022-08-21 08:38:05] Parsed 19450000 reads...
[2022-08-21 08:38:12] Parsed 19500000 reads...
[2022-08-21 08:38:20] Parsed 19550000 reads...
[2022-08-21 08:38:27] Parsed 19600000 reads...
[2022-08-21 08:38:35] Parsed 19650000 reads...
[2022-08-21 08:38:42] Parsed 19700000 reads...
[2022-08-21 08:38:50] Parsed 19750000 reads...
[2022-08-21 08:38:57] Parsed 19800000 reads...
[2022-08-21 08:39:04] Parsed 19850000 reads...
[2022-08-21 08:39:12] Parsed 19900000 reads...
[2022-08-21 08:39:19] Parsed 19950000 reads...
[2022-08-21 08:39:26] Parsed 20000000 reads...
[2022-08-21 08:39:33] Parsed 20050000 reads...
[2022-08-21 08:39:41] Parsed 20100000 reads...
[2022-08-21 08:39:49] Parsed 20150000 reads...
[2022-08-21 08:39:56] Parsed 20200000 reads...
[2022-08-21 08:40:03] Parsed 20250000 reads...
[2022-08-21 08:40:11] Parsed 20300000 reads...
[2022-08-21 08:40:19] Parsed 20350000 reads...
[2022-08-21 08:40:26] Parsed 20400000 reads...
[2022-08-21 08:40:33] Parsed 20450000 reads...
[2022-08-21 08:40:40] Parsed 20500000 reads...
[2022-08-21 08:40:46] Parsed 20550000 reads...
[2022-08-21 08:40:54] Parsed 20600000 reads...
[2022-08-21 08:41:01] Parsed 20650000 reads...
[2022-08-21 08:41:09] Parsed 20700000 reads...
[2022-08-21 08:41:16] Parsed 20750000 reads...
[2022-08-21 08:41:24] Parsed 20800000 reads...
[2022-08-21 08:41:31] Parsed 20850000 reads...
[2022-08-21 08:41:39] Parsed 20900000 reads...
[2022-08-21 08:41:46] Parsed 20950000 reads...
[2022-08-21 08:41:53] Parsed 21000000 reads...
[2022-08-21 08:42:01] Parsed 21050000 reads...
[2022-08-21 08:42:08] Parsed 21100000 reads...
[2022-08-21 08:42:16] Parsed 21150000 reads...
[2022-08-21 08:42:23] Parsed 21200000 reads...
[2022-08-21 08:42:30] Parsed 21250000 reads...
[2022-08-21 08:42:37] Parsed 21300000 reads...
[2022-08-21 08:42:45] Parsed 21350000 reads...
[2022-08-21 08:42:52] Parsed 21400000 reads...
[2022-08-21 08:42:59] Parsed 21450000 reads...
[2022-08-21 08:43:06] Parsed 21500000 reads...
[2022-08-21 08:43:14] Parsed 21550000 reads...
[2022-08-21 08:43:21] Parsed 21600000 reads...
[2022-08-21 08:43:29] Parsed 21650000 reads...
[2022-08-21 08:43:36] Parsed 21700000 reads...
[2022-08-21 08:43:44] Parsed 21750000 reads...
[2022-08-21 08:43:51] Parsed 21800000 reads...
[2022-08-21 08:43:59] Parsed 21850000 reads...
[2022-08-21 08:44:06] Parsed 21900000 reads...
[2022-08-21 08:44:13] Parsed 21950000 reads...
[2022-08-21 08:44:20] Parsed 22000000 reads...
[2022-08-21 08:44:28] Parsed 22050000 reads...
[2022-08-21 08:44:35] Parsed 22100000 reads...
[2022-08-21 08:44:42] Parsed 22150000 reads...
[2022-08-21 08:44:50] Parsed 22200000 reads...
[2022-08-21 08:44:57] Parsed 22250000 reads...
[2022-08-21 08:45:04] Parsed 22300000 reads...
[2022-08-21 08:45:12] Parsed 22350000 reads...
[2022-08-21 08:45:20] Parsed 22400000 reads...
[2022-08-21 08:45:27] Parsed 22450000 reads...
[2022-08-21 08:45:34] Parsed 22500000 reads...
[2022-08-21 08:45:42] Parsed 22550000 reads...
[2022-08-21 08:45:49] Parsed 22600000 reads...
[2022-08-21 08:45:56] Parsed 22650000 reads...
[2022-08-21 08:46:03] Parsed 22700000 reads...
[2022-08-21 08:46:11] Parsed 22750000 reads...
[2022-08-21 08:46:18] Parsed 22800000 reads...
[2022-08-21 08:46:25] Parsed 22850000 reads...
[2022-08-21 08:46:33] Parsed 22900000 reads...
[2022-08-21 08:46:40] Parsed 22950000 reads...
[2022-08-21 08:46:48] Parsed 23000000 reads...
[2022-08-21 08:46:55] Parsed 23050000 reads...
[2022-08-21 08:47:02] Parsed 23100000 reads...
[2022-08-21 08:47:09] Parsed 23150000 reads...
[2022-08-21 08:47:16] Parsed 23200000 reads...
[2022-08-21 08:47:24] Parsed 23250000 reads...
[2022-08-21 08:47:32] Parsed 23300000 reads...
[2022-08-21 08:47:39] Parsed 23350000 reads...
[2022-08-21 08:47:47] Parsed 23400000 reads...
[2022-08-21 08:47:55] Parsed 23450000 reads...
[2022-08-21 08:48:02] Parsed 23500000 reads...
[2022-08-21 08:48:10] Parsed 23550000 reads...
[2022-08-21 08:48:18] Parsed 23600000 reads...
[2022-08-21 08:48:27] Parsed 23650000 reads...
[2022-08-21 08:48:35] Parsed 23700000 reads...
[2022-08-21 08:48:41] Parsed 23750000 reads...
[2022-08-21 08:48:48] Parsed 23800000 reads...
[2022-08-21 08:48:55] Parsed 23850000 reads...
[2022-08-21 08:49:03] Parsed 23900000 reads...
[2022-08-21 08:49:10] Parsed 23950000 reads...
[2022-08-21 08:49:17] Parsed 24000000 reads...
[2022-08-21 08:49:24] Parsed 24050000 reads...
[2022-08-21 08:49:30] Parsed 24100000 reads...
[2022-08-21 08:49:38] Parsed 24150000 reads...
[2022-08-21 08:49:44] Parsed 24200000 reads...
[2022-08-21 08:49:51] Parsed 24250000 reads...
[2022-08-21 08:49:59] Parsed 24300000 reads...
[2022-08-21 08:50:07] Parsed 24350000 reads...
[2022-08-21 08:50:14] Parsed 24400000 reads...
[2022-08-21 08:50:23] Parsed 24450000 reads...
[2022-08-21 08:50:31] Parsed 24500000 reads...
[2022-08-21 08:50:38] Parsed 24550000 reads...
[2022-08-21 08:50:45] Parsed 24600000 reads...
[2022-08-21 08:50:52] Parsed 24650000 reads...
[2022-08-21 08:50:59] Parsed 24700000 reads...
[2022-08-21 08:51:07] Parsed 24750000 reads...
[2022-08-21 08:51:14] Parsed 24800000 reads...
[2022-08-21 08:51:21] Parsed 24850000 reads...
[2022-08-21 08:51:28] Parsed 24900000 reads...
[2022-08-21 08:51:36] Parsed 24950000 reads...
[2022-08-21 08:51:43] Parsed 25000000 reads...
[2022-08-21 08:51:51] Parsed 25050000 reads...
[2022-08-21 08:51:58] Parsed 25100000 reads...
[2022-08-21 08:52:05] Parsed 25150000 reads...
[2022-08-21 08:52:13] Parsed 25200000 reads...
[2022-08-21 08:52:20] Parsed 25250000 reads...
[2022-08-21 08:52:27] Parsed 25300000 reads...
[2022-08-21 08:52:34] Parsed 25350000 reads...
[2022-08-21 08:52:42] Parsed 25400000 reads...
[2022-08-21 08:52:49] Parsed 25450000 reads...
[2022-08-21 08:52:57] Parsed 25500000 reads...
[2022-08-21 08:53:05] Parsed 25550000 reads...
[2022-08-21 08:53:12] Parsed 25600000 reads...
[2022-08-21 08:53:20] Parsed 25650000 reads...
[2022-08-21 08:53:28] Parsed 25700000 reads...
[2022-08-21 08:53:36] Parsed 25750000 reads...
[2022-08-21 08:53:43] Parsed 25800000 reads...
[2022-08-21 08:53:50] Parsed 25850000 reads...
[2022-08-21 08:53:57] Parsed 25900000 reads...
[2022-08-21 08:54:03] Parsed 25950000 reads...
[2022-08-21 08:54:11] Parsed 26000000 reads...
[2022-08-21 08:54:18] Parsed 26050000 reads...
[2022-08-21 08:54:25] Parsed 26100000 reads...
[2022-08-21 08:54:33] Parsed 26150000 reads...
[2022-08-21 08:54:40] Parsed 26200000 reads...
[2022-08-21 08:54:48] Parsed 26250000 reads...
[2022-08-21 08:54:55] Parsed 26300000 reads...
[2022-08-21 08:55:03] Parsed 26350000 reads...
[2022-08-21 08:55:10] Parsed 26400000 reads...
[2022-08-21 08:55:17] Parsed 26450000 reads...
[2022-08-21 08:55:24] Parsed 26500000 reads...
[2022-08-21 08:55:31] Parsed 26550000 reads...
[2022-08-21 08:55:39] Parsed 26600000 reads...
[2022-08-21 08:55:46] Parsed 26650000 reads...
[2022-08-21 08:55:53] Parsed 26700000 reads...
[2022-08-21 08:56:01] Parsed 26750000 reads...
[2022-08-21 08:56:08] Parsed 26800000 reads...
[2022-08-21 08:56:15] Parsed 26850000 reads...
[2022-08-21 08:56:22] Parsed 26900000 reads...
[2022-08-21 08:56:30] Parsed 26950000 reads...
[2022-08-21 08:56:37] Parsed 27000000 reads...
[2022-08-21 08:56:44] Parsed 27050000 reads...
[2022-08-21 08:56:52] Parsed 27100000 reads...
[2022-08-21 08:56:59] Parsed 27150000 reads...
[2022-08-21 08:57:06] Parsed 27200000 reads...
[2022-08-21 08:57:14] Parsed 27250000 reads...
[2022-08-21 08:57:21] Parsed 27300000 reads...
[2022-08-21 08:57:28] Parsed 27350000 reads...
[2022-08-21 08:57:36] Parsed 27400000 reads...
[2022-08-21 08:57:43] Parsed 27450000 reads...
[2022-08-21 08:57:51] Parsed 27500000 reads...
[2022-08-21 08:57:58] Parsed 27550000 reads...
[2022-08-21 08:58:05] Parsed 27600000 reads...
[2022-08-21 08:58:13] Parsed 27650000 reads...
[2022-08-21 08:58:20] Parsed 27700000 reads...
[2022-08-21 08:58:28] Parsed 27750000 reads...
[2022-08-21 08:58:35] Parsed 27800000 reads...
[2022-08-21 08:58:42] Parsed 27850000 reads...
[2022-08-21 08:58:50] Parsed 27900000 reads...
[2022-08-21 08:58:57] Parsed 27950000 reads...
[2022-08-21 08:59:04] Parsed 28000000 reads...
[2022-08-21 08:59:12] Parsed 28050000 reads...
[2022-08-21 08:59:19] Parsed 28100000 reads...
[2022-08-21 08:59:27] Parsed 28150000 reads...
[2022-08-21 08:59:34] Parsed 28200000 reads...
[2022-08-21 08:59:42] Parsed 28250000 reads...
[2022-08-21 08:59:49] Parsed 28300000 reads...
[2022-08-21 08:59:56] Parsed 28350000 reads...
[2022-08-21 09:00:03] Parsed 28400000 reads...
[2022-08-21 09:00:11] Parsed 28450000 reads...
[2022-08-21 09:00:18] Parsed 28500000 reads...
[2022-08-21 09:00:25] Parsed 28550000 reads...
[2022-08-21 09:00:33] Parsed 28600000 reads...
[2022-08-21 09:00:41] Parsed 28650000 reads...
[2022-08-21 09:00:48] Parsed 28700000 reads...
[2022-08-21 09:00:55] Parsed 28750000 reads...
[2022-08-21 09:01:02] Parsed 28800000 reads...
[2022-08-21 09:01:10] Parsed 28850000 reads...
[2022-08-21 09:01:17] Parsed 28900000 reads...
[2022-08-21 09:01:25] Parsed 28950000 reads...
[2022-08-21 09:01:32] Parsed 29000000 reads...
[2022-08-21 09:01:39] Parsed 29050000 reads...
[2022-08-21 09:01:47] Parsed 29100000 reads...
[2022-08-21 09:01:55] Parsed 29150000 reads...
[2022-08-21 09:02:02] Parsed 29200000 reads...
[2022-08-21 09:02:10] Parsed 29250000 reads...
[2022-08-21 09:02:17] Parsed 29300000 reads...
[2022-08-21 09:02:24] Parsed 29350000 reads...
[2022-08-21 09:02:32] Parsed 29400000 reads...
[2022-08-21 09:02:40] Parsed 29450000 reads...
[2022-08-21 09:02:48] Parsed 29500000 reads...
[2022-08-21 09:02:55] Parsed 29550000 reads...
[2022-08-21 09:03:02] Parsed 29600000 reads...
[2022-08-21 09:03:10] Parsed 29650000 reads...
[2022-08-21 09:03:17] Parsed 29700000 reads...
[2022-08-21 09:03:25] Parsed 29750000 reads...
[2022-08-21 09:03:32] Parsed 29800000 reads...
[2022-08-21 09:03:40] Parsed 29850000 reads...
[2022-08-21 09:03:47] Parsed 29900000 reads...
[2022-08-21 09:03:54] Parsed 29950000 reads...
[2022-08-21 09:04:02] Parsed 30000000 reads...
[2022-08-21 09:04:08] Parsed 30050000 reads...
[2022-08-21 09:04:15] Parsed 30100000 reads...
[2022-08-21 09:04:23] Parsed 30150000 reads...
[2022-08-21 09:04:30] Parsed 30200000 reads...
[2022-08-21 09:04:37] Parsed 30250000 reads...
[2022-08-21 09:04:45] Parsed 30300000 reads...
[2022-08-21 09:04:52] Parsed 30350000 reads...
[2022-08-21 09:04:59] Parsed 30400000 reads...
[2022-08-21 09:05:07] Parsed 30450000 reads...
[2022-08-21 09:05:15] Parsed 30500000 reads...
[2022-08-21 09:05:22] Parsed 30550000 reads...
[2022-08-21 09:05:29] Parsed 30600000 reads...
[2022-08-21 09:05:37] Parsed 30650000 reads...
[2022-08-21 09:05:45] Parsed 30700000 reads...
[2022-08-21 09:05:52] Parsed 30750000 reads...
[2022-08-21 09:05:59] Parsed 30800000 reads...
[2022-08-21 09:06:06] Parsed 30850000 reads...
[2022-08-21 09:06:13] Parsed 30900000 reads...
[2022-08-21 09:06:20] Parsed 30950000 reads...
[2022-08-21 09:06:28] Parsed 31000000 reads...
[2022-08-21 09:06:35] Parsed 31050000 reads...
[2022-08-21 09:06:43] Parsed 31100000 reads...
[2022-08-21 09:06:50] Parsed 31150000 reads...
[2022-08-21 09:06:58] Parsed 31200000 reads...
[2022-08-21 09:07:05] Parsed 31250000 reads...
[2022-08-21 09:07:12] Parsed 31300000 reads...
[2022-08-21 09:07:19] Parsed 31350000 reads...
[2022-08-21 09:07:26] Parsed 31400000 reads...
[2022-08-21 09:07:34] Parsed 31450000 reads...
[2022-08-21 09:07:41] Parsed 31500000 reads...
[2022-08-21 09:07:49] Parsed 31550000 reads...
[2022-08-21 09:07:57] Parsed 31600000 reads...
[2022-08-21 09:08:04] Parsed 31650000 reads...
[2022-08-21 09:08:11] Parsed 31700000 reads...
[2022-08-21 09:08:20] Parsed 31750000 reads...
[2022-08-21 09:08:28] Parsed 31800000 reads...
[2022-08-21 09:08:37] Parsed 31850000 reads...
[2022-08-21 09:08:44] Parsed 31900000 reads...
[2022-08-21 09:08:52] Parsed 31950000 reads...
[2022-08-21 09:08:59] Parsed 32000000 reads...
[2022-08-21 09:09:07] Parsed 32050000 reads...
[2022-08-21 09:09:14] Parsed 32100000 reads...
[2022-08-21 09:09:22] Parsed 32150000 reads...
[2022-08-21 09:09:30] Parsed 32200000 reads...
[2022-08-21 09:09:37] Parsed 32250000 reads...
[2022-08-21 09:09:44] Parsed 32300000 reads...
[2022-08-21 09:09:51] Parsed 32350000 reads...
[2022-08-21 09:09:57] Parsed 32400000 reads...
[2022-08-21 09:10:05] Parsed 32450000 reads...
[2022-08-21 09:10:12] Parsed 32500000 reads...
[2022-08-21 09:10:20] Parsed 32550000 reads...
[2022-08-21 09:10:27] Parsed 32600000 reads...
[2022-08-21 09:10:34] Parsed 32650000 reads...
[2022-08-21 09:10:41] Parsed 32700000 reads...
[2022-08-21 09:10:49] Parsed 32750000 reads...
[2022-08-21 09:10:57] Parsed 32800000 reads...
[2022-08-21 09:11:04] Parsed 32850000 reads...
[2022-08-21 09:11:12] Parsed 32900000 reads...
[2022-08-21 09:11:19] Parsed 32950000 reads...
[2022-08-21 09:11:26] Parsed 33000000 reads...
[2022-08-21 09:11:33] Parsed 33050000 reads...
[2022-08-21 09:11:41] Parsed 33100000 reads...
[2022-08-21 09:11:49] Parsed 33150000 reads...
[2022-08-21 09:11:56] Parsed 33200000 reads...
[2022-08-21 09:12:03] Parsed 33250000 reads...
[2022-08-21 09:12:10] Parsed 33300000 reads...
[2022-08-21 09:12:17] Parsed 33350000 reads...
[2022-08-21 09:12:25] Parsed 33400000 reads...
[2022-08-21 09:12:32] Parsed 33450000 reads...
[2022-08-21 09:12:39] Parsed 33500000 reads...
[2022-08-21 09:12:47] Parsed 33550000 reads...
[2022-08-21 09:12:55] Parsed 33600000 reads...
[2022-08-21 09:13:02] Parsed 33650000 reads...
[2022-08-21 09:13:09] Parsed 33700000 reads...
[2022-08-21 09:13:16] Parsed 33750000 reads...
[2022-08-21 09:13:24] Parsed 33800000 reads...
[2022-08-21 09:13:31] Parsed 33850000 reads...
[2022-08-21 09:13:39] Parsed 33900000 reads...
[2022-08-21 09:13:46] Parsed 33950000 reads...
[2022-08-21 09:13:53] Parsed 34000000 reads...
[2022-08-21 09:14:00] Parsed 34050000 reads...
[2022-08-21 09:14:07] Parsed 34100000 reads...
[2022-08-21 09:14:14] Parsed 34150000 reads...
[2022-08-21 09:14:22] Parsed 34200000 reads...
[2022-08-21 09:14:30] Parsed 34250000 reads...
[2022-08-21 09:14:38] Parsed 34300000 reads...
[2022-08-21 09:14:46] Parsed 34350000 reads...
[2022-08-21 09:14:54] Parsed 34400000 reads...
[2022-08-21 09:15:01] Parsed 34450000 reads...
[2022-08-21 09:15:08] Parsed 34500000 reads...
[2022-08-21 09:15:15] Parsed 34550000 reads...
[2022-08-21 09:15:22] Parsed 34600000 reads...
[2022-08-21 09:15:30] Parsed 34650000 reads...
[2022-08-21 09:15:37] Parsed 34700000 reads...
[2022-08-21 09:15:45] Parsed 34750000 reads...
[2022-08-21 09:15:53] Parsed 34800000 reads...
[2022-08-21 09:16:00] Parsed 34850000 reads...
[2022-08-21 09:16:08] Parsed 34900000 reads...
[2022-08-21 09:16:16] Parsed 34950000 reads...
[2022-08-21 09:16:24] Parsed 35000000 reads...
[2022-08-21 09:16:31] Parsed 35050000 reads...
[2022-08-21 09:16:38] Parsed 35100000 reads...
[2022-08-21 09:16:44] Parsed 35150000 reads...
[2022-08-21 09:16:51] Parsed 35200000 reads...
[2022-08-21 09:16:58] Parsed 35250000 reads...
[2022-08-21 09:17:05] Parsed 35300000 reads...
[2022-08-21 09:17:13] Parsed 35350000 reads...
[2022-08-21 09:17:20] Parsed 35400000 reads...
[2022-08-21 09:17:27] Parsed 35450000 reads...
[2022-08-21 09:17:35] Parsed 35500000 reads...
[2022-08-21 09:17:42] Parsed 35550000 reads...
[2022-08-21 09:17:50] Parsed 35600000 reads...
[2022-08-21 09:17:57] Parsed 35650000 reads...
[2022-08-21 09:18:05] Parsed 35700000 reads...
[2022-08-21 09:18:12] Parsed 35750000 reads...
[2022-08-21 09:18:20] Parsed 35800000 reads...
[2022-08-21 09:18:27] Parsed 35850000 reads...
[2022-08-21 09:18:35] Parsed 35900000 reads...
[2022-08-21 09:18:42] Parsed 35950000 reads...
[2022-08-21 09:18:49] Parsed 36000000 reads...
[2022-08-21 09:18:57] Parsed 36050000 reads...
[2022-08-21 09:19:04] Parsed 36100000 reads...
[2022-08-21 09:19:12] Parsed 36150000 reads...
[2022-08-21 09:19:20] Parsed 36200000 reads...
[2022-08-21 09:19:27] Parsed 36250000 reads...
[2022-08-21 09:19:35] Parsed 36300000 reads...
[2022-08-21 09:19:42] Parsed 36350000 reads...
[2022-08-21 09:19:48] Parsed 36400000 reads...
[2022-08-21 09:19:56] Parsed 36450000 reads...
[2022-08-21 09:20:03] Parsed 36500000 reads...
[2022-08-21 09:20:10] Parsed 36550000 reads...
[2022-08-21 09:20:18] Parsed 36600000 reads...
[2022-08-21 09:20:25] Parsed 36650000 reads...
[2022-08-21 09:20:33] Parsed 36700000 reads...
[2022-08-21 09:20:41] Parsed 36750000 reads...
[2022-08-21 09:20:48] Parsed 36800000 reads...
[2022-08-21 09:20:56] Parsed 36850000 reads...
[2022-08-21 09:21:03] Parsed 36900000 reads...
[2022-08-21 09:21:10] Parsed 36950000 reads...
[2022-08-21 09:21:17] Parsed 37000000 reads...
[2022-08-21 09:21:24] Parsed 37050000 reads...
[2022-08-21 09:21:32] Parsed 37100000 reads...
[2022-08-21 09:21:39] Parsed 37150000 reads...
[2022-08-21 09:21:47] Parsed 37200000 reads...
[2022-08-21 09:21:55] Parsed 37250000 reads...
[2022-08-21 09:22:02] Parsed 37300000 reads...
[2022-08-21 09:22:09] Parsed 37350000 reads...
[2022-08-21 09:22:16] Parsed 37400000 reads...
[2022-08-21 09:22:23] Parsed 37450000 reads...
[2022-08-21 09:22:31] Parsed 37500000 reads...
[2022-08-21 09:22:38] Parsed 37550000 reads...
[2022-08-21 09:22:45] Parsed 37600000 reads...
[2022-08-21 09:22:52] Parsed 37650000 reads...
[2022-08-21 09:23:00] Parsed 37700000 reads...
[2022-08-21 09:23:08] Parsed 37750000 reads...
[2022-08-21 09:23:16] Parsed 37800000 reads...
[2022-08-21 09:23:23] Parsed 37850000 reads...
[2022-08-21 09:23:30] Parsed 37900000 reads...
[2022-08-21 09:23:37] Parsed 37950000 reads...
[2022-08-21 09:23:45] Parsed 38000000 reads...
[2022-08-21 09:23:52] Parsed 38050000 reads...
[2022-08-21 09:24:00] Parsed 38100000 reads...
[2022-08-21 09:24:07] Parsed 38150000 reads...
[2022-08-21 09:24:15] Parsed 38200000 reads...
[2022-08-21 09:24:22] Parsed 38250000 reads...
[2022-08-21 09:24:29] Parsed 38300000 reads...
[2022-08-21 09:24:36] Parsed 38350000 reads...
[2022-08-21 09:24:43] Parsed 38400000 reads...
[2022-08-21 09:24:51] Parsed 38450000 reads...
[2022-08-21 09:24:58] Parsed 38500000 reads...
[2022-08-21 09:25:05] Parsed 38550000 reads...
[2022-08-21 09:25:13] Parsed 38600000 reads...
[2022-08-21 09:25:20] Parsed 38650000 reads...
[2022-08-21 09:25:27] Parsed 38700000 reads...
[2022-08-21 09:25:34] Parsed 38750000 reads...
[2022-08-21 09:25:42] Parsed 38800000 reads...
[2022-08-21 09:25:49] Parsed 38850000 reads...
[2022-08-21 09:25:57] Parsed 38900000 reads...
[2022-08-21 09:26:04] Parsed 38950000 reads...
[2022-08-21 09:26:12] Parsed 39000000 reads...
[2022-08-21 09:26:20] Parsed 39050000 reads...
[2022-08-21 09:26:27] Parsed 39100000 reads...
[2022-08-21 09:26:35] Parsed 39150000 reads...
[2022-08-21 09:26:42] Parsed 39200000 reads...
[2022-08-21 09:26:49] Parsed 39250000 reads...
[2022-08-21 09:26:57] Parsed 39300000 reads...
[2022-08-21 09:27:04] Parsed 39350000 reads...
[2022-08-21 09:27:12] Parsed 39400000 reads...
[2022-08-21 09:27:19] Parsed 39450000 reads...
[2022-08-21 09:27:27] Parsed 39500000 reads...
[2022-08-21 09:27:34] Parsed 39550000 reads...
[2022-08-21 09:27:41] Parsed 39600000 reads...
[2022-08-21 09:27:48] Parsed 39650000 reads...
[2022-08-21 09:27:55] Parsed 39700000 reads...
[2022-08-21 09:28:02] Parsed 39750000 reads...
[2022-08-21 09:28:09] Parsed 39800000 reads...
[2022-08-21 09:28:16] Parsed 39850000 reads...
[2022-08-21 09:28:24] Parsed 39900000 reads...
[2022-08-21 09:28:31] Parsed 39950000 reads...
[2022-08-21 09:28:38] Parsed 40000000 reads...
[2022-08-21 09:28:45] Parsed 40050000 reads...
[2022-08-21 09:28:52] Parsed 40100000 reads...
[2022-08-21 09:29:00] Parsed 40150000 reads...
[2022-08-21 09:29:07] Parsed 40200000 reads...
[2022-08-21 09:29:15] Parsed 40250000 reads...
[2022-08-21 09:29:22] Parsed 40300000 reads...
[2022-08-21 09:29:30] Parsed 40350000 reads...
[2022-08-21 09:29:38] Parsed 40400000 reads...
[2022-08-21 09:29:45] Parsed 40450000 reads...
[2022-08-21 09:29:53] Parsed 40500000 reads...
[2022-08-21 09:30:01] Parsed 40550000 reads...
[2022-08-21 09:30:10] Parsed 40600000 reads...
[2022-08-21 09:30:18] Parsed 40650000 reads...
[2022-08-21 09:30:25] Parsed 40700000 reads...
[2022-08-21 09:30:33] Parsed 40750000 reads...
[2022-08-21 09:30:39] Parsed 40800000 reads...
[2022-08-21 09:30:46] Parsed 40850000 reads...
[2022-08-21 09:30:54] Parsed 40900000 reads...
[2022-08-21 09:31:01] Parsed 40950000 reads...
[2022-08-21 09:31:09] Parsed 41000000 reads...
[2022-08-21 09:31:16] Parsed 41050000 reads...
[2022-08-21 09:31:23] Parsed 41100000 reads...
[2022-08-21 09:31:30] Parsed 41150000 reads...
[2022-08-21 09:31:38] Parsed 41200000 reads...
[2022-08-21 09:31:45] Parsed 41250000 reads...
[2022-08-21 09:31:52] Parsed 41300000 reads...
[2022-08-21 09:31:59] Parsed 41350000 reads...
[2022-08-21 09:32:06] Parsed 41400000 reads...
[2022-08-21 09:32:14] Parsed 41450000 reads...
[2022-08-21 09:32:21] Parsed 41500000 reads...
[2022-08-21 09:32:28] Parsed 41550000 reads...
[2022-08-21 09:32:36] Parsed 41600000 reads...
[2022-08-21 09:32:44] Parsed 41650000 reads...
[2022-08-21 09:32:51] Parsed 41700000 reads...
[2022-08-21 09:32:58] Parsed 41750000 reads...
[2022-08-21 09:33:05] Parsed 41800000 reads...
[2022-08-21 09:33:13] Parsed 41850000 reads...
[2022-08-21 09:33:21] Parsed 41900000 reads...
[2022-08-21 09:33:27] Parsed 41950000 reads...
[2022-08-21 09:33:34] Parsed 42000000 reads...
[2022-08-21 09:33:42] Parsed 42050000 reads...
[2022-08-21 09:33:49] Parsed 42100000 reads...
[2022-08-21 09:33:57] Parsed 42150000 reads...
[2022-08-21 09:34:04] Parsed 42200000 reads...
[2022-08-21 09:34:11] Parsed 42250000 reads...
[2022-08-21 09:34:19] Parsed 42300000 reads...
[2022-08-21 09:34:26] Parsed 42350000 reads...
[2022-08-21 09:34:34] Parsed 42400000 reads...
[2022-08-21 09:34:41] Parsed 42450000 reads...
[2022-08-21 09:34:48] Parsed 42500000 reads...
[2022-08-21 09:34:56] Parsed 42550000 reads...
[2022-08-21 09:35:03] Parsed 42600000 reads...
[2022-08-21 09:35:10] Parsed 42650000 reads...
[2022-08-21 09:35:18] Parsed 42700000 reads...
[2022-08-21 09:35:25] Parsed 42750000 reads...
[2022-08-21 09:35:32] Parsed 42800000 reads...
[2022-08-21 09:35:40] Parsed 42850000 reads...
[2022-08-21 09:35:47] Parsed 42900000 reads...
[2022-08-21 09:35:55] Parsed 42950000 reads...
[2022-08-21 09:36:02] Parsed 43000000 reads...
[2022-08-21 09:36:09] Parsed 43050000 reads...
[2022-08-21 09:36:16] Parsed 43100000 reads...
[2022-08-21 09:36:24] Parsed 43150000 reads...
[2022-08-21 09:36:31] Parsed 43200000 reads...
[2022-08-21 09:36:38] Parsed 43250000 reads...
[2022-08-21 09:36:46] Parsed 43300000 reads...
[2022-08-21 09:36:53] Parsed 43350000 reads...
[2022-08-21 09:37:01] Parsed 43400000 reads...
[2022-08-21 09:37:08] Parsed 43450000 reads...
[2022-08-21 09:37:15] Parsed 43500000 reads...
[2022-08-21 09:37:22] Parsed 43550000 reads...
[2022-08-21 09:37:30] Parsed 43600000 reads...
[2022-08-21 09:37:37] Parsed 43650000 reads...
[2022-08-21 09:37:44] Parsed 43700000 reads...
[2022-08-21 09:37:51] Parsed 43750000 reads...
[2022-08-21 09:37:59] Parsed 43800000 reads...
[2022-08-21 09:38:06] Parsed 43850000 reads...
[2022-08-21 09:38:14] Parsed 43900000 reads...
[2022-08-21 09:38:21] Parsed 43950000 reads...
[2022-08-21 09:38:28] Parsed 44000000 reads...
[2022-08-21 09:38:35] Parsed 44050000 reads...
[2022-08-21 09:38:43] Parsed 44100000 reads...
[2022-08-21 09:38:50] Parsed 44150000 reads...
[2022-08-21 09:38:57] Parsed 44200000 reads...
[2022-08-21 09:39:05] Parsed 44250000 reads...
[2022-08-21 09:39:12] Parsed 44300000 reads...
[2022-08-21 09:39:19] Parsed 44350000 reads...
[2022-08-21 09:39:27] Parsed 44400000 reads...
[2022-08-21 09:39:34] Parsed 44450000 reads...
[2022-08-21 09:39:42] Parsed 44500000 reads...
[2022-08-21 09:39:49] Parsed 44550000 reads...
[2022-08-21 09:39:56] Parsed 44600000 reads...
[2022-08-21 09:40:04] Parsed 44650000 reads...
[2022-08-21 09:40:11] Parsed 44700000 reads...
[2022-08-21 09:40:18] Parsed 44750000 reads...
[2022-08-21 09:40:25] Parsed 44800000 reads...
[2022-08-21 09:40:33] Parsed 44850000 reads...
[2022-08-21 09:40:41] Parsed 44900000 reads...
[2022-08-21 09:40:49] Parsed 44950000 reads...
[2022-08-21 09:40:56] Parsed 45000000 reads...
[2022-08-21 09:41:04] Parsed 45050000 reads...
[2022-08-21 09:41:12] Parsed 45100000 reads...
[2022-08-21 09:41:19] Parsed 45150000 reads...
[2022-08-21 09:41:26] Parsed 45200000 reads...
[2022-08-21 09:41:34] Parsed 45250000 reads...
[2022-08-21 09:41:40] Parsed 45300000 reads...
[2022-08-21 09:41:46] Parsed 45350000 reads...
[2022-08-21 09:41:53] Parsed 45400000 reads...
[2022-08-21 09:42:01] Parsed 45450000 reads...
[2022-08-21 09:42:08] Parsed 45500000 reads...
[2022-08-21 09:42:16] Parsed 45550000 reads...
[2022-08-21 09:42:23] Parsed 45600000 reads...
[2022-08-21 09:42:30] Parsed 45650000 reads...
[2022-08-21 09:42:38] Parsed 45700000 reads...
[2022-08-21 09:42:45] Parsed 45750000 reads...
[2022-08-21 09:42:52] Parsed 45800000 reads...
[2022-08-21 09:43:00] Parsed 45850000 reads...
[2022-08-21 09:43:07] Parsed 45900000 reads...
[2022-08-21 09:43:14] Parsed 45950000 reads...
[2022-08-21 09:43:21] Parsed 46000000 reads...
[2022-08-21 09:43:28] Parsed 46050000 reads...
[2022-08-21 09:43:36] Parsed 46100000 reads...
[2022-08-21 09:43:43] Parsed 46150000 reads...
[2022-08-21 09:43:50] Parsed 46200000 reads...
[2022-08-21 09:43:57] Parsed 46250000 reads...
[2022-08-21 09:44:05] Parsed 46300000 reads...
[2022-08-21 09:44:12] Parsed 46350000 reads...
[2022-08-21 09:44:20] Parsed 46400000 reads...
[2022-08-21 09:44:28] Parsed 46450000 reads...
[2022-08-21 09:44:35] Parsed 46500000 reads...
[2022-08-21 09:44:43] Parsed 46550000 reads...
[2022-08-21 09:44:50] Parsed 46600000 reads...
[2022-08-21 09:44:58] Parsed 46650000 reads...
[2022-08-21 09:45:05] Parsed 46700000 reads...
[2022-08-21 09:45:12] Parsed 46750000 reads...
[2022-08-21 09:45:20] Parsed 46800000 reads...
[2022-08-21 09:45:28] Parsed 46850000 reads...
[2022-08-21 09:45:35] Parsed 46900000 reads...
[2022-08-21 09:45:42] Parsed 46950000 reads...
[2022-08-21 09:45:48] Parsed 47000000 reads...
[2022-08-21 09:45:55] Parsed 47050000 reads...
[2022-08-21 09:46:02] Parsed 47100000 reads...
[2022-08-21 09:46:09] Parsed 47150000 reads...
[2022-08-21 09:46:16] Parsed 47200000 reads...
[2022-08-21 09:46:23] Parsed 47250000 reads...
[2022-08-21 09:46:31] Parsed 47300000 reads...
[2022-08-21 09:46:38] Parsed 47350000 reads...
[2022-08-21 09:46:45] Parsed 47400000 reads...
[2022-08-21 09:46:51] Parsed 47450000 reads...
[2022-08-21 09:46:58] Parsed 47500000 reads...
[2022-08-21 09:47:06] Parsed 47550000 reads...
[2022-08-21 09:47:13] Parsed 47600000 reads...
[2022-08-21 09:47:20] Parsed 47650000 reads...
[2022-08-21 09:47:27] Parsed 47700000 reads...
[2022-08-21 09:47:35] Parsed 47750000 reads...
[2022-08-21 09:47:42] Parsed 47800000 reads...
[2022-08-21 09:47:50] Parsed 47850000 reads...
[2022-08-21 09:47:58] Parsed 47900000 reads...
[2022-08-21 09:48:05] Parsed 47950000 reads...
[2022-08-21 09:48:13] Parsed 48000000 reads...
[2022-08-21 09:48:21] Parsed 48050000 reads...
[2022-08-21 09:48:30] Parsed 48100000 reads...
[2022-08-21 09:48:38] Parsed 48150000 reads...
[2022-08-21 09:48:45] Parsed 48200000 reads...
[2022-08-21 09:48:52] Parsed 48250000 reads...
[2022-08-21 09:48:59] Parsed 48300000 reads...
[2022-08-21 09:49:07] Parsed 48350000 reads...
[2022-08-21 09:49:13] Parsed 48400000 reads...
[2022-08-21 09:49:19] Parsed 48450000 reads...
[2022-08-21 09:49:27] Parsed 48500000 reads...
[2022-08-21 09:49:34] Parsed 48550000 reads...
[2022-08-21 09:49:41] Parsed 48600000 reads...
[2022-08-21 09:49:48] Parsed 48650000 reads...
[2022-08-21 09:49:56] Parsed 48700000 reads...
[2022-08-21 09:50:03] Parsed 48750000 reads...
[2022-08-21 09:50:11] Parsed 48800000 reads...
[2022-08-21 09:50:18] Parsed 48850000 reads...
[2022-08-21 09:50:26] Parsed 48900000 reads...
[2022-08-21 09:50:33] Parsed 48950000 reads...
[2022-08-21 09:50:40] Parsed 49000000 reads...
[2022-08-21 09:50:48] Parsed 49050000 reads...
[2022-08-21 09:50:55] Parsed 49100000 reads...
[2022-08-21 09:51:03] Parsed 49150000 reads...
[2022-08-21 09:51:10] Parsed 49200000 reads...
[2022-08-21 09:51:17] Parsed 49250000 reads...
[2022-08-21 09:51:24] Parsed 49300000 reads...
[2022-08-21 09:51:31] Parsed 49350000 reads...
[2022-08-21 09:51:38] Parsed 49400000 reads...
[2022-08-21 09:51:45] Parsed 49450000 reads...
[2022-08-21 09:51:52] Parsed 49500000 reads...
[2022-08-21 09:52:00] Parsed 49550000 reads...
[2022-08-21 09:52:07] Parsed 49600000 reads...
[2022-08-21 09:52:14] Parsed 49650000 reads...
[2022-08-21 09:52:22] Parsed 49700000 reads...
[2022-08-21 09:52:29] Parsed 49750000 reads...
[2022-08-21 09:52:37] Parsed 49800000 reads...
[2022-08-21 09:52:44] Parsed 49850000 reads...
[2022-08-21 09:52:51] Parsed 49900000 reads...
[2022-08-21 09:52:59] Parsed 49950000 reads...
[2022-08-21 09:53:06] Parsed 50000000 reads...
[2022-08-21 09:53:14] Parsed 50050000 reads...
[2022-08-21 09:53:22] Parsed 50100000 reads...
[2022-08-21 09:53:29] Parsed 50150000 reads...
[2022-08-21 09:53:36] Parsed 50200000 reads...
[2022-08-21 09:53:43] Parsed 50250000 reads...
[2022-08-21 09:53:50] Parsed 50300000 reads...
[2022-08-21 09:53:58] Parsed 50350000 reads...
[2022-08-21 09:54:05] Parsed 50400000 reads...
[2022-08-21 09:54:13] Parsed 50450000 reads...
[2022-08-21 09:54:20] Parsed 50500000 reads...
[2022-08-21 09:54:26] Parsed 50550000 reads...
[2022-08-21 09:54:34] Parsed 50600000 reads...
[2022-08-21 09:54:41] Parsed 50650000 reads...
[2022-08-21 09:54:49] Parsed 50700000 reads...
[2022-08-21 09:54:56] Parsed 50750000 reads...
[2022-08-21 09:55:03] Parsed 50800000 reads...
[2022-08-21 09:55:09] Parsed 50850000 reads...
[2022-08-21 09:55:16] Parsed 50900000 reads...
[2022-08-21 09:55:23] Parsed 50950000 reads...
[2022-08-21 09:55:30] Parsed 51000000 reads...
[2022-08-21 09:55:38] Parsed 51050000 reads...
[2022-08-21 09:55:45] Parsed 51100000 reads...
[2022-08-21 09:55:52] Parsed 51150000 reads...
[2022-08-21 09:56:00] Parsed 51200000 reads...
[2022-08-21 09:56:07] Parsed 51250000 reads...
[2022-08-21 09:56:15] Parsed 51300000 reads...
[2022-08-21 09:56:22] Parsed 51350000 reads...
[2022-08-21 09:56:29] Parsed 51400000 reads...
[2022-08-21 09:56:36] Parsed 51450000 reads...
[2022-08-21 09:56:44] Parsed 51500000 reads...
[2022-08-21 09:56:52] Parsed 51550000 reads...
[2022-08-21 09:56:59] Parsed 51600000 reads...
[2022-08-21 09:57:06] Parsed 51650000 reads...
[2022-08-21 09:57:12] Parsed 51700000 reads...
[2022-08-21 09:57:19] Parsed 51750000 reads...
[2022-08-21 09:57:27] Parsed 51800000 reads...
[2022-08-21 09:57:34] Parsed 51850000 reads...
[2022-08-21 09:57:41] Parsed 51900000 reads...
[2022-08-21 09:57:49] Parsed 51950000 reads...
[2022-08-21 09:57:56] Parsed 52000000 reads...
[2022-08-21 09:58:03] Parsed 52050000 reads...
[2022-08-21 09:58:11] Parsed 52100000 reads...
[2022-08-21 09:58:19] Parsed 52150000 reads...
[2022-08-21 09:58:26] Parsed 52200000 reads...
[2022-08-21 09:58:34] Parsed 52250000 reads...
[2022-08-21 09:58:41] Parsed 52300000 reads...
[2022-08-21 09:58:49] Parsed 52350000 reads...
[2022-08-21 09:58:55] Parsed 52400000 reads...
[2022-08-21 09:59:02] Parsed 52450000 reads...
[2022-08-21 09:59:10] Parsed 52500000 reads...
[2022-08-21 09:59:17] Parsed 52550000 reads...
[2022-08-21 09:59:24] Parsed 52600000 reads...
[2022-08-21 09:59:32] Parsed 52650000 reads...
[2022-08-21 09:59:39] Parsed 52700000 reads...
[2022-08-21 09:59:46] Parsed 52750000 reads...
[2022-08-21 09:59:54] Parsed 52800000 reads...
[2022-08-21 10:00:01] Parsed 52850000 reads...
[2022-08-21 10:00:08] Parsed 52900000 reads...
[2022-08-21 10:00:16] Parsed 52950000 reads...
[2022-08-21 10:00:23] Parsed 53000000 reads...
[2022-08-21 10:00:30] Parsed 53050000 reads...
[2022-08-21 10:00:37] Parsed 53100000 reads...
[2022-08-21 10:00:45] Parsed 53150000 reads...
[2022-08-21 10:00:52] Parsed 53200000 reads...
[2022-08-21 10:01:00] Parsed 53250000 reads...
[2022-08-21 10:01:08] Parsed 53300000 reads...
[2022-08-21 10:01:15] Parsed 53350000 reads...
[2022-08-21 10:01:22] Parsed 53400000 reads...
[2022-08-21 10:01:29] Parsed 53450000 reads...
[2022-08-21 10:01:36] Parsed 53500000 reads...
[2022-08-21 10:01:44] Parsed 53550000 reads...
[2022-08-21 10:01:51] Parsed 53600000 reads...
[2022-08-21 10:01:59] Parsed 53650000 reads...
[2022-08-21 10:02:07] Parsed 53700000 reads...
[2022-08-21 10:02:14] Parsed 53750000 reads...
[2022-08-21 10:02:22] Parsed 53800000 reads...
[2022-08-21 10:02:30] Parsed 53850000 reads...
[2022-08-21 10:02:37] Parsed 53900000 reads...
[2022-08-21 10:02:43] Parsed 53950000 reads...
[2022-08-21 10:02:50] Parsed 54000000 reads...
[2022-08-21 10:02:58] Parsed 54050000 reads...
[2022-08-21 10:03:05] Parsed 54100000 reads...
[2022-08-21 10:03:12] Parsed 54150000 reads...
[2022-08-21 10:03:20] Parsed 54200000 reads...
[2022-08-21 10:03:27] Parsed 54250000 reads...
[2022-08-21 10:03:34] Parsed 54300000 reads...
[2022-08-21 10:03:42] Parsed 54350000 reads...
[2022-08-21 10:03:49] Parsed 54400000 reads...
[2022-08-21 10:03:56] Parsed 54450000 reads...
[2022-08-21 10:04:03] Parsed 54500000 reads...
[2022-08-21 10:04:11] Parsed 54550000 reads...
[2022-08-21 10:04:18] Parsed 54600000 reads...
[2022-08-21 10:04:25] Parsed 54650000 reads...
[2022-08-21 10:04:33] Parsed 54700000 reads...
[2022-08-21 10:04:40] Parsed 54750000 reads...
[2022-08-21 10:04:48] Parsed 54800000 reads...
[2022-08-21 10:04:55] Parsed 54850000 reads...
[2022-08-21 10:05:02] Parsed 54900000 reads...
[2022-08-21 10:05:09] Parsed 54950000 reads...
[2022-08-21 10:05:15] Parsed 55000000 reads...
[2022-08-21 10:05:23] Parsed 55050000 reads...
[2022-08-21 10:05:30] Parsed 55100000 reads...
[2022-08-21 10:05:37] Parsed 55150000 reads...
[2022-08-21 10:05:45] Parsed 55200000 reads...
[2022-08-21 10:05:52] Parsed 55250000 reads...
[2022-08-21 10:05:59] Parsed 55300000 reads...
[2022-08-21 10:06:07] Parsed 55350000 reads...
[2022-08-21 10:06:14] Parsed 55400000 reads...
[2022-08-21 10:06:22] Parsed 55450000 reads...
[2022-08-21 10:06:29] Parsed 55500000 reads...
[2022-08-21 10:06:36] Parsed 55550000 reads...
[2022-08-21 10:06:44] Parsed 55600000 reads...
[2022-08-21 10:06:51] Parsed 55650000 reads...
[2022-08-21 10:06:58] Parsed 55700000 reads...
[2022-08-21 10:07:06] Parsed 55750000 reads...
[2022-08-21 10:07:13] Parsed 55800000 reads...
[2022-08-21 10:07:20] Parsed 55850000 reads...
[2022-08-21 10:07:28] Parsed 55900000 reads...
[2022-08-21 10:07:35] Parsed 55950000 reads...
[2022-08-21 10:07:42] Parsed 56000000 reads...
[2022-08-21 10:07:50] Parsed 56050000 reads...
[2022-08-21 10:07:57] Parsed 56100000 reads...
[2022-08-21 10:08:04] Parsed 56150000 reads...
[2022-08-21 10:08:12] Parsed 56200000 reads...
[2022-08-21 10:08:21] Parsed 56250000 reads...
[2022-08-21 10:08:29] Parsed 56300000 reads...
[2022-08-21 10:08:37] Parsed 56350000 reads...
[2022-08-21 10:08:45] Parsed 56400000 reads...
[2022-08-21 10:08:51] Parsed 56450000 reads...
[2022-08-21 10:08:57] Parsed 56500000 reads...
[2022-08-21 10:09:03] Parsed 56550000 reads...
[2022-08-21 10:09:11] Parsed 56600000 reads...
[2022-08-21 10:09:18] Parsed 56650000 reads...
[2022-08-21 10:09:25] Parsed 56700000 reads...
[2022-08-21 10:09:32] Parsed 56750000 reads...
[2022-08-21 10:09:39] Parsed 56800000 reads...
[2022-08-21 10:09:47] Parsed 56850000 reads...
[2022-08-21 10:09:54] Parsed 56900000 reads...
[2022-08-21 10:10:02] Parsed 56950000 reads...
[2022-08-21 10:10:09] Parsed 57000000 reads...
[2022-08-21 10:10:16] Parsed 57050000 reads...
[2022-08-21 10:10:22] Parsed 57100000 reads...
[2022-08-21 10:10:30] Parsed 57150000 reads...
[2022-08-21 10:10:37] Parsed 57200000 reads...
[2022-08-21 10:10:45] Parsed 57250000 reads...
[2022-08-21 10:10:52] Parsed 57300000 reads...
[2022-08-21 10:10:59] Parsed 57350000 reads...
[2022-08-21 10:11:06] Parsed 57400000 reads...
[2022-08-21 10:11:13] Parsed 57450000 reads...
[2022-08-21 10:11:21] Parsed 57500000 reads...
[2022-08-21 10:11:28] Parsed 57550000 reads...
[2022-08-21 10:11:36] Parsed 57600000 reads...
[2022-08-21 10:11:43] Parsed 57650000 reads...
[2022-08-21 10:11:50] Parsed 57700000 reads...
[2022-08-21 10:11:57] Parsed 57750000 reads...
[2022-08-21 10:12:04] Parsed 57800000 reads...
[2022-08-21 10:12:11] Parsed 57850000 reads...
[2022-08-21 10:12:19] Parsed 57900000 reads...
[2022-08-21 10:12:26] Parsed 57950000 reads...
[2022-08-21 10:12:33] Parsed 58000000 reads...
[2022-08-21 10:12:41] Parsed 58050000 reads...
[2022-08-21 10:12:48] Parsed 58100000 reads...
[2022-08-21 10:12:55] Parsed 58150000 reads...
[2022-08-21 10:13:02] Parsed 58200000 reads...
[2022-08-21 10:13:10] Parsed 58250000 reads...
[2022-08-21 10:13:17] Parsed 58300000 reads...
[2022-08-21 10:13:24] Parsed 58350000 reads...
[2022-08-21 10:13:32] Parsed 58400000 reads...
[2022-08-21 10:13:39] Parsed 58450000 reads...
[2022-08-21 10:13:46] Parsed 58500000 reads...
[2022-08-21 10:13:53] Parsed 58550000 reads...
[2022-08-21 10:14:00] Parsed 58600000 reads...
[2022-08-21 10:14:08] Parsed 58650000 reads...
[2022-08-21 10:14:15] Parsed 58700000 reads...
[2022-08-21 10:14:23] Parsed 58750000 reads...
[2022-08-21 10:14:30] Parsed 58800000 reads...
[2022-08-21 10:14:37] Parsed 58850000 reads...
[2022-08-21 10:14:45] Parsed 58900000 reads...
[2022-08-21 10:14:52] Parsed 58950000 reads...
[2022-08-21 10:14:59] Parsed 59000000 reads...
[2022-08-21 10:15:07] Parsed 59050000 reads...
[2022-08-21 10:15:14] Parsed 59100000 reads...
[2022-08-21 10:15:21] Parsed 59150000 reads...
[2022-08-21 10:15:28] Parsed 59200000 reads...
[2022-08-21 10:15:36] Parsed 59250000 reads...
[2022-08-21 10:15:44] Parsed 59300000 reads...
[2022-08-21 10:15:51] Parsed 59350000 reads...
[2022-08-21 10:15:59] Parsed 59400000 reads...
[2022-08-21 10:16:06] Parsed 59450000 reads...
[2022-08-21 10:16:13] Parsed 59500000 reads...
[2022-08-21 10:16:20] Parsed 59550000 reads...
[2022-08-21 10:16:27] Parsed 59600000 reads...
[2022-08-21 10:16:34] Parsed 59650000 reads...
[2022-08-21 10:16:42] Parsed 59700000 reads...
[2022-08-21 10:16:49] Parsed 59750000 reads...
[2022-08-21 10:16:55] Parsed 59800000 reads...
[2022-08-21 10:17:02] Parsed 59850000 reads...
[2022-08-21 10:17:08] Parsed 59900000 reads...
[2022-08-21 10:17:14] Parsed 59950000 reads...
[2022-08-21 10:17:21] Parsed 60000000 reads...
[2022-08-21 10:17:29] Parsed 60050000 reads...
[2022-08-21 10:17:36] Parsed 60100000 reads...
[2022-08-21 10:17:43] Parsed 60150000 reads...
[2022-08-21 10:17:50] Parsed 60200000 reads...
[2022-08-21 10:17:58] Parsed 60250000 reads...
[2022-08-21 10:18:05] Parsed 60300000 reads...
[2022-08-21 10:18:13] Parsed 60350000 reads...
[2022-08-21 10:18:20] Parsed 60400000 reads...
[2022-08-21 10:18:27] Parsed 60450000 reads...
[2022-08-21 10:18:35] Parsed 60500000 reads...
[2022-08-21 10:18:42] Parsed 60550000 reads...
[2022-08-21 10:18:49] Parsed 60600000 reads...
[2022-08-21 10:18:57] Parsed 60650000 reads...
[2022-08-21 10:19:04] Parsed 60700000 reads...
[2022-08-21 10:19:12] Parsed 60750000 reads...
[2022-08-21 10:19:19] Parsed 60800000 reads...
[2022-08-21 10:19:27] Parsed 60850000 reads...
[2022-08-21 10:19:34] Parsed 60900000 reads...
[2022-08-21 10:19:41] Parsed 60950000 reads...
[2022-08-21 10:19:49] Parsed 61000000 reads...
[2022-08-21 10:19:56] Parsed 61050000 reads...
[2022-08-21 10:20:03] Parsed 61100000 reads...
[2022-08-21 10:20:11] Parsed 61150000 reads...
[2022-08-21 10:20:19] Parsed 61200000 reads...
[2022-08-21 10:20:26] Parsed 61250000 reads...
[2022-08-21 10:20:34] Parsed 61300000 reads...
[2022-08-21 10:20:41] Parsed 61350000 reads...
[2022-08-21 10:20:48] Parsed 61400000 reads...
[2022-08-21 10:20:55] Parsed 61450000 reads...
[2022-08-21 10:21:03] Parsed 61500000 reads...
[2022-08-21 10:21:10] Parsed 61550000 reads...
[2022-08-21 10:21:17] Parsed 61600000 reads...
[2022-08-21 10:21:24] Parsed 61650000 reads...
[2022-08-21 10:21:32] Parsed 61700000 reads...
[2022-08-21 10:21:39] Parsed 61750000 reads...
[2022-08-21 10:21:47] Parsed 61800000 reads...
[2022-08-21 10:21:54] Parsed 61850000 reads...
[2022-08-21 10:22:01] Parsed 61900000 reads...
[2022-08-21 10:22:09] Parsed 61950000 reads...
[2022-08-21 10:22:16] Parsed 62000000 reads...
[2022-08-21 10:22:23] Parsed 62050000 reads...
[2022-08-21 10:22:30] Parsed 62100000 reads...
[2022-08-21 10:22:38] Parsed 62150000 reads...
[2022-08-21 10:22:45] Parsed 62200000 reads...
[2022-08-21 10:22:53] Parsed 62250000 reads...
[2022-08-21 10:23:00] Parsed 62300000 reads...
[2022-08-21 10:23:08] Parsed 62350000 reads...
[2022-08-21 10:23:16] Parsed 62400000 reads...
[2022-08-21 10:23:23] Parsed 62450000 reads...
[2022-08-21 10:23:31] Parsed 62500000 reads...
[2022-08-21 10:23:37] Parsed 62550000 reads...
[2022-08-21 10:23:44] Parsed 62600000 reads...
[2022-08-21 10:23:51] Parsed 62650000 reads...
[2022-08-21 10:23:59] Parsed 62700000 reads...
[2022-08-21 10:24:06] Parsed 62750000 reads...
[2022-08-21 10:24:14] Parsed 62800000 reads...
[2022-08-21 10:24:21] Parsed 62850000 reads...
[2022-08-21 10:24:29] Parsed 62900000 reads...
[2022-08-21 10:24:37] Parsed 62950000 reads...
[2022-08-21 10:24:44] Parsed 63000000 reads...
[2022-08-21 10:24:50] Parsed 63050000 reads...
[2022-08-21 10:24:57] Parsed 63100000 reads...
[2022-08-21 10:25:05] Parsed 63150000 reads...
[2022-08-21 10:25:12] Parsed 63200000 reads...
[2022-08-21 10:25:19] Parsed 63250000 reads...
[2022-08-21 10:25:26] Parsed 63300000 reads...
[2022-08-21 10:25:34] Parsed 63350000 reads...
[2022-08-21 10:25:41] Parsed 63400000 reads...
[2022-08-21 10:25:48] Parsed 63450000 reads...
[2022-08-21 10:25:56] Parsed 63500000 reads...
[2022-08-21 10:26:03] Parsed 63550000 reads...
[2022-08-21 10:26:10] Parsed 63600000 reads...
[2022-08-21 10:26:18] Parsed 63650000 reads...
[2022-08-21 10:26:25] Parsed 63700000 reads...
[2022-08-21 10:26:32] Parsed 63750000 reads...
[2022-08-21 10:26:39] Parsed 63800000 reads...
[2022-08-21 10:26:47] Parsed 63850000 reads...
[2022-08-21 10:26:54] Parsed 63900000 reads...
[2022-08-21 10:27:02] Parsed 63950000 reads...
[2022-08-21 10:27:09] Parsed 64000000 reads...
[2022-08-21 10:27:16] Parsed 64050000 reads...
[2022-08-21 10:27:24] Parsed 64100000 reads...
[2022-08-21 10:27:32] Parsed 64150000 reads...
[2022-08-21 10:27:39] Parsed 64200000 reads...
[2022-08-21 10:27:46] Parsed 64250000 reads...
[2022-08-21 10:27:53] Parsed 64300000 reads...
[2022-08-21 10:28:00] Parsed 64350000 reads...
[2022-08-21 10:28:08] Parsed 64400000 reads...
[2022-08-21 10:28:16] Parsed 64450000 reads...
[2022-08-21 10:28:24] Parsed 64500000 reads...
[2022-08-21 10:28:32] Parsed 64550000 reads...
[2022-08-21 10:28:40] Parsed 64600000 reads...
[2022-08-21 10:28:47] Parsed 64650000 reads...
[2022-08-21 10:28:54] Parsed 64700000 reads...
[2022-08-21 10:29:02] Parsed 64750000 reads...
[2022-08-21 10:29:09] Parsed 64800000 reads...
[2022-08-21 10:29:16] Parsed 64850000 reads...
[2022-08-21 10:29:24] Parsed 64900000 reads...
[2022-08-21 10:29:31] Parsed 64950000 reads...
[2022-08-21 10:29:39] Parsed 65000000 reads...
[2022-08-21 10:29:47] Parsed 65050000 reads...
[2022-08-21 10:29:55] Parsed 65100000 reads...
[2022-08-21 10:30:02] Parsed 65150000 reads...
[2022-08-21 10:30:09] Parsed 65200000 reads...
[2022-08-21 10:30:16] Parsed 65250000 reads...
[2022-08-21 10:30:23] Parsed 65300000 reads...
[2022-08-21 10:30:30] Parsed 65350000 reads...
[2022-08-21 10:30:37] Parsed 65400000 reads...
[2022-08-21 10:30:44] Parsed 65450000 reads...
[2022-08-21 10:30:52] Parsed 65500000 reads...
[2022-08-21 10:31:00] Parsed 65550000 reads...
[2022-08-21 10:31:07] Parsed 65600000 reads...
[2022-08-21 10:31:15] Parsed 65650000 reads...
[2022-08-21 10:31:23] Parsed 65700000 reads...
[2022-08-21 10:31:31] Parsed 65750000 reads...
[2022-08-21 10:31:38] Parsed 65800000 reads...
[2022-08-21 10:31:45] Parsed 65850000 reads...
[2022-08-21 10:31:52] Parsed 65900000 reads...
[2022-08-21 10:32:00] Parsed 65950000 reads...
[2022-08-21 10:32:07] Parsed 66000000 reads...
[2022-08-21 10:32:14] Parsed 66050000 reads...
[2022-08-21 10:32:21] Parsed 66100000 reads...
[2022-08-21 10:32:27] Parsed 66150000 reads...
[2022-08-21 10:32:34] Parsed 66200000 reads...
[2022-08-21 10:32:41] Parsed 66250000 reads...
[2022-08-21 10:32:49] Parsed 66300000 reads...
[2022-08-21 10:32:56] Parsed 66350000 reads...
[2022-08-21 10:33:04] Parsed 66400000 reads...
[2022-08-21 10:33:12] Parsed 66450000 reads...
[2022-08-21 10:33:19] Parsed 66500000 reads...
[2022-08-21 10:33:27] Parsed 66550000 reads...
[2022-08-21 10:33:34] Parsed 66600000 reads...
[2022-08-21 10:33:42] Parsed 66650000 reads...
[2022-08-21 10:33:49] Parsed 66700000 reads...
[2022-08-21 10:33:56] Parsed 66750000 reads...
[2022-08-21 10:34:04] Parsed 66800000 reads...
[2022-08-21 10:34:11] Parsed 66850000 reads...
[2022-08-21 10:34:18] Parsed 66900000 reads...
[2022-08-21 10:34:25] Parsed 66950000 reads...
[2022-08-21 10:34:32] Parsed 67000000 reads...
[2022-08-21 10:34:40] Parsed 67050000 reads...
[2022-08-21 10:34:48] Parsed 67100000 reads...
[2022-08-21 10:34:55] Parsed 67150000 reads...
[2022-08-21 10:35:02] Parsed 67200000 reads...
[2022-08-21 10:35:09] Parsed 67250000 reads...
[2022-08-21 10:35:16] Parsed 67300000 reads...
[2022-08-21 10:35:24] Parsed 67350000 reads...
[2022-08-21 10:35:31] Parsed 67400000 reads...
[2022-08-21 10:35:39] Parsed 67450000 reads...
[2022-08-21 10:35:46] Parsed 67500000 reads...
[2022-08-21 10:35:54] Parsed 67550000 reads...
[2022-08-21 10:36:02] Parsed 67600000 reads...
[2022-08-21 10:36:09] Parsed 67650000 reads...
[2022-08-21 10:36:16] Parsed 67700000 reads...
[2022-08-21 10:36:23] Parsed 67750000 reads...
[2022-08-21 10:36:30] Parsed 67800000 reads...
[2022-08-21 10:36:37] Parsed 67850000 reads...
[2022-08-21 10:36:44] Parsed 67900000 reads...
[2022-08-21 10:36:51] Parsed 67950000 reads...
[2022-08-21 10:36:59] Parsed 68000000 reads...
[2022-08-21 10:37:06] Parsed 68050000 reads...
[2022-08-21 10:37:14] Parsed 68100000 reads...
[2022-08-21 10:37:21] Parsed 68150000 reads...
[2022-08-21 10:37:28] Parsed 68200000 reads...
[2022-08-21 10:37:36] Parsed 68250000 reads...
[2022-08-21 10:37:43] Parsed 68300000 reads...
[2022-08-21 10:37:50] Parsed 68350000 reads...
[2022-08-21 10:37:57] Parsed 68400000 reads...
[2022-08-21 10:38:05] Parsed 68450000 reads...
[2022-08-21 10:38:12] Parsed 68500000 reads...
[2022-08-21 10:38:20] Parsed 68550000 reads...
[2022-08-21 10:38:27] Parsed 68600000 reads...
[2022-08-21 10:38:35] Parsed 68650000 reads...
[2022-08-21 10:38:42] Parsed 68700000 reads...
[2022-08-21 10:38:49] Parsed 68750000 reads...
[2022-08-21 10:38:56] Parsed 68800000 reads...
[2022-08-21 10:39:04] Parsed 68850000 reads...
[2022-08-21 10:39:11] Parsed 68900000 reads...
[2022-08-21 10:39:18] Parsed 68950000 reads...
[2022-08-21 10:39:25] Parsed 69000000 reads...
[2022-08-21 10:39:33] Parsed 69050000 reads...
[2022-08-21 10:39:40] Parsed 69100000 reads...
[2022-08-21 10:39:48] Parsed 69150000 reads...
[2022-08-21 10:39:55] Parsed 69200000 reads...
[2022-08-21 10:40:03] Parsed 69250000 reads...
[2022-08-21 10:40:10] Parsed 69300000 reads...
[2022-08-21 10:40:17] Parsed 69350000 reads...
[2022-08-21 10:40:25] Parsed 69400000 reads...
[2022-08-21 10:40:32] Parsed 69450000 reads...
[2022-08-21 10:40:40] Parsed 69500000 reads...
[2022-08-21 10:40:47] Parsed 69550000 reads...
[2022-08-21 10:40:54] Parsed 69600000 reads...
[2022-08-21 10:41:01] Parsed 69650000 reads...
[2022-08-21 10:41:08] Parsed 69700000 reads...
[2022-08-21 10:41:16] Parsed 69750000 reads...
[2022-08-21 10:41:23] Parsed 69800000 reads...
[2022-08-21 10:41:30] Parsed 69850000 reads...
[2022-08-21 10:41:37] Parsed 69900000 reads...
[2022-08-21 10:41:45] Parsed 69950000 reads...
[2022-08-21 10:41:53] Parsed 70000000 reads...
[2022-08-21 10:42:00] Parsed 70050000 reads...
[2022-08-21 10:42:07] Parsed 70100000 reads...
[2022-08-21 10:42:14] Parsed 70150000 reads...
[2022-08-21 10:42:22] Parsed 70200000 reads...
[2022-08-21 10:42:29] Parsed 70250000 reads...
[2022-08-21 10:42:36] Parsed 70300000 reads...
[2022-08-21 10:42:44] Parsed 70350000 reads...
[2022-08-21 10:42:51] Parsed 70400000 reads...
[2022-08-21 10:42:59] Parsed 70450000 reads...
[2022-08-21 10:43:06] Parsed 70500000 reads...
[2022-08-21 10:43:14] Parsed 70550000 reads...
[2022-08-21 10:43:21] Parsed 70600000 reads...
[2022-08-21 10:43:28] Parsed 70650000 reads...
[2022-08-21 10:43:36] Parsed 70700000 reads...
[2022-08-21 10:43:43] Parsed 70750000 reads...
[2022-08-21 10:43:50] Parsed 70800000 reads...
[2022-08-21 10:43:58] Parsed 70850000 reads...
[2022-08-21 10:44:05] Parsed 70900000 reads...
[2022-08-21 10:44:13] Parsed 70950000 reads...
[2022-08-21 10:44:21] Parsed 71000000 reads...
[2022-08-21 10:44:28] Parsed 71050000 reads...
[2022-08-21 10:44:35] Parsed 71100000 reads...
[2022-08-21 10:44:42] Parsed 71150000 reads...
[2022-08-21 10:44:50] Parsed 71200000 reads...
[2022-08-21 10:44:57] Parsed 71250000 reads...
[2022-08-21 10:45:05] Parsed 71300000 reads...
[2022-08-21 10:45:12] Parsed 71350000 reads...
[2022-08-21 10:45:20] Parsed 71400000 reads...
[2022-08-21 10:45:27] Parsed 71450000 reads...
[2022-08-21 10:45:35] Parsed 71500000 reads...
[2022-08-21 10:45:42] Parsed 71550000 reads...
[2022-08-21 10:45:50] Parsed 71600000 reads...
[2022-08-21 10:45:58] Parsed 71650000 reads...
[2022-08-21 10:46:05] Parsed 71700000 reads...
[2022-08-21 10:46:13] Parsed 71750000 reads...
[2022-08-21 10:46:21] Parsed 71800000 reads...
[2022-08-21 10:46:28] Parsed 71850000 reads...
[2022-08-21 10:46:35] Parsed 71900000 reads...
[2022-08-21 10:46:42] Parsed 71950000 reads...
[2022-08-21 10:46:49] Parsed 72000000 reads...
[2022-08-21 10:46:57] Parsed 72050000 reads...
[2022-08-21 10:47:04] Parsed 72100000 reads...
[2022-08-21 10:47:12] Parsed 72150000 reads...
[2022-08-21 10:47:20] Parsed 72200000 reads...
[2022-08-21 10:47:27] Parsed 72250000 reads...
[2022-08-21 10:47:33] Parsed 72300000 reads...
[2022-08-21 10:47:40] Parsed 72350000 reads...
[2022-08-21 10:47:48] Parsed 72400000 reads...
[2022-08-21 10:47:55] Parsed 72450000 reads...
[2022-08-21 10:48:03] Parsed 72500000 reads...
[2022-08-21 10:48:11] Parsed 72550000 reads...
[2022-08-21 10:48:19] Parsed 72600000 reads...
[2022-08-21 10:48:28] Parsed 72650000 reads...
[2022-08-21 10:48:36] Parsed 72700000 reads...
[2022-08-21 10:48:43] Parsed 72750000 reads...
[2022-08-21 10:48:50] Parsed 72800000 reads...
[2022-08-21 10:48:58] Parsed 72850000 reads...
[2022-08-21 10:49:05] Parsed 72900000 reads...
[2022-08-21 10:49:12] Parsed 72950000 reads...
[2022-08-21 10:49:19] Parsed 73000000 reads...
[2022-08-21 10:49:27] Parsed 73050000 reads...
[2022-08-21 10:49:34] Parsed 73100000 reads...
[2022-08-21 10:49:42] Parsed 73150000 reads...
[2022-08-21 10:49:49] Parsed 73200000 reads...
[2022-08-21 10:49:57] Parsed 73250000 reads...
[2022-08-21 10:50:05] Parsed 73300000 reads...
[2022-08-21 10:50:12] Parsed 73350000 reads...
[2022-08-21 10:50:20] Parsed 73400000 reads...
[2022-08-21 10:50:27] Parsed 73450000 reads...
[2022-08-21 10:50:34] Parsed 73500000 reads...
[2022-08-21 10:50:41] Parsed 73550000 reads...
[2022-08-21 10:50:48] Parsed 73600000 reads...
[2022-08-21 10:50:56] Parsed 73650000 reads...
[2022-08-21 10:51:03] Parsed 73700000 reads...
[2022-08-21 10:51:10] Parsed 73750000 reads...
[2022-08-21 10:51:17] Parsed 73800000 reads...
[2022-08-21 10:51:24] Parsed 73850000 reads...
[2022-08-21 10:51:32] Parsed 73900000 reads...
[2022-08-21 10:51:39] Parsed 73950000 reads...
[2022-08-21 10:51:47] Parsed 74000000 reads...
[2022-08-21 10:51:54] Parsed 74050000 reads...
[2022-08-21 10:52:02] Parsed 74100000 reads...
[2022-08-21 10:52:09] Parsed 74150000 reads...
[2022-08-21 10:52:16] Parsed 74200000 reads...
[2022-08-21 10:52:23] Parsed 74250000 reads...
[2022-08-21 10:52:30] Parsed 74300000 reads...
[2022-08-21 10:52:37] Parsed 74350000 reads...
[2022-08-21 10:52:44] Parsed 74400000 reads...
[2022-08-21 10:52:51] Parsed 74450000 reads...
[2022-08-21 10:52:59] Parsed 74500000 reads...
[2022-08-21 10:53:06] Parsed 74550000 reads...
[2022-08-21 10:53:14] Parsed 74600000 reads...
[2022-08-21 10:53:21] Parsed 74650000 reads...
[2022-08-21 10:53:29] Parsed 74700000 reads...
[2022-08-21 10:53:36] Parsed 74750000 reads...
[2022-08-21 10:53:44] Parsed 74800000 reads...
[2022-08-21 10:53:51] Parsed 74850000 reads...
[2022-08-21 10:53:59] Parsed 74900000 reads...
[2022-08-21 10:54:06] Parsed 74950000 reads...
[2022-08-21 10:54:13] Parsed 75000000 reads...
[2022-08-21 10:54:20] Parsed 75050000 reads...
[2022-08-21 10:54:27] Parsed 75100000 reads...
[2022-08-21 10:54:34] Parsed 75150000 reads...
[2022-08-21 10:54:41] Parsed 75200000 reads...
[2022-08-21 10:54:49] Parsed 75250000 reads...
[2022-08-21 10:54:57] Parsed 75300000 reads...
[2022-08-21 10:55:04] Parsed 75350000 reads...
[2022-08-21 10:55:12] Parsed 75400000 reads...
[2022-08-21 10:55:19] Parsed 75450000 reads...
[2022-08-21 10:55:27] Parsed 75500000 reads...
[2022-08-21 10:55:35] Parsed 75550000 reads...
[2022-08-21 10:55:41] Parsed 75600000 reads...
[2022-08-21 10:55:47] Parsed 75650000 reads...
[2022-08-21 10:55:55] Parsed 75700000 reads...
[2022-08-21 10:56:02] Parsed 75750000 reads...
[2022-08-21 10:56:09] Parsed 75800000 reads...
[2022-08-21 10:56:16] Parsed 75850000 reads...
[2022-08-21 10:56:23] Parsed 75900000 reads...
[2022-08-21 10:56:31] Parsed 75950000 reads...
[2022-08-21 10:56:38] Parsed 76000000 reads...
[2022-08-21 10:56:45] Parsed 76050000 reads...
[2022-08-21 10:56:53] Parsed 76100000 reads...
[2022-08-21 10:57:00] Parsed 76150000 reads...
[2022-08-21 10:57:07] Parsed 76200000 reads...
[2022-08-21 10:57:14] Parsed 76250000 reads...
[2022-08-21 10:57:22] Parsed 76300000 reads...
[2022-08-21 10:57:29] Parsed 76350000 reads...
[2022-08-21 10:57:37] Parsed 76400000 reads...
[2022-08-21 10:57:44] Parsed 76450000 reads...
[2022-08-21 10:57:52] Parsed 76500000 reads...
[2022-08-21 10:57:59] Parsed 76550000 reads...
[2022-08-21 10:58:06] Parsed 76600000 reads...
[2022-08-21 10:58:14] Parsed 76650000 reads...
[2022-08-21 10:58:21] Parsed 76700000 reads...
[2022-08-21 10:58:29] Parsed 76750000 reads...
[2022-08-21 10:58:37] Parsed 76800000 reads...
[2022-08-21 10:58:44] Parsed 76850000 reads...
[2022-08-21 10:58:52] Parsed 76900000 reads...
[2022-08-21 10:58:59] Parsed 76950000 reads...
[2022-08-21 10:59:06] Parsed 77000000 reads...
[2022-08-21 10:59:14] Parsed 77050000 reads...
[2022-08-21 10:59:21] Parsed 77100000 reads...
[2022-08-21 10:59:29] Parsed 77150000 reads...
[2022-08-21 10:59:36] Parsed 77200000 reads...
[2022-08-21 10:59:43] Parsed 77250000 reads...
[2022-08-21 10:59:51] Parsed 77300000 reads...
[2022-08-21 10:59:59] Parsed 77350000 reads...
[2022-08-21 11:00:06] Parsed 77400000 reads...
[2022-08-21 11:00:13] Parsed 77450000 reads...
[2022-08-21 11:00:20] Parsed 77500000 reads...
[2022-08-21 11:00:27] Parsed 77550000 reads...
[2022-08-21 11:00:34] Parsed 77600000 reads...
[2022-08-21 11:00:42] Parsed 77650000 reads...
[2022-08-21 11:00:49] Parsed 77700000 reads...
[2022-08-21 11:00:57] Parsed 77750000 reads...
[2022-08-21 11:01:04] Parsed 77800000 reads...
[2022-08-21 11:01:12] Parsed 77850000 reads...
[2022-08-21 11:01:20] Parsed 77900000 reads...
[2022-08-21 11:01:27] Parsed 77950000 reads...
[2022-08-21 11:01:34] Parsed 78000000 reads...
[2022-08-21 11:01:42] Parsed 78050000 reads...
[2022-08-21 11:01:49] Parsed 78100000 reads...
[2022-08-21 11:01:57] Parsed 78150000 reads...
[2022-08-21 11:02:04] Parsed 78200000 reads...
[2022-08-21 11:02:12] Parsed 78250000 reads...
[2022-08-21 11:02:19] Parsed 78300000 reads...
[2022-08-21 11:02:27] Parsed 78350000 reads...
[2022-08-21 11:02:35] Parsed 78400000 reads...
[2022-08-21 11:02:43] Parsed 78450000 reads...
[2022-08-21 11:02:50] Parsed 78500000 reads...
[2022-08-21 11:02:57] Parsed 78550000 reads...
[2022-08-21 11:03:05] Parsed 78600000 reads...
[2022-08-21 11:03:13] Parsed 78650000 reads...
[2022-08-21 11:03:20] Parsed 78700000 reads...
[2022-08-21 11:03:27] Parsed 78750000 reads...
[2022-08-21 11:03:34] Parsed 78800000 reads...
[2022-08-21 11:03:41] Parsed 78850000 reads...
[2022-08-21 11:03:48] Parsed 78900000 reads...
[2022-08-21 11:03:56] Parsed 78950000 reads...
[2022-08-21 11:04:03] Parsed 79000000 reads...
[2022-08-21 11:04:10] Parsed 79050000 reads...
[2022-08-21 11:04:18] Parsed 79100000 reads...
[2022-08-21 11:04:25] Parsed 79150000 reads...
[2022-08-21 11:04:32] Parsed 79200000 reads...
[2022-08-21 11:04:39] Parsed 79250000 reads...
[2022-08-21 11:04:46] Parsed 79300000 reads...
[2022-08-21 11:04:53] Parsed 79350000 reads...
[2022-08-21 11:05:01] Parsed 79400000 reads...
[2022-08-21 11:05:08] Parsed 79450000 reads...
[2022-08-21 11:05:15] Parsed 79500000 reads...
[2022-08-21 11:05:23] Parsed 79550000 reads...
[2022-08-21 11:05:30] Parsed 79600000 reads...
[2022-08-21 11:05:38] Parsed 79650000 reads...
[2022-08-21 11:05:45] Parsed 79700000 reads...
[2022-08-21 11:05:53] Parsed 79750000 reads...
[2022-08-21 11:06:00] Parsed 79800000 reads...
[2022-08-21 11:06:08] Parsed 79850000 reads...
[2022-08-21 11:06:15] Parsed 79900000 reads...
[2022-08-21 11:06:23] Parsed 79950000 reads...
[2022-08-21 11:06:30] Parsed 80000000 reads...
[2022-08-21 11:06:37] Parsed 80050000 reads...
[2022-08-21 11:06:44] Parsed 80100000 reads...
[2022-08-21 11:06:51] Parsed 80150000 reads...
[2022-08-21 11:06:58] Parsed 80200000 reads...
[2022-08-21 11:07:05] Parsed 80250000 reads...
[2022-08-21 11:07:12] Parsed 80300000 reads...
[2022-08-21 11:07:19] Parsed 80350000 reads...
[2022-08-21 11:07:27] Parsed 80400000 reads...
[2022-08-21 11:07:34] Parsed 80450000 reads...
[2022-08-21 11:07:41] Parsed 80500000 reads...
[2022-08-21 11:07:48] Parsed 80550000 reads...
[2022-08-21 11:07:54] Parsed 80600000 reads...
[2022-08-21 11:08:01] Parsed 80650000 reads...
[2022-08-21 11:08:09] Parsed 80700000 reads...
[2022-08-21 11:08:17] Parsed 80750000 reads...
[2022-08-21 11:08:25] Parsed 80800000 reads...
[2022-08-21 11:08:34] Parsed 80850000 reads...
[2022-08-21 11:08:42] Parsed 80900000 reads...
[2022-08-21 11:08:49] Parsed 80950000 reads...
[2022-08-21 11:08:57] Parsed 81000000 reads...
[2022-08-21 11:09:04] Parsed 81050000 reads...
[2022-08-21 11:09:12] Parsed 81100000 reads...
[2022-08-21 11:09:19] Parsed 81150000 reads...
[2022-08-21 11:09:27] Parsed 81200000 reads...
[2022-08-21 11:09:34] Parsed 81250000 reads...
[2022-08-21 11:09:41] Parsed 81300000 reads...
[2022-08-21 11:09:47] Parsed 81350000 reads...
[2022-08-21 11:09:54] Parsed 81400000 reads...
[2022-08-21 11:10:01] Parsed 81450000 reads...
[2022-08-21 11:10:08] Parsed 81500000 reads...
[2022-08-21 11:10:14] Parsed 81550000 reads...
[2022-08-21 11:10:20] Parsed 81600000 reads...
[2022-08-21 11:10:27] Parsed 81650000 reads...
[2022-08-21 11:10:34] Parsed 81700000 reads...
[2022-08-21 11:10:42] Parsed 81750000 reads...
[2022-08-21 11:10:49] Parsed 81800000 reads...
[2022-08-21 11:10:56] Parsed 81850000 reads...
[2022-08-21 11:11:03] Parsed 81900000 reads...
[2022-08-21 11:11:10] Parsed 81950000 reads...
[2022-08-21 11:11:17] Parsed 82000000 reads...
[2022-08-21 11:11:24] Parsed 82050000 reads...
[2022-08-21 11:11:31] Parsed 82100000 reads...
[2022-08-21 11:11:38] Parsed 82150000 reads...
[2022-08-21 11:11:46] Parsed 82200000 reads...
[2022-08-21 11:11:53] Parsed 82250000 reads...
[2022-08-21 11:12:01] Parsed 82300000 reads...
[2022-08-21 11:12:08] Parsed 82350000 reads...
[2022-08-21 11:12:16] Parsed 82400000 reads...
[2022-08-21 11:12:23] Parsed 82450000 reads...
[2022-08-21 11:12:30] Parsed 82500000 reads...
[2022-08-21 11:12:37] Parsed 82550000 reads...
[2022-08-21 11:12:44] Parsed 82600000 reads...
[2022-08-21 11:12:52] Parsed 82650000 reads...
[2022-08-21 11:12:59] Parsed 82700000 reads...
[2022-08-21 11:13:07] Parsed 82750000 reads...
[2022-08-21 11:13:14] Parsed 82800000 reads...
[2022-08-21 11:13:21] Parsed 82850000 reads...
[2022-08-21 11:13:29] Parsed 82900000 reads...
[2022-08-21 11:13:36] Parsed 82950000 reads...
[2022-08-21 11:13:44] Parsed 83000000 reads...
[2022-08-21 11:13:51] Parsed 83050000 reads...
[2022-08-21 11:13:58] Parsed 83100000 reads...
[2022-08-21 11:14:06] Parsed 83150000 reads...
[2022-08-21 11:14:13] Parsed 83200000 reads...
[2022-08-21 11:14:20] Parsed 83250000 reads...
[2022-08-21 11:14:27] Parsed 83300000 reads...
[2022-08-21 11:14:34] Parsed 83350000 reads...
[2022-08-21 11:14:42] Parsed 83400000 reads...
[2022-08-21 11:14:49] Parsed 83450000 reads...
[2022-08-21 11:14:55] Parsed 83500000 reads...
[2022-08-21 11:15:02] Parsed 83550000 reads...
[2022-08-21 11:15:09] Parsed 83600000 reads...
[2022-08-21 11:15:15] Parsed 83650000 reads...
[2022-08-21 11:15:22] Parsed 83700000 reads...
[2022-08-21 11:15:29] Parsed 83750000 reads...
[2022-08-21 11:15:36] Parsed 83800000 reads...
[2022-08-21 11:15:44] Parsed 83850000 reads...
[2022-08-21 11:15:52] Parsed 83900000 reads...
[2022-08-21 11:15:59] Parsed 83950000 reads...
[2022-08-21 11:16:06] Parsed 84000000 reads...
[2022-08-21 11:16:13] Parsed 84050000 reads...
[2022-08-21 11:16:20] Parsed 84100000 reads...
[2022-08-21 11:16:27] Parsed 84150000 reads...
[2022-08-21 11:16:34] Parsed 84200000 reads...
[2022-08-21 11:16:41] Parsed 84250000 reads...
[2022-08-21 11:16:48] Parsed 84300000 reads...
[2022-08-21 11:16:56] Parsed 84350000 reads...
[2022-08-21 11:17:03] Parsed 84400000 reads...
[2022-08-21 11:17:10] Parsed 84450000 reads...
[2022-08-21 11:17:18] Parsed 84500000 reads...
[2022-08-21 11:17:25] Parsed 84550000 reads...
[2022-08-21 11:17:33] Parsed 84600000 reads...
[2022-08-21 11:17:40] Parsed 84650000 reads...
[2022-08-21 11:17:48] Parsed 84700000 reads...
[2022-08-21 11:17:55] Parsed 84750000 reads...
[2022-08-21 11:18:02] Parsed 84800000 reads...
[2022-08-21 11:18:09] Parsed 84850000 reads...
[2022-08-21 11:18:17] Parsed 84900000 reads...
[2022-08-21 11:18:24] Parsed 84950000 reads...
[2022-08-21 11:18:31] Parsed 85000000 reads...
[2022-08-21 11:18:38] Parsed 85050000 reads...
[2022-08-21 11:18:46] Parsed 85100000 reads...
[2022-08-21 11:18:53] Parsed 85150000 reads...
[2022-08-21 11:19:00] Parsed 85200000 reads...
[2022-08-21 11:19:07] Parsed 85250000 reads...
[2022-08-21 11:19:14] Parsed 85300000 reads...
[2022-08-21 11:19:21] Parsed 85350000 reads...
[2022-08-21 11:19:29] Parsed 85400000 reads...
[2022-08-21 11:19:36] Parsed 85450000 reads...
[2022-08-21 11:19:44] Parsed 85500000 reads...
[2022-08-21 11:19:51] Parsed 85550000 reads...
[2022-08-21 11:19:58] Parsed 85600000 reads...
[2022-08-21 11:20:05] Parsed 85650000 reads...
[2022-08-21 11:20:12] Parsed 85700000 reads...
[2022-08-21 11:20:20] Parsed 85750000 reads...
[2022-08-21 11:20:27] Parsed 85800000 reads...
[2022-08-21 11:20:34] Parsed 85850000 reads...
[2022-08-21 11:20:41] Parsed 85900000 reads...
[2022-08-21 11:20:49] Parsed 85950000 reads...
[2022-08-21 11:20:56] Parsed 86000000 reads...
[2022-08-21 11:21:03] Parsed 86050000 reads...
[2022-08-21 11:21:11] Parsed 86100000 reads...
[2022-08-21 11:21:18] Parsed 86150000 reads...
[2022-08-21 11:21:24] Parsed 86200000 reads...
[2022-08-21 11:21:31] Parsed 86250000 reads...
[2022-08-21 11:21:38] Parsed 86300000 reads...
[2022-08-21 11:21:45] Parsed 86350000 reads...
[2022-08-21 11:21:52] Parsed 86400000 reads...
[2022-08-21 11:21:59] Parsed 86450000 reads...
[2022-08-21 11:22:07] Parsed 86500000 reads...
[2022-08-21 11:22:14] Parsed 86550000 reads...
[2022-08-21 11:22:21] Parsed 86600000 reads...
[2022-08-21 11:22:28] Parsed 86650000 reads...
[2022-08-21 11:22:35] Parsed 86700000 reads...
[2022-08-21 11:22:42] Parsed 86750000 reads...
[2022-08-21 11:22:50] Parsed 86800000 reads...
[2022-08-21 11:22:57] Parsed 86850000 reads...
[2022-08-21 11:23:05] Parsed 86900000 reads...
[2022-08-21 11:23:13] Parsed 86950000 reads...
[2022-08-21 11:23:21] Parsed 87000000 reads...
[2022-08-21 11:23:29] Parsed 87050000 reads...
[2022-08-21 11:23:36] Parsed 87100000 reads...
[2022-08-21 11:23:44] Parsed 87150000 reads...
[2022-08-21 11:23:51] Parsed 87200000 reads...
[2022-08-21 11:23:58] Parsed 87250000 reads...
[2022-08-21 11:24:05] Parsed 87300000 reads...
[2022-08-21 11:24:12] Parsed 87350000 reads...
[2022-08-21 11:24:19] Parsed 87400000 reads...
[2022-08-21 11:24:26] Parsed 87450000 reads...
[2022-08-21 11:24:33] Parsed 87500000 reads...
[2022-08-21 11:24:40] Parsed 87550000 reads...
[2022-08-21 11:24:47] Parsed 87600000 reads...
[2022-08-21 11:24:55] Parsed 87650000 reads...
[2022-08-21 11:25:02] Parsed 87700000 reads...
[2022-08-21 11:25:10] Parsed 87750000 reads...
[2022-08-21 11:25:17] Parsed 87800000 reads...
[2022-08-21 11:25:24] Parsed 87850000 reads...
[2022-08-21 11:25:32] Parsed 87900000 reads...
[2022-08-21 11:25:39] Parsed 87950000 reads...
[2022-08-21 11:25:47] Parsed 88000000 reads...
[2022-08-21 11:25:54] Parsed 88050000 reads...
[2022-08-21 11:26:02] Parsed 88100000 reads...
[2022-08-21 11:26:09] Parsed 88150000 reads...
[2022-08-21 11:26:17] Parsed 88200000 reads...
[2022-08-21 11:26:24] Parsed 88250000 reads...
[2022-08-21 11:26:30] Parsed 88300000 reads...
[2022-08-21 11:26:37] Parsed 88350000 reads...
[2022-08-21 11:26:44] Parsed 88400000 reads...
[2022-08-21 11:26:51] Parsed 88450000 reads...
[2022-08-21 11:26:59] Parsed 88500000 reads...
[2022-08-21 11:27:06] Parsed 88550000 reads...
[2022-08-21 11:27:13] Parsed 88600000 reads...
[2022-08-21 11:27:21] Parsed 88650000 reads...
[2022-08-21 11:27:28] Parsed 88700000 reads...
[2022-08-21 11:27:36] Parsed 88750000 reads...
[2022-08-21 11:27:43] Parsed 88800000 reads...
[2022-08-21 11:27:51] Parsed 88850000 reads...
[2022-08-21 11:27:58] Parsed 88900000 reads...
[2022-08-21 11:28:05] Parsed 88950000 reads...
[2022-08-21 11:28:13] Parsed 89000000 reads...
[2022-08-21 11:28:21] Parsed 89050000 reads...
[2022-08-21 11:28:30] Parsed 89100000 reads...
[2022-08-21 11:28:38] Parsed 89150000 reads...
[2022-08-21 11:28:46] Parsed 89200000 reads...
[2022-08-21 11:28:54] Parsed 89250000 reads...
[2022-08-21 11:29:01] Parsed 89300000 reads...
[2022-08-21 11:29:08] Parsed 89350000 reads...
[2022-08-21 11:29:16] Parsed 89400000 reads...
[2022-08-21 11:29:23] Parsed 89450000 reads...
[2022-08-21 11:29:30] Parsed 89500000 reads...
[2022-08-21 11:29:36] Parsed 89550000 reads...
[2022-08-21 11:29:43] Parsed 89600000 reads...
[2022-08-21 11:29:50] Parsed 89650000 reads...
[2022-08-21 11:29:57] Parsed 89700000 reads...
[2022-08-21 11:30:04] Parsed 89750000 reads...
[2022-08-21 11:30:12] Parsed 89800000 reads...
[2022-08-21 11:30:20] Parsed 89850000 reads...
[2022-08-21 11:30:27] Parsed 89900000 reads...
[2022-08-21 11:30:35] Parsed 89950000 reads...
[2022-08-21 11:30:43] Parsed 90000000 reads...
[2022-08-21 11:30:51] Parsed 90050000 reads...
[2022-08-21 11:30:58] Parsed 90100000 reads...
[2022-08-21 11:31:06] Parsed 90150000 reads...
[2022-08-21 11:31:12] Parsed 90200000 reads...
[2022-08-21 11:31:12] Finished parsing input file
[2022-08-21 11:31:12] - Number of reads: 90204294
[2022-08-21 11:31:12]   - Unmapped: 0
[2022-08-21 11:31:12]   - Mapped: 90204294
[2022-08-21 11:31:13] - Average raw (unclipped) read length: 99.80470921927508
[2022-08-21 11:31:13]   - Unmapped: N/A
[2022-08-21 11:31:13]   - Mapped: 99.80470921927508
[2022-08-21 11:31:14] - Average clipped read length: 95.23899242534951
[2022-08-21 11:31:14]   - Unmapped: N/A
[2022-08-21 11:31:15]   - Mapped: 95.23899242534951
[2022-08-21 11:31:15] - Average insert size: N/A
[2022-08-21 11:31:15] - Average coverage: 277554.07750902046
[2022-08-21 11:31:15] Writing nucleotide counts...
[2022-08-21 11:31:15] Finished writing nucleotide counts
