[2022-08-21 06:10:37] Executing SamBamViz v0.0.9
[2022-08-21 06:10:37] Using 1-based indexing
[2022-08-21 06:10:37] Input file: data/trimmed_bam/SRR13615939.02.trimmed.sorted.bam
[2022-08-21 06:10:37] Output file: data/trimmed_bam/SRR13615939.02.trimmed.sorted.bam.sambamviz.tsv
[2022-08-21 06:10:37] Parsing input file...
[2022-08-21 06:10:44] Parsed 50000 reads...
[2022-08-21 06:10:52] Parsed 100000 reads...
[2022-08-21 06:10:59] Parsed 150000 reads...
[2022-08-21 06:11:07] Parsed 200000 reads...
[2022-08-21 06:11:14] Parsed 250000 reads...
[2022-08-21 06:11:21] Parsed 300000 reads...
[2022-08-21 06:11:29] Parsed 350000 reads...
[2022-08-21 06:11:36] Finished parsing input file
[2022-08-21 06:11:36] - Number of reads: 397444
[2022-08-21 06:11:36]   - Unmapped: 0
[2022-08-21 06:11:36]   - Mapped: 397444
[2022-08-21 06:11:36] - Average raw (unclipped) read length: 99.72407433500065
[2022-08-21 06:11:36]   - Unmapped: N/A
[2022-08-21 06:11:36]   - Mapped: 99.72407433500065
[2022-08-21 06:11:36] - Average clipped read length: 97.37118940026771
[2022-08-21 06:11:36]   - Unmapped: N/A
[2022-08-21 06:11:36]   - Mapped: 97.37118940026771
[2022-08-21 06:11:36] - Average insert size: N/A
[2022-08-21 06:11:36] - Average coverage: 1268.2159884984453
[2022-08-21 06:11:36] Writing nucleotide counts...
[2022-08-21 06:11:36] Finished writing nucleotide counts
