[2022-08-21 11:31:19] Executing SamBamViz v0.0.9
[2022-08-21 11:31:19] Using 1-based indexing
[2022-08-21 11:31:19] Input file: data/trimmed_bam/SRR13615998.02.trimmed.sorted.bam
[2022-08-21 11:31:19] Output file: data/trimmed_bam/SRR13615998.02.trimmed.sorted.bam.sambamviz.tsv
[2022-08-21 11:31:19] Parsing input file...
[2022-08-21 11:31:26] Parsed 50000 reads...
[2022-08-21 11:31:33] Parsed 100000 reads...
[2022-08-21 11:31:41] Parsed 150000 reads...
[2022-08-21 11:31:48] Parsed 200000 reads...
[2022-08-21 11:31:56] Parsed 250000 reads...
[2022-08-21 11:32:03] Parsed 300000 reads...
[2022-08-21 11:32:10] Parsed 350000 reads...
[2022-08-21 11:32:18] Parsed 400000 reads...
[2022-08-21 11:32:25] Parsed 450000 reads...
[2022-08-21 11:32:33] Parsed 500000 reads...
[2022-08-21 11:32:40] Parsed 550000 reads...
[2022-08-21 11:32:48] Parsed 600000 reads...
[2022-08-21 11:32:55] Parsed 650000 reads...
[2022-08-21 11:33:02] Parsed 700000 reads...
[2022-08-21 11:33:10] Parsed 750000 reads...
[2022-08-21 11:33:18] Parsed 800000 reads...
[2022-08-21 11:33:25] Parsed 850000 reads...
[2022-08-21 11:33:33] Parsed 900000 reads...
[2022-08-21 11:33:40] Parsed 950000 reads...
[2022-08-21 11:33:48] Parsed 1000000 reads...
[2022-08-21 11:33:55] Parsed 1050000 reads...
[2022-08-21 11:34:03] Parsed 1100000 reads...
[2022-08-21 11:34:10] Parsed 1150000 reads...
[2022-08-21 11:34:18] Parsed 1200000 reads...
[2022-08-21 11:34:25] Parsed 1250000 reads...
[2022-08-21 11:34:32] Parsed 1300000 reads...
[2022-08-21 11:34:40] Parsed 1350000 reads...
[2022-08-21 11:34:47] Parsed 1400000 reads...
[2022-08-21 11:34:55] Parsed 1450000 reads...
[2022-08-21 11:35:02] Parsed 1500000 reads...
[2022-08-21 11:35:10] Parsed 1550000 reads...
[2022-08-21 11:35:17] Parsed 1600000 reads...
[2022-08-21 11:35:25] Parsed 1650000 reads...
[2022-08-21 11:35:32] Parsed 1700000 reads...
[2022-08-21 11:35:36] Finished parsing input file
[2022-08-21 11:35:36] - Number of reads: 1724370
[2022-08-21 11:35:36]   - Unmapped: 0
[2022-08-21 11:35:36]   - Mapped: 1724370
[2022-08-21 11:35:36] - Average raw (unclipped) read length: 99.48881794510459
[2022-08-21 11:35:36]   - Unmapped: N/A
[2022-08-21 11:35:36]   - Mapped: 99.48881794510459
[2022-08-21 11:35:36] - Average clipped read length: 96.36916149086333
[2022-08-21 11:35:36]   - Unmapped: N/A
[2022-08-21 11:35:36]   - Mapped: 96.36916149086333
[2022-08-21 11:35:36] - Average insert size: N/A
[2022-08-21 11:35:36] - Average coverage: 5443.50758994249
[2022-08-21 11:35:36] Writing nucleotide counts...
[2022-08-21 11:35:36] Finished writing nucleotide counts
