[2022-08-21 08:06:32] Executing SamBamViz v0.0.9
[2022-08-21 08:06:32] Using 1-based indexing
[2022-08-21 08:06:32] Input file: data/trimmed_bam/SRR13615961.02.trimmed.sorted.bam
[2022-08-21 08:06:32] Output file: data/trimmed_bam/SRR13615961.02.trimmed.sorted.bam.sambamviz.tsv
[2022-08-21 08:06:32] Parsing input file...
[2022-08-21 08:06:40] Parsed 50000 reads...
[2022-08-21 08:06:48] Parsed 100000 reads...
[2022-08-21 08:06:57] Parsed 150000 reads...
[2022-08-21 08:07:06] Parsed 200000 reads...
[2022-08-21 08:07:15] Parsed 250000 reads...
[2022-08-21 08:07:24] Parsed 300000 reads...
[2022-08-21 08:07:32] Parsed 350000 reads...
[2022-08-21 08:07:41] Parsed 400000 reads...
[2022-08-21 08:07:50] Parsed 450000 reads...
[2022-08-21 08:07:59] Parsed 500000 reads...
[2022-08-21 08:08:08] Parsed 550000 reads...
[2022-08-21 08:08:18] Parsed 600000 reads...
[2022-08-21 08:08:28] Parsed 650000 reads...
[2022-08-21 08:08:37] Parsed 700000 reads...
[2022-08-21 08:08:46] Parsed 750000 reads...
[2022-08-21 08:08:56] Parsed 800000 reads...
[2022-08-21 08:09:04] Parsed 850000 reads...
[2022-08-21 08:09:14] Parsed 900000 reads...
[2022-08-21 08:09:22] Parsed 950000 reads...
[2022-08-21 08:09:31] Parsed 1000000 reads...
[2022-08-21 08:09:40] Parsed 1050000 reads...
[2022-08-21 08:09:49] Parsed 1100000 reads...
[2022-08-21 08:09:58] Parsed 1150000 reads...
[2022-08-21 08:10:07] Parsed 1200000 reads...
[2022-08-21 08:10:15] Parsed 1250000 reads...
[2022-08-21 08:10:24] Parsed 1300000 reads...
[2022-08-21 08:10:33] Parsed 1350000 reads...
[2022-08-21 08:10:42] Parsed 1400000 reads...
[2022-08-21 08:10:51] Parsed 1450000 reads...
[2022-08-21 08:11:00] Parsed 1500000 reads...
[2022-08-21 08:11:09] Parsed 1550000 reads...
[2022-08-21 08:11:18] Parsed 1600000 reads...
[2022-08-21 08:11:26] Parsed 1650000 reads...
[2022-08-21 08:11:35] Parsed 1700000 reads...
[2022-08-21 08:11:44] Parsed 1750000 reads...
[2022-08-21 08:11:53] Parsed 1800000 reads...
[2022-08-21 08:12:02] Parsed 1850000 reads...
[2022-08-21 08:12:11] Parsed 1900000 reads...
[2022-08-21 08:12:20] Parsed 1950000 reads...
[2022-08-21 08:12:29] Parsed 2000000 reads...
[2022-08-21 08:12:38] Parsed 2050000 reads...
[2022-08-21 08:12:47] Parsed 2100000 reads...
[2022-08-21 08:12:56] Parsed 2150000 reads...
[2022-08-21 08:13:05] Parsed 2200000 reads...
[2022-08-21 08:13:14] Parsed 2250000 reads...
[2022-08-21 08:13:23] Parsed 2300000 reads...
[2022-08-21 08:13:32] Parsed 2350000 reads...
[2022-08-21 08:13:41] Parsed 2400000 reads...
[2022-08-21 08:13:50] Parsed 2450000 reads...
[2022-08-21 08:13:59] Parsed 2500000 reads...
[2022-08-21 08:14:08] Parsed 2550000 reads...
[2022-08-21 08:14:17] Parsed 2600000 reads...
[2022-08-21 08:14:26] Parsed 2650000 reads...
[2022-08-21 08:14:35] Parsed 2700000 reads...
[2022-08-21 08:14:44] Parsed 2750000 reads...
[2022-08-21 08:14:53] Parsed 2800000 reads...
[2022-08-21 08:15:02] Parsed 2850000 reads...
[2022-08-21 08:15:11] Parsed 2900000 reads...
[2022-08-21 08:15:20] Parsed 2950000 reads...
[2022-08-21 08:15:29] Parsed 3000000 reads...
[2022-08-21 08:15:39] Parsed 3050000 reads...
[2022-08-21 08:15:48] Parsed 3100000 reads...
[2022-08-21 08:15:57] Parsed 3150000 reads...
[2022-08-21 08:16:06] Parsed 3200000 reads...
[2022-08-21 08:16:15] Parsed 3250000 reads...
[2022-08-21 08:16:24] Parsed 3300000 reads...
[2022-08-21 08:16:33] Parsed 3350000 reads...
[2022-08-21 08:16:42] Parsed 3400000 reads...
[2022-08-21 08:16:50] Parsed 3450000 reads...
[2022-08-21 08:16:59] Parsed 3500000 reads...
[2022-08-21 08:17:08] Parsed 3550000 reads...
[2022-08-21 08:17:17] Parsed 3600000 reads...
[2022-08-21 08:17:26] Parsed 3650000 reads...
[2022-08-21 08:17:35] Parsed 3700000 reads...
[2022-08-21 08:17:44] Parsed 3750000 reads...
[2022-08-21 08:17:53] Parsed 3800000 reads...
[2022-08-21 08:18:01] Parsed 3850000 reads...
[2022-08-21 08:18:11] Parsed 3900000 reads...
[2022-08-21 08:18:20] Parsed 3950000 reads...
[2022-08-21 08:18:29] Parsed 4000000 reads...
[2022-08-21 08:18:38] Parsed 4050000 reads...
[2022-08-21 08:18:47] Parsed 4100000 reads...
[2022-08-21 08:18:56] Parsed 4150000 reads...
[2022-08-21 08:19:05] Parsed 4200000 reads...
[2022-08-21 08:19:14] Parsed 4250000 reads...
[2022-08-21 08:19:23] Parsed 4300000 reads...
[2022-08-21 08:19:32] Parsed 4350000 reads...
[2022-08-21 08:19:41] Parsed 4400000 reads...
[2022-08-21 08:19:50] Parsed 4450000 reads...
[2022-08-21 08:19:59] Parsed 4500000 reads...
[2022-08-21 08:20:08] Parsed 4550000 reads...
[2022-08-21 08:20:17] Parsed 4600000 reads...
[2022-08-21 08:20:26] Parsed 4650000 reads...
[2022-08-21 08:20:35] Parsed 4700000 reads...
[2022-08-21 08:20:44] Parsed 4750000 reads...
[2022-08-21 08:20:52] Parsed 4800000 reads...
[2022-08-21 08:21:01] Parsed 4850000 reads...
[2022-08-21 08:21:10] Parsed 4900000 reads...
[2022-08-21 08:21:19] Parsed 4950000 reads...
[2022-08-21 08:21:28] Parsed 5000000 reads...
[2022-08-21 08:21:37] Parsed 5050000 reads...
[2022-08-21 08:21:46] Parsed 5100000 reads...
[2022-08-21 08:21:55] Parsed 5150000 reads...
[2022-08-21 08:22:04] Parsed 5200000 reads...
[2022-08-21 08:22:13] Parsed 5250000 reads...
[2022-08-21 08:22:22] Parsed 5300000 reads...
[2022-08-21 08:22:32] Parsed 5350000 reads...
[2022-08-21 08:22:40] Parsed 5400000 reads...
[2022-08-21 08:22:49] Parsed 5450000 reads...
[2022-08-21 08:22:58] Parsed 5500000 reads...
[2022-08-21 08:23:07] Parsed 5550000 reads...
[2022-08-21 08:23:17] Parsed 5600000 reads...
[2022-08-21 08:23:26] Parsed 5650000 reads...
[2022-08-21 08:23:35] Parsed 5700000 reads...
[2022-08-21 08:23:44] Parsed 5750000 reads...
[2022-08-21 08:23:54] Parsed 5800000 reads...
[2022-08-21 08:24:03] Parsed 5850000 reads...
[2022-08-21 08:24:12] Parsed 5900000 reads...
[2022-08-21 08:24:21] Parsed 5950000 reads...
[2022-08-21 08:24:29] Parsed 6000000 reads...
[2022-08-21 08:24:38] Parsed 6050000 reads...
[2022-08-21 08:24:47] Parsed 6100000 reads...
[2022-08-21 08:24:56] Parsed 6150000 reads...
[2022-08-21 08:25:05] Parsed 6200000 reads...
[2022-08-21 08:25:14] Parsed 6250000 reads...
[2022-08-21 08:25:23] Parsed 6300000 reads...
[2022-08-21 08:25:32] Parsed 6350000 reads...
[2022-08-21 08:25:41] Parsed 6400000 reads...
[2022-08-21 08:25:49] Parsed 6450000 reads...
[2022-08-21 08:25:58] Parsed 6500000 reads...
[2022-08-21 08:26:07] Parsed 6550000 reads...
[2022-08-21 08:26:16] Parsed 6600000 reads...
[2022-08-21 08:26:25] Parsed 6650000 reads...
[2022-08-21 08:26:33] Parsed 6700000 reads...
[2022-08-21 08:26:42] Parsed 6750000 reads...
[2022-08-21 08:26:51] Parsed 6800000 reads...
[2022-08-21 08:27:00] Parsed 6850000 reads...
[2022-08-21 08:27:08] Parsed 6900000 reads...
[2022-08-21 08:27:18] Parsed 6950000 reads...
[2022-08-21 08:27:28] Parsed 7000000 reads...
[2022-08-21 08:27:36] Parsed 7050000 reads...
[2022-08-21 08:27:45] Parsed 7100000 reads...
[2022-08-21 08:27:54] Parsed 7150000 reads...
[2022-08-21 08:28:03] Parsed 7200000 reads...
[2022-08-21 08:28:12] Parsed 7250000 reads...
[2022-08-21 08:28:22] Parsed 7300000 reads...
[2022-08-21 08:28:31] Parsed 7350000 reads...
[2022-08-21 08:28:41] Parsed 7400000 reads...
[2022-08-21 08:28:50] Parsed 7450000 reads...
[2022-08-21 08:28:59] Parsed 7500000 reads...
[2022-08-21 08:29:08] Parsed 7550000 reads...
[2022-08-21 08:29:16] Parsed 7600000 reads...
[2022-08-21 08:29:25] Parsed 7650000 reads...
[2022-08-21 08:29:34] Parsed 7700000 reads...
[2022-08-21 08:29:43] Parsed 7750000 reads...
[2022-08-21 08:29:52] Parsed 7800000 reads...
[2022-08-21 08:30:01] Parsed 7850000 reads...
[2022-08-21 08:30:09] Parsed 7900000 reads...
[2022-08-21 08:30:18] Parsed 7950000 reads...
[2022-08-21 08:30:27] Parsed 8000000 reads...
[2022-08-21 08:30:36] Parsed 8050000 reads...
[2022-08-21 08:30:45] Parsed 8100000 reads...
[2022-08-21 08:30:53] Parsed 8150000 reads...
[2022-08-21 08:31:02] Parsed 8200000 reads...
[2022-08-21 08:31:11] Parsed 8250000 reads...
[2022-08-21 08:31:19] Parsed 8300000 reads...
[2022-08-21 08:31:27] Parsed 8350000 reads...
[2022-08-21 08:31:34] Parsed 8400000 reads...
[2022-08-21 08:31:42] Parsed 8450000 reads...
[2022-08-21 08:31:50] Parsed 8500000 reads...
[2022-08-21 08:31:57] Parsed 8550000 reads...
[2022-08-21 08:32:05] Parsed 8600000 reads...
[2022-08-21 08:32:13] Parsed 8650000 reads...
[2022-08-21 08:32:21] Parsed 8700000 reads...
[2022-08-21 08:32:29] Parsed 8750000 reads...
[2022-08-21 08:32:36] Parsed 8800000 reads...
[2022-08-21 08:32:44] Parsed 8850000 reads...
[2022-08-21 08:32:52] Parsed 8900000 reads...
[2022-08-21 08:32:59] Parsed 8950000 reads...
[2022-08-21 08:33:07] Parsed 9000000 reads...
[2022-08-21 08:33:14] Parsed 9050000 reads...
[2022-08-21 08:33:22] Parsed 9100000 reads...
[2022-08-21 08:33:29] Parsed 9150000 reads...
[2022-08-21 08:33:37] Parsed 9200000 reads...
[2022-08-21 08:33:44] Parsed 9250000 reads...
[2022-08-21 08:33:52] Parsed 9300000 reads...
[2022-08-21 08:34:00] Parsed 9350000 reads...
[2022-08-21 08:34:07] Parsed 9400000 reads...
[2022-08-21 08:34:15] Parsed 9450000 reads...
[2022-08-21 08:34:22] Parsed 9500000 reads...
[2022-08-21 08:34:30] Parsed 9550000 reads...
[2022-08-21 08:34:38] Parsed 9600000 reads...
[2022-08-21 08:34:45] Parsed 9650000 reads...
[2022-08-21 08:34:53] Parsed 9700000 reads...
[2022-08-21 08:35:01] Parsed 9750000 reads...
[2022-08-21 08:35:04] Finished parsing input file
[2022-08-21 08:35:04] - Number of reads: 9772440
[2022-08-21 08:35:04]   - Unmapped: 0
[2022-08-21 08:35:04]   - Mapped: 9772440
[2022-08-21 08:35:04] - Average raw (unclipped) read length: 99.77171279639477
[2022-08-21 08:35:04]   - Unmapped: N/A
[2022-08-21 08:35:04]   - Mapped: 99.77171279639477
[2022-08-21 08:35:04] - Average clipped read length: 96.3422329530803
[2022-08-21 08:35:04]   - Unmapped: N/A
[2022-08-21 08:35:05]   - Mapped: 96.3422329530803
[2022-08-21 08:35:05] - Average insert size: N/A
[2022-08-21 08:35:05] - Average coverage: 30655.388468998728
[2022-08-21 08:35:05] Writing nucleotide counts...
[2022-08-21 08:35:05] Finished writing nucleotide counts
