[2022-08-21 14:25:59] Executing SamBamViz v0.0.9
[2022-08-21 14:25:59] Using 1-based indexing
[2022-08-21 14:25:59] Input file: data/trimmed_bam/SRR13616025.02.trimmed.sorted.bam
[2022-08-21 14:25:59] Output file: data/trimmed_bam/SRR13616025.02.trimmed.sorted.bam.sambamviz.tsv
[2022-08-21 14:25:59] Parsing input file...
[2022-08-21 14:26:07] Parsed 50000 reads...
[2022-08-21 14:26:07] Finished parsing input file
[2022-08-21 14:26:07] - Number of reads: 56175
[2022-08-21 14:26:07]   - Unmapped: 0
[2022-08-21 14:26:07]   - Mapped: 56175
[2022-08-21 14:26:07] - Average raw (unclipped) read length: 99.76151312861593
[2022-08-21 14:26:07]   - Unmapped: N/A
[2022-08-21 14:26:07]   - Mapped: 99.76151312861593
[2022-08-21 14:26:07] - Average clipped read length: 96.22561637739207
[2022-08-21 14:26:07]   - Unmapped: N/A
[2022-08-21 14:26:07]   - Mapped: 96.22561637739207
[2022-08-21 14:26:07] - Average insert size: N/A
[2022-08-21 14:26:07] - Average coverage: 177.86643033910775
[2022-08-21 14:26:07] Writing nucleotide counts...
[2022-08-21 14:26:08] Finished writing nucleotide counts
