[2022-08-21 10:07:39] Executing SamBamViz v0.0.9
[2022-08-21 10:07:39] Using 1-based indexing
[2022-08-21 10:07:39] Input file: data/trimmed_bam/SRR13615982.02.trimmed.sorted.bam
[2022-08-21 10:07:39] Output file: data/trimmed_bam/SRR13615982.02.trimmed.sorted.bam.sambamviz.tsv
[2022-08-21 10:07:39] Parsing input file...
[2022-08-21 10:07:46] Parsed 50000 reads...
[2022-08-21 10:07:54] Parsed 100000 reads...
[2022-08-21 10:08:01] Parsed 150000 reads...
[2022-08-21 10:08:09] Parsed 200000 reads...
[2022-08-21 10:08:17] Parsed 250000 reads...
[2022-08-21 10:08:23] Finished parsing input file
[2022-08-21 10:08:23] - Number of reads: 288169
[2022-08-21 10:08:23]   - Unmapped: 0
[2022-08-21 10:08:23]   - Mapped: 288169
[2022-08-21 10:08:23] - Average raw (unclipped) read length: 99.60713331413164
[2022-08-21 10:08:23]   - Unmapped: N/A
[2022-08-21 10:08:23]   - Mapped: 99.60713331413164
[2022-08-21 10:08:23] - Average clipped read length: 97.67141503770357
[2022-08-21 10:08:23]   - Unmapped: N/A
[2022-08-21 10:08:23]   - Mapped: 97.67141503770357
[2022-08-21 10:08:23] - Average insert size: N/A
[2022-08-21 10:08:23] - Average coverage: 926.9419771252759
[2022-08-21 10:08:23] Writing nucleotide counts...
[2022-08-21 10:08:23] Finished writing nucleotide counts
