[2022-08-21 13:01:48] Executing SamBamViz v0.0.9
[2022-08-21 13:01:48] Using 1-based indexing
[2022-08-21 13:01:48] Input file: data/trimmed_bam/SRR13616006.02.trimmed.sorted.bam
[2022-08-21 13:01:48] Output file: data/trimmed_bam/SRR13616006.02.trimmed.sorted.bam.sambamviz.tsv
[2022-08-21 13:01:48] Parsing input file...
[2022-08-21 13:01:58] Parsed 50000 reads...
[2022-08-21 13:02:07] Parsed 100000 reads...
[2022-08-21 13:02:18] Parsed 150000 reads...
[2022-08-21 13:02:29] Parsed 200000 reads...
[2022-08-21 13:02:40] Parsed 250000 reads...
[2022-08-21 13:02:51] Parsed 300000 reads...
[2022-08-21 13:03:03] Parsed 350000 reads...
[2022-08-21 13:03:15] Parsed 400000 reads...
[2022-08-21 13:03:26] Parsed 450000 reads...
[2022-08-21 13:03:36] Parsed 500000 reads...
[2022-08-21 13:03:46] Parsed 550000 reads...
[2022-08-21 13:03:55] Parsed 600000 reads...
[2022-08-21 13:04:06] Parsed 650000 reads...
[2022-08-21 13:04:16] Parsed 700000 reads...
[2022-08-21 13:04:25] Parsed 750000 reads...
[2022-08-21 13:04:34] Parsed 800000 reads...
[2022-08-21 13:04:44] Parsed 850000 reads...
[2022-08-21 13:04:54] Parsed 900000 reads...
[2022-08-21 13:05:03] Parsed 950000 reads...
[2022-08-21 13:05:13] Parsed 1000000 reads...
[2022-08-21 13:05:23] Parsed 1050000 reads...
[2022-08-21 13:05:32] Parsed 1100000 reads...
[2022-08-21 13:05:42] Parsed 1150000 reads...
[2022-08-21 13:05:52] Parsed 1200000 reads...
[2022-08-21 13:06:01] Parsed 1250000 reads...
[2022-08-21 13:06:11] Parsed 1300000 reads...
[2022-08-21 13:06:20] Parsed 1350000 reads...
[2022-08-21 13:06:30] Parsed 1400000 reads...
[2022-08-21 13:06:40] Parsed 1450000 reads...
[2022-08-21 13:06:51] Parsed 1500000 reads...
[2022-08-21 13:07:01] Parsed 1550000 reads...
[2022-08-21 13:07:10] Parsed 1600000 reads...
[2022-08-21 13:07:20] Parsed 1650000 reads...
[2022-08-21 13:07:31] Parsed 1700000 reads...
[2022-08-21 13:07:40] Parsed 1750000 reads...
[2022-08-21 13:07:50] Parsed 1800000 reads...
[2022-08-21 13:08:00] Parsed 1850000 reads...
[2022-08-21 13:08:10] Parsed 1900000 reads...
[2022-08-21 13:08:21] Parsed 1950000 reads...
[2022-08-21 13:08:32] Parsed 2000000 reads...
[2022-08-21 13:08:43] Parsed 2050000 reads...
[2022-08-21 13:08:54] Parsed 2100000 reads...
[2022-08-21 13:09:05] Parsed 2150000 reads...
[2022-08-21 13:09:15] Parsed 2200000 reads...
[2022-08-21 13:09:25] Parsed 2250000 reads...
[2022-08-21 13:09:35] Parsed 2300000 reads...
[2022-08-21 13:09:46] Parsed 2350000 reads...
[2022-08-21 13:09:56] Parsed 2400000 reads...
[2022-08-21 13:10:06] Parsed 2450000 reads...
[2022-08-21 13:10:17] Parsed 2500000 reads...
[2022-08-21 13:10:27] Parsed 2550000 reads...
[2022-08-21 13:10:37] Parsed 2600000 reads...
[2022-08-21 13:10:47] Parsed 2650000 reads...
[2022-08-21 13:10:57] Parsed 2700000 reads...
[2022-08-21 13:11:08] Parsed 2750000 reads...
[2022-08-21 13:11:18] Parsed 2800000 reads...
[2022-08-21 13:11:28] Parsed 2850000 reads...
[2022-08-21 13:11:38] Parsed 2900000 reads...
[2022-08-21 13:11:49] Parsed 2950000 reads...
[2022-08-21 13:11:59] Parsed 3000000 reads...
[2022-08-21 13:12:09] Parsed 3050000 reads...
[2022-08-21 13:12:18] Parsed 3100000 reads...
[2022-08-21 13:12:29] Parsed 3150000 reads...
[2022-08-21 13:12:39] Parsed 3200000 reads...
[2022-08-21 13:12:49] Parsed 3250000 reads...
[2022-08-21 13:12:59] Parsed 3300000 reads...
[2022-08-21 13:13:10] Parsed 3350000 reads...
[2022-08-21 13:13:20] Parsed 3400000 reads...
[2022-08-21 13:13:30] Parsed 3450000 reads...
[2022-08-21 13:13:40] Parsed 3500000 reads...
[2022-08-21 13:13:50] Parsed 3550000 reads...
[2022-08-21 13:14:00] Parsed 3600000 reads...
[2022-08-21 13:14:10] Parsed 3650000 reads...
[2022-08-21 13:14:20] Parsed 3700000 reads...
[2022-08-21 13:14:30] Parsed 3750000 reads...
[2022-08-21 13:14:39] Parsed 3800000 reads...
[2022-08-21 13:14:49] Parsed 3850000 reads...
[2022-08-21 13:14:58] Parsed 3900000 reads...
[2022-08-21 13:15:08] Parsed 3950000 reads...
[2022-08-21 13:15:17] Parsed 4000000 reads...
[2022-08-21 13:15:25] Parsed 4050000 reads...
[2022-08-21 13:15:34] Parsed 4100000 reads...
[2022-08-21 13:15:44] Parsed 4150000 reads...
[2022-08-21 13:15:54] Parsed 4200000 reads...
[2022-08-21 13:16:04] Parsed 4250000 reads...
[2022-08-21 13:16:14] Parsed 4300000 reads...
[2022-08-21 13:16:24] Parsed 4350000 reads...
[2022-08-21 13:16:33] Parsed 4400000 reads...
[2022-08-21 13:16:43] Parsed 4450000 reads...
[2022-08-21 13:16:52] Parsed 4500000 reads...
[2022-08-21 13:17:01] Parsed 4550000 reads...
[2022-08-21 13:17:11] Parsed 4600000 reads...
[2022-08-21 13:17:21] Parsed 4650000 reads...
[2022-08-21 13:17:30] Parsed 4700000 reads...
[2022-08-21 13:17:40] Parsed 4750000 reads...
[2022-08-21 13:17:50] Parsed 4800000 reads...
[2022-08-21 13:18:00] Parsed 4850000 reads...
[2022-08-21 13:18:10] Parsed 4900000 reads...
[2022-08-21 13:18:20] Parsed 4950000 reads...
[2022-08-21 13:18:30] Parsed 5000000 reads...
[2022-08-21 13:18:40] Parsed 5050000 reads...
[2022-08-21 13:18:50] Parsed 5100000 reads...
[2022-08-21 13:18:59] Parsed 5150000 reads...
[2022-08-21 13:19:09] Parsed 5200000 reads...
[2022-08-21 13:19:19] Parsed 5250000 reads...
[2022-08-21 13:19:29] Parsed 5300000 reads...
[2022-08-21 13:19:38] Parsed 5350000 reads...
[2022-08-21 13:19:48] Parsed 5400000 reads...
[2022-08-21 13:19:58] Parsed 5450000 reads...
[2022-08-21 13:20:08] Parsed 5500000 reads...
[2022-08-21 13:20:17] Parsed 5550000 reads...
[2022-08-21 13:20:27] Parsed 5600000 reads...
[2022-08-21 13:20:36] Parsed 5650000 reads...
[2022-08-21 13:20:46] Parsed 5700000 reads...
[2022-08-21 13:20:56] Parsed 5750000 reads...
[2022-08-21 13:21:06] Parsed 5800000 reads...
[2022-08-21 13:21:16] Parsed 5850000 reads...
[2022-08-21 13:21:26] Parsed 5900000 reads...
[2022-08-21 13:21:37] Parsed 5950000 reads...
[2022-08-21 13:21:46] Parsed 6000000 reads...
[2022-08-21 13:21:55] Parsed 6050000 reads...
[2022-08-21 13:22:05] Parsed 6100000 reads...
[2022-08-21 13:22:16] Parsed 6150000 reads...
[2022-08-21 13:22:26] Parsed 6200000 reads...
[2022-08-21 13:22:36] Parsed 6250000 reads...
[2022-08-21 13:22:46] Parsed 6300000 reads...
[2022-08-21 13:22:56] Parsed 6350000 reads...
[2022-08-21 13:23:05] Parsed 6400000 reads...
[2022-08-21 13:23:15] Parsed 6450000 reads...
[2022-08-21 13:23:26] Parsed 6500000 reads...
[2022-08-21 13:23:36] Parsed 6550000 reads...
[2022-08-21 13:23:45] Parsed 6600000 reads...
[2022-08-21 13:23:55] Parsed 6650000 reads...
[2022-08-21 13:24:05] Parsed 6700000 reads...
[2022-08-21 13:24:17] Parsed 6750000 reads...
[2022-08-21 13:24:26] Parsed 6800000 reads...
[2022-08-21 13:24:36] Parsed 6850000 reads...
[2022-08-21 13:24:46] Parsed 6900000 reads...
[2022-08-21 13:24:56] Parsed 6950000 reads...
[2022-08-21 13:25:06] Parsed 7000000 reads...
[2022-08-21 13:25:15] Parsed 7050000 reads...
[2022-08-21 13:25:24] Parsed 7100000 reads...
[2022-08-21 13:25:34] Parsed 7150000 reads...
[2022-08-21 13:25:44] Parsed 7200000 reads...
[2022-08-21 13:25:54] Parsed 7250000 reads...
[2022-08-21 13:26:03] Parsed 7300000 reads...
[2022-08-21 13:26:13] Parsed 7350000 reads...
[2022-08-21 13:26:23] Parsed 7400000 reads...
[2022-08-21 13:26:33] Parsed 7450000 reads...
[2022-08-21 13:26:43] Parsed 7500000 reads...
[2022-08-21 13:26:52] Parsed 7550000 reads...
[2022-08-21 13:27:03] Parsed 7600000 reads...
[2022-08-21 13:27:12] Parsed 7650000 reads...
[2022-08-21 13:27:22] Parsed 7700000 reads...
[2022-08-21 13:27:32] Parsed 7750000 reads...
[2022-08-21 13:27:43] Parsed 7800000 reads...
[2022-08-21 13:27:53] Parsed 7850000 reads...
[2022-08-21 13:28:02] Parsed 7900000 reads...
[2022-08-21 13:28:11] Parsed 7950000 reads...
[2022-08-21 13:28:21] Parsed 8000000 reads...
[2022-08-21 13:28:30] Parsed 8050000 reads...
[2022-08-21 13:28:39] Parsed 8100000 reads...
[2022-08-21 13:28:48] Parsed 8150000 reads...
[2022-08-21 13:28:57] Parsed 8200000 reads...
[2022-08-21 13:29:06] Parsed 8250000 reads...
[2022-08-21 13:29:15] Parsed 8300000 reads...
[2022-08-21 13:29:25] Parsed 8350000 reads...
[2022-08-21 13:29:35] Parsed 8400000 reads...
[2022-08-21 13:29:44] Parsed 8450000 reads...
[2022-08-21 13:29:55] Parsed 8500000 reads...
[2022-08-21 13:30:04] Parsed 8550000 reads...
[2022-08-21 13:30:14] Parsed 8600000 reads...
[2022-08-21 13:30:22] Parsed 8650000 reads...
[2022-08-21 13:30:32] Parsed 8700000 reads...
[2022-08-21 13:30:42] Parsed 8750000 reads...
[2022-08-21 13:30:51] Parsed 8800000 reads...
[2022-08-21 13:31:01] Parsed 8850000 reads...
[2022-08-21 13:31:11] Parsed 8900000 reads...
[2022-08-21 13:31:21] Parsed 8950000 reads...
[2022-08-21 13:31:30] Parsed 9000000 reads...
[2022-08-21 13:31:40] Parsed 9050000 reads...
[2022-08-21 13:31:50] Parsed 9100000 reads...
[2022-08-21 13:32:00] Parsed 9150000 reads...
[2022-08-21 13:32:09] Parsed 9200000 reads...
[2022-08-21 13:32:19] Parsed 9250000 reads...
[2022-08-21 13:32:28] Parsed 9300000 reads...
[2022-08-21 13:32:39] Parsed 9350000 reads...
[2022-08-21 13:32:48] Parsed 9400000 reads...
[2022-08-21 13:32:58] Parsed 9450000 reads...
[2022-08-21 13:33:07] Parsed 9500000 reads...
[2022-08-21 13:33:17] Parsed 9550000 reads...
[2022-08-21 13:33:27] Parsed 9600000 reads...
[2022-08-21 13:33:36] Parsed 9650000 reads...
[2022-08-21 13:33:46] Parsed 9700000 reads...
[2022-08-21 13:33:56] Parsed 9750000 reads...
[2022-08-21 13:34:06] Parsed 9800000 reads...
[2022-08-21 13:34:15] Parsed 9850000 reads...
[2022-08-21 13:34:25] Parsed 9900000 reads...
[2022-08-21 13:34:35] Parsed 9950000 reads...
[2022-08-21 13:34:45] Parsed 10000000 reads...
[2022-08-21 13:34:54] Parsed 10050000 reads...
[2022-08-21 13:35:04] Parsed 10100000 reads...
[2022-08-21 13:35:14] Parsed 10150000 reads...
[2022-08-21 13:35:24] Parsed 10200000 reads...
[2022-08-21 13:35:33] Parsed 10250000 reads...
[2022-08-21 13:35:43] Parsed 10300000 reads...
[2022-08-21 13:35:53] Parsed 10350000 reads...
[2022-08-21 13:36:03] Parsed 10400000 reads...
[2022-08-21 13:36:13] Parsed 10450000 reads...
[2022-08-21 13:36:23] Parsed 10500000 reads...
[2022-08-21 13:36:33] Parsed 10550000 reads...
[2022-08-21 13:36:42] Parsed 10600000 reads...
[2022-08-21 13:36:52] Parsed 10650000 reads...
[2022-08-21 13:37:01] Parsed 10700000 reads...
[2022-08-21 13:37:11] Parsed 10750000 reads...
[2022-08-21 13:37:21] Parsed 10800000 reads...
[2022-08-21 13:37:31] Parsed 10850000 reads...
[2022-08-21 13:37:40] Parsed 10900000 reads...
[2022-08-21 13:37:49] Parsed 10950000 reads...
[2022-08-21 13:37:59] Parsed 11000000 reads...
[2022-08-21 13:38:10] Parsed 11050000 reads...
[2022-08-21 13:38:20] Parsed 11100000 reads...
[2022-08-21 13:38:29] Parsed 11150000 reads...
[2022-08-21 13:38:39] Parsed 11200000 reads...
[2022-08-21 13:38:49] Parsed 11250000 reads...
[2022-08-21 13:38:58] Parsed 11300000 reads...
[2022-08-21 13:39:08] Parsed 11350000 reads...
[2022-08-21 13:39:17] Parsed 11400000 reads...
[2022-08-21 13:39:27] Parsed 11450000 reads...
[2022-08-21 13:39:37] Parsed 11500000 reads...
[2022-08-21 13:39:47] Parsed 11550000 reads...
[2022-08-21 13:39:57] Parsed 11600000 reads...
[2022-08-21 13:40:07] Parsed 11650000 reads...
[2022-08-21 13:40:16] Parsed 11700000 reads...
[2022-08-21 13:40:26] Parsed 11750000 reads...
[2022-08-21 13:40:35] Parsed 11800000 reads...
[2022-08-21 13:40:45] Parsed 11850000 reads...
[2022-08-21 13:40:54] Parsed 11900000 reads...
[2022-08-21 13:41:04] Parsed 11950000 reads...
[2022-08-21 13:41:14] Parsed 12000000 reads...
[2022-08-21 13:41:24] Parsed 12050000 reads...
[2022-08-21 13:41:34] Parsed 12100000 reads...
[2022-08-21 13:41:44] Parsed 12150000 reads...
[2022-08-21 13:41:53] Parsed 12200000 reads...
[2022-08-21 13:42:02] Parsed 12250000 reads...
[2022-08-21 13:42:11] Parsed 12300000 reads...
[2022-08-21 13:42:21] Parsed 12350000 reads...
[2022-08-21 13:42:31] Parsed 12400000 reads...
[2022-08-21 13:42:40] Parsed 12450000 reads...
[2022-08-21 13:42:50] Parsed 12500000 reads...
[2022-08-21 13:43:00] Parsed 12550000 reads...
[2022-08-21 13:43:10] Parsed 12600000 reads...
[2022-08-21 13:43:19] Parsed 12650000 reads...
[2022-08-21 13:43:29] Parsed 12700000 reads...
[2022-08-21 13:43:39] Parsed 12750000 reads...
[2022-08-21 13:43:49] Parsed 12800000 reads...
[2022-08-21 13:43:58] Parsed 12850000 reads...
[2022-08-21 13:44:08] Parsed 12900000 reads...
[2022-08-21 13:44:17] Parsed 12950000 reads...
[2022-08-21 13:44:27] Parsed 13000000 reads...
[2022-08-21 13:44:36] Parsed 13050000 reads...
[2022-08-21 13:44:46] Parsed 13100000 reads...
[2022-08-21 13:44:55] Parsed 13150000 reads...
[2022-08-21 13:45:04] Parsed 13200000 reads...
[2022-08-21 13:45:14] Parsed 13250000 reads...
[2022-08-21 13:45:23] Parsed 13300000 reads...
[2022-08-21 13:45:32] Parsed 13350000 reads...
[2022-08-21 13:45:42] Parsed 13400000 reads...
[2022-08-21 13:45:52] Parsed 13450000 reads...
[2022-08-21 13:46:01] Parsed 13500000 reads...
[2022-08-21 13:46:10] Parsed 13550000 reads...
[2022-08-21 13:46:20] Parsed 13600000 reads...
[2022-08-21 13:46:30] Parsed 13650000 reads...
[2022-08-21 13:46:40] Parsed 13700000 reads...
[2022-08-21 13:46:49] Parsed 13750000 reads...
[2022-08-21 13:46:59] Parsed 13800000 reads...
[2022-08-21 13:47:09] Parsed 13850000 reads...
[2022-08-21 13:47:19] Parsed 13900000 reads...
[2022-08-21 13:47:28] Parsed 13950000 reads...
[2022-08-21 13:47:38] Parsed 14000000 reads...
[2022-08-21 13:47:48] Parsed 14050000 reads...
[2022-08-21 13:47:57] Parsed 14100000 reads...
[2022-08-21 13:48:06] Parsed 14150000 reads...
[2022-08-21 13:48:17] Parsed 14200000 reads...
[2022-08-21 13:48:28] Parsed 14250000 reads...
[2022-08-21 13:48:39] Parsed 14300000 reads...
[2022-08-21 13:48:50] Parsed 14350000 reads...
[2022-08-21 13:49:01] Parsed 14400000 reads...
[2022-08-21 13:49:12] Parsed 14450000 reads...
[2022-08-21 13:49:22] Parsed 14500000 reads...
[2022-08-21 13:49:32] Parsed 14550000 reads...
[2022-08-21 13:49:43] Parsed 14600000 reads...
[2022-08-21 13:49:53] Parsed 14650000 reads...
[2022-08-21 13:50:03] Parsed 14700000 reads...
[2022-08-21 13:50:12] Parsed 14750000 reads...
[2022-08-21 13:50:22] Parsed 14800000 reads...
[2022-08-21 13:50:32] Parsed 14850000 reads...
[2022-08-21 13:50:42] Parsed 14900000 reads...
[2022-08-21 13:50:52] Parsed 14950000 reads...
[2022-08-21 13:51:01] Parsed 15000000 reads...
[2022-08-21 13:51:11] Parsed 15050000 reads...
[2022-08-21 13:51:21] Parsed 15100000 reads...
[2022-08-21 13:51:31] Parsed 15150000 reads...
[2022-08-21 13:51:41] Parsed 15200000 reads...
[2022-08-21 13:51:50] Parsed 15250000 reads...
[2022-08-21 13:51:59] Parsed 15300000 reads...
[2022-08-21 13:52:09] Parsed 15350000 reads...
[2022-08-21 13:52:18] Parsed 15400000 reads...
[2022-08-21 13:52:25] Parsed 15450000 reads...
[2022-08-21 13:52:33] Parsed 15500000 reads...
[2022-08-21 13:52:40] Parsed 15550000 reads...
[2022-08-21 13:52:48] Parsed 15600000 reads...
[2022-08-21 13:52:55] Parsed 15650000 reads...
[2022-08-21 13:53:02] Parsed 15700000 reads...
[2022-08-21 13:53:10] Parsed 15750000 reads...
[2022-08-21 13:53:18] Parsed 15800000 reads...
[2022-08-21 13:53:25] Parsed 15850000 reads...
[2022-08-21 13:53:33] Parsed 15900000 reads...
[2022-08-21 13:53:40] Parsed 15950000 reads...
[2022-08-21 13:53:48] Parsed 16000000 reads...
[2022-08-21 13:53:55] Parsed 16050000 reads...
[2022-08-21 13:54:03] Parsed 16100000 reads...
[2022-08-21 13:54:10] Parsed 16150000 reads...
[2022-08-21 13:54:17] Parsed 16200000 reads...
[2022-08-21 13:54:25] Parsed 16250000 reads...
[2022-08-21 13:54:32] Parsed 16300000 reads...
[2022-08-21 13:54:40] Parsed 16350000 reads...
[2022-08-21 13:54:47] Parsed 16400000 reads...
[2022-08-21 13:54:55] Parsed 16450000 reads...
[2022-08-21 13:55:02] Parsed 16500000 reads...
[2022-08-21 13:55:09] Parsed 16550000 reads...
[2022-08-21 13:55:17] Parsed 16600000 reads...
[2022-08-21 13:55:24] Parsed 16650000 reads...
[2022-08-21 13:55:31] Parsed 16700000 reads...
[2022-08-21 13:55:38] Parsed 16750000 reads...
[2022-08-21 13:55:46] Parsed 16800000 reads...
[2022-08-21 13:55:53] Parsed 16850000 reads...
[2022-08-21 13:56:01] Parsed 16900000 reads...
[2022-08-21 13:56:08] Parsed 16950000 reads...
[2022-08-21 13:56:16] Parsed 17000000 reads...
[2022-08-21 13:56:23] Parsed 17050000 reads...
[2022-08-21 13:56:30] Parsed 17100000 reads...
[2022-08-21 13:56:37] Parsed 17150000 reads...
[2022-08-21 13:56:45] Parsed 17200000 reads...
[2022-08-21 13:56:52] Parsed 17250000 reads...
[2022-08-21 13:57:00] Parsed 17300000 reads...
[2022-08-21 13:57:07] Parsed 17350000 reads...
[2022-08-21 13:57:14] Parsed 17400000 reads...
[2022-08-21 13:57:22] Parsed 17450000 reads...
[2022-08-21 13:57:29] Parsed 17500000 reads...
[2022-08-21 13:57:37] Parsed 17550000 reads...
[2022-08-21 13:57:44] Parsed 17600000 reads...
[2022-08-21 13:57:52] Parsed 17650000 reads...
[2022-08-21 13:57:59] Parsed 17700000 reads...
[2022-08-21 13:58:06] Parsed 17750000 reads...
[2022-08-21 13:58:14] Parsed 17800000 reads...
[2022-08-21 13:58:21] Parsed 17850000 reads...
[2022-08-21 13:58:29] Parsed 17900000 reads...
[2022-08-21 13:58:37] Parsed 17950000 reads...
[2022-08-21 13:58:44] Parsed 18000000 reads...
[2022-08-21 13:58:51] Parsed 18050000 reads...
[2022-08-21 13:58:59] Parsed 18100000 reads...
[2022-08-21 13:59:06] Parsed 18150000 reads...
[2022-08-21 13:59:14] Parsed 18200000 reads...
[2022-08-21 13:59:21] Parsed 18250000 reads...
[2022-08-21 13:59:29] Parsed 18300000 reads...
[2022-08-21 13:59:36] Parsed 18350000 reads...
[2022-08-21 13:59:44] Parsed 18400000 reads...
[2022-08-21 13:59:51] Parsed 18450000 reads...
[2022-08-21 13:59:59] Parsed 18500000 reads...
[2022-08-21 14:00:06] Parsed 18550000 reads...
[2022-08-21 14:00:13] Parsed 18600000 reads...
[2022-08-21 14:00:21] Parsed 18650000 reads...
[2022-08-21 14:00:28] Parsed 18700000 reads...
[2022-08-21 14:00:36] Parsed 18750000 reads...
[2022-08-21 14:00:44] Parsed 18800000 reads...
[2022-08-21 14:00:51] Parsed 18850000 reads...
[2022-08-21 14:00:58] Parsed 18900000 reads...
[2022-08-21 14:01:05] Parsed 18950000 reads...
[2022-08-21 14:01:12] Parsed 19000000 reads...
[2022-08-21 14:01:20] Parsed 19050000 reads...
[2022-08-21 14:01:27] Parsed 19100000 reads...
[2022-08-21 14:01:35] Parsed 19150000 reads...
[2022-08-21 14:01:43] Parsed 19200000 reads...
[2022-08-21 14:01:50] Parsed 19250000 reads...
[2022-08-21 14:01:57] Parsed 19300000 reads...
[2022-08-21 14:02:04] Parsed 19350000 reads...
[2022-08-21 14:02:11] Parsed 19400000 reads...
[2022-08-21 14:02:19] Parsed 19450000 reads...
[2022-08-21 14:02:26] Parsed 19500000 reads...
[2022-08-21 14:02:34] Parsed 19550000 reads...
[2022-08-21 14:02:41] Parsed 19600000 reads...
[2022-08-21 14:02:49] Parsed 19650000 reads...
[2022-08-21 14:02:56] Parsed 19700000 reads...
[2022-08-21 14:03:03] Parsed 19750000 reads...
[2022-08-21 14:03:10] Parsed 19800000 reads...
[2022-08-21 14:03:18] Parsed 19850000 reads...
[2022-08-21 14:03:25] Parsed 19900000 reads...
[2022-08-21 14:03:33] Parsed 19950000 reads...
[2022-08-21 14:03:40] Parsed 20000000 reads...
[2022-08-21 14:03:47] Parsed 20050000 reads...
[2022-08-21 14:03:55] Parsed 20100000 reads...
[2022-08-21 14:04:02] Parsed 20150000 reads...
[2022-08-21 14:04:10] Parsed 20200000 reads...
[2022-08-21 14:04:18] Parsed 20250000 reads...
[2022-08-21 14:04:25] Parsed 20300000 reads...
[2022-08-21 14:04:33] Parsed 20350000 reads...
[2022-08-21 14:04:40] Parsed 20400000 reads...
[2022-08-21 14:04:47] Parsed 20450000 reads...
[2022-08-21 14:04:55] Parsed 20500000 reads...
[2022-08-21 14:05:02] Parsed 20550000 reads...
[2022-08-21 14:05:09] Parsed 20600000 reads...
[2022-08-21 14:05:17] Parsed 20650000 reads...
[2022-08-21 14:05:25] Parsed 20700000 reads...
[2022-08-21 14:05:32] Parsed 20750000 reads...
[2022-08-21 14:05:39] Parsed 20800000 reads...
[2022-08-21 14:05:46] Parsed 20850000 reads...
[2022-08-21 14:05:54] Parsed 20900000 reads...
[2022-08-21 14:06:01] Parsed 20950000 reads...
[2022-08-21 14:06:08] Parsed 21000000 reads...
[2022-08-21 14:06:16] Parsed 21050000 reads...
[2022-08-21 14:06:23] Parsed 21100000 reads...
[2022-08-21 14:06:31] Parsed 21150000 reads...
[2022-08-21 14:06:38] Parsed 21200000 reads...
[2022-08-21 14:06:46] Parsed 21250000 reads...
[2022-08-21 14:06:53] Parsed 21300000 reads...
[2022-08-21 14:07:00] Parsed 21350000 reads...
[2022-08-21 14:07:08] Parsed 21400000 reads...
[2022-08-21 14:07:16] Parsed 21450000 reads...
[2022-08-21 14:07:20] Finished parsing input file
[2022-08-21 14:07:20] - Number of reads: 21484544
[2022-08-21 14:07:20]   - Unmapped: 0
[2022-08-21 14:07:20]   - Mapped: 21484544
[2022-08-21 14:07:21] - Average raw (unclipped) read length: 99.73259236965886
[2022-08-21 14:07:21]   - Unmapped: N/A
[2022-08-21 14:07:21]   - Mapped: 99.73259236965886
[2022-08-21 14:07:21] - Average clipped read length: 96.06902869337138
[2022-08-21 14:07:21]   - Unmapped: N/A
[2022-08-21 14:07:21]   - Mapped: 96.06902869337138
[2022-08-21 14:07:21] - Average insert size: N/A
[2022-08-21 14:07:21] - Average coverage: 66272.2407618155
[2022-08-21 14:07:21] Writing nucleotide counts...
[2022-08-21 14:07:21] Finished writing nucleotide counts
