[2022-08-21 10:08:24] Executing SamBamViz v0.0.9
[2022-08-21 10:08:24] Using 1-based indexing
[2022-08-21 10:08:24] Input file: data/trimmed_bam/SRR13615983.02.trimmed.sorted.bam
[2022-08-21 10:08:24] Output file: data/trimmed_bam/SRR13615983.02.trimmed.sorted.bam.sambamviz.tsv
[2022-08-21 10:08:24] Parsing input file...
[2022-08-21 10:08:32] Parsed 50000 reads...
[2022-08-21 10:08:40] Parsed 100000 reads...
[2022-08-21 10:08:47] Parsed 150000 reads...
[2022-08-21 10:08:53] Finished parsing input file
[2022-08-21 10:08:53] - Number of reads: 186485
[2022-08-21 10:08:53]   - Unmapped: 0
[2022-08-21 10:08:53]   - Mapped: 186485
[2022-08-21 10:08:53] - Average raw (unclipped) read length: 99.42240394669813
[2022-08-21 10:08:53]   - Unmapped: N/A
[2022-08-21 10:08:53]   - Mapped: 99.42240394669813
[2022-08-21 10:08:53] - Average clipped read length: 98.48811968791055
[2022-08-21 10:08:53]   - Unmapped: N/A
[2022-08-21 10:08:53]   - Mapped: 98.48811968791055
[2022-08-21 10:08:53] - Average insert size: N/A
[2022-08-21 10:08:53] - Average coverage: 607.5556150090295
[2022-08-21 10:08:53] Writing nucleotide counts...
[2022-08-21 10:08:53] Finished writing nucleotide counts
