[2022-08-21 13:48:32] Executing SamBamViz v0.0.9
[2022-08-21 13:48:32] Using 1-based indexing
[2022-08-21 13:48:32] Input file: data/trimmed_bam/SRR13616011.02.trimmed.sorted.bam
[2022-08-21 13:48:32] Output file: data/trimmed_bam/SRR13616011.02.trimmed.sorted.bam.sambamviz.tsv
[2022-08-21 13:48:32] Parsing input file...
[2022-08-21 13:48:43] Parsed 50000 reads...
[2022-08-21 13:48:54] Parsed 100000 reads...
[2022-08-21 13:49:05] Parsed 150000 reads...
[2022-08-21 13:49:16] Parsed 200000 reads...
[2022-08-21 13:49:26] Parsed 250000 reads...
[2022-08-21 13:49:37] Parsed 300000 reads...
[2022-08-21 13:49:47] Parsed 350000 reads...
[2022-08-21 13:49:58] Parsed 400000 reads...
[2022-08-21 13:50:07] Parsed 450000 reads...
[2022-08-21 13:50:17] Parsed 500000 reads...
[2022-08-21 13:50:27] Parsed 550000 reads...
[2022-08-21 13:50:38] Parsed 600000 reads...
[2022-08-21 13:50:48] Parsed 650000 reads...
[2022-08-21 13:50:57] Parsed 700000 reads...
[2022-08-21 13:51:08] Parsed 750000 reads...
[2022-08-21 13:51:18] Parsed 800000 reads...
[2022-08-21 13:51:28] Parsed 850000 reads...
[2022-08-21 13:51:38] Parsed 900000 reads...
[2022-08-21 13:51:47] Parsed 950000 reads...
[2022-08-21 13:51:56] Parsed 1000000 reads...
[2022-08-21 13:52:06] Parsed 1050000 reads...
[2022-08-21 13:52:15] Parsed 1100000 reads...
[2022-08-21 13:52:18] Finished parsing input file
[2022-08-21 13:52:18] - Number of reads: 1115402
[2022-08-21 13:52:18]   - Unmapped: 0
[2022-08-21 13:52:18]   - Mapped: 1115402
[2022-08-21 13:52:18] - Average raw (unclipped) read length: 99.73457999896002
[2022-08-21 13:52:18]   - Unmapped: N/A
[2022-08-21 13:52:18]   - Mapped: 99.73457999896002
[2022-08-21 13:52:18] - Average clipped read length: 98.0078357399395
[2022-08-21 13:52:18]   - Unmapped: N/A
[2022-08-21 13:52:18]   - Mapped: 98.0078357399395
[2022-08-21 13:52:18] - Average insert size: N/A
[2022-08-21 13:52:18] - Average coverage: 3598.7721891512274
[2022-08-21 13:52:18] Writing nucleotide counts...
[2022-08-21 13:52:18] Finished writing nucleotide counts
