[2022-08-21 06:12:13] Executing SamBamViz v0.0.9
[2022-08-21 06:12:13] Using 1-based indexing
[2022-08-21 06:12:13] Input file: data/trimmed_bam/SRR13615948.02.trimmed.sorted.bam
[2022-08-21 06:12:13] Output file: data/trimmed_bam/SRR13615948.02.trimmed.sorted.bam.sambamviz.tsv
[2022-08-21 06:12:13] Parsing input file...
[2022-08-21 06:12:19] Parsed 50000 reads...
[2022-08-21 06:12:26] Parsed 100000 reads...
[2022-08-21 06:12:32] Parsed 150000 reads...
[2022-08-21 06:12:39] Parsed 200000 reads...
[2022-08-21 06:12:46] Parsed 250000 reads...
[2022-08-21 06:12:53] Parsed 300000 reads...
[2022-08-21 06:13:00] Parsed 350000 reads...
[2022-08-21 06:13:07] Parsed 400000 reads...
[2022-08-21 06:13:15] Parsed 450000 reads...
[2022-08-21 06:13:22] Parsed 500000 reads...
[2022-08-21 06:13:29] Parsed 550000 reads...
[2022-08-21 06:13:36] Parsed 600000 reads...
[2022-08-21 06:13:44] Parsed 650000 reads...
[2022-08-21 06:13:51] Parsed 700000 reads...
[2022-08-21 06:13:58] Parsed 750000 reads...
[2022-08-21 06:14:06] Parsed 800000 reads...
[2022-08-21 06:14:13] Parsed 850000 reads...
[2022-08-21 06:14:20] Parsed 900000 reads...
[2022-08-21 06:14:28] Parsed 950000 reads...
[2022-08-21 06:14:35] Parsed 1000000 reads...
[2022-08-21 06:14:43] Parsed 1050000 reads...
[2022-08-21 06:14:50] Parsed 1100000 reads...
[2022-08-21 06:14:58] Parsed 1150000 reads...
[2022-08-21 06:15:05] Parsed 1200000 reads...
[2022-08-21 06:15:12] Parsed 1250000 reads...
[2022-08-21 06:15:20] Parsed 1300000 reads...
[2022-08-21 06:15:27] Parsed 1350000 reads...
[2022-08-21 06:15:34] Parsed 1400000 reads...
[2022-08-21 06:15:42] Parsed 1450000 reads...
[2022-08-21 06:15:49] Parsed 1500000 reads...
[2022-08-21 06:15:57] Parsed 1550000 reads...
[2022-08-21 06:16:04] Parsed 1600000 reads...
[2022-08-21 06:16:12] Parsed 1650000 reads...
[2022-08-21 06:16:20] Parsed 1700000 reads...
[2022-08-21 06:16:27] Parsed 1750000 reads...
[2022-08-21 06:16:34] Parsed 1800000 reads...
[2022-08-21 06:16:41] Parsed 1850000 reads...
[2022-08-21 06:16:49] Parsed 1900000 reads...
[2022-08-21 06:16:56] Parsed 1950000 reads...
[2022-08-21 06:17:04] Parsed 2000000 reads...
[2022-08-21 06:17:11] Parsed 2050000 reads...
[2022-08-21 06:17:18] Parsed 2100000 reads...
[2022-08-21 06:17:26] Parsed 2150000 reads...
[2022-08-21 06:17:33] Parsed 2200000 reads...
[2022-08-21 06:17:41] Parsed 2250000 reads...
[2022-08-21 06:17:48] Parsed 2300000 reads...
[2022-08-21 06:17:56] Parsed 2350000 reads...
[2022-08-21 06:18:03] Parsed 2400000 reads...
[2022-08-21 06:18:10] Parsed 2450000 reads...
[2022-08-21 06:18:18] Parsed 2500000 reads...
[2022-08-21 06:18:25] Parsed 2550000 reads...
[2022-08-21 06:18:33] Parsed 2600000 reads...
[2022-08-21 06:18:40] Parsed 2650000 reads...
[2022-08-21 06:18:47] Parsed 2700000 reads...
[2022-08-21 06:18:55] Parsed 2750000 reads...
[2022-08-21 06:19:02] Parsed 2800000 reads...
[2022-08-21 06:19:10] Parsed 2850000 reads...
[2022-08-21 06:19:17] Parsed 2900000 reads...
[2022-08-21 06:19:24] Parsed 2950000 reads...
[2022-08-21 06:19:32] Parsed 3000000 reads...
[2022-08-21 06:19:39] Parsed 3050000 reads...
[2022-08-21 06:19:47] Parsed 3100000 reads...
[2022-08-21 06:19:54] Parsed 3150000 reads...
[2022-08-21 06:20:02] Parsed 3200000 reads...
[2022-08-21 06:20:09] Parsed 3250000 reads...
[2022-08-21 06:20:17] Parsed 3300000 reads...
[2022-08-21 06:20:25] Parsed 3350000 reads...
[2022-08-21 06:20:32] Parsed 3400000 reads...
[2022-08-21 06:20:39] Parsed 3450000 reads...
[2022-08-21 06:20:47] Parsed 3500000 reads...
[2022-08-21 06:20:54] Parsed 3550000 reads...
[2022-08-21 06:21:02] Parsed 3600000 reads...
[2022-08-21 06:21:09] Parsed 3650000 reads...
[2022-08-21 06:21:17] Parsed 3700000 reads...
[2022-08-21 06:21:24] Parsed 3750000 reads...
[2022-08-21 06:21:31] Parsed 3800000 reads...
[2022-08-21 06:21:38] Parsed 3850000 reads...
[2022-08-21 06:21:46] Parsed 3900000 reads...
[2022-08-21 06:21:54] Parsed 3950000 reads...
[2022-08-21 06:22:01] Parsed 4000000 reads...
[2022-08-21 06:22:08] Parsed 4050000 reads...
[2022-08-21 06:22:16] Parsed 4100000 reads...
[2022-08-21 06:22:23] Parsed 4150000 reads...
[2022-08-21 06:22:31] Parsed 4200000 reads...
[2022-08-21 06:22:38] Parsed 4250000 reads...
[2022-08-21 06:22:46] Parsed 4300000 reads...
[2022-08-21 06:22:53] Parsed 4350000 reads...
[2022-08-21 06:23:01] Parsed 4400000 reads...
[2022-08-21 06:23:08] Parsed 4450000 reads...
[2022-08-21 06:23:16] Parsed 4500000 reads...
[2022-08-21 06:23:23] Parsed 4550000 reads...
[2022-08-21 06:23:31] Parsed 4600000 reads...
[2022-08-21 06:23:38] Parsed 4650000 reads...
[2022-08-21 06:23:45] Parsed 4700000 reads...
[2022-08-21 06:23:53] Parsed 4750000 reads...
[2022-08-21 06:24:00] Parsed 4800000 reads...
[2022-08-21 06:24:08] Parsed 4850000 reads...
[2022-08-21 06:24:15] Parsed 4900000 reads...
[2022-08-21 06:24:22] Parsed 4950000 reads...
[2022-08-21 06:24:30] Parsed 5000000 reads...
[2022-08-21 06:24:38] Parsed 5050000 reads...
[2022-08-21 06:24:45] Parsed 5100000 reads...
[2022-08-21 06:24:53] Parsed 5150000 reads...
[2022-08-21 06:25:00] Parsed 5200000 reads...
[2022-08-21 06:25:07] Parsed 5250000 reads...
[2022-08-21 06:25:15] Parsed 5300000 reads...
[2022-08-21 06:25:23] Parsed 5350000 reads...
[2022-08-21 06:25:30] Parsed 5400000 reads...
[2022-08-21 06:25:37] Parsed 5450000 reads...
[2022-08-21 06:25:45] Parsed 5500000 reads...
[2022-08-21 06:25:53] Parsed 5550000 reads...
[2022-08-21 06:26:00] Parsed 5600000 reads...
[2022-08-21 06:26:08] Parsed 5650000 reads...
[2022-08-21 06:26:16] Parsed 5700000 reads...
[2022-08-21 06:26:23] Parsed 5750000 reads...
[2022-08-21 06:26:30] Parsed 5800000 reads...
[2022-08-21 06:26:38] Parsed 5850000 reads...
[2022-08-21 06:26:45] Parsed 5900000 reads...
[2022-08-21 06:26:53] Parsed 5950000 reads...
[2022-08-21 06:27:00] Parsed 6000000 reads...
[2022-08-21 06:27:08] Parsed 6050000 reads...
[2022-08-21 06:27:16] Parsed 6100000 reads...
[2022-08-21 06:27:23] Parsed 6150000 reads...
[2022-08-21 06:27:30] Parsed 6200000 reads...
[2022-08-21 06:27:37] Parsed 6250000 reads...
[2022-08-21 06:27:45] Parsed 6300000 reads...
[2022-08-21 06:27:52] Parsed 6350000 reads...
[2022-08-21 06:27:59] Parsed 6400000 reads...
[2022-08-21 06:28:07] Parsed 6450000 reads...
[2022-08-21 06:28:15] Parsed 6500000 reads...
[2022-08-21 06:28:24] Parsed 6550000 reads...
[2022-08-21 06:28:32] Parsed 6600000 reads...
[2022-08-21 06:28:40] Parsed 6650000 reads...
[2022-08-21 06:28:48] Parsed 6700000 reads...
[2022-08-21 06:28:55] Parsed 6750000 reads...
[2022-08-21 06:29:02] Parsed 6800000 reads...
[2022-08-21 06:29:10] Parsed 6850000 reads...
[2022-08-21 06:29:17] Parsed 6900000 reads...
[2022-08-21 06:29:25] Parsed 6950000 reads...
[2022-08-21 06:29:32] Parsed 7000000 reads...
[2022-08-21 06:29:40] Parsed 7050000 reads...
[2022-08-21 06:29:47] Parsed 7100000 reads...
[2022-08-21 06:29:55] Parsed 7150000 reads...
[2022-08-21 06:30:02] Parsed 7200000 reads...
[2022-08-21 06:30:10] Parsed 7250000 reads...
[2022-08-21 06:30:17] Parsed 7300000 reads...
[2022-08-21 06:30:24] Parsed 7350000 reads...
[2022-08-21 06:30:32] Parsed 7400000 reads...
[2022-08-21 06:30:39] Parsed 7450000 reads...
[2022-08-21 06:30:47] Parsed 7500000 reads...
[2022-08-21 06:30:54] Parsed 7550000 reads...
[2022-08-21 06:31:01] Parsed 7600000 reads...
[2022-08-21 06:31:09] Parsed 7650000 reads...
[2022-08-21 06:31:16] Parsed 7700000 reads...
[2022-08-21 06:31:24] Parsed 7750000 reads...
[2022-08-21 06:31:31] Parsed 7800000 reads...
[2022-08-21 06:31:38] Parsed 7850000 reads...
[2022-08-21 06:31:45] Parsed 7900000 reads...
[2022-08-21 06:31:53] Parsed 7950000 reads...
[2022-08-21 06:32:00] Parsed 8000000 reads...
[2022-08-21 06:32:08] Parsed 8050000 reads...
[2022-08-21 06:32:15] Parsed 8100000 reads...
[2022-08-21 06:32:22] Parsed 8150000 reads...
[2022-08-21 06:32:30] Parsed 8200000 reads...
[2022-08-21 06:32:37] Parsed 8250000 reads...
[2022-08-21 06:32:45] Parsed 8300000 reads...
[2022-08-21 06:32:53] Parsed 8350000 reads...
[2022-08-21 06:33:00] Parsed 8400000 reads...
[2022-08-21 06:33:07] Parsed 8450000 reads...
[2022-08-21 06:33:15] Parsed 8500000 reads...
[2022-08-21 06:33:22] Parsed 8550000 reads...
[2022-08-21 06:33:30] Parsed 8600000 reads...
[2022-08-21 06:33:37] Parsed 8650000 reads...
[2022-08-21 06:33:45] Parsed 8700000 reads...
[2022-08-21 06:33:53] Parsed 8750000 reads...
[2022-08-21 06:34:00] Parsed 8800000 reads...
[2022-08-21 06:34:07] Parsed 8850000 reads...
[2022-08-21 06:34:15] Parsed 8900000 reads...
[2022-08-21 06:34:23] Parsed 8950000 reads...
[2022-08-21 06:34:30] Parsed 9000000 reads...
[2022-08-21 06:34:37] Parsed 9050000 reads...
[2022-08-21 06:34:45] Parsed 9100000 reads...
[2022-08-21 06:34:53] Parsed 9150000 reads...
[2022-08-21 06:35:00] Parsed 9200000 reads...
[2022-08-21 06:35:07] Parsed 9250000 reads...
[2022-08-21 06:35:15] Parsed 9300000 reads...
[2022-08-21 06:35:22] Parsed 9350000 reads...
[2022-08-21 06:35:29] Parsed 9400000 reads...
[2022-08-21 06:35:37] Parsed 9450000 reads...
[2022-08-21 06:35:44] Parsed 9500000 reads...
[2022-08-21 06:35:52] Parsed 9550000 reads...
[2022-08-21 06:35:59] Parsed 9600000 reads...
[2022-08-21 06:36:07] Parsed 9650000 reads...
[2022-08-21 06:36:14] Parsed 9700000 reads...
[2022-08-21 06:36:21] Parsed 9750000 reads...
[2022-08-21 06:36:29] Parsed 9800000 reads...
[2022-08-21 06:36:36] Parsed 9850000 reads...
[2022-08-21 06:36:43] Parsed 9900000 reads...
[2022-08-21 06:36:51] Parsed 9950000 reads...
[2022-08-21 06:36:58] Parsed 10000000 reads...
[2022-08-21 06:37:06] Parsed 10050000 reads...
[2022-08-21 06:37:13] Parsed 10100000 reads...
[2022-08-21 06:37:20] Parsed 10150000 reads...
[2022-08-21 06:37:28] Parsed 10200000 reads...
[2022-08-21 06:37:36] Parsed 10250000 reads...
[2022-08-21 06:37:43] Parsed 10300000 reads...
[2022-08-21 06:37:50] Parsed 10350000 reads...
[2022-08-21 06:37:58] Parsed 10400000 reads...
[2022-08-21 06:38:06] Parsed 10450000 reads...
[2022-08-21 06:38:14] Parsed 10500000 reads...
[2022-08-21 06:38:21] Parsed 10550000 reads...
[2022-08-21 06:38:28] Parsed 10600000 reads...
[2022-08-21 06:38:36] Parsed 10650000 reads...
[2022-08-21 06:38:43] Parsed 10700000 reads...
[2022-08-21 06:38:51] Parsed 10750000 reads...
[2022-08-21 06:38:58] Parsed 10800000 reads...
[2022-08-21 06:39:06] Parsed 10850000 reads...
[2022-08-21 06:39:13] Parsed 10900000 reads...
[2022-08-21 06:39:20] Parsed 10950000 reads...
[2022-08-21 06:39:27] Parsed 11000000 reads...
[2022-08-21 06:39:35] Parsed 11050000 reads...
[2022-08-21 06:39:42] Parsed 11100000 reads...
[2022-08-21 06:39:50] Parsed 11150000 reads...
[2022-08-21 06:39:57] Parsed 11200000 reads...
[2022-08-21 06:40:05] Parsed 11250000 reads...
[2022-08-21 06:40:12] Parsed 11300000 reads...
[2022-08-21 06:40:20] Parsed 11350000 reads...
[2022-08-21 06:40:27] Parsed 11400000 reads...
[2022-08-21 06:40:34] Parsed 11450000 reads...
[2022-08-21 06:40:41] Parsed 11500000 reads...
[2022-08-21 06:40:49] Parsed 11550000 reads...
[2022-08-21 06:40:56] Parsed 11600000 reads...
[2022-08-21 06:41:04] Parsed 11650000 reads...
[2022-08-21 06:41:11] Parsed 11700000 reads...
[2022-08-21 06:41:18] Parsed 11750000 reads...
[2022-08-21 06:41:26] Parsed 11800000 reads...
[2022-08-21 06:41:33] Parsed 11850000 reads...
[2022-08-21 06:41:41] Parsed 11900000 reads...
[2022-08-21 06:41:48] Parsed 11950000 reads...
[2022-08-21 06:41:56] Parsed 12000000 reads...
[2022-08-21 06:42:03] Parsed 12050000 reads...
[2022-08-21 06:42:10] Parsed 12100000 reads...
[2022-08-21 06:42:18] Parsed 12150000 reads...
[2022-08-21 06:42:25] Parsed 12200000 reads...
[2022-08-21 06:42:33] Parsed 12250000 reads...
[2022-08-21 06:42:40] Parsed 12300000 reads...
[2022-08-21 06:42:48] Parsed 12350000 reads...
[2022-08-21 06:42:55] Parsed 12400000 reads...
[2022-08-21 06:43:02] Parsed 12450000 reads...
[2022-08-21 06:43:10] Parsed 12500000 reads...
[2022-08-21 06:43:18] Parsed 12550000 reads...
[2022-08-21 06:43:25] Parsed 12600000 reads...
[2022-08-21 06:43:32] Parsed 12650000 reads...
[2022-08-21 06:43:40] Parsed 12700000 reads...
[2022-08-21 06:43:48] Parsed 12750000 reads...
[2022-08-21 06:43:55] Parsed 12800000 reads...
[2022-08-21 06:44:02] Parsed 12850000 reads...
[2022-08-21 06:44:10] Parsed 12900000 reads...
[2022-08-21 06:44:17] Parsed 12950000 reads...
[2022-08-21 06:44:25] Parsed 13000000 reads...
[2022-08-21 06:44:32] Parsed 13050000 reads...
[2022-08-21 06:44:39] Parsed 13100000 reads...
[2022-08-21 06:44:47] Parsed 13150000 reads...
[2022-08-21 06:44:55] Parsed 13200000 reads...
[2022-08-21 06:45:02] Parsed 13250000 reads...
[2022-08-21 06:45:09] Parsed 13300000 reads...
[2022-08-21 06:45:16] Parsed 13350000 reads...
[2022-08-21 06:45:24] Parsed 13400000 reads...
[2022-08-21 06:45:32] Parsed 13450000 reads...
[2022-08-21 06:45:39] Parsed 13500000 reads...
[2022-08-21 06:45:47] Parsed 13550000 reads...
[2022-08-21 06:45:54] Parsed 13600000 reads...
[2022-08-21 06:46:01] Parsed 13650000 reads...
[2022-08-21 06:46:08] Parsed 13700000 reads...
[2022-08-21 06:46:15] Parsed 13750000 reads...
[2022-08-21 06:46:23] Parsed 13800000 reads...
[2022-08-21 06:46:30] Parsed 13850000 reads...
[2022-08-21 06:46:37] Parsed 13900000 reads...
[2022-08-21 06:46:44] Parsed 13950000 reads...
[2022-08-21 06:46:52] Parsed 14000000 reads...
[2022-08-21 06:46:59] Parsed 14050000 reads...
[2022-08-21 06:47:06] Parsed 14100000 reads...
[2022-08-21 06:47:14] Parsed 14150000 reads...
[2022-08-21 06:47:24] Parsed 14200000 reads...
[2022-08-21 06:47:33] Parsed 14250000 reads...
[2022-08-21 06:47:41] Parsed 14300000 reads...
[2022-08-21 06:47:50] Parsed 14350000 reads...
[2022-08-21 06:47:59] Parsed 14400000 reads...
[2022-08-21 06:48:08] Parsed 14450000 reads...
[2022-08-21 06:48:18] Parsed 14500000 reads...
[2022-08-21 06:48:29] Parsed 14550000 reads...
[2022-08-21 06:48:39] Parsed 14600000 reads...
[2022-08-21 06:48:48] Parsed 14650000 reads...
[2022-08-21 06:48:57] Parsed 14700000 reads...
[2022-08-21 06:49:07] Parsed 14750000 reads...
[2022-08-21 06:49:15] Parsed 14800000 reads...
[2022-08-21 06:49:24] Parsed 14850000 reads...
[2022-08-21 06:49:33] Parsed 14900000 reads...
[2022-08-21 06:49:42] Parsed 14950000 reads...
[2022-08-21 06:49:51] Parsed 15000000 reads...
[2022-08-21 06:50:00] Parsed 15050000 reads...
[2022-08-21 06:50:09] Parsed 15100000 reads...
[2022-08-21 06:50:18] Parsed 15150000 reads...
[2022-08-21 06:50:27] Parsed 15200000 reads...
[2022-08-21 06:50:36] Parsed 15250000 reads...
[2022-08-21 06:50:45] Parsed 15300000 reads...
[2022-08-21 06:50:54] Parsed 15350000 reads...
[2022-08-21 06:51:03] Parsed 15400000 reads...
[2022-08-21 06:51:12] Parsed 15450000 reads...
[2022-08-21 06:51:21] Parsed 15500000 reads...
[2022-08-21 06:51:31] Parsed 15550000 reads...
[2022-08-21 06:51:39] Parsed 15600000 reads...
[2022-08-21 06:51:48] Parsed 15650000 reads...
[2022-08-21 06:51:57] Parsed 15700000 reads...
[2022-08-21 06:52:06] Parsed 15750000 reads...
[2022-08-21 06:52:15] Parsed 15800000 reads...
[2022-08-21 06:52:24] Parsed 15850000 reads...
[2022-08-21 06:52:33] Parsed 15900000 reads...
[2022-08-21 06:52:42] Parsed 15950000 reads...
[2022-08-21 06:52:52] Parsed 16000000 reads...
[2022-08-21 06:53:01] Parsed 16050000 reads...
[2022-08-21 06:53:09] Parsed 16100000 reads...
[2022-08-21 06:53:19] Parsed 16150000 reads...
[2022-08-21 06:53:27] Parsed 16200000 reads...
[2022-08-21 06:53:37] Parsed 16250000 reads...
[2022-08-21 06:53:46] Parsed 16300000 reads...
[2022-08-21 06:53:55] Parsed 16350000 reads...
[2022-08-21 06:54:04] Parsed 16400000 reads...
[2022-08-21 06:54:13] Parsed 16450000 reads...
[2022-08-21 06:54:21] Parsed 16500000 reads...
[2022-08-21 06:54:30] Parsed 16550000 reads...
[2022-08-21 06:54:39] Parsed 16600000 reads...
[2022-08-21 06:54:48] Parsed 16650000 reads...
[2022-08-21 06:54:55] Parsed 16700000 reads...
[2022-08-21 06:55:04] Parsed 16750000 reads...
[2022-08-21 06:55:13] Parsed 16800000 reads...
[2022-08-21 06:55:22] Parsed 16850000 reads...
[2022-08-21 06:55:30] Parsed 16900000 reads...
[2022-08-21 06:55:38] Parsed 16950000 reads...
[2022-08-21 06:55:47] Parsed 17000000 reads...
[2022-08-21 06:55:56] Parsed 17050000 reads...
[2022-08-21 06:56:05] Parsed 17100000 reads...
[2022-08-21 06:56:14] Parsed 17150000 reads...
[2022-08-21 06:56:23] Parsed 17200000 reads...
[2022-08-21 06:56:32] Parsed 17250000 reads...
[2022-08-21 06:56:41] Parsed 17300000 reads...
[2022-08-21 06:56:49] Parsed 17350000 reads...
[2022-08-21 06:56:57] Parsed 17400000 reads...
[2022-08-21 06:57:04] Parsed 17450000 reads...
[2022-08-21 06:57:12] Parsed 17500000 reads...
[2022-08-21 06:57:19] Parsed 17550000 reads...
[2022-08-21 06:57:27] Parsed 17600000 reads...
[2022-08-21 06:57:34] Parsed 17650000 reads...
[2022-08-21 06:57:42] Parsed 17700000 reads...
[2022-08-21 06:57:49] Parsed 17750000 reads...
[2022-08-21 06:57:57] Parsed 17800000 reads...
[2022-08-21 06:58:04] Parsed 17850000 reads...
[2022-08-21 06:58:12] Parsed 17900000 reads...
[2022-08-21 06:58:20] Parsed 17950000 reads...
[2022-08-21 06:58:28] Parsed 18000000 reads...
[2022-08-21 06:58:35] Parsed 18050000 reads...
[2022-08-21 06:58:43] Parsed 18100000 reads...
[2022-08-21 06:58:50] Parsed 18150000 reads...
[2022-08-21 06:58:57] Parsed 18200000 reads...
[2022-08-21 06:59:05] Parsed 18250000 reads...
[2022-08-21 06:59:12] Parsed 18300000 reads...
[2022-08-21 06:59:19] Parsed 18350000 reads...
[2022-08-21 06:59:26] Parsed 18400000 reads...
[2022-08-21 06:59:34] Parsed 18450000 reads...
[2022-08-21 06:59:41] Parsed 18500000 reads...
[2022-08-21 06:59:48] Parsed 18550000 reads...
[2022-08-21 06:59:55] Parsed 18600000 reads...
[2022-08-21 07:00:03] Parsed 18650000 reads...
[2022-08-21 07:00:11] Parsed 18700000 reads...
[2022-08-21 07:00:18] Parsed 18750000 reads...
[2022-08-21 07:00:26] Parsed 18800000 reads...
[2022-08-21 07:00:33] Parsed 18850000 reads...
[2022-08-21 07:00:40] Parsed 18900000 reads...
[2022-08-21 07:00:47] Parsed 18950000 reads...
[2022-08-21 07:00:54] Parsed 19000000 reads...
[2022-08-21 07:01:01] Parsed 19050000 reads...
[2022-08-21 07:01:09] Parsed 19100000 reads...
[2022-08-21 07:01:16] Parsed 19150000 reads...
[2022-08-21 07:01:24] Parsed 19200000 reads...
[2022-08-21 07:01:31] Parsed 19250000 reads...
[2022-08-21 07:01:38] Parsed 19300000 reads...
[2022-08-21 07:01:46] Parsed 19350000 reads...
[2022-08-21 07:01:53] Parsed 19400000 reads...
[2022-08-21 07:02:00] Parsed 19450000 reads...
[2022-08-21 07:02:07] Parsed 19500000 reads...
[2022-08-21 07:02:15] Parsed 19550000 reads...
[2022-08-21 07:02:23] Parsed 19600000 reads...
[2022-08-21 07:02:30] Parsed 19650000 reads...
[2022-08-21 07:02:37] Parsed 19700000 reads...
[2022-08-21 07:02:44] Parsed 19750000 reads...
[2022-08-21 07:02:51] Parsed 19800000 reads...
[2022-08-21 07:02:59] Parsed 19850000 reads...
[2022-08-21 07:03:07] Parsed 19900000 reads...
[2022-08-21 07:03:14] Parsed 19950000 reads...
[2022-08-21 07:03:22] Parsed 20000000 reads...
[2022-08-21 07:03:29] Parsed 20050000 reads...
[2022-08-21 07:03:36] Parsed 20100000 reads...
[2022-08-21 07:03:44] Parsed 20150000 reads...
[2022-08-21 07:03:50] Parsed 20200000 reads...
[2022-08-21 07:03:58] Parsed 20250000 reads...
[2022-08-21 07:04:05] Parsed 20300000 reads...
[2022-08-21 07:04:12] Parsed 20350000 reads...
[2022-08-21 07:04:19] Parsed 20400000 reads...
[2022-08-21 07:04:27] Parsed 20450000 reads...
[2022-08-21 07:04:34] Parsed 20500000 reads...
[2022-08-21 07:04:42] Parsed 20550000 reads...
[2022-08-21 07:04:49] Parsed 20600000 reads...
[2022-08-21 07:04:56] Parsed 20650000 reads...
[2022-08-21 07:05:04] Parsed 20700000 reads...
[2022-08-21 07:05:12] Parsed 20750000 reads...
[2022-08-21 07:05:19] Parsed 20800000 reads...
[2022-08-21 07:05:27] Parsed 20850000 reads...
[2022-08-21 07:05:34] Parsed 20900000 reads...
[2022-08-21 07:05:42] Parsed 20950000 reads...
[2022-08-21 07:05:49] Parsed 21000000 reads...
[2022-08-21 07:05:57] Parsed 21050000 reads...
[2022-08-21 07:06:04] Parsed 21100000 reads...
[2022-08-21 07:06:12] Parsed 21150000 reads...
[2022-08-21 07:06:19] Parsed 21200000 reads...
[2022-08-21 07:06:26] Parsed 21250000 reads...
[2022-08-21 07:06:34] Parsed 21300000 reads...
[2022-08-21 07:06:41] Parsed 21350000 reads...
[2022-08-21 07:06:49] Parsed 21400000 reads...
[2022-08-21 07:06:56] Parsed 21450000 reads...
[2022-08-21 07:07:03] Parsed 21500000 reads...
[2022-08-21 07:07:10] Parsed 21550000 reads...
[2022-08-21 07:07:18] Parsed 21600000 reads...
[2022-08-21 07:07:25] Parsed 21650000 reads...
[2022-08-21 07:07:32] Parsed 21700000 reads...
[2022-08-21 07:07:39] Parsed 21750000 reads...
[2022-08-21 07:07:46] Parsed 21800000 reads...
[2022-08-21 07:07:54] Parsed 21850000 reads...
[2022-08-21 07:08:01] Parsed 21900000 reads...
[2022-08-21 07:08:08] Parsed 21950000 reads...
[2022-08-21 07:08:16] Parsed 22000000 reads...
[2022-08-21 07:08:24] Parsed 22050000 reads...
[2022-08-21 07:08:32] Parsed 22100000 reads...
[2022-08-21 07:08:40] Parsed 22150000 reads...
[2022-08-21 07:08:47] Parsed 22200000 reads...
[2022-08-21 07:08:55] Parsed 22250000 reads...
[2022-08-21 07:09:02] Parsed 22300000 reads...
[2022-08-21 07:09:09] Parsed 22350000 reads...
[2022-08-21 07:09:17] Parsed 22400000 reads...
[2022-08-21 07:09:24] Parsed 22450000 reads...
[2022-08-21 07:09:31] Parsed 22500000 reads...
[2022-08-21 07:09:38] Parsed 22550000 reads...
[2022-08-21 07:09:45] Parsed 22600000 reads...
[2022-08-21 07:09:53] Parsed 22650000 reads...
[2022-08-21 07:10:00] Parsed 22700000 reads...
[2022-08-21 07:10:07] Parsed 22750000 reads...
[2022-08-21 07:10:14] Parsed 22800000 reads...
[2022-08-21 07:10:21] Parsed 22850000 reads...
[2022-08-21 07:10:29] Parsed 22900000 reads...
[2022-08-21 07:10:36] Parsed 22950000 reads...
[2022-08-21 07:10:43] Parsed 23000000 reads...
[2022-08-21 07:10:51] Parsed 23050000 reads...
[2022-08-21 07:10:58] Parsed 23100000 reads...
[2022-08-21 07:11:05] Parsed 23150000 reads...
[2022-08-21 07:11:12] Parsed 23200000 reads...
[2022-08-21 07:11:20] Parsed 23250000 reads...
[2022-08-21 07:11:27] Parsed 23300000 reads...
[2022-08-21 07:11:34] Parsed 23350000 reads...
[2022-08-21 07:11:41] Parsed 23400000 reads...
[2022-08-21 07:11:49] Parsed 23450000 reads...
[2022-08-21 07:11:56] Parsed 23500000 reads...
[2022-08-21 07:12:03] Parsed 23550000 reads...
[2022-08-21 07:12:10] Parsed 23600000 reads...
[2022-08-21 07:12:18] Parsed 23650000 reads...
[2022-08-21 07:12:25] Parsed 23700000 reads...
[2022-08-21 07:12:32] Parsed 23750000 reads...
[2022-08-21 07:12:39] Parsed 23800000 reads...
[2022-08-21 07:12:45] Parsed 23850000 reads...
[2022-08-21 07:12:52] Parsed 23900000 reads...
[2022-08-21 07:13:00] Parsed 23950000 reads...
[2022-08-21 07:13:07] Parsed 24000000 reads...
[2022-08-21 07:13:15] Parsed 24050000 reads...
[2022-08-21 07:13:22] Parsed 24100000 reads...
[2022-08-21 07:13:29] Parsed 24150000 reads...
[2022-08-21 07:13:37] Parsed 24200000 reads...
[2022-08-21 07:13:44] Parsed 24250000 reads...
[2022-08-21 07:13:52] Parsed 24300000 reads...
[2022-08-21 07:13:59] Parsed 24350000 reads...
[2022-08-21 07:14:07] Parsed 24400000 reads...
[2022-08-21 07:14:14] Parsed 24450000 reads...
[2022-08-21 07:14:21] Parsed 24500000 reads...
[2022-08-21 07:14:28] Parsed 24550000 reads...
[2022-08-21 07:14:36] Parsed 24600000 reads...
[2022-08-21 07:14:43] Parsed 24650000 reads...
[2022-08-21 07:14:50] Parsed 24700000 reads...
[2022-08-21 07:14:58] Parsed 24750000 reads...
[2022-08-21 07:15:05] Parsed 24800000 reads...
[2022-08-21 07:15:12] Parsed 24850000 reads...
[2022-08-21 07:15:20] Parsed 24900000 reads...
[2022-08-21 07:15:27] Parsed 24950000 reads...
[2022-08-21 07:15:34] Parsed 25000000 reads...
[2022-08-21 07:15:42] Parsed 25050000 reads...
[2022-08-21 07:15:49] Parsed 25100000 reads...
[2022-08-21 07:15:57] Parsed 25150000 reads...
[2022-08-21 07:16:04] Parsed 25200000 reads...
[2022-08-21 07:16:11] Parsed 25250000 reads...
[2022-08-21 07:16:18] Parsed 25300000 reads...
[2022-08-21 07:16:26] Parsed 25350000 reads...
[2022-08-21 07:16:33] Parsed 25400000 reads...
[2022-08-21 07:16:40] Parsed 25450000 reads...
[2022-08-21 07:16:48] Parsed 25500000 reads...
[2022-08-21 07:16:55] Parsed 25550000 reads...
[2022-08-21 07:17:02] Parsed 25600000 reads...
[2022-08-21 07:17:09] Parsed 25650000 reads...
[2022-08-21 07:17:17] Parsed 25700000 reads...
[2022-08-21 07:17:24] Parsed 25750000 reads...
[2022-08-21 07:17:31] Parsed 25800000 reads...
[2022-08-21 07:17:39] Parsed 25850000 reads...
[2022-08-21 07:17:46] Parsed 25900000 reads...
[2022-08-21 07:17:54] Parsed 25950000 reads...
[2022-08-21 07:18:01] Parsed 26000000 reads...
[2022-08-21 07:18:08] Parsed 26050000 reads...
[2022-08-21 07:18:15] Parsed 26100000 reads...
[2022-08-21 07:18:23] Parsed 26150000 reads...
[2022-08-21 07:18:31] Parsed 26200000 reads...
[2022-08-21 07:18:38] Parsed 26250000 reads...
[2022-08-21 07:18:45] Parsed 26300000 reads...
[2022-08-21 07:18:52] Parsed 26350000 reads...
[2022-08-21 07:18:59] Parsed 26400000 reads...
[2022-08-21 07:19:07] Parsed 26450000 reads...
[2022-08-21 07:19:14] Parsed 26500000 reads...
[2022-08-21 07:19:21] Parsed 26550000 reads...
[2022-08-21 07:19:28] Parsed 26600000 reads...
[2022-08-21 07:19:36] Parsed 26650000 reads...
[2022-08-21 07:19:43] Parsed 26700000 reads...
[2022-08-21 07:19:50] Parsed 26750000 reads...
[2022-08-21 07:19:58] Parsed 26800000 reads...
[2022-08-21 07:20:05] Parsed 26850000 reads...
[2022-08-21 07:20:12] Parsed 26900000 reads...
[2022-08-21 07:20:19] Parsed 26950000 reads...
[2022-08-21 07:20:27] Parsed 27000000 reads...
[2022-08-21 07:20:34] Parsed 27050000 reads...
[2022-08-21 07:20:41] Parsed 27100000 reads...
[2022-08-21 07:20:49] Parsed 27150000 reads...
[2022-08-21 07:20:56] Parsed 27200000 reads...
[2022-08-21 07:21:03] Parsed 27250000 reads...
[2022-08-21 07:21:10] Parsed 27300000 reads...
[2022-08-21 07:21:18] Parsed 27350000 reads...
[2022-08-21 07:21:25] Parsed 27400000 reads...
[2022-08-21 07:21:32] Parsed 27450000 reads...
[2022-08-21 07:21:40] Parsed 27500000 reads...
[2022-08-21 07:21:47] Parsed 27550000 reads...
[2022-08-21 07:21:55] Parsed 27600000 reads...
[2022-08-21 07:22:02] Parsed 27650000 reads...
[2022-08-21 07:22:09] Parsed 27700000 reads...
[2022-08-21 07:22:16] Parsed 27750000 reads...
[2022-08-21 07:22:24] Parsed 27800000 reads...
[2022-08-21 07:22:31] Parsed 27850000 reads...
[2022-08-21 07:22:38] Parsed 27900000 reads...
[2022-08-21 07:22:46] Parsed 27950000 reads...
[2022-08-21 07:22:53] Parsed 28000000 reads...
[2022-08-21 07:23:01] Parsed 28050000 reads...
[2022-08-21 07:23:08] Parsed 28100000 reads...
[2022-08-21 07:23:16] Parsed 28150000 reads...
[2022-08-21 07:23:23] Parsed 28200000 reads...
[2022-08-21 07:23:30] Parsed 28250000 reads...
[2022-08-21 07:23:38] Parsed 28300000 reads...
[2022-08-21 07:23:45] Parsed 28350000 reads...
[2022-08-21 07:23:52] Parsed 28400000 reads...
[2022-08-21 07:24:00] Parsed 28450000 reads...
[2022-08-21 07:24:07] Parsed 28500000 reads...
[2022-08-21 07:24:14] Parsed 28550000 reads...
[2022-08-21 07:24:22] Parsed 28600000 reads...
[2022-08-21 07:24:29] Parsed 28650000 reads...
[2022-08-21 07:24:36] Parsed 28700000 reads...
[2022-08-21 07:24:44] Parsed 28750000 reads...
[2022-08-21 07:24:51] Parsed 28800000 reads...
[2022-08-21 07:24:58] Parsed 28850000 reads...
[2022-08-21 07:25:06] Parsed 28900000 reads...
[2022-08-21 07:25:13] Parsed 28950000 reads...
[2022-08-21 07:25:20] Parsed 29000000 reads...
[2022-08-21 07:25:27] Parsed 29050000 reads...
[2022-08-21 07:25:35] Parsed 29100000 reads...
[2022-08-21 07:25:42] Parsed 29150000 reads...
[2022-08-21 07:25:49] Parsed 29200000 reads...
[2022-08-21 07:25:57] Parsed 29250000 reads...
[2022-08-21 07:26:04] Parsed 29300000 reads...
[2022-08-21 07:26:12] Parsed 29350000 reads...
[2022-08-21 07:26:19] Parsed 29400000 reads...
[2022-08-21 07:26:27] Parsed 29450000 reads...
[2022-08-21 07:26:34] Parsed 29500000 reads...
[2022-08-21 07:26:41] Parsed 29550000 reads...
[2022-08-21 07:26:49] Parsed 29600000 reads...
[2022-08-21 07:26:56] Parsed 29650000 reads...
[2022-08-21 07:27:04] Parsed 29700000 reads...
[2022-08-21 07:27:11] Parsed 29750000 reads...
[2022-08-21 07:27:19] Parsed 29800000 reads...
[2022-08-21 07:27:26] Parsed 29850000 reads...
[2022-08-21 07:27:33] Parsed 29900000 reads...
[2022-08-21 07:27:41] Parsed 29950000 reads...
[2022-08-21 07:27:49] Parsed 30000000 reads...
[2022-08-21 07:27:56] Parsed 30050000 reads...
[2022-08-21 07:28:03] Parsed 30100000 reads...
[2022-08-21 07:28:10] Parsed 30150000 reads...
[2022-08-21 07:28:19] Parsed 30200000 reads...
[2022-08-21 07:28:27] Parsed 30250000 reads...
[2022-08-21 07:28:35] Parsed 30300000 reads...
[2022-08-21 07:28:42] Parsed 30350000 reads...
[2022-08-21 07:28:50] Parsed 30400000 reads...
[2022-08-21 07:28:57] Parsed 30450000 reads...
[2022-08-21 07:29:04] Parsed 30500000 reads...
[2022-08-21 07:29:11] Parsed 30550000 reads...
[2022-08-21 07:29:19] Parsed 30600000 reads...
[2022-08-21 07:29:26] Parsed 30650000 reads...
[2022-08-21 07:29:33] Parsed 30700000 reads...
[2022-08-21 07:29:41] Parsed 30750000 reads...
[2022-08-21 07:29:48] Parsed 30800000 reads...
[2022-08-21 07:29:55] Parsed 30850000 reads...
[2022-08-21 07:30:03] Parsed 30900000 reads...
[2022-08-21 07:30:10] Parsed 30950000 reads...
[2022-08-21 07:30:18] Parsed 31000000 reads...
[2022-08-21 07:30:25] Parsed 31050000 reads...
[2022-08-21 07:30:32] Parsed 31100000 reads...
[2022-08-21 07:30:39] Parsed 31150000 reads...
[2022-08-21 07:30:47] Parsed 31200000 reads...
[2022-08-21 07:30:55] Parsed 31250000 reads...
[2022-08-21 07:31:02] Parsed 31300000 reads...
[2022-08-21 07:31:10] Parsed 31350000 reads...
[2022-08-21 07:31:17] Parsed 31400000 reads...
[2022-08-21 07:31:24] Parsed 31450000 reads...
[2022-08-21 07:31:32] Parsed 31500000 reads...
[2022-08-21 07:31:39] Parsed 31550000 reads...
[2022-08-21 07:31:46] Parsed 31600000 reads...
[2022-08-21 07:31:54] Parsed 31650000 reads...
[2022-08-21 07:32:01] Parsed 31700000 reads...
[2022-08-21 07:32:09] Parsed 31750000 reads...
[2022-08-21 07:32:16] Parsed 31800000 reads...
[2022-08-21 07:32:23] Parsed 31850000 reads...
[2022-08-21 07:32:30] Parsed 31900000 reads...
[2022-08-21 07:32:37] Parsed 31950000 reads...
[2022-08-21 07:32:44] Parsed 32000000 reads...
[2022-08-21 07:32:52] Parsed 32050000 reads...
[2022-08-21 07:32:59] Parsed 32100000 reads...
[2022-08-21 07:33:07] Parsed 32150000 reads...
[2022-08-21 07:33:14] Parsed 32200000 reads...
[2022-08-21 07:33:21] Parsed 32250000 reads...
[2022-08-21 07:33:28] Parsed 32300000 reads...
[2022-08-21 07:33:35] Parsed 32350000 reads...
[2022-08-21 07:33:43] Parsed 32400000 reads...
[2022-08-21 07:33:52] Parsed 32450000 reads...
[2022-08-21 07:34:08] Parsed 32500000 reads...
[2022-08-21 07:34:19] Parsed 32550000 reads...
[2022-08-21 07:34:30] Parsed 32600000 reads...
[2022-08-21 07:34:38] Parsed 32650000 reads...
[2022-08-21 07:34:45] Parsed 32700000 reads...
[2022-08-21 07:34:54] Parsed 32750000 reads...
[2022-08-21 07:35:02] Parsed 32800000 reads...
[2022-08-21 07:35:09] Parsed 32850000 reads...
[2022-08-21 07:35:17] Parsed 32900000 reads...
[2022-08-21 07:35:25] Parsed 32950000 reads...
[2022-08-21 07:35:33] Parsed 33000000 reads...
[2022-08-21 07:35:41] Parsed 33050000 reads...
[2022-08-21 07:35:49] Parsed 33100000 reads...
[2022-08-21 07:35:58] Parsed 33150000 reads...
[2022-08-21 07:36:06] Parsed 33200000 reads...
[2022-08-21 07:36:14] Parsed 33250000 reads...
[2022-08-21 07:36:22] Parsed 33300000 reads...
[2022-08-21 07:36:32] Parsed 33350000 reads...
[2022-08-21 07:36:43] Parsed 33400000 reads...
[2022-08-21 07:36:52] Parsed 33450000 reads...
[2022-08-21 07:37:02] Parsed 33500000 reads...
[2022-08-21 07:37:10] Parsed 33550000 reads...
[2022-08-21 07:37:20] Parsed 33600000 reads...
[2022-08-21 07:37:29] Parsed 33650000 reads...
[2022-08-21 07:37:37] Parsed 33700000 reads...
[2022-08-21 07:37:45] Parsed 33750000 reads...
[2022-08-21 07:37:54] Parsed 33800000 reads...
[2022-08-21 07:38:03] Parsed 33850000 reads...
[2022-08-21 07:38:11] Parsed 33900000 reads...
[2022-08-21 07:38:21] Parsed 33950000 reads...
[2022-08-21 07:38:30] Parsed 34000000 reads...
[2022-08-21 07:38:40] Parsed 34050000 reads...
[2022-08-21 07:38:48] Parsed 34100000 reads...
[2022-08-21 07:38:57] Parsed 34150000 reads...
[2022-08-21 07:39:06] Parsed 34200000 reads...
[2022-08-21 07:39:15] Parsed 34250000 reads...
[2022-08-21 07:39:24] Parsed 34300000 reads...
[2022-08-21 07:39:33] Parsed 34350000 reads...
[2022-08-21 07:39:42] Parsed 34400000 reads...
[2022-08-21 07:39:51] Parsed 34450000 reads...
[2022-08-21 07:40:00] Parsed 34500000 reads...
[2022-08-21 07:40:08] Parsed 34550000 reads...
[2022-08-21 07:40:16] Parsed 34600000 reads...
[2022-08-21 07:40:25] Parsed 34650000 reads...
[2022-08-21 07:40:34] Parsed 34700000 reads...
[2022-08-21 07:40:43] Parsed 34750000 reads...
[2022-08-21 07:40:52] Parsed 34800000 reads...
[2022-08-21 07:41:01] Parsed 34850000 reads...
[2022-08-21 07:41:09] Parsed 34900000 reads...
[2022-08-21 07:41:18] Parsed 34950000 reads...
[2022-08-21 07:41:26] Parsed 35000000 reads...
[2022-08-21 07:41:35] Parsed 35050000 reads...
[2022-08-21 07:41:44] Parsed 35100000 reads...
[2022-08-21 07:41:53] Parsed 35150000 reads...
[2022-08-21 07:41:56] Finished parsing input file
[2022-08-21 07:41:56] - Number of reads: 35167773
[2022-08-21 07:41:56]   - Unmapped: 0
[2022-08-21 07:41:56]   - Mapped: 35167773
[2022-08-21 07:41:56] - Average raw (unclipped) read length: 99.78559572140095
[2022-08-21 07:41:56]   - Unmapped: N/A
[2022-08-21 07:41:56]   - Mapped: 99.78559572140095
[2022-08-21 07:41:57] - Average clipped read length: 96.03071229446346
[2022-08-21 07:41:57]   - Unmapped: N/A
[2022-08-21 07:41:57]   - Mapped: 96.03071229446346
[2022-08-21 07:41:57] - Average insert size: N/A
[2022-08-21 07:41:57] - Average coverage: 109458.73480238079
[2022-08-21 07:41:57] Writing nucleotide counts...
[2022-08-21 07:41:57] Finished writing nucleotide counts
