[2022-08-21 13:46:34] Executing SamBamViz v0.0.9
[2022-08-21 13:46:34] Using 1-based indexing
[2022-08-21 13:46:34] Input file: data/trimmed_bam/SRR13616010.02.trimmed.sorted.bam
[2022-08-21 13:46:34] Output file: data/trimmed_bam/SRR13616010.02.trimmed.sorted.bam.sambamviz.tsv
[2022-08-21 13:46:34] Parsing input file...
[2022-08-21 13:46:43] Parsed 50000 reads...
[2022-08-21 13:46:52] Parsed 100000 reads...
[2022-08-21 13:47:02] Parsed 150000 reads...
[2022-08-21 13:47:12] Parsed 200000 reads...
[2022-08-21 13:47:21] Parsed 250000 reads...
[2022-08-21 13:47:30] Parsed 300000 reads...
[2022-08-21 13:47:40] Parsed 350000 reads...
[2022-08-21 13:47:49] Parsed 400000 reads...
[2022-08-21 13:47:58] Parsed 450000 reads...
[2022-08-21 13:48:08] Parsed 500000 reads...
[2022-08-21 13:48:19] Parsed 550000 reads...
[2022-08-21 13:48:30] Parsed 600000 reads...
[2022-08-21 13:48:32] Finished parsing input file
[2022-08-21 13:48:32] - Number of reads: 608214
[2022-08-21 13:48:32]   - Unmapped: 0
[2022-08-21 13:48:32]   - Mapped: 608214
[2022-08-21 13:48:32] - Average raw (unclipped) read length: 99.77670523861667
[2022-08-21 13:48:32]   - Unmapped: N/A
[2022-08-21 13:48:32]   - Mapped: 99.77670523861667
[2022-08-21 13:48:32] - Average clipped read length: 95.61171232493827
[2022-08-21 13:48:32]   - Unmapped: N/A
[2022-08-21 13:48:32]   - Mapped: 95.61171232493827
[2022-08-21 13:48:32] - Average insert size: N/A
[2022-08-21 13:48:32] - Average coverage: 1866.4950790037494
[2022-08-21 13:48:32] Writing nucleotide counts...
[2022-08-21 13:48:32] Finished writing nucleotide counts
