[2022-08-21 07:48:01] Executing SamBamViz v0.0.9
[2022-08-21 07:48:01] Using 1-based indexing
[2022-08-21 07:48:01] Input file: data/trimmed_bam/SRR13615956.02.trimmed.sorted.bam
[2022-08-21 07:48:01] Output file: data/trimmed_bam/SRR13615956.02.trimmed.sorted.bam.sambamviz.tsv
[2022-08-21 07:48:01] Parsing input file...
[2022-08-21 07:48:08] Parsed 50000 reads...
[2022-08-21 07:48:16] Parsed 100000 reads...
[2022-08-21 07:48:24] Parsed 150000 reads...
[2022-08-21 07:48:32] Parsed 200000 reads...
[2022-08-21 07:48:42] Parsed 250000 reads...
[2022-08-21 07:48:50] Parsed 300000 reads...
[2022-08-21 07:48:57] Parsed 350000 reads...
[2022-08-21 07:49:05] Parsed 400000 reads...
[2022-08-21 07:49:13] Parsed 450000 reads...
[2022-08-21 07:49:22] Parsed 500000 reads...
[2022-08-21 07:49:31] Parsed 550000 reads...
[2022-08-21 07:49:39] Parsed 600000 reads...
[2022-08-21 07:49:48] Parsed 650000 reads...
[2022-08-21 07:49:56] Parsed 700000 reads...
[2022-08-21 07:50:05] Parsed 750000 reads...
[2022-08-21 07:50:14] Parsed 800000 reads...
[2022-08-21 07:50:22] Parsed 850000 reads...
[2022-08-21 07:50:31] Parsed 900000 reads...
[2022-08-21 07:50:40] Parsed 950000 reads...
[2022-08-21 07:50:49] Parsed 1000000 reads...
[2022-08-21 07:50:58] Parsed 1050000 reads...
[2022-08-21 07:51:07] Parsed 1100000 reads...
[2022-08-21 07:51:16] Parsed 1150000 reads...
[2022-08-21 07:51:25] Parsed 1200000 reads...
[2022-08-21 07:51:34] Parsed 1250000 reads...
[2022-08-21 07:51:42] Parsed 1300000 reads...
[2022-08-21 07:51:51] Parsed 1350000 reads...
[2022-08-21 07:52:00] Parsed 1400000 reads...
[2022-08-21 07:52:08] Parsed 1450000 reads...
[2022-08-21 07:52:17] Parsed 1500000 reads...
[2022-08-21 07:52:26] Parsed 1550000 reads...
[2022-08-21 07:52:35] Parsed 1600000 reads...
[2022-08-21 07:52:44] Parsed 1650000 reads...
[2022-08-21 07:52:53] Parsed 1700000 reads...
[2022-08-21 07:53:02] Parsed 1750000 reads...
[2022-08-21 07:53:10] Parsed 1800000 reads...
[2022-08-21 07:53:20] Parsed 1850000 reads...
[2022-08-21 07:53:29] Parsed 1900000 reads...
[2022-08-21 07:53:38] Parsed 1950000 reads...
[2022-08-21 07:53:47] Parsed 2000000 reads...
[2022-08-21 07:53:56] Parsed 2050000 reads...
[2022-08-21 07:54:05] Parsed 2100000 reads...
[2022-08-21 07:54:13] Parsed 2150000 reads...
[2022-08-21 07:54:22] Parsed 2200000 reads...
[2022-08-21 07:54:31] Parsed 2250000 reads...
[2022-08-21 07:54:40] Parsed 2300000 reads...
[2022-08-21 07:54:49] Parsed 2350000 reads...
[2022-08-21 07:54:58] Parsed 2400000 reads...
[2022-08-21 07:55:06] Parsed 2450000 reads...
[2022-08-21 07:55:15] Parsed 2500000 reads...
[2022-08-21 07:55:24] Parsed 2550000 reads...
[2022-08-21 07:55:33] Parsed 2600000 reads...
[2022-08-21 07:55:42] Parsed 2650000 reads...
[2022-08-21 07:55:51] Parsed 2700000 reads...
[2022-08-21 07:56:00] Parsed 2750000 reads...
[2022-08-21 07:56:08] Parsed 2800000 reads...
[2022-08-21 07:56:17] Parsed 2850000 reads...
[2022-08-21 07:56:25] Parsed 2900000 reads...
[2022-08-21 07:56:34] Parsed 2950000 reads...
[2022-08-21 07:56:43] Parsed 3000000 reads...
[2022-08-21 07:56:52] Parsed 3050000 reads...
[2022-08-21 07:57:01] Parsed 3100000 reads...
[2022-08-21 07:57:09] Parsed 3150000 reads...
[2022-08-21 07:57:18] Parsed 3200000 reads...
[2022-08-21 07:57:27] Parsed 3250000 reads...
[2022-08-21 07:57:36] Parsed 3300000 reads...
[2022-08-21 07:57:45] Parsed 3350000 reads...
[2022-08-21 07:57:54] Parsed 3400000 reads...
[2022-08-21 07:58:03] Parsed 3450000 reads...
[2022-08-21 07:58:12] Parsed 3500000 reads...
[2022-08-21 07:58:22] Parsed 3550000 reads...
[2022-08-21 07:58:31] Parsed 3600000 reads...
[2022-08-21 07:58:40] Parsed 3650000 reads...
[2022-08-21 07:58:49] Parsed 3700000 reads...
[2022-08-21 07:58:58] Parsed 3750000 reads...
[2022-08-21 07:59:07] Parsed 3800000 reads...
[2022-08-21 07:59:14] Parsed 3850000 reads...
[2022-08-21 07:59:23] Parsed 3900000 reads...
[2022-08-21 07:59:32] Parsed 3950000 reads...
[2022-08-21 07:59:41] Parsed 4000000 reads...
[2022-08-21 07:59:50] Parsed 4050000 reads...
[2022-08-21 07:59:59] Parsed 4100000 reads...
[2022-08-21 08:00:08] Parsed 4150000 reads...
[2022-08-21 08:00:16] Parsed 4200000 reads...
[2022-08-21 08:00:25] Parsed 4250000 reads...
[2022-08-21 08:00:34] Parsed 4300000 reads...
[2022-08-21 08:00:43] Parsed 4350000 reads...
[2022-08-21 08:00:52] Parsed 4400000 reads...
[2022-08-21 08:01:01] Parsed 4450000 reads...
[2022-08-21 08:01:10] Parsed 4500000 reads...
[2022-08-21 08:01:18] Parsed 4550000 reads...
[2022-08-21 08:01:27] Parsed 4600000 reads...
[2022-08-21 08:01:36] Parsed 4650000 reads...
[2022-08-21 08:01:45] Parsed 4700000 reads...
[2022-08-21 08:01:54] Parsed 4750000 reads...
[2022-08-21 08:02:03] Parsed 4800000 reads...
[2022-08-21 08:02:12] Parsed 4850000 reads...
[2022-08-21 08:02:21] Parsed 4900000 reads...
[2022-08-21 08:02:30] Parsed 4950000 reads...
[2022-08-21 08:02:39] Parsed 5000000 reads...
[2022-08-21 08:02:48] Parsed 5050000 reads...
[2022-08-21 08:02:57] Parsed 5100000 reads...
[2022-08-21 08:03:06] Parsed 5150000 reads...
[2022-08-21 08:03:15] Parsed 5200000 reads...
[2022-08-21 08:03:24] Parsed 5250000 reads...
[2022-08-21 08:03:33] Parsed 5300000 reads...
[2022-08-21 08:03:41] Parsed 5350000 reads...
[2022-08-21 08:03:50] Parsed 5400000 reads...
[2022-08-21 08:03:59] Parsed 5450000 reads...
[2022-08-21 08:04:08] Parsed 5500000 reads...
[2022-08-21 08:04:17] Parsed 5550000 reads...
[2022-08-21 08:04:25] Parsed 5600000 reads...
[2022-08-21 08:04:34] Parsed 5650000 reads...
[2022-08-21 08:04:43] Parsed 5700000 reads...
[2022-08-21 08:04:52] Parsed 5750000 reads...
[2022-08-21 08:05:01] Parsed 5800000 reads...
[2022-08-21 08:05:10] Parsed 5850000 reads...
[2022-08-21 08:05:19] Parsed 5900000 reads...
[2022-08-21 08:05:28] Parsed 5950000 reads...
[2022-08-21 08:05:36] Parsed 6000000 reads...
[2022-08-21 08:05:45] Parsed 6050000 reads...
[2022-08-21 08:05:54] Parsed 6100000 reads...
[2022-08-21 08:06:03] Parsed 6150000 reads...
[2022-08-21 08:06:12] Parsed 6200000 reads...
[2022-08-21 08:06:21] Parsed 6250000 reads...
[2022-08-21 08:06:30] Parsed 6300000 reads...
[2022-08-21 08:06:39] Parsed 6350000 reads...
[2022-08-21 08:06:48] Parsed 6400000 reads...
[2022-08-21 08:06:57] Parsed 6450000 reads...
[2022-08-21 08:07:06] Parsed 6500000 reads...
[2022-08-21 08:07:15] Parsed 6550000 reads...
[2022-08-21 08:07:24] Parsed 6600000 reads...
[2022-08-21 08:07:33] Parsed 6650000 reads...
[2022-08-21 08:07:42] Parsed 6700000 reads...
[2022-08-21 08:07:51] Parsed 6750000 reads...
[2022-08-21 08:08:00] Parsed 6800000 reads...
[2022-08-21 08:08:09] Parsed 6850000 reads...
[2022-08-21 08:08:19] Parsed 6900000 reads...
[2022-08-21 08:08:28] Parsed 6950000 reads...
[2022-08-21 08:08:38] Parsed 7000000 reads...
[2022-08-21 08:08:47] Parsed 7050000 reads...
[2022-08-21 08:08:56] Parsed 7100000 reads...
[2022-08-21 08:09:05] Parsed 7150000 reads...
[2022-08-21 08:09:14] Parsed 7200000 reads...
[2022-08-21 08:09:23] Parsed 7250000 reads...
[2022-08-21 08:09:32] Parsed 7300000 reads...
[2022-08-21 08:09:41] Parsed 7350000 reads...
[2022-08-21 08:09:50] Parsed 7400000 reads...
[2022-08-21 08:09:58] Parsed 7450000 reads...
[2022-08-21 08:10:07] Parsed 7500000 reads...
[2022-08-21 08:10:16] Parsed 7550000 reads...
[2022-08-21 08:10:24] Parsed 7600000 reads...
[2022-08-21 08:10:33] Parsed 7650000 reads...
[2022-08-21 08:10:42] Parsed 7700000 reads...
[2022-08-21 08:10:50] Parsed 7750000 reads...
[2022-08-21 08:10:59] Parsed 7800000 reads...
[2022-08-21 08:11:08] Parsed 7850000 reads...
[2022-08-21 08:11:17] Parsed 7900000 reads...
[2022-08-21 08:11:26] Parsed 7950000 reads...
[2022-08-21 08:11:35] Parsed 8000000 reads...
[2022-08-21 08:11:44] Parsed 8050000 reads...
[2022-08-21 08:11:53] Parsed 8100000 reads...
[2022-08-21 08:12:02] Parsed 8150000 reads...
[2022-08-21 08:12:11] Parsed 8200000 reads...
[2022-08-21 08:12:20] Parsed 8250000 reads...
[2022-08-21 08:12:29] Parsed 8300000 reads...
[2022-08-21 08:12:38] Parsed 8350000 reads...
[2022-08-21 08:12:47] Parsed 8400000 reads...
[2022-08-21 08:12:56] Parsed 8450000 reads...
[2022-08-21 08:13:05] Parsed 8500000 reads...
[2022-08-21 08:13:14] Parsed 8550000 reads...
[2022-08-21 08:13:22] Parsed 8600000 reads...
[2022-08-21 08:13:31] Parsed 8650000 reads...
[2022-08-21 08:13:40] Parsed 8700000 reads...
[2022-08-21 08:13:48] Parsed 8750000 reads...
[2022-08-21 08:13:57] Parsed 8800000 reads...
[2022-08-21 08:14:06] Parsed 8850000 reads...
[2022-08-21 08:14:15] Parsed 8900000 reads...
[2022-08-21 08:14:23] Parsed 8950000 reads...
[2022-08-21 08:14:33] Parsed 9000000 reads...
[2022-08-21 08:14:41] Parsed 9050000 reads...
[2022-08-21 08:14:51] Parsed 9100000 reads...
[2022-08-21 08:14:59] Parsed 9150000 reads...
[2022-08-21 08:15:08] Parsed 9200000 reads...
[2022-08-21 08:15:17] Parsed 9250000 reads...
[2022-08-21 08:15:27] Parsed 9300000 reads...
[2022-08-21 08:15:36] Parsed 9350000 reads...
[2022-08-21 08:15:45] Parsed 9400000 reads...
[2022-08-21 08:15:54] Parsed 9450000 reads...
[2022-08-21 08:16:03] Parsed 9500000 reads...
[2022-08-21 08:16:11] Parsed 9550000 reads...
[2022-08-21 08:16:20] Parsed 9600000 reads...
[2022-08-21 08:16:29] Parsed 9650000 reads...
[2022-08-21 08:16:38] Parsed 9700000 reads...
[2022-08-21 08:16:47] Parsed 9750000 reads...
[2022-08-21 08:16:56] Parsed 9800000 reads...
[2022-08-21 08:17:05] Parsed 9850000 reads...
[2022-08-21 08:17:14] Parsed 9900000 reads...
[2022-08-21 08:17:22] Parsed 9950000 reads...
[2022-08-21 08:17:31] Parsed 10000000 reads...
[2022-08-21 08:17:40] Parsed 10050000 reads...
[2022-08-21 08:17:49] Parsed 10100000 reads...
[2022-08-21 08:17:57] Parsed 10150000 reads...
[2022-08-21 08:18:06] Parsed 10200000 reads...
[2022-08-21 08:18:16] Parsed 10250000 reads...
[2022-08-21 08:18:25] Parsed 10300000 reads...
[2022-08-21 08:18:34] Parsed 10350000 reads...
[2022-08-21 08:18:43] Parsed 10400000 reads...
[2022-08-21 08:18:52] Parsed 10450000 reads...
[2022-08-21 08:19:00] Parsed 10500000 reads...
[2022-08-21 08:19:09] Parsed 10550000 reads...
[2022-08-21 08:19:18] Parsed 10600000 reads...
[2022-08-21 08:19:27] Parsed 10650000 reads...
[2022-08-21 08:19:36] Parsed 10700000 reads...
[2022-08-21 08:19:45] Parsed 10750000 reads...
[2022-08-21 08:19:54] Parsed 10800000 reads...
[2022-08-21 08:20:03] Parsed 10850000 reads...
[2022-08-21 08:20:12] Parsed 10900000 reads...
[2022-08-21 08:20:20] Parsed 10950000 reads...
[2022-08-21 08:20:29] Parsed 11000000 reads...
[2022-08-21 08:20:38] Parsed 11050000 reads...
[2022-08-21 08:20:47] Parsed 11100000 reads...
[2022-08-21 08:20:56] Parsed 11150000 reads...
[2022-08-21 08:21:04] Parsed 11200000 reads...
[2022-08-21 08:21:13] Parsed 11250000 reads...
[2022-08-21 08:21:22] Parsed 11300000 reads...
[2022-08-21 08:21:31] Parsed 11350000 reads...
[2022-08-21 08:21:40] Parsed 11400000 reads...
[2022-08-21 08:21:49] Parsed 11450000 reads...
[2022-08-21 08:21:58] Parsed 11500000 reads...
[2022-08-21 08:22:07] Parsed 11550000 reads...
[2022-08-21 08:22:17] Parsed 11600000 reads...
[2022-08-21 08:22:26] Parsed 11650000 reads...
[2022-08-21 08:22:35] Parsed 11700000 reads...
[2022-08-21 08:22:43] Parsed 11750000 reads...
[2022-08-21 08:22:52] Parsed 11800000 reads...
[2022-08-21 08:23:01] Parsed 11850000 reads...
[2022-08-21 08:23:10] Parsed 11900000 reads...
[2022-08-21 08:23:20] Parsed 11950000 reads...
[2022-08-21 08:23:28] Parsed 12000000 reads...
[2022-08-21 08:23:37] Parsed 12050000 reads...
[2022-08-21 08:23:46] Parsed 12100000 reads...
[2022-08-21 08:23:57] Parsed 12150000 reads...
[2022-08-21 08:24:06] Parsed 12200000 reads...
[2022-08-21 08:24:14] Parsed 12250000 reads...
[2022-08-21 08:24:23] Parsed 12300000 reads...
[2022-08-21 08:24:32] Parsed 12350000 reads...
[2022-08-21 08:24:41] Parsed 12400000 reads...
[2022-08-21 08:24:49] Parsed 12450000 reads...
[2022-08-21 08:24:58] Parsed 12500000 reads...
[2022-08-21 08:25:07] Parsed 12550000 reads...
[2022-08-21 08:25:16] Parsed 12600000 reads...
[2022-08-21 08:25:25] Parsed 12650000 reads...
[2022-08-21 08:25:33] Parsed 12700000 reads...
[2022-08-21 08:25:42] Parsed 12750000 reads...
[2022-08-21 08:25:51] Parsed 12800000 reads...
[2022-08-21 08:26:00] Parsed 12850000 reads...
[2022-08-21 08:26:08] Parsed 12900000 reads...
[2022-08-21 08:26:17] Parsed 12950000 reads...
[2022-08-21 08:26:26] Parsed 13000000 reads...
[2022-08-21 08:26:34] Parsed 13050000 reads...
[2022-08-21 08:26:43] Parsed 13100000 reads...
[2022-08-21 08:26:52] Parsed 13150000 reads...
[2022-08-21 08:27:00] Parsed 13200000 reads...
[2022-08-21 08:27:09] Parsed 13250000 reads...
[2022-08-21 08:27:18] Parsed 13300000 reads...
[2022-08-21 08:27:27] Parsed 13350000 reads...
[2022-08-21 08:27:36] Parsed 13400000 reads...
[2022-08-21 08:27:45] Parsed 13450000 reads...
[2022-08-21 08:27:54] Parsed 13500000 reads...
[2022-08-21 08:28:03] Parsed 13550000 reads...
[2022-08-21 08:28:11] Parsed 13600000 reads...
[2022-08-21 08:28:21] Parsed 13650000 reads...
[2022-08-21 08:28:30] Parsed 13700000 reads...
[2022-08-21 08:28:40] Parsed 13750000 reads...
[2022-08-21 08:28:48] Parsed 13800000 reads...
[2022-08-21 08:28:57] Parsed 13850000 reads...
[2022-08-21 08:29:05] Parsed 13900000 reads...
[2022-08-21 08:29:14] Parsed 13950000 reads...
[2022-08-21 08:29:23] Parsed 14000000 reads...
[2022-08-21 08:29:31] Parsed 14050000 reads...
[2022-08-21 08:29:40] Parsed 14100000 reads...
[2022-08-21 08:29:48] Parsed 14150000 reads...
[2022-08-21 08:29:57] Parsed 14200000 reads...
[2022-08-21 08:30:05] Parsed 14250000 reads...
[2022-08-21 08:30:14] Parsed 14300000 reads...
[2022-08-21 08:30:23] Parsed 14350000 reads...
[2022-08-21 08:30:31] Parsed 14400000 reads...
[2022-08-21 08:30:40] Parsed 14450000 reads...
[2022-08-21 08:30:49] Parsed 14500000 reads...
[2022-08-21 08:30:58] Parsed 14550000 reads...
[2022-08-21 08:31:07] Parsed 14600000 reads...
[2022-08-21 08:31:15] Parsed 14650000 reads...
[2022-08-21 08:31:23] Parsed 14700000 reads...
[2022-08-21 08:31:30] Parsed 14750000 reads...
[2022-08-21 08:31:38] Parsed 14800000 reads...
[2022-08-21 08:31:45] Parsed 14850000 reads...
[2022-08-21 08:31:53] Parsed 14900000 reads...
[2022-08-21 08:32:00] Parsed 14950000 reads...
[2022-08-21 08:32:08] Parsed 15000000 reads...
[2022-08-21 08:32:15] Parsed 15050000 reads...
[2022-08-21 08:32:23] Parsed 15100000 reads...
[2022-08-21 08:32:31] Parsed 15150000 reads...
[2022-08-21 08:32:38] Parsed 15200000 reads...
[2022-08-21 08:32:46] Parsed 15250000 reads...
[2022-08-21 08:32:54] Parsed 15300000 reads...
[2022-08-21 08:33:01] Parsed 15350000 reads...
[2022-08-21 08:33:09] Parsed 15400000 reads...
[2022-08-21 08:33:16] Parsed 15450000 reads...
[2022-08-21 08:33:24] Parsed 15500000 reads...
[2022-08-21 08:33:31] Parsed 15550000 reads...
[2022-08-21 08:33:39] Parsed 15600000 reads...
[2022-08-21 08:33:47] Parsed 15650000 reads...
[2022-08-21 08:33:54] Parsed 15700000 reads...
[2022-08-21 08:34:02] Parsed 15750000 reads...
[2022-08-21 08:34:09] Parsed 15800000 reads...
[2022-08-21 08:34:17] Parsed 15850000 reads...
[2022-08-21 08:34:24] Parsed 15900000 reads...
[2022-08-21 08:34:32] Parsed 15950000 reads...
[2022-08-21 08:34:39] Parsed 16000000 reads...
[2022-08-21 08:34:47] Parsed 16050000 reads...
[2022-08-21 08:34:55] Parsed 16100000 reads...
[2022-08-21 08:35:02] Parsed 16150000 reads...
[2022-08-21 08:35:10] Parsed 16200000 reads...
[2022-08-21 08:35:17] Parsed 16250000 reads...
[2022-08-21 08:35:25] Parsed 16300000 reads...
[2022-08-21 08:35:33] Parsed 16350000 reads...
[2022-08-21 08:35:40] Parsed 16400000 reads...
[2022-08-21 08:35:48] Parsed 16450000 reads...
[2022-08-21 08:35:56] Parsed 16500000 reads...
[2022-08-21 08:36:03] Parsed 16550000 reads...
[2022-08-21 08:36:11] Parsed 16600000 reads...
[2022-08-21 08:36:19] Parsed 16650000 reads...
[2022-08-21 08:36:26] Parsed 16700000 reads...
[2022-08-21 08:36:34] Parsed 16750000 reads...
[2022-08-21 08:36:41] Parsed 16800000 reads...
[2022-08-21 08:36:49] Parsed 16850000 reads...
[2022-08-21 08:36:56] Parsed 16900000 reads...
[2022-08-21 08:37:04] Parsed 16950000 reads...
[2022-08-21 08:37:12] Parsed 17000000 reads...
[2022-08-21 08:37:20] Parsed 17050000 reads...
[2022-08-21 08:37:27] Parsed 17100000 reads...
[2022-08-21 08:37:35] Parsed 17150000 reads...
[2022-08-21 08:37:42] Parsed 17200000 reads...
[2022-08-21 08:37:50] Parsed 17250000 reads...
[2022-08-21 08:37:57] Parsed 17300000 reads...
[2022-08-21 08:38:04] Parsed 17350000 reads...
[2022-08-21 08:38:12] Parsed 17400000 reads...
[2022-08-21 08:38:20] Parsed 17450000 reads...
[2022-08-21 08:38:28] Parsed 17500000 reads...
[2022-08-21 08:38:35] Parsed 17550000 reads...
[2022-08-21 08:38:42] Parsed 17600000 reads...
[2022-08-21 08:38:50] Parsed 17650000 reads...
[2022-08-21 08:38:57] Parsed 17700000 reads...
[2022-08-21 08:39:05] Parsed 17750000 reads...
[2022-08-21 08:39:12] Parsed 17800000 reads...
[2022-08-21 08:39:20] Parsed 17850000 reads...
[2022-08-21 08:39:28] Parsed 17900000 reads...
[2022-08-21 08:39:35] Parsed 17950000 reads...
[2022-08-21 08:39:43] Parsed 18000000 reads...
[2022-08-21 08:39:51] Parsed 18050000 reads...
[2022-08-21 08:39:58] Parsed 18100000 reads...
[2022-08-21 08:40:06] Parsed 18150000 reads...
[2022-08-21 08:40:13] Parsed 18200000 reads...
[2022-08-21 08:40:21] Parsed 18250000 reads...
[2022-08-21 08:40:29] Parsed 18300000 reads...
[2022-08-21 08:40:37] Parsed 18350000 reads...
[2022-08-21 08:40:44] Parsed 18400000 reads...
[2022-08-21 08:40:52] Parsed 18450000 reads...
[2022-08-21 08:41:00] Parsed 18500000 reads...
[2022-08-21 08:41:07] Parsed 18550000 reads...
[2022-08-21 08:41:15] Parsed 18600000 reads...
[2022-08-21 08:41:23] Parsed 18650000 reads...
[2022-08-21 08:41:31] Parsed 18700000 reads...
[2022-08-21 08:41:38] Parsed 18750000 reads...
[2022-08-21 08:41:45] Parsed 18800000 reads...
[2022-08-21 08:41:53] Parsed 18850000 reads...
[2022-08-21 08:42:00] Parsed 18900000 reads...
[2022-08-21 08:42:08] Parsed 18950000 reads...
[2022-08-21 08:42:15] Parsed 19000000 reads...
[2022-08-21 08:42:22] Parsed 19050000 reads...
[2022-08-21 08:42:30] Parsed 19100000 reads...
[2022-08-21 08:42:38] Parsed 19150000 reads...
[2022-08-21 08:42:45] Parsed 19200000 reads...
[2022-08-21 08:42:52] Parsed 19250000 reads...
[2022-08-21 08:43:00] Parsed 19300000 reads...
[2022-08-21 08:43:08] Parsed 19350000 reads...
[2022-08-21 08:43:15] Parsed 19400000 reads...
[2022-08-21 08:43:23] Parsed 19450000 reads...
[2022-08-21 08:43:30] Parsed 19500000 reads...
[2022-08-21 08:43:38] Parsed 19550000 reads...
[2022-08-21 08:43:46] Parsed 19600000 reads...
[2022-08-21 08:43:53] Parsed 19650000 reads...
[2022-08-21 08:44:01] Parsed 19700000 reads...
[2022-08-21 08:44:08] Parsed 19750000 reads...
[2022-08-21 08:44:15] Parsed 19800000 reads...
[2022-08-21 08:44:23] Parsed 19850000 reads...
[2022-08-21 08:44:31] Parsed 19900000 reads...
[2022-08-21 08:44:39] Parsed 19950000 reads...
[2022-08-21 08:44:46] Parsed 20000000 reads...
[2022-08-21 08:44:54] Parsed 20050000 reads...
[2022-08-21 08:45:01] Parsed 20100000 reads...
[2022-08-21 08:45:09] Parsed 20150000 reads...
[2022-08-21 08:45:16] Parsed 20200000 reads...
[2022-08-21 08:45:24] Parsed 20250000 reads...
[2022-08-21 08:45:32] Parsed 20300000 reads...
[2022-08-21 08:45:40] Parsed 20350000 reads...
[2022-08-21 08:45:47] Parsed 20400000 reads...
[2022-08-21 08:45:55] Parsed 20450000 reads...
[2022-08-21 08:46:02] Parsed 20500000 reads...
[2022-08-21 08:46:09] Parsed 20550000 reads...
[2022-08-21 08:46:17] Parsed 20600000 reads...
[2022-08-21 08:46:25] Parsed 20650000 reads...
[2022-08-21 08:46:33] Parsed 20700000 reads...
[2022-08-21 08:46:40] Parsed 20750000 reads...
[2022-08-21 08:46:48] Parsed 20800000 reads...
[2022-08-21 08:46:56] Parsed 20850000 reads...
[2022-08-21 08:47:03] Parsed 20900000 reads...
[2022-08-21 08:47:11] Parsed 20950000 reads...
[2022-08-21 08:47:19] Parsed 21000000 reads...
[2022-08-21 08:47:27] Parsed 21050000 reads...
[2022-08-21 08:47:35] Parsed 21100000 reads...
[2022-08-21 08:47:43] Parsed 21150000 reads...
[2022-08-21 08:47:50] Parsed 21200000 reads...
[2022-08-21 08:47:58] Parsed 21250000 reads...
[2022-08-21 08:48:06] Parsed 21300000 reads...
[2022-08-21 08:48:14] Parsed 21350000 reads...
[2022-08-21 08:48:23] Parsed 21400000 reads...
[2022-08-21 08:48:31] Parsed 21450000 reads...
[2022-08-21 08:48:39] Parsed 21500000 reads...
[2022-08-21 08:48:46] Parsed 21550000 reads...
[2022-08-21 08:48:54] Parsed 21600000 reads...
[2022-08-21 08:49:02] Parsed 21650000 reads...
[2022-08-21 08:49:09] Parsed 21700000 reads...
[2022-08-21 08:49:16] Parsed 21750000 reads...
[2022-08-21 08:49:23] Parsed 21800000 reads...
[2022-08-21 08:49:31] Parsed 21850000 reads...
[2022-08-21 08:49:38] Parsed 21900000 reads...
[2022-08-21 08:49:46] Parsed 21950000 reads...
[2022-08-21 08:49:53] Parsed 22000000 reads...
[2022-08-21 08:50:01] Parsed 22050000 reads...
[2022-08-21 08:50:09] Parsed 22100000 reads...
[2022-08-21 08:50:18] Parsed 22150000 reads...
[2022-08-21 08:50:26] Parsed 22200000 reads...
[2022-08-21 08:50:34] Parsed 22250000 reads...
[2022-08-21 08:50:41] Parsed 22300000 reads...
[2022-08-21 08:50:49] Parsed 22350000 reads...
[2022-08-21 08:50:57] Parsed 22400000 reads...
[2022-08-21 08:51:04] Parsed 22450000 reads...
[2022-08-21 08:51:12] Parsed 22500000 reads...
[2022-08-21 08:51:19] Parsed 22550000 reads...
[2022-08-21 08:51:27] Parsed 22600000 reads...
[2022-08-21 08:51:34] Parsed 22650000 reads...
[2022-08-21 08:51:42] Parsed 22700000 reads...
[2022-08-21 08:51:49] Parsed 22750000 reads...
[2022-08-21 08:51:57] Parsed 22800000 reads...
[2022-08-21 08:52:04] Parsed 22850000 reads...
[2022-08-21 08:52:12] Parsed 22900000 reads...
[2022-08-21 08:52:20] Parsed 22950000 reads...
[2022-08-21 08:52:27] Parsed 23000000 reads...
[2022-08-21 08:52:34] Parsed 23050000 reads...
[2022-08-21 08:52:41] Parsed 23100000 reads...
[2022-08-21 08:52:48] Parsed 23150000 reads...
[2022-08-21 08:52:56] Parsed 23200000 reads...
[2022-08-21 08:53:03] Parsed 23250000 reads...
[2022-08-21 08:53:11] Parsed 23300000 reads...
[2022-08-21 08:53:19] Parsed 23350000 reads...
[2022-08-21 08:53:27] Parsed 23400000 reads...
[2022-08-21 08:53:34] Parsed 23450000 reads...
[2022-08-21 08:53:42] Parsed 23500000 reads...
[2022-08-21 08:53:49] Parsed 23550000 reads...
[2022-08-21 08:53:57] Parsed 23600000 reads...
[2022-08-21 08:54:04] Parsed 23650000 reads...
[2022-08-21 08:54:12] Parsed 23700000 reads...
[2022-08-21 08:54:19] Parsed 23750000 reads...
[2022-08-21 08:54:27] Parsed 23800000 reads...
[2022-08-21 08:54:34] Parsed 23850000 reads...
[2022-08-21 08:54:42] Parsed 23900000 reads...
[2022-08-21 08:54:49] Parsed 23950000 reads...
[2022-08-21 08:54:57] Parsed 24000000 reads...
[2022-08-21 08:55:04] Parsed 24050000 reads...
[2022-08-21 08:55:12] Parsed 24100000 reads...
[2022-08-21 08:55:19] Parsed 24150000 reads...
[2022-08-21 08:55:27] Parsed 24200000 reads...
[2022-08-21 08:55:34] Parsed 24250000 reads...
[2022-08-21 08:55:42] Parsed 24300000 reads...
[2022-08-21 08:55:50] Parsed 24350000 reads...
[2022-08-21 08:55:57] Parsed 24400000 reads...
[2022-08-21 08:56:04] Parsed 24450000 reads...
[2022-08-21 08:56:12] Parsed 24500000 reads...
[2022-08-21 08:56:19] Parsed 24550000 reads...
[2022-08-21 08:56:27] Parsed 24600000 reads...
[2022-08-21 08:56:35] Parsed 24650000 reads...
[2022-08-21 08:56:42] Parsed 24700000 reads...
[2022-08-21 08:56:50] Parsed 24750000 reads...
[2022-08-21 08:56:58] Parsed 24800000 reads...
[2022-08-21 08:57:05] Parsed 24850000 reads...
[2022-08-21 08:57:13] Parsed 24900000 reads...
[2022-08-21 08:57:20] Parsed 24950000 reads...
[2022-08-21 08:57:28] Parsed 25000000 reads...
[2022-08-21 08:57:36] Parsed 25050000 reads...
[2022-08-21 08:57:44] Parsed 25100000 reads...
[2022-08-21 08:57:51] Parsed 25150000 reads...
[2022-08-21 08:57:59] Parsed 25200000 reads...
[2022-08-21 08:58:06] Parsed 25250000 reads...
[2022-08-21 08:58:14] Parsed 25300000 reads...
[2022-08-21 08:58:22] Parsed 25350000 reads...
[2022-08-21 08:58:29] Parsed 25400000 reads...
[2022-08-21 08:58:37] Parsed 25450000 reads...
[2022-08-21 08:58:45] Parsed 25500000 reads...
[2022-08-21 08:58:52] Parsed 25550000 reads...
[2022-08-21 08:59:00] Parsed 25600000 reads...
[2022-08-21 08:59:07] Parsed 25650000 reads...
[2022-08-21 08:59:14] Parsed 25700000 reads...
[2022-08-21 08:59:22] Parsed 25750000 reads...
[2022-08-21 08:59:30] Parsed 25800000 reads...
[2022-08-21 08:59:37] Parsed 25850000 reads...
[2022-08-21 08:59:45] Parsed 25900000 reads...
[2022-08-21 08:59:53] Parsed 25950000 reads...
[2022-08-21 09:00:00] Parsed 26000000 reads...
[2022-08-21 09:00:08] Parsed 26050000 reads...
[2022-08-21 09:00:15] Parsed 26100000 reads...
[2022-08-21 09:00:23] Parsed 26150000 reads...
[2022-08-21 09:00:31] Parsed 26200000 reads...
[2022-08-21 09:00:39] Parsed 26250000 reads...
[2022-08-21 09:00:46] Parsed 26300000 reads...
[2022-08-21 09:00:54] Parsed 26350000 reads...
[2022-08-21 09:01:01] Parsed 26400000 reads...
[2022-08-21 09:01:09] Parsed 26450000 reads...
[2022-08-21 09:01:17] Parsed 26500000 reads...
[2022-08-21 09:01:24] Parsed 26550000 reads...
[2022-08-21 09:01:32] Parsed 26600000 reads...
[2022-08-21 09:01:39] Parsed 26650000 reads...
[2022-08-21 09:01:47] Parsed 26700000 reads...
[2022-08-21 09:01:55] Parsed 26750000 reads...
[2022-08-21 09:02:02] Parsed 26800000 reads...
[2022-08-21 09:02:10] Parsed 26850000 reads...
[2022-08-21 09:02:18] Parsed 26900000 reads...
[2022-08-21 09:02:26] Parsed 26950000 reads...
[2022-08-21 09:02:33] Parsed 27000000 reads...
[2022-08-21 09:02:41] Parsed 27050000 reads...
[2022-08-21 09:02:49] Parsed 27100000 reads...
[2022-08-21 09:02:57] Parsed 27150000 reads...
[2022-08-21 09:03:04] Parsed 27200000 reads...
[2022-08-21 09:03:11] Parsed 27250000 reads...
[2022-08-21 09:03:19] Parsed 27300000 reads...
[2022-08-21 09:03:27] Parsed 27350000 reads...
[2022-08-21 09:03:34] Parsed 27400000 reads...
[2022-08-21 09:03:42] Parsed 27450000 reads...
[2022-08-21 09:03:49] Parsed 27500000 reads...
[2022-08-21 09:03:57] Parsed 27550000 reads...
[2022-08-21 09:04:05] Parsed 27600000 reads...
[2022-08-21 09:04:12] Parsed 27650000 reads...
[2022-08-21 09:04:20] Parsed 27700000 reads...
[2022-08-21 09:04:28] Parsed 27750000 reads...
[2022-08-21 09:04:35] Parsed 27800000 reads...
[2022-08-21 09:04:43] Parsed 27850000 reads...
[2022-08-21 09:04:51] Parsed 27900000 reads...
[2022-08-21 09:04:58] Parsed 27950000 reads...
[2022-08-21 09:05:05] Parsed 28000000 reads...
[2022-08-21 09:05:12] Parsed 28050000 reads...
[2022-08-21 09:05:20] Parsed 28100000 reads...
[2022-08-21 09:05:27] Parsed 28150000 reads...
[2022-08-21 09:05:35] Parsed 28200000 reads...
[2022-08-21 09:05:43] Parsed 28250000 reads...
[2022-08-21 09:05:50] Parsed 28300000 reads...
[2022-08-21 09:05:58] Parsed 28350000 reads...
[2022-08-21 09:06:05] Parsed 28400000 reads...
[2022-08-21 09:06:13] Parsed 28450000 reads...
[2022-08-21 09:06:21] Parsed 28500000 reads...
[2022-08-21 09:06:28] Parsed 28550000 reads...
[2022-08-21 09:06:35] Parsed 28600000 reads...
[2022-08-21 09:06:43] Parsed 28650000 reads...
[2022-08-21 09:06:51] Parsed 28700000 reads...
[2022-08-21 09:06:59] Parsed 28750000 reads...
[2022-08-21 09:07:06] Parsed 28800000 reads...
[2022-08-21 09:07:14] Parsed 28850000 reads...
[2022-08-21 09:07:22] Parsed 28900000 reads...
[2022-08-21 09:07:29] Parsed 28950000 reads...
[2022-08-21 09:07:37] Parsed 29000000 reads...
[2022-08-21 09:07:44] Parsed 29050000 reads...
[2022-08-21 09:07:52] Parsed 29100000 reads...
[2022-08-21 09:08:00] Parsed 29150000 reads...
[2022-08-21 09:08:07] Parsed 29200000 reads...
[2022-08-21 09:08:15] Parsed 29250000 reads...
[2022-08-21 09:08:24] Parsed 29300000 reads...
[2022-08-21 09:08:33] Parsed 29350000 reads...
[2022-08-21 09:08:41] Parsed 29400000 reads...
[2022-08-21 09:08:48] Parsed 29450000 reads...
[2022-08-21 09:08:55] Parsed 29500000 reads...
[2022-08-21 09:09:03] Parsed 29550000 reads...
[2022-08-21 09:09:10] Parsed 29600000 reads...
[2022-08-21 09:09:18] Parsed 29650000 reads...
[2022-08-21 09:09:26] Parsed 29700000 reads...
[2022-08-21 09:09:34] Parsed 29750000 reads...
[2022-08-21 09:09:41] Parsed 29800000 reads...
[2022-08-21 09:09:49] Parsed 29850000 reads...
[2022-08-21 09:09:57] Parsed 29900000 reads...
[2022-08-21 09:10:04] Parsed 29950000 reads...
[2022-08-21 09:10:12] Parsed 30000000 reads...
[2022-08-21 09:10:19] Parsed 30050000 reads...
[2022-08-21 09:10:27] Parsed 30100000 reads...
[2022-08-21 09:10:34] Parsed 30150000 reads...
[2022-08-21 09:10:41] Parsed 30200000 reads...
[2022-08-21 09:10:49] Parsed 30250000 reads...
[2022-08-21 09:10:57] Parsed 30300000 reads...
[2022-08-21 09:11:04] Parsed 30350000 reads...
[2022-08-21 09:11:12] Parsed 30400000 reads...
[2022-08-21 09:11:19] Parsed 30450000 reads...
[2022-08-21 09:11:27] Parsed 30500000 reads...
[2022-08-21 09:11:34] Parsed 30550000 reads...
[2022-08-21 09:11:42] Parsed 30600000 reads...
[2022-08-21 09:11:50] Parsed 30650000 reads...
[2022-08-21 09:11:57] Parsed 30700000 reads...
[2022-08-21 09:12:05] Parsed 30750000 reads...
[2022-08-21 09:12:12] Parsed 30800000 reads...
[2022-08-21 09:12:20] Parsed 30850000 reads...
[2022-08-21 09:12:28] Parsed 30900000 reads...
[2022-08-21 09:12:35] Parsed 30950000 reads...
[2022-08-21 09:12:43] Parsed 31000000 reads...
[2022-08-21 09:12:50] Parsed 31050000 reads...
[2022-08-21 09:12:58] Parsed 31100000 reads...
[2022-08-21 09:13:06] Parsed 31150000 reads...
[2022-08-21 09:13:14] Parsed 31200000 reads...
[2022-08-21 09:13:21] Parsed 31250000 reads...
[2022-08-21 09:13:28] Parsed 31300000 reads...
[2022-08-21 09:13:36] Parsed 31350000 reads...
[2022-08-21 09:13:44] Parsed 31400000 reads...
[2022-08-21 09:13:51] Parsed 31450000 reads...
[2022-08-21 09:13:59] Parsed 31500000 reads...
[2022-08-21 09:14:06] Parsed 31550000 reads...
[2022-08-21 09:14:14] Parsed 31600000 reads...
[2022-08-21 09:14:22] Parsed 31650000 reads...
[2022-08-21 09:14:30] Parsed 31700000 reads...
[2022-08-21 09:14:39] Parsed 31750000 reads...
[2022-08-21 09:14:46] Parsed 31800000 reads...
[2022-08-21 09:14:54] Parsed 31850000 reads...
[2022-08-21 09:15:01] Parsed 31900000 reads...
[2022-08-21 09:15:09] Parsed 31950000 reads...
[2022-08-21 09:15:17] Parsed 32000000 reads...
[2022-08-21 09:15:25] Parsed 32050000 reads...
[2022-08-21 09:15:33] Parsed 32100000 reads...
[2022-08-21 09:15:40] Parsed 32150000 reads...
[2022-08-21 09:15:48] Parsed 32200000 reads...
[2022-08-21 09:15:56] Parsed 32250000 reads...
[2022-08-21 09:16:03] Parsed 32300000 reads...
[2022-08-21 09:16:11] Parsed 32350000 reads...
[2022-08-21 09:16:19] Parsed 32400000 reads...
[2022-08-21 09:16:27] Parsed 32450000 reads...
[2022-08-21 09:16:34] Parsed 32500000 reads...
[2022-08-21 09:16:42] Parsed 32550000 reads...
[2022-08-21 09:16:50] Parsed 32600000 reads...
[2022-08-21 09:16:57] Parsed 32650000 reads...
[2022-08-21 09:17:05] Parsed 32700000 reads...
[2022-08-21 09:17:13] Parsed 32750000 reads...
[2022-08-21 09:17:21] Parsed 32800000 reads...
[2022-08-21 09:17:28] Parsed 32850000 reads...
[2022-08-21 09:17:35] Parsed 32900000 reads...
[2022-08-21 09:17:42] Parsed 32950000 reads...
[2022-08-21 09:17:50] Parsed 33000000 reads...
[2022-08-21 09:17:57] Parsed 33050000 reads...
[2022-08-21 09:18:05] Parsed 33100000 reads...
[2022-08-21 09:18:13] Parsed 33150000 reads...
[2022-08-21 09:18:21] Parsed 33200000 reads...
[2022-08-21 09:18:29] Parsed 33250000 reads...
[2022-08-21 09:18:36] Parsed 33300000 reads...
[2022-08-21 09:18:44] Parsed 33350000 reads...
[2022-08-21 09:18:52] Parsed 33400000 reads...
[2022-08-21 09:18:59] Parsed 33450000 reads...
[2022-08-21 09:19:07] Parsed 33500000 reads...
[2022-08-21 09:19:15] Parsed 33550000 reads...
[2022-08-21 09:19:22] Parsed 33600000 reads...
[2022-08-21 09:19:30] Parsed 33650000 reads...
[2022-08-21 09:19:37] Parsed 33700000 reads...
[2022-08-21 09:19:45] Parsed 33750000 reads...
[2022-08-21 09:19:52] Parsed 33800000 reads...
[2022-08-21 09:20:00] Parsed 33850000 reads...
[2022-08-21 09:20:07] Parsed 33900000 reads...
[2022-08-21 09:20:15] Parsed 33950000 reads...
[2022-08-21 09:20:22] Parsed 34000000 reads...
[2022-08-21 09:20:30] Parsed 34050000 reads...
[2022-08-21 09:20:37] Parsed 34100000 reads...
[2022-08-21 09:20:45] Parsed 34150000 reads...
[2022-08-21 09:20:53] Parsed 34200000 reads...
[2022-08-21 09:21:01] Parsed 34250000 reads...
[2022-08-21 09:21:08] Parsed 34300000 reads...
[2022-08-21 09:21:15] Parsed 34350000 reads...
[2022-08-21 09:21:23] Parsed 34400000 reads...
[2022-08-21 09:21:30] Parsed 34450000 reads...
[2022-08-21 09:21:38] Parsed 34500000 reads...
[2022-08-21 09:21:45] Parsed 34550000 reads...
[2022-08-21 09:21:52] Parsed 34600000 reads...
[2022-08-21 09:21:59] Parsed 34650000 reads...
[2022-08-21 09:22:07] Parsed 34700000 reads...
[2022-08-21 09:22:15] Parsed 34750000 reads...
[2022-08-21 09:22:22] Parsed 34800000 reads...
[2022-08-21 09:22:30] Parsed 34850000 reads...
[2022-08-21 09:22:37] Parsed 34900000 reads...
[2022-08-21 09:22:45] Parsed 34950000 reads...
[2022-08-21 09:22:53] Parsed 35000000 reads...
[2022-08-21 09:23:01] Parsed 35050000 reads...
[2022-08-21 09:23:08] Parsed 35100000 reads...
[2022-08-21 09:23:17] Parsed 35150000 reads...
[2022-08-21 09:23:24] Parsed 35200000 reads...
[2022-08-21 09:23:32] Parsed 35250000 reads...
[2022-08-21 09:23:40] Parsed 35300000 reads...
[2022-08-21 09:23:48] Parsed 35350000 reads...
[2022-08-21 09:23:56] Parsed 35400000 reads...
[2022-08-21 09:24:03] Parsed 35450000 reads...
[2022-08-21 09:24:11] Parsed 35500000 reads...
[2022-08-21 09:24:18] Parsed 35550000 reads...
[2022-08-21 09:24:26] Parsed 35600000 reads...
[2022-08-21 09:24:34] Parsed 35650000 reads...
[2022-08-21 09:24:41] Parsed 35700000 reads...
[2022-08-21 09:24:49] Parsed 35750000 reads...
[2022-08-21 09:24:56] Parsed 35800000 reads...
[2022-08-21 09:25:04] Parsed 35850000 reads...
[2022-08-21 09:25:12] Parsed 35900000 reads...
[2022-08-21 09:25:20] Parsed 35950000 reads...
[2022-08-21 09:25:27] Parsed 36000000 reads...
[2022-08-21 09:25:35] Parsed 36050000 reads...
[2022-08-21 09:25:42] Parsed 36100000 reads...
[2022-08-21 09:25:50] Parsed 36150000 reads...
[2022-08-21 09:25:58] Parsed 36200000 reads...
[2022-08-21 09:26:05] Parsed 36250000 reads...
[2022-08-21 09:26:13] Parsed 36300000 reads...
[2022-08-21 09:26:20] Parsed 36350000 reads...
[2022-08-21 09:26:28] Parsed 36400000 reads...
[2022-08-21 09:26:36] Parsed 36450000 reads...
[2022-08-21 09:26:43] Parsed 36500000 reads...
[2022-08-21 09:26:51] Parsed 36550000 reads...
[2022-08-21 09:26:58] Parsed 36600000 reads...
[2022-08-21 09:27:06] Parsed 36650000 reads...
[2022-08-21 09:27:14] Parsed 36700000 reads...
[2022-08-21 09:27:21] Parsed 36750000 reads...
[2022-08-21 09:27:28] Parsed 36800000 reads...
[2022-08-21 09:27:36] Parsed 36850000 reads...
[2022-08-21 09:27:44] Parsed 36900000 reads...
[2022-08-21 09:27:51] Parsed 36950000 reads...
[2022-08-21 09:27:58] Parsed 37000000 reads...
[2022-08-21 09:28:06] Parsed 37050000 reads...
[2022-08-21 09:28:14] Parsed 37100000 reads...
[2022-08-21 09:28:21] Parsed 37150000 reads...
[2022-08-21 09:28:29] Parsed 37200000 reads...
[2022-08-21 09:28:36] Parsed 37250000 reads...
[2022-08-21 09:28:44] Parsed 37300000 reads...
[2022-08-21 09:28:51] Parsed 37350000 reads...
[2022-08-21 09:28:59] Parsed 37400000 reads...
[2022-08-21 09:29:07] Parsed 37450000 reads...
[2022-08-21 09:29:15] Parsed 37500000 reads...
[2022-08-21 09:29:22] Parsed 37550000 reads...
[2022-08-21 09:29:30] Parsed 37600000 reads...
[2022-08-21 09:29:38] Parsed 37650000 reads...
[2022-08-21 09:29:46] Parsed 37700000 reads...
[2022-08-21 09:29:54] Parsed 37750000 reads...
[2022-08-21 09:30:03] Parsed 37800000 reads...
[2022-08-21 09:30:12] Parsed 37850000 reads...
[2022-08-21 09:30:19] Parsed 37900000 reads...
[2022-08-21 09:30:27] Parsed 37950000 reads...
[2022-08-21 09:30:34] Parsed 38000000 reads...
[2022-08-21 09:30:42] Parsed 38050000 reads...
[2022-08-21 09:30:49] Parsed 38100000 reads...
[2022-08-21 09:30:56] Parsed 38150000 reads...
[2022-08-21 09:31:04] Parsed 38200000 reads...
[2022-08-21 09:31:11] Parsed 38250000 reads...
[2022-08-21 09:31:19] Parsed 38300000 reads...
[2022-08-21 09:31:26] Parsed 38350000 reads...
[2022-08-21 09:31:34] Parsed 38400000 reads...
[2022-08-21 09:31:42] Parsed 38450000 reads...
[2022-08-21 09:31:49] Parsed 38500000 reads...
[2022-08-21 09:31:56] Parsed 38550000 reads...
[2022-08-21 09:32:04] Parsed 38600000 reads...
[2022-08-21 09:32:11] Parsed 38650000 reads...
[2022-08-21 09:32:19] Parsed 38700000 reads...
[2022-08-21 09:32:26] Parsed 38750000 reads...
[2022-08-21 09:32:34] Parsed 38800000 reads...
[2022-08-21 09:32:42] Parsed 38850000 reads...
[2022-08-21 09:32:49] Parsed 38900000 reads...
[2022-08-21 09:32:57] Parsed 38950000 reads...
[2022-08-21 09:33:04] Parsed 39000000 reads...
[2022-08-21 09:33:12] Parsed 39050000 reads...
[2022-08-21 09:33:20] Parsed 39100000 reads...
[2022-08-21 09:33:27] Parsed 39150000 reads...
[2022-08-21 09:33:35] Parsed 39200000 reads...
[2022-08-21 09:33:43] Parsed 39250000 reads...
[2022-08-21 09:33:50] Parsed 39300000 reads...
[2022-08-21 09:33:58] Parsed 39350000 reads...
[2022-08-21 09:34:06] Parsed 39400000 reads...
[2022-08-21 09:34:13] Parsed 39450000 reads...
[2022-08-21 09:34:21] Parsed 39500000 reads...
[2022-08-21 09:34:28] Parsed 39550000 reads...
[2022-08-21 09:34:36] Parsed 39600000 reads...
[2022-08-21 09:34:44] Parsed 39650000 reads...
[2022-08-21 09:34:51] Parsed 39700000 reads...
[2022-08-21 09:34:59] Parsed 39750000 reads...
[2022-08-21 09:35:07] Parsed 39800000 reads...
[2022-08-21 09:35:15] Parsed 39850000 reads...
[2022-08-21 09:35:22] Parsed 39900000 reads...
[2022-08-21 09:35:29] Parsed 39950000 reads...
[2022-08-21 09:35:37] Parsed 40000000 reads...
[2022-08-21 09:35:45] Parsed 40050000 reads...
[2022-08-21 09:35:52] Parsed 40100000 reads...
[2022-08-21 09:35:59] Parsed 40150000 reads...
[2022-08-21 09:36:07] Parsed 40200000 reads...
[2022-08-21 09:36:15] Parsed 40250000 reads...
[2022-08-21 09:36:22] Parsed 40300000 reads...
[2022-08-21 09:36:30] Parsed 40350000 reads...
[2022-08-21 09:36:37] Parsed 40400000 reads...
[2022-08-21 09:36:45] Parsed 40450000 reads...
[2022-08-21 09:36:52] Parsed 40500000 reads...
[2022-08-21 09:37:00] Parsed 40550000 reads...
[2022-08-21 09:37:08] Parsed 40600000 reads...
[2022-08-21 09:37:15] Parsed 40650000 reads...
[2022-08-21 09:37:23] Parsed 40700000 reads...
[2022-08-21 09:37:30] Parsed 40750000 reads...
[2022-08-21 09:37:38] Parsed 40800000 reads...
[2022-08-21 09:37:45] Parsed 40850000 reads...
[2022-08-21 09:37:53] Parsed 40900000 reads...
[2022-08-21 09:38:00] Parsed 40950000 reads...
[2022-08-21 09:38:08] Parsed 41000000 reads...
[2022-08-21 09:38:16] Parsed 41050000 reads...
[2022-08-21 09:38:24] Parsed 41100000 reads...
[2022-08-21 09:38:31] Parsed 41150000 reads...
[2022-08-21 09:38:38] Parsed 41200000 reads...
[2022-08-21 09:38:46] Parsed 41250000 reads...
[2022-08-21 09:38:54] Parsed 41300000 reads...
[2022-08-21 09:39:02] Parsed 41350000 reads...
[2022-08-21 09:39:10] Parsed 41400000 reads...
[2022-08-21 09:39:17] Parsed 41450000 reads...
[2022-08-21 09:39:24] Parsed 41500000 reads...
[2022-08-21 09:39:32] Parsed 41550000 reads...
[2022-08-21 09:39:40] Parsed 41600000 reads...
[2022-08-21 09:39:47] Parsed 41650000 reads...
[2022-08-21 09:39:55] Parsed 41700000 reads...
[2022-08-21 09:40:02] Parsed 41750000 reads...
[2022-08-21 09:40:10] Parsed 41800000 reads...
[2022-08-21 09:40:17] Parsed 41850000 reads...
[2022-08-21 09:40:25] Parsed 41900000 reads...
[2022-08-21 09:40:33] Parsed 41950000 reads...
[2022-08-21 09:40:41] Parsed 42000000 reads...
[2022-08-21 09:40:49] Parsed 42050000 reads...
[2022-08-21 09:40:56] Parsed 42100000 reads...
[2022-08-21 09:41:04] Parsed 42150000 reads...
[2022-08-21 09:41:12] Parsed 42200000 reads...
[2022-08-21 09:41:19] Parsed 42250000 reads...
[2022-08-21 09:41:27] Parsed 42300000 reads...
[2022-08-21 09:41:35] Parsed 42350000 reads...
[2022-08-21 09:41:42] Parsed 42400000 reads...
[2022-08-21 09:41:50] Parsed 42450000 reads...
[2022-08-21 09:41:57] Parsed 42500000 reads...
[2022-08-21 09:42:05] Parsed 42550000 reads...
[2022-08-21 09:42:12] Parsed 42600000 reads...
[2022-08-21 09:42:20] Parsed 42650000 reads...
[2022-08-21 09:42:28] Parsed 42700000 reads...
[2022-08-21 09:42:36] Parsed 42750000 reads...
[2022-08-21 09:42:43] Parsed 42800000 reads...
[2022-08-21 09:42:50] Parsed 42850000 reads...
[2022-08-21 09:42:58] Parsed 42900000 reads...
[2022-08-21 09:43:06] Parsed 42950000 reads...
[2022-08-21 09:43:14] Parsed 43000000 reads...
[2022-08-21 09:43:21] Parsed 43050000 reads...
[2022-08-21 09:43:29] Parsed 43100000 reads...
[2022-08-21 09:43:37] Parsed 43150000 reads...
[2022-08-21 09:43:45] Parsed 43200000 reads...
[2022-08-21 09:43:52] Parsed 43250000 reads...
[2022-08-21 09:44:00] Parsed 43300000 reads...
[2022-08-21 09:44:07] Parsed 43350000 reads...
[2022-08-21 09:44:14] Parsed 43400000 reads...
[2022-08-21 09:44:22] Parsed 43450000 reads...
[2022-08-21 09:44:30] Parsed 43500000 reads...
[2022-08-21 09:44:38] Parsed 43550000 reads...
[2022-08-21 09:44:45] Parsed 43600000 reads...
[2022-08-21 09:44:53] Parsed 43650000 reads...
[2022-08-21 09:45:01] Parsed 43700000 reads...
[2022-08-21 09:45:08] Parsed 43750000 reads...
[2022-08-21 09:45:15] Parsed 43800000 reads...
[2022-08-21 09:45:23] Parsed 43850000 reads...
[2022-08-21 09:45:30] Parsed 43900000 reads...
[2022-08-21 09:45:38] Parsed 43950000 reads...
[2022-08-21 09:45:45] Parsed 44000000 reads...
[2022-08-21 09:45:53] Parsed 44050000 reads...
[2022-08-21 09:46:00] Parsed 44100000 reads...
[2022-08-21 09:46:08] Parsed 44150000 reads...
[2022-08-21 09:46:16] Parsed 44200000 reads...
[2022-08-21 09:46:23] Parsed 44250000 reads...
[2022-08-21 09:46:31] Parsed 44300000 reads...
[2022-08-21 09:46:38] Parsed 44350000 reads...
[2022-08-21 09:46:46] Parsed 44400000 reads...
[2022-08-21 09:46:53] Parsed 44450000 reads...
[2022-08-21 09:47:01] Parsed 44500000 reads...
[2022-08-21 09:47:09] Parsed 44550000 reads...
[2022-08-21 09:47:16] Parsed 44600000 reads...
[2022-08-21 09:47:24] Parsed 44650000 reads...
[2022-08-21 09:47:32] Parsed 44700000 reads...
[2022-08-21 09:47:39] Parsed 44750000 reads...
[2022-08-21 09:47:46] Parsed 44800000 reads...
[2022-08-21 09:47:54] Parsed 44850000 reads...
[2022-08-21 09:48:02] Parsed 44900000 reads...
[2022-08-21 09:48:09] Parsed 44950000 reads...
[2022-08-21 09:48:18] Parsed 45000000 reads...
[2022-08-21 09:48:26] Parsed 45050000 reads...
[2022-08-21 09:48:35] Parsed 45100000 reads...
[2022-08-21 09:48:42] Parsed 45150000 reads...
[2022-08-21 09:48:50] Parsed 45200000 reads...
[2022-08-21 09:48:58] Parsed 45250000 reads...
[2022-08-21 09:49:05] Parsed 45300000 reads...
[2022-08-21 09:49:13] Parsed 45350000 reads...
[2022-08-21 09:49:20] Parsed 45400000 reads...
[2022-08-21 09:49:28] Parsed 45450000 reads...
[2022-08-21 09:49:35] Parsed 45500000 reads...
[2022-08-21 09:49:43] Parsed 45550000 reads...
[2022-08-21 09:49:50] Parsed 45600000 reads...
[2022-08-21 09:49:58] Parsed 45650000 reads...
[2022-08-21 09:50:05] Parsed 45700000 reads...
[2022-08-21 09:50:13] Parsed 45750000 reads...
[2022-08-21 09:50:20] Parsed 45800000 reads...
[2022-08-21 09:50:28] Parsed 45850000 reads...
[2022-08-21 09:50:35] Parsed 45900000 reads...
[2022-08-21 09:50:43] Parsed 45950000 reads...
[2022-08-21 09:50:50] Parsed 46000000 reads...
[2022-08-21 09:50:58] Parsed 46050000 reads...
[2022-08-21 09:51:05] Parsed 46100000 reads...
[2022-08-21 09:51:11] Parsed 46150000 reads...
[2022-08-21 09:51:19] Parsed 46200000 reads...
[2022-08-21 09:51:26] Parsed 46250000 reads...
[2022-08-21 09:51:34] Parsed 46300000 reads...
[2022-08-21 09:51:41] Parsed 46350000 reads...
[2022-08-21 09:51:49] Parsed 46400000 reads...
[2022-08-21 09:51:56] Parsed 46450000 reads...
[2022-08-21 09:52:04] Parsed 46500000 reads...
[2022-08-21 09:52:11] Parsed 46550000 reads...
[2022-08-21 09:52:19] Parsed 46600000 reads...
[2022-08-21 09:52:27] Parsed 46650000 reads...
[2022-08-21 09:52:35] Parsed 46700000 reads...
[2022-08-21 09:52:43] Parsed 46750000 reads...
[2022-08-21 09:52:50] Parsed 46800000 reads...
[2022-08-21 09:52:58] Parsed 46850000 reads...
[2022-08-21 09:53:06] Parsed 46900000 reads...
[2022-08-21 09:53:13] Parsed 46950000 reads...
[2022-08-21 09:53:20] Parsed 47000000 reads...
[2022-08-21 09:53:27] Parsed 47050000 reads...
[2022-08-21 09:53:34] Parsed 47100000 reads...
[2022-08-21 09:53:41] Parsed 47150000 reads...
[2022-08-21 09:53:49] Parsed 47200000 reads...
[2022-08-21 09:53:56] Parsed 47250000 reads...
[2022-08-21 09:54:03] Parsed 47300000 reads...
[2022-08-21 09:54:11] Parsed 47350000 reads...
[2022-08-21 09:54:18] Parsed 47400000 reads...
[2022-08-21 09:54:26] Parsed 47450000 reads...
[2022-08-21 09:54:33] Parsed 47500000 reads...
[2022-08-21 09:54:41] Parsed 47550000 reads...
[2022-08-21 09:54:48] Parsed 47600000 reads...
[2022-08-21 09:54:56] Parsed 47650000 reads...
[2022-08-21 09:55:04] Parsed 47700000 reads...
[2022-08-21 09:55:11] Parsed 47750000 reads...
[2022-08-21 09:55:19] Parsed 47800000 reads...
[2022-08-21 09:55:26] Parsed 47850000 reads...
[2022-08-21 09:55:34] Parsed 47900000 reads...
[2022-08-21 09:55:41] Parsed 47950000 reads...
[2022-08-21 09:55:49] Parsed 48000000 reads...
[2022-08-21 09:55:56] Parsed 48050000 reads...
[2022-08-21 09:56:04] Parsed 48100000 reads...
[2022-08-21 09:56:12] Parsed 48150000 reads...
[2022-08-21 09:56:19] Parsed 48200000 reads...
[2022-08-21 09:56:26] Parsed 48250000 reads...
[2022-08-21 09:56:33] Parsed 48300000 reads...
[2022-08-21 09:56:40] Parsed 48350000 reads...
[2022-08-21 09:56:48] Parsed 48400000 reads...
[2022-08-21 09:56:56] Parsed 48450000 reads...
[2022-08-21 09:57:03] Parsed 48500000 reads...
[2022-08-21 09:57:10] Parsed 48550000 reads...
[2022-08-21 09:57:18] Parsed 48600000 reads...
[2022-08-21 09:57:25] Parsed 48650000 reads...
[2022-08-21 09:57:32] Parsed 48700000 reads...
[2022-08-21 09:57:40] Parsed 48750000 reads...
[2022-08-21 09:57:48] Parsed 48800000 reads...
[2022-08-21 09:57:56] Parsed 48850000 reads...
[2022-08-21 09:58:04] Parsed 48900000 reads...
[2022-08-21 09:58:12] Parsed 48950000 reads...
[2022-08-21 09:58:20] Parsed 49000000 reads...
[2022-08-21 09:58:28] Parsed 49050000 reads...
[2022-08-21 09:58:35] Parsed 49100000 reads...
[2022-08-21 09:58:43] Parsed 49150000 reads...
[2022-08-21 09:58:51] Parsed 49200000 reads...
[2022-08-21 09:58:58] Parsed 49250000 reads...
[2022-08-21 09:59:06] Parsed 49300000 reads...
[2022-08-21 09:59:13] Parsed 49350000 reads...
[2022-08-21 09:59:21] Parsed 49400000 reads...
[2022-08-21 09:59:28] Parsed 49450000 reads...
[2022-08-21 09:59:36] Parsed 49500000 reads...
[2022-08-21 09:59:44] Parsed 49550000 reads...
[2022-08-21 09:59:51] Parsed 49600000 reads...
[2022-08-21 09:59:59] Parsed 49650000 reads...
[2022-08-21 10:00:06] Parsed 49700000 reads...
[2022-08-21 10:00:14] Parsed 49750000 reads...
[2022-08-21 10:00:21] Parsed 49800000 reads...
[2022-08-21 10:00:29] Parsed 49850000 reads...
[2022-08-21 10:00:36] Parsed 49900000 reads...
[2022-08-21 10:00:44] Parsed 49950000 reads...
[2022-08-21 10:00:51] Parsed 50000000 reads...
[2022-08-21 10:00:59] Parsed 50050000 reads...
[2022-08-21 10:01:07] Parsed 50100000 reads...
[2022-08-21 10:01:14] Parsed 50150000 reads...
[2022-08-21 10:01:22] Parsed 50200000 reads...
[2022-08-21 10:01:30] Parsed 50250000 reads...
[2022-08-21 10:01:37] Parsed 50300000 reads...
[2022-08-21 10:01:45] Parsed 50350000 reads...
[2022-08-21 10:01:52] Parsed 50400000 reads...
[2022-08-21 10:02:01] Parsed 50450000 reads...
[2022-08-21 10:02:08] Parsed 50500000 reads...
[2022-08-21 10:02:16] Parsed 50550000 reads...
[2022-08-21 10:02:24] Parsed 50600000 reads...
[2022-08-21 10:02:32] Parsed 50650000 reads...
[2022-08-21 10:02:39] Parsed 50700000 reads...
[2022-08-21 10:02:47] Parsed 50750000 reads...
[2022-08-21 10:02:54] Parsed 50800000 reads...
[2022-08-21 10:03:02] Parsed 50850000 reads...
[2022-08-21 10:03:09] Parsed 50900000 reads...
[2022-08-21 10:03:17] Parsed 50950000 reads...
[2022-08-21 10:03:25] Parsed 51000000 reads...
[2022-08-21 10:03:32] Parsed 51050000 reads...
[2022-08-21 10:03:40] Parsed 51100000 reads...
[2022-08-21 10:03:48] Parsed 51150000 reads...
[2022-08-21 10:03:55] Parsed 51200000 reads...
[2022-08-21 10:04:03] Parsed 51250000 reads...
[2022-08-21 10:04:11] Parsed 51300000 reads...
[2022-08-21 10:04:19] Parsed 51350000 reads...
[2022-08-21 10:04:26] Parsed 51400000 reads...
[2022-08-21 10:04:34] Parsed 51450000 reads...
[2022-08-21 10:04:41] Parsed 51500000 reads...
[2022-08-21 10:04:48] Parsed 51550000 reads...
[2022-08-21 10:04:56] Parsed 51600000 reads...
[2022-08-21 10:05:03] Parsed 51650000 reads...
[2022-08-21 10:05:11] Parsed 51700000 reads...
[2022-08-21 10:05:19] Parsed 51750000 reads...
[2022-08-21 10:05:27] Parsed 51800000 reads...
[2022-08-21 10:05:34] Parsed 51850000 reads...
[2022-08-21 10:05:42] Parsed 51900000 reads...
[2022-08-21 10:05:50] Parsed 51950000 reads...
[2022-08-21 10:05:57] Parsed 52000000 reads...
[2022-08-21 10:06:05] Parsed 52050000 reads...
[2022-08-21 10:06:13] Parsed 52100000 reads...
[2022-08-21 10:06:20] Parsed 52150000 reads...
[2022-08-21 10:06:27] Parsed 52200000 reads...
[2022-08-21 10:06:35] Parsed 52250000 reads...
[2022-08-21 10:06:42] Parsed 52300000 reads...
[2022-08-21 10:06:50] Parsed 52350000 reads...
[2022-08-21 10:06:57] Parsed 52400000 reads...
[2022-08-21 10:07:05] Parsed 52450000 reads...
[2022-08-21 10:07:13] Parsed 52500000 reads...
[2022-08-21 10:07:20] Parsed 52550000 reads...
[2022-08-21 10:07:21] Finished parsing input file
[2022-08-21 10:07:21] - Number of reads: 52559428
[2022-08-21 10:07:21]   - Unmapped: 0
[2022-08-21 10:07:21]   - Mapped: 52559428
[2022-08-21 10:07:22] - Average raw (unclipped) read length: 99.66892027439873
[2022-08-21 10:07:22]   - Unmapped: N/A
[2022-08-21 10:07:22]   - Mapped: 99.66892027439873
[2022-08-21 10:07:22] - Average clipped read length: 96.59710326375698
[2022-08-21 10:07:22]   - Unmapped: N/A
[2022-08-21 10:07:23]   - Mapped: 96.59710326375698
[2022-08-21 10:07:23] - Average insert size: N/A
[2022-08-21 10:07:23] - Average coverage: 165233.5138025533
[2022-08-21 10:07:23] Writing nucleotide counts...
[2022-08-21 10:07:23] Finished writing nucleotide counts
