[2022-08-21 08:04:18] Executing SamBamViz v0.0.9
[2022-08-21 08:04:18] Using 1-based indexing
[2022-08-21 08:04:18] Input file: data/trimmed_bam/SRR13615960.02.trimmed.sorted.bam
[2022-08-21 08:04:18] Output file: data/trimmed_bam/SRR13615960.02.trimmed.sorted.bam.sambamviz.tsv
[2022-08-21 08:04:18] Parsing input file...
[2022-08-21 08:04:26] Parsed 50000 reads...
[2022-08-21 08:04:35] Parsed 100000 reads...
[2022-08-21 08:04:43] Parsed 150000 reads...
[2022-08-21 08:04:52] Parsed 200000 reads...
[2022-08-21 08:05:00] Parsed 250000 reads...
[2022-08-21 08:05:09] Parsed 300000 reads...
[2022-08-21 08:05:18] Parsed 350000 reads...
[2022-08-21 08:05:26] Parsed 400000 reads...
[2022-08-21 08:05:35] Parsed 450000 reads...
[2022-08-21 08:05:44] Parsed 500000 reads...
[2022-08-21 08:05:52] Parsed 550000 reads...
[2022-08-21 08:06:01] Parsed 600000 reads...
[2022-08-21 08:06:09] Parsed 650000 reads...
[2022-08-21 08:06:18] Parsed 700000 reads...
[2022-08-21 08:06:27] Parsed 750000 reads...
[2022-08-21 08:06:31] Finished parsing input file
[2022-08-21 08:06:31] - Number of reads: 777686
[2022-08-21 08:06:31]   - Unmapped: 0
[2022-08-21 08:06:31]   - Mapped: 777686
[2022-08-21 08:06:31] - Average raw (unclipped) read length: 99.43798525368851
[2022-08-21 08:06:31]   - Unmapped: N/A
[2022-08-21 08:06:31]   - Mapped: 99.43798525368851
[2022-08-21 08:06:31] - Average clipped read length: 96.54474685155705
[2022-08-21 08:06:31]   - Unmapped: N/A
[2022-08-21 08:06:31]   - Mapped: 96.54474685155705
[2022-08-21 08:06:31] - Average insert size: N/A
[2022-08-21 08:06:31] - Average coverage: 2448.5783805478445
[2022-08-21 08:06:31] Writing nucleotide counts...
[2022-08-21 08:06:32] Finished writing nucleotide counts
