[2022-08-21 06:10:37] Executing SamBamViz v0.0.9
[2022-08-21 06:10:37] Using 1-based indexing
[2022-08-21 06:10:37] Input file: data/trimmed_bam/SRR13615941.02.trimmed.sorted.bam
[2022-08-21 06:10:37] Output file: data/trimmed_bam/SRR13615941.02.trimmed.sorted.bam.sambamviz.tsv
[2022-08-21 06:10:37] Parsing input file...
[2022-08-21 06:10:43] Parsed 50000 reads...
[2022-08-21 06:10:49] Parsed 100000 reads...
[2022-08-21 06:10:56] Parsed 150000 reads...
[2022-08-21 06:11:02] Parsed 200000 reads...
[2022-08-21 06:11:10] Parsed 250000 reads...
[2022-08-21 06:11:17] Parsed 300000 reads...
[2022-08-21 06:11:24] Parsed 350000 reads...
[2022-08-21 06:11:31] Parsed 400000 reads...
[2022-08-21 06:11:38] Parsed 450000 reads...
[2022-08-21 06:11:46] Parsed 500000 reads...
[2022-08-21 06:11:53] Parsed 550000 reads...
[2022-08-21 06:12:00] Parsed 600000 reads...
[2022-08-21 06:12:08] Parsed 650000 reads...
[2022-08-21 06:12:15] Parsed 700000 reads...
[2022-08-21 06:12:23] Parsed 750000 reads...
[2022-08-21 06:12:31] Parsed 800000 reads...
[2022-08-21 06:12:38] Parsed 850000 reads...
[2022-08-21 06:12:46] Parsed 900000 reads...
[2022-08-21 06:12:54] Parsed 950000 reads...
[2022-08-21 06:13:01] Parsed 1000000 reads...
[2022-08-21 06:13:09] Parsed 1050000 reads...
[2022-08-21 06:13:16] Parsed 1100000 reads...
[2022-08-21 06:13:24] Parsed 1150000 reads...
[2022-08-21 06:13:31] Parsed 1200000 reads...
[2022-08-21 06:13:39] Parsed 1250000 reads...
[2022-08-21 06:13:46] Parsed 1300000 reads...
[2022-08-21 06:13:54] Parsed 1350000 reads...
[2022-08-21 06:14:01] Parsed 1400000 reads...
[2022-08-21 06:14:09] Parsed 1450000 reads...
[2022-08-21 06:14:16] Parsed 1500000 reads...
[2022-08-21 06:14:24] Parsed 1550000 reads...
[2022-08-21 06:14:32] Parsed 1600000 reads...
[2022-08-21 06:14:39] Parsed 1650000 reads...
[2022-08-21 06:14:47] Parsed 1700000 reads...
[2022-08-21 06:14:54] Parsed 1750000 reads...
[2022-08-21 06:15:02] Parsed 1800000 reads...
[2022-08-21 06:15:09] Parsed 1850000 reads...
[2022-08-21 06:15:17] Parsed 1900000 reads...
[2022-08-21 06:15:24] Parsed 1950000 reads...
[2022-08-21 06:15:32] Parsed 2000000 reads...
[2022-08-21 06:15:39] Parsed 2050000 reads...
[2022-08-21 06:15:47] Parsed 2100000 reads...
[2022-08-21 06:15:54] Parsed 2150000 reads...
[2022-08-21 06:16:02] Parsed 2200000 reads...
[2022-08-21 06:16:09] Parsed 2250000 reads...
[2022-08-21 06:16:17] Parsed 2300000 reads...
[2022-08-21 06:16:24] Parsed 2350000 reads...
[2022-08-21 06:16:32] Parsed 2400000 reads...
[2022-08-21 06:16:39] Parsed 2450000 reads...
[2022-08-21 06:16:47] Parsed 2500000 reads...
[2022-08-21 06:16:54] Parsed 2550000 reads...
[2022-08-21 06:17:02] Parsed 2600000 reads...
[2022-08-21 06:17:10] Parsed 2650000 reads...
[2022-08-21 06:17:17] Parsed 2700000 reads...
[2022-08-21 06:17:25] Parsed 2750000 reads...
[2022-08-21 06:17:32] Parsed 2800000 reads...
[2022-08-21 06:17:40] Parsed 2850000 reads...
[2022-08-21 06:17:47] Parsed 2900000 reads...
[2022-08-21 06:17:55] Parsed 2950000 reads...
[2022-08-21 06:18:02] Parsed 3000000 reads...
[2022-08-21 06:18:10] Parsed 3050000 reads...
[2022-08-21 06:18:18] Parsed 3100000 reads...
[2022-08-21 06:18:26] Parsed 3150000 reads...
[2022-08-21 06:18:33] Parsed 3200000 reads...
[2022-08-21 06:18:41] Parsed 3250000 reads...
[2022-08-21 06:18:48] Parsed 3300000 reads...
[2022-08-21 06:18:56] Parsed 3350000 reads...
[2022-08-21 06:19:03] Parsed 3400000 reads...
[2022-08-21 06:19:11] Parsed 3450000 reads...
[2022-08-21 06:19:18] Parsed 3500000 reads...
[2022-08-21 06:19:26] Parsed 3550000 reads...
[2022-08-21 06:19:33] Parsed 3600000 reads...
[2022-08-21 06:19:41] Parsed 3650000 reads...
[2022-08-21 06:19:48] Parsed 3700000 reads...
[2022-08-21 06:19:55] Parsed 3750000 reads...
[2022-08-21 06:20:03] Parsed 3800000 reads...
[2022-08-21 06:20:11] Parsed 3850000 reads...
[2022-08-21 06:20:18] Parsed 3900000 reads...
[2022-08-21 06:20:26] Parsed 3950000 reads...
[2022-08-21 06:20:33] Parsed 4000000 reads...
[2022-08-21 06:20:41] Parsed 4050000 reads...
[2022-08-21 06:20:48] Parsed 4100000 reads...
[2022-08-21 06:20:56] Parsed 4150000 reads...
[2022-08-21 06:21:03] Parsed 4200000 reads...
[2022-08-21 06:21:11] Parsed 4250000 reads...
[2022-08-21 06:21:18] Parsed 4300000 reads...
[2022-08-21 06:21:26] Parsed 4350000 reads...
[2022-08-21 06:21:34] Parsed 4400000 reads...
[2022-08-21 06:21:41] Parsed 4450000 reads...
[2022-08-21 06:21:49] Parsed 4500000 reads...
[2022-08-21 06:21:56] Parsed 4550000 reads...
[2022-08-21 06:22:04] Parsed 4600000 reads...
[2022-08-21 06:22:11] Parsed 4650000 reads...
[2022-08-21 06:22:19] Parsed 4700000 reads...
[2022-08-21 06:22:26] Parsed 4750000 reads...
[2022-08-21 06:22:34] Parsed 4800000 reads...
[2022-08-21 06:22:41] Parsed 4850000 reads...
[2022-08-21 06:22:49] Parsed 4900000 reads...
[2022-08-21 06:22:56] Parsed 4950000 reads...
[2022-08-21 06:23:03] Parsed 5000000 reads...
[2022-08-21 06:23:11] Parsed 5050000 reads...
[2022-08-21 06:23:19] Parsed 5100000 reads...
[2022-08-21 06:23:26] Parsed 5150000 reads...
[2022-08-21 06:23:34] Parsed 5200000 reads...
[2022-08-21 06:23:41] Parsed 5250000 reads...
[2022-08-21 06:23:49] Parsed 5300000 reads...
[2022-08-21 06:23:57] Parsed 5350000 reads...
[2022-08-21 06:24:04] Parsed 5400000 reads...
[2022-08-21 06:24:11] Parsed 5450000 reads...
[2022-08-21 06:24:19] Parsed 5500000 reads...
[2022-08-21 06:24:27] Parsed 5550000 reads...
[2022-08-21 06:24:34] Parsed 5600000 reads...
[2022-08-21 06:24:42] Parsed 5650000 reads...
[2022-08-21 06:24:49] Parsed 5700000 reads...
[2022-08-21 06:24:57] Parsed 5750000 reads...
[2022-08-21 06:25:04] Parsed 5800000 reads...
[2022-08-21 06:25:12] Parsed 5850000 reads...
[2022-08-21 06:25:19] Parsed 5900000 reads...
[2022-08-21 06:25:27] Parsed 5950000 reads...
[2022-08-21 06:25:35] Parsed 6000000 reads...
[2022-08-21 06:25:42] Parsed 6050000 reads...
[2022-08-21 06:25:50] Parsed 6100000 reads...
[2022-08-21 06:25:57] Parsed 6150000 reads...
[2022-08-21 06:26:05] Parsed 6200000 reads...
[2022-08-21 06:26:12] Parsed 6250000 reads...
[2022-08-21 06:26:19] Parsed 6300000 reads...
[2022-08-21 06:26:27] Parsed 6350000 reads...
[2022-08-21 06:26:34] Parsed 6400000 reads...
[2022-08-21 06:26:42] Parsed 6450000 reads...
[2022-08-21 06:26:49] Parsed 6500000 reads...
[2022-08-21 06:26:57] Parsed 6550000 reads...
[2022-08-21 06:27:04] Parsed 6600000 reads...
[2022-08-21 06:27:12] Parsed 6650000 reads...
[2022-08-21 06:27:20] Parsed 6700000 reads...
[2022-08-21 06:27:27] Parsed 6750000 reads...
[2022-08-21 06:27:35] Parsed 6800000 reads...
[2022-08-21 06:27:42] Parsed 6850000 reads...
[2022-08-21 06:27:50] Parsed 6900000 reads...
[2022-08-21 06:27:57] Parsed 6950000 reads...
[2022-08-21 06:28:05] Parsed 7000000 reads...
[2022-08-21 06:28:13] Parsed 7050000 reads...
[2022-08-21 06:28:21] Parsed 7100000 reads...
[2022-08-21 06:28:30] Parsed 7150000 reads...
[2022-08-21 06:28:38] Parsed 7200000 reads...
[2022-08-21 06:28:46] Parsed 7250000 reads...
[2022-08-21 06:28:54] Parsed 7300000 reads...
[2022-08-21 06:29:02] Parsed 7350000 reads...
[2022-08-21 06:29:09] Parsed 7400000 reads...
[2022-08-21 06:29:17] Parsed 7450000 reads...
[2022-08-21 06:29:24] Parsed 7500000 reads...
[2022-08-21 06:29:32] Parsed 7550000 reads...
[2022-08-21 06:29:39] Parsed 7600000 reads...
[2022-08-21 06:29:47] Parsed 7650000 reads...
[2022-08-21 06:29:55] Parsed 7700000 reads...
[2022-08-21 06:30:02] Parsed 7750000 reads...
[2022-08-21 06:30:09] Parsed 7800000 reads...
[2022-08-21 06:30:17] Parsed 7850000 reads...
[2022-08-21 06:30:24] Parsed 7900000 reads...
[2022-08-21 06:30:32] Parsed 7950000 reads...
[2022-08-21 06:30:40] Parsed 8000000 reads...
[2022-08-21 06:30:48] Parsed 8050000 reads...
[2022-08-21 06:30:55] Parsed 8100000 reads...
[2022-08-21 06:31:03] Parsed 8150000 reads...
[2022-08-21 06:31:11] Parsed 8200000 reads...
[2022-08-21 06:31:18] Parsed 8250000 reads...
[2022-08-21 06:31:26] Parsed 8300000 reads...
[2022-08-21 06:31:33] Parsed 8350000 reads...
[2022-08-21 06:31:41] Parsed 8400000 reads...
[2022-08-21 06:31:49] Parsed 8450000 reads...
[2022-08-21 06:31:56] Parsed 8500000 reads...
[2022-08-21 06:32:03] Parsed 8550000 reads...
[2022-08-21 06:32:11] Parsed 8600000 reads...
[2022-08-21 06:32:19] Parsed 8650000 reads...
[2022-08-21 06:32:26] Parsed 8700000 reads...
[2022-08-21 06:32:34] Parsed 8750000 reads...
[2022-08-21 06:32:42] Parsed 8800000 reads...
[2022-08-21 06:32:49] Parsed 8850000 reads...
[2022-08-21 06:32:57] Parsed 8900000 reads...
[2022-08-21 06:33:05] Parsed 8950000 reads...
[2022-08-21 06:33:13] Parsed 9000000 reads...
[2022-08-21 06:33:20] Parsed 9050000 reads...
[2022-08-21 06:33:28] Parsed 9100000 reads...
[2022-08-21 06:33:36] Parsed 9150000 reads...
[2022-08-21 06:33:43] Parsed 9200000 reads...
[2022-08-21 06:33:51] Parsed 9250000 reads...
[2022-08-21 06:33:59] Parsed 9300000 reads...
[2022-08-21 06:34:06] Parsed 9350000 reads...
[2022-08-21 06:34:14] Parsed 9400000 reads...
[2022-08-21 06:34:21] Parsed 9450000 reads...
[2022-08-21 06:34:29] Parsed 9500000 reads...
[2022-08-21 06:34:36] Parsed 9550000 reads...
[2022-08-21 06:34:44] Parsed 9600000 reads...
[2022-08-21 06:34:52] Parsed 9650000 reads...
[2022-08-21 06:34:59] Parsed 9700000 reads...
[2022-08-21 06:35:07] Parsed 9750000 reads...
[2022-08-21 06:35:14] Parsed 9800000 reads...
[2022-08-21 06:35:22] Parsed 9850000 reads...
[2022-08-21 06:35:29] Parsed 9900000 reads...
[2022-08-21 06:35:37] Parsed 9950000 reads...
[2022-08-21 06:35:45] Parsed 10000000 reads...
[2022-08-21 06:35:52] Parsed 10050000 reads...
[2022-08-21 06:36:00] Parsed 10100000 reads...
[2022-08-21 06:36:07] Parsed 10150000 reads...
[2022-08-21 06:36:15] Parsed 10200000 reads...
[2022-08-21 06:36:22] Parsed 10250000 reads...
[2022-08-21 06:36:30] Parsed 10300000 reads...
[2022-08-21 06:36:37] Parsed 10350000 reads...
[2022-08-21 06:36:45] Parsed 10400000 reads...
[2022-08-21 06:36:52] Parsed 10450000 reads...
[2022-08-21 06:37:00] Parsed 10500000 reads...
[2022-08-21 06:37:07] Parsed 10550000 reads...
[2022-08-21 06:37:15] Parsed 10600000 reads...
[2022-08-21 06:37:22] Parsed 10650000 reads...
[2022-08-21 06:37:30] Parsed 10700000 reads...
[2022-08-21 06:37:37] Parsed 10750000 reads...
[2022-08-21 06:37:45] Parsed 10800000 reads...
[2022-08-21 06:37:52] Parsed 10850000 reads...
[2022-08-21 06:38:00] Parsed 10900000 reads...
[2022-08-21 06:38:07] Parsed 10950000 reads...
[2022-08-21 06:38:15] Parsed 11000000 reads...
[2022-08-21 06:38:23] Parsed 11050000 reads...
[2022-08-21 06:38:30] Parsed 11100000 reads...
[2022-08-21 06:38:38] Parsed 11150000 reads...
[2022-08-21 06:38:45] Parsed 11200000 reads...
[2022-08-21 06:38:53] Parsed 11250000 reads...
[2022-08-21 06:39:00] Parsed 11300000 reads...
[2022-08-21 06:39:08] Parsed 11350000 reads...
[2022-08-21 06:39:15] Parsed 11400000 reads...
[2022-08-21 06:39:23] Parsed 11450000 reads...
[2022-08-21 06:39:31] Parsed 11500000 reads...
[2022-08-21 06:39:38] Parsed 11550000 reads...
[2022-08-21 06:39:46] Parsed 11600000 reads...
[2022-08-21 06:39:53] Parsed 11650000 reads...
[2022-08-21 06:40:01] Parsed 11700000 reads...
[2022-08-21 06:40:09] Parsed 11750000 reads...
[2022-08-21 06:40:16] Parsed 11800000 reads...
[2022-08-21 06:40:23] Parsed 11850000 reads...
[2022-08-21 06:40:31] Parsed 11900000 reads...
[2022-08-21 06:40:39] Parsed 11950000 reads...
[2022-08-21 06:40:46] Parsed 12000000 reads...
[2022-08-21 06:40:54] Parsed 12050000 reads...
[2022-08-21 06:41:02] Parsed 12100000 reads...
[2022-08-21 06:41:09] Parsed 12150000 reads...
[2022-08-21 06:41:17] Parsed 12200000 reads...
[2022-08-21 06:41:24] Parsed 12250000 reads...
[2022-08-21 06:41:31] Parsed 12300000 reads...
[2022-08-21 06:41:39] Parsed 12350000 reads...
[2022-08-21 06:41:46] Parsed 12400000 reads...
[2022-08-21 06:41:54] Parsed 12450000 reads...
[2022-08-21 06:42:02] Parsed 12500000 reads...
[2022-08-21 06:42:09] Parsed 12550000 reads...
[2022-08-21 06:42:16] Parsed 12600000 reads...
[2022-08-21 06:42:24] Parsed 12650000 reads...
[2022-08-21 06:42:32] Parsed 12700000 reads...
[2022-08-21 06:42:39] Parsed 12750000 reads...
[2022-08-21 06:42:46] Parsed 12800000 reads...
[2022-08-21 06:42:54] Parsed 12850000 reads...
[2022-08-21 06:43:02] Parsed 12900000 reads...
[2022-08-21 06:43:10] Parsed 12950000 reads...
[2022-08-21 06:43:18] Parsed 13000000 reads...
[2022-08-21 06:43:25] Parsed 13050000 reads...
[2022-08-21 06:43:33] Parsed 13100000 reads...
[2022-08-21 06:43:40] Parsed 13150000 reads...
[2022-08-21 06:43:48] Parsed 13200000 reads...
[2022-08-21 06:43:55] Parsed 13250000 reads...
[2022-08-21 06:44:03] Parsed 13300000 reads...
[2022-08-21 06:44:10] Parsed 13350000 reads...
[2022-08-21 06:44:18] Parsed 13400000 reads...
[2022-08-21 06:44:25] Parsed 13450000 reads...
[2022-08-21 06:44:33] Parsed 13500000 reads...
[2022-08-21 06:44:41] Parsed 13550000 reads...
[2022-08-21 06:44:48] Parsed 13600000 reads...
[2022-08-21 06:44:56] Parsed 13650000 reads...
[2022-08-21 06:45:03] Parsed 13700000 reads...
[2022-08-21 06:45:11] Parsed 13750000 reads...
[2022-08-21 06:45:18] Parsed 13800000 reads...
[2022-08-21 06:45:26] Parsed 13850000 reads...
[2022-08-21 06:45:34] Parsed 13900000 reads...
[2022-08-21 06:45:42] Parsed 13950000 reads...
[2022-08-21 06:45:49] Parsed 14000000 reads...
[2022-08-21 06:45:57] Parsed 14050000 reads...
[2022-08-21 06:46:04] Parsed 14100000 reads...
[2022-08-21 06:46:11] Parsed 14150000 reads...
[2022-08-21 06:46:19] Parsed 14200000 reads...
[2022-08-21 06:46:26] Parsed 14250000 reads...
[2022-08-21 06:46:34] Parsed 14300000 reads...
[2022-08-21 06:46:41] Parsed 14350000 reads...
[2022-08-21 06:46:49] Parsed 14400000 reads...
[2022-08-21 06:46:56] Parsed 14450000 reads...
[2022-08-21 06:47:04] Parsed 14500000 reads...
[2022-08-21 06:47:12] Parsed 14550000 reads...
[2022-08-21 06:47:21] Parsed 14600000 reads...
[2022-08-21 06:47:30] Parsed 14650000 reads...
[2022-08-21 06:47:38] Parsed 14700000 reads...
[2022-08-21 06:47:47] Parsed 14750000 reads...
[2022-08-21 06:47:55] Parsed 14800000 reads...
[2022-08-21 06:48:04] Parsed 14850000 reads...
[2022-08-21 06:48:13] Parsed 14900000 reads...
[2022-08-21 06:48:24] Parsed 14950000 reads...
[2022-08-21 06:48:34] Parsed 15000000 reads...
[2022-08-21 06:48:43] Parsed 15050000 reads...
[2022-08-21 06:48:52] Parsed 15100000 reads...
[2022-08-21 06:49:01] Parsed 15150000 reads...
[2022-08-21 06:49:09] Parsed 15200000 reads...
[2022-08-21 06:49:18] Parsed 15250000 reads...
[2022-08-21 06:49:27] Parsed 15300000 reads...
[2022-08-21 06:49:36] Parsed 15350000 reads...
[2022-08-21 06:49:45] Parsed 15400000 reads...
[2022-08-21 06:49:54] Parsed 15450000 reads...
[2022-08-21 06:50:03] Parsed 15500000 reads...
[2022-08-21 06:50:12] Parsed 15550000 reads...
[2022-08-21 06:50:21] Parsed 15600000 reads...
[2022-08-21 06:50:30] Parsed 15650000 reads...
[2022-08-21 06:50:39] Parsed 15700000 reads...
[2022-08-21 06:50:48] Parsed 15750000 reads...
[2022-08-21 06:50:57] Parsed 15800000 reads...
[2022-08-21 06:51:07] Parsed 15850000 reads...
[2022-08-21 06:51:16] Parsed 15900000 reads...
[2022-08-21 06:51:25] Parsed 15950000 reads...
[2022-08-21 06:51:35] Parsed 16000000 reads...
[2022-08-21 06:51:44] Parsed 16050000 reads...
[2022-08-21 06:51:53] Parsed 16100000 reads...
[2022-08-21 06:52:02] Parsed 16150000 reads...
[2022-08-21 06:52:11] Parsed 16200000 reads...
[2022-08-21 06:52:19] Parsed 16250000 reads...
[2022-08-21 06:52:28] Parsed 16300000 reads...
[2022-08-21 06:52:37] Parsed 16350000 reads...
[2022-08-21 06:52:46] Parsed 16400000 reads...
[2022-08-21 06:52:55] Parsed 16450000 reads...
[2022-08-21 06:53:05] Parsed 16500000 reads...
[2022-08-21 06:53:14] Parsed 16550000 reads...
[2022-08-21 06:53:23] Parsed 16600000 reads...
[2022-08-21 06:53:32] Parsed 16650000 reads...
[2022-08-21 06:53:42] Parsed 16700000 reads...
[2022-08-21 06:53:51] Parsed 16750000 reads...
[2022-08-21 06:54:00] Parsed 16800000 reads...
[2022-08-21 06:54:09] Parsed 16850000 reads...
[2022-08-21 06:54:17] Parsed 16900000 reads...
[2022-08-21 06:54:26] Parsed 16950000 reads...
[2022-08-21 06:54:34] Parsed 17000000 reads...
[2022-08-21 06:54:42] Parsed 17050000 reads...
[2022-08-21 06:54:51] Parsed 17100000 reads...
[2022-08-21 06:54:59] Parsed 17150000 reads...
[2022-08-21 06:55:08] Parsed 17200000 reads...
[2022-08-21 06:55:17] Parsed 17250000 reads...
[2022-08-21 06:55:26] Parsed 17300000 reads...
[2022-08-21 06:55:34] Parsed 17350000 reads...
[2022-08-21 06:55:42] Parsed 17400000 reads...
[2022-08-21 06:55:51] Parsed 17450000 reads...
[2022-08-21 06:56:00] Parsed 17500000 reads...
[2022-08-21 06:56:09] Parsed 17550000 reads...
[2022-08-21 06:56:18] Parsed 17600000 reads...
[2022-08-21 06:56:27] Parsed 17650000 reads...
[2022-08-21 06:56:36] Parsed 17700000 reads...
[2022-08-21 06:56:44] Parsed 17750000 reads...
[2022-08-21 06:56:52] Parsed 17800000 reads...
[2022-08-21 06:56:59] Parsed 17850000 reads...
[2022-08-21 06:57:07] Parsed 17900000 reads...
[2022-08-21 06:57:15] Parsed 17950000 reads...
[2022-08-21 06:57:23] Parsed 18000000 reads...
[2022-08-21 06:57:31] Parsed 18050000 reads...
[2022-08-21 06:57:38] Parsed 18100000 reads...
[2022-08-21 06:57:46] Parsed 18150000 reads...
[2022-08-21 06:57:53] Parsed 18200000 reads...
[2022-08-21 06:58:01] Parsed 18250000 reads...
[2022-08-21 06:58:08] Parsed 18300000 reads...
[2022-08-21 06:58:17] Parsed 18350000 reads...
[2022-08-21 06:58:25] Parsed 18400000 reads...
[2022-08-21 06:58:32] Parsed 18450000 reads...
[2022-08-21 06:58:40] Parsed 18500000 reads...
[2022-08-21 06:58:47] Parsed 18550000 reads...
[2022-08-21 06:58:55] Parsed 18600000 reads...
[2022-08-21 06:59:02] Parsed 18650000 reads...
[2022-08-21 06:59:10] Parsed 18700000 reads...
[2022-08-21 06:59:17] Parsed 18750000 reads...
[2022-08-21 06:59:25] Parsed 18800000 reads...
[2022-08-21 06:59:33] Parsed 18850000 reads...
[2022-08-21 06:59:40] Parsed 18900000 reads...
[2022-08-21 06:59:47] Parsed 18950000 reads...
[2022-08-21 06:59:55] Parsed 19000000 reads...
[2022-08-21 07:00:02] Parsed 19050000 reads...
[2022-08-21 07:00:10] Parsed 19100000 reads...
[2022-08-21 07:00:17] Parsed 19150000 reads...
[2022-08-21 07:00:25] Parsed 19200000 reads...
[2022-08-21 07:00:32] Parsed 19250000 reads...
[2022-08-21 07:00:40] Parsed 19300000 reads...
[2022-08-21 07:00:47] Parsed 19350000 reads...
[2022-08-21 07:00:54] Parsed 19400000 reads...
[2022-08-21 07:01:02] Parsed 19450000 reads...
[2022-08-21 07:01:10] Parsed 19500000 reads...
[2022-08-21 07:01:17] Parsed 19550000 reads...
[2022-08-21 07:01:24] Parsed 19600000 reads...
[2022-08-21 07:01:32] Parsed 19650000 reads...
[2022-08-21 07:01:39] Parsed 19700000 reads...
[2022-08-21 07:01:46] Parsed 19750000 reads...
[2022-08-21 07:01:54] Parsed 19800000 reads...
[2022-08-21 07:02:01] Parsed 19850000 reads...
[2022-08-21 07:02:09] Parsed 19900000 reads...
[2022-08-21 07:02:16] Parsed 19950000 reads...
[2022-08-21 07:02:24] Parsed 20000000 reads...
[2022-08-21 07:02:31] Parsed 20050000 reads...
[2022-08-21 07:02:39] Parsed 20100000 reads...
[2022-08-21 07:02:46] Parsed 20150000 reads...
[2022-08-21 07:02:53] Parsed 20200000 reads...
[2022-08-21 07:03:01] Parsed 20250000 reads...
[2022-08-21 07:03:08] Parsed 20300000 reads...
[2022-08-21 07:03:16] Parsed 20350000 reads...
[2022-08-21 07:03:24] Parsed 20400000 reads...
[2022-08-21 07:03:31] Parsed 20450000 reads...
[2022-08-21 07:03:39] Parsed 20500000 reads...
[2022-08-21 07:03:46] Parsed 20550000 reads...
[2022-08-21 07:03:54] Parsed 20600000 reads...
[2022-08-21 07:04:01] Parsed 20650000 reads...
[2022-08-21 07:04:08] Parsed 20700000 reads...
[2022-08-21 07:04:16] Parsed 20750000 reads...
[2022-08-21 07:04:23] Parsed 20800000 reads...
[2022-08-21 07:04:30] Parsed 20850000 reads...
[2022-08-21 07:04:38] Parsed 20900000 reads...
[2022-08-21 07:04:46] Parsed 20950000 reads...
[2022-08-21 07:04:53] Parsed 21000000 reads...
[2022-08-21 07:05:01] Parsed 21050000 reads...
[2022-08-21 07:05:08] Parsed 21100000 reads...
[2022-08-21 07:05:16] Parsed 21150000 reads...
[2022-08-21 07:05:23] Parsed 21200000 reads...
[2022-08-21 07:05:30] Parsed 21250000 reads...
[2022-08-21 07:05:38] Parsed 21300000 reads...
[2022-08-21 07:05:46] Parsed 21350000 reads...
[2022-08-21 07:05:53] Parsed 21400000 reads...
[2022-08-21 07:06:01] Parsed 21450000 reads...
[2022-08-21 07:06:09] Parsed 21500000 reads...
[2022-08-21 07:06:16] Parsed 21550000 reads...
[2022-08-21 07:06:23] Parsed 21600000 reads...
[2022-08-21 07:06:31] Parsed 21650000 reads...
[2022-08-21 07:06:38] Parsed 21700000 reads...
[2022-08-21 07:06:45] Parsed 21750000 reads...
[2022-08-21 07:06:52] Parsed 21800000 reads...
[2022-08-21 07:07:00] Parsed 21850000 reads...
[2022-08-21 07:07:07] Parsed 21900000 reads...
[2022-08-21 07:07:15] Parsed 21950000 reads...
[2022-08-21 07:07:22] Parsed 22000000 reads...
[2022-08-21 07:07:30] Parsed 22050000 reads...
[2022-08-21 07:07:37] Parsed 22100000 reads...
[2022-08-21 07:07:45] Parsed 22150000 reads...
[2022-08-21 07:07:52] Parsed 22200000 reads...
[2022-08-21 07:08:00] Parsed 22250000 reads...
[2022-08-21 07:08:07] Parsed 22300000 reads...
[2022-08-21 07:08:15] Parsed 22350000 reads...
[2022-08-21 07:08:23] Parsed 22400000 reads...
[2022-08-21 07:08:32] Parsed 22450000 reads...
[2022-08-21 07:08:40] Parsed 22500000 reads...
[2022-08-21 07:08:48] Parsed 22550000 reads...
[2022-08-21 07:08:55] Parsed 22600000 reads...
[2022-08-21 07:09:02] Parsed 22650000 reads...
[2022-08-21 07:09:10] Parsed 22700000 reads...
[2022-08-21 07:09:17] Parsed 22750000 reads...
[2022-08-21 07:09:25] Parsed 22800000 reads...
[2022-08-21 07:09:32] Parsed 22850000 reads...
[2022-08-21 07:09:40] Parsed 22900000 reads...
[2022-08-21 07:09:47] Parsed 22950000 reads...
[2022-08-21 07:09:54] Parsed 23000000 reads...
[2022-08-21 07:10:02] Parsed 23050000 reads...
[2022-08-21 07:10:09] Parsed 23100000 reads...
[2022-08-21 07:10:17] Parsed 23150000 reads...
[2022-08-21 07:10:24] Parsed 23200000 reads...
[2022-08-21 07:10:32] Parsed 23250000 reads...
[2022-08-21 07:10:40] Parsed 23300000 reads...
[2022-08-21 07:10:47] Parsed 23350000 reads...
[2022-08-21 07:10:54] Parsed 23400000 reads...
[2022-08-21 07:11:01] Parsed 23450000 reads...
[2022-08-21 07:11:09] Parsed 23500000 reads...
[2022-08-21 07:11:11] Finished parsing input file
[2022-08-21 07:11:11] - Number of reads: 23518846
[2022-08-21 07:11:11]   - Unmapped: 0
[2022-08-21 07:11:11]   - Mapped: 23518846
[2022-08-21 07:11:12] - Average raw (unclipped) read length: 99.72422788090878
[2022-08-21 07:11:12]   - Unmapped: N/A
[2022-08-21 07:11:12]   - Mapped: 99.72422788090878
[2022-08-21 07:11:12] - Average clipped read length: 96.11445616847017
[2022-08-21 07:11:12]   - Unmapped: N/A
[2022-08-21 07:11:12]   - Mapped: 96.11445616847017
[2022-08-21 07:11:12] - Average insert size: N/A
[2022-08-21 07:11:12] - Average coverage: 73314.32230134055
[2022-08-21 07:11:12] Writing nucleotide counts...
[2022-08-21 07:11:12] Finished writing nucleotide counts
