[2022-08-21 06:12:02] Executing SamBamViz v0.0.9
[2022-08-21 06:12:02] Using 1-based indexing
[2022-08-21 06:12:02] Input file: data/trimmed_bam/SRR13615947.02.trimmed.sorted.bam
[2022-08-21 06:12:02] Output file: data/trimmed_bam/SRR13615947.02.trimmed.sorted.bam.sambamviz.tsv
[2022-08-21 06:12:02] Parsing input file...
[2022-08-21 06:12:09] Parsed 50000 reads...
[2022-08-21 06:12:13] Finished parsing input file
[2022-08-21 06:12:13] - Number of reads: 73975
[2022-08-21 06:12:13]   - Unmapped: 0
[2022-08-21 06:12:13]   - Mapped: 73975
[2022-08-21 06:12:13] - Average raw (unclipped) read length: 99.75981074687394
[2022-08-21 06:12:13]   - Unmapped: N/A
[2022-08-21 06:12:13]   - Mapped: 99.75981074687394
[2022-08-21 06:12:13] - Average clipped read length: 98.46606285907401
[2022-08-21 06:12:13]   - Unmapped: N/A
[2022-08-21 06:12:13]   - Mapped: 98.46606285907401
[2022-08-21 06:12:13] - Average insert size: N/A
[2022-08-21 06:12:13] - Average coverage: 240.60674232533225
[2022-08-21 06:12:13] Writing nucleotide counts...
[2022-08-21 06:12:13] Finished writing nucleotide counts
