[2022-08-21 14:22:44] Executing SamBamViz v0.0.9
[2022-08-21 14:22:44] Using 1-based indexing
[2022-08-21 14:22:44] Input file: data/trimmed_bam/SRR13616023.02.trimmed.sorted.bam
[2022-08-21 14:22:44] Output file: data/trimmed_bam/SRR13616023.02.trimmed.sorted.bam.sambamviz.tsv
[2022-08-21 14:22:44] Parsing input file...
[2022-08-21 14:22:51] Parsed 50000 reads...
[2022-08-21 14:22:58] Parsed 100000 reads...
[2022-08-21 14:23:05] Parsed 150000 reads...
[2022-08-21 14:23:13] Parsed 200000 reads...
[2022-08-21 14:23:20] Parsed 250000 reads...
[2022-08-21 14:23:27] Parsed 300000 reads...
[2022-08-21 14:23:35] Parsed 350000 reads...
[2022-08-21 14:23:42] Parsed 400000 reads...
[2022-08-21 14:23:49] Parsed 450000 reads...
[2022-08-21 14:23:56] Parsed 500000 reads...
[2022-08-21 14:24:04] Parsed 550000 reads...
[2022-08-21 14:24:11] Parsed 600000 reads...
[2022-08-21 14:24:18] Parsed 650000 reads...
[2022-08-21 14:24:26] Parsed 700000 reads...
[2022-08-21 14:24:33] Parsed 750000 reads...
[2022-08-21 14:24:40] Parsed 800000 reads...
[2022-08-21 14:24:47] Parsed 850000 reads...
[2022-08-21 14:24:54] Parsed 900000 reads...
[2022-08-21 14:25:02] Parsed 950000 reads...
[2022-08-21 14:25:09] Parsed 1000000 reads...
[2022-08-21 14:25:16] Parsed 1050000 reads...
[2022-08-21 14:25:23] Parsed 1100000 reads...
[2022-08-21 14:25:30] Parsed 1150000 reads...
[2022-08-21 14:25:38] Parsed 1200000 reads...
[2022-08-21 14:25:45] Parsed 1250000 reads...
[2022-08-21 14:25:52] Parsed 1300000 reads...
[2022-08-21 14:25:59] Finished parsing input file
[2022-08-21 14:25:59] - Number of reads: 1346747
[2022-08-21 14:25:59]   - Unmapped: 0
[2022-08-21 14:25:59]   - Mapped: 1346747
[2022-08-21 14:25:59] - Average raw (unclipped) read length: 99.78737357499219
[2022-08-21 14:25:59]   - Unmapped: N/A
[2022-08-21 14:25:59]   - Mapped: 99.78737357499219
[2022-08-21 14:25:59] - Average clipped read length: 96.13704578514005
[2022-08-21 14:25:59]   - Unmapped: N/A
[2022-08-21 14:25:59]   - Mapped: 96.13704578514005
[2022-08-21 14:25:59] - Average insert size: N/A
[2022-08-21 14:25:59] - Average coverage: 4150.611965754799
[2022-08-21 14:25:59] Writing nucleotide counts...
[2022-08-21 14:25:59] Finished writing nucleotide counts
