[2022-08-21 07:20:43] Executing SamBamViz v0.0.9
[2022-08-21 07:20:43] Using 1-based indexing
[2022-08-21 07:20:43] Input file: data/trimmed_bam/SRR13615951.02.trimmed.sorted.bam
[2022-08-21 07:20:43] Output file: data/trimmed_bam/SRR13615951.02.trimmed.sorted.bam.sambamviz.tsv
[2022-08-21 07:20:43] Parsing input file...
[2022-08-21 07:20:50] Parsed 50000 reads...
[2022-08-21 07:20:58] Parsed 100000 reads...
[2022-08-21 07:21:05] Parsed 150000 reads...
[2022-08-21 07:21:13] Parsed 200000 reads...
[2022-08-21 07:21:20] Parsed 250000 reads...
[2022-08-21 07:21:28] Parsed 300000 reads...
[2022-08-21 07:21:36] Parsed 350000 reads...
[2022-08-21 07:21:43] Parsed 400000 reads...
[2022-08-21 07:21:50] Parsed 450000 reads...
[2022-08-21 07:21:58] Parsed 500000 reads...
[2022-08-21 07:22:06] Parsed 550000 reads...
[2022-08-21 07:22:13] Parsed 600000 reads...
[2022-08-21 07:22:20] Parsed 650000 reads...
[2022-08-21 07:22:25] Finished parsing input file
[2022-08-21 07:22:25] - Number of reads: 683583
[2022-08-21 07:22:25]   - Unmapped: 0
[2022-08-21 07:22:25]   - Mapped: 683583
[2022-08-21 07:22:25] - Average raw (unclipped) read length: 99.74304071341739
[2022-08-21 07:22:25]   - Unmapped: N/A
[2022-08-21 07:22:25]   - Mapped: 99.74304071341739
[2022-08-21 07:22:25] - Average clipped read length: 98.0423196597926
[2022-08-21 07:22:25]   - Unmapped: N/A
[2022-08-21 07:22:25]   - Mapped: 98.0423196597926
[2022-08-21 07:22:25] - Average insert size: N/A
[2022-08-21 07:22:25] - Average coverage: 2204.378168684369
[2022-08-21 07:22:25] Writing nucleotide counts...
[2022-08-21 07:22:26] Finished writing nucleotide counts
