[2022-08-21 11:11:44] Executing SamBamViz v0.0.9
[2022-08-21 11:11:44] Using 1-based indexing
[2022-08-21 11:11:44] Input file: data/trimmed_bam/SRR13615994.02.trimmed.sorted.bam
[2022-08-21 11:11:44] Output file: data/trimmed_bam/SRR13615994.02.trimmed.sorted.bam.sambamviz.tsv
[2022-08-21 11:11:44] Parsing input file...
[2022-08-21 11:11:51] Parsed 50000 reads...
[2022-08-21 11:11:58] Parsed 100000 reads...
[2022-08-21 11:12:06] Parsed 150000 reads...
[2022-08-21 11:12:13] Parsed 200000 reads...
[2022-08-21 11:12:20] Parsed 250000 reads...
[2022-08-21 11:12:27] Parsed 300000 reads...
[2022-08-21 11:12:34] Parsed 350000 reads...
[2022-08-21 11:12:40] Finished parsing input file
[2022-08-21 11:12:40] - Number of reads: 390459
[2022-08-21 11:12:40]   - Unmapped: 0
[2022-08-21 11:12:40]   - Mapped: 390459
[2022-08-21 11:12:40] - Average raw (unclipped) read length: 99.83553971095557
[2022-08-21 11:12:40]   - Unmapped: N/A
[2022-08-21 11:12:40]   - Mapped: 99.83553971095557
[2022-08-21 11:12:40] - Average clipped read length: 95.08538156374934
[2022-08-21 11:12:40]   - Unmapped: N/A
[2022-08-21 11:12:40]   - Mapped: 95.08538156374934
[2022-08-21 11:12:40] - Average insert size: N/A
[2022-08-21 11:12:40] - Average coverage: 1210.444217778075
[2022-08-21 11:12:40] Writing nucleotide counts...
[2022-08-21 11:12:40] Finished writing nucleotide counts
