[2022-08-21 07:42:44] Executing SamBamViz v0.0.9
[2022-08-21 07:42:44] Using 1-based indexing
[2022-08-21 07:42:44] Input file: data/trimmed_bam/SRR13615954.02.trimmed.sorted.bam
[2022-08-21 07:42:44] Output file: data/trimmed_bam/SRR13615954.02.trimmed.sorted.bam.sambamviz.tsv
[2022-08-21 07:42:44] Parsing input file...
[2022-08-21 07:42:53] Parsed 50000 reads...
[2022-08-21 07:43:01] Parsed 100000 reads...
[2022-08-21 07:43:10] Parsed 150000 reads...
[2022-08-21 07:43:19] Parsed 200000 reads...
[2022-08-21 07:43:28] Parsed 250000 reads...
[2022-08-21 07:43:37] Parsed 300000 reads...
[2022-08-21 07:43:40] Finished parsing input file
[2022-08-21 07:43:40] - Number of reads: 317141
[2022-08-21 07:43:40]   - Unmapped: 0
[2022-08-21 07:43:40]   - Mapped: 317141
[2022-08-21 07:43:40] - Average raw (unclipped) read length: 99.7581738091259
[2022-08-21 07:43:40]   - Unmapped: N/A
[2022-08-21 07:43:40]   - Mapped: 99.7581738091259
[2022-08-21 07:43:40] - Average clipped read length: 97.62895683623373
[2022-08-21 07:43:40]   - Unmapped: N/A
[2022-08-21 07:43:40]   - Mapped: 97.62895683623373
[2022-08-21 07:43:40] - Average insert size: N/A
[2022-08-21 07:43:40] - Average coverage: 1014.4300715671193
[2022-08-21 07:43:40] Writing nucleotide counts...
[2022-08-21 07:43:40] Finished writing nucleotide counts
