[2022-08-21 06:11:44] Executing SamBamViz v0.0.9
[2022-08-21 06:11:44] Using 1-based indexing
[2022-08-21 06:11:44] Input file: data/trimmed_bam/SRR13615945.02.trimmed.sorted.bam
[2022-08-21 06:11:44] Output file: data/trimmed_bam/SRR13615945.02.trimmed.sorted.bam.sambamviz.tsv
[2022-08-21 06:11:44] Parsing input file...
[2022-08-21 06:11:51] Parsed 50000 reads...
[2022-08-21 06:11:53] Finished parsing input file
[2022-08-21 06:11:53] - Number of reads: 62155
[2022-08-21 06:11:53]   - Unmapped: 0
[2022-08-21 06:11:53]   - Mapped: 62155
[2022-08-21 06:11:53] - Average raw (unclipped) read length: 99.59993564475907
[2022-08-21 06:11:53]   - Unmapped: N/A
[2022-08-21 06:11:53]   - Mapped: 99.59993564475907
[2022-08-21 06:11:53] - Average clipped read length: 97.92856568256778
[2022-08-21 06:11:53]   - Unmapped: N/A
[2022-08-21 06:11:53]   - Mapped: 97.92856568256778
[2022-08-21 06:11:53] - Average insert size: N/A
[2022-08-21 06:11:53] - Average coverage: 201.01168552869484
[2022-08-21 06:11:53] Writing nucleotide counts...
[2022-08-21 06:11:53] Finished writing nucleotide counts
