[WARNING][1;31m Indexing parameters (-k, -w or -H) overridden by parameters used in the prebuilt index.[0m
[M::main::0.018*0.87] loaded/built the index for 1 target sequence(s)
[M::mm_mapopt_update::0.018*0.86] mid_occ = 1000
[M::mm_idx_stat] kmer size: 15; skip: 10; is_hpc: 0; #seq: 1
[M::mm_idx_stat::0.019*1.67] distinct minimizers: 5587 (99.93% are singletons); average occurrences: 1.004; average spacing: 5.332; total length: 29903
[M::worker_pipeline::611.025*0.05] mapped 500443 sequences
[M::worker_pipeline::613.064*0.07] mapped 500440 sequences
[M::worker_pipeline::616.901*0.11] mapped 500440 sequences
[M::worker_pipeline::619.277*0.13] mapped 500434 sequences
[M::worker_pipeline::622.137*0.16] mapped 500435 sequences
[M::worker_pipeline::624.355*0.18] mapped 500451 sequences
[M::worker_pipeline::626.778*0.20] mapped 500449 sequences
[M::worker_pipeline::629.369*0.23] mapped 500451 sequences
[M::worker_pipeline::631.612*0.25] mapped 500439 sequences
[M::worker_pipeline::634.139*0.27] mapped 500438 sequences
[M::worker_pipeline::636.718*0.30] mapped 500440 sequences
[M::worker_pipeline::638.859*0.32] mapped 500452 sequences
[M::worker_pipeline::641.392*0.34] mapped 500433 sequences
[M::worker_pipeline::643.599*0.36] mapped 500446 sequences
[M::worker_pipeline::645.710*0.38] mapped 500434 sequences
[M::worker_pipeline::648.000*0.40] mapped 500446 sequences
[M::worker_pipeline::650.554*0.42] mapped 500464 sequences
[M::worker_pipeline::652.826*0.44] mapped 500453 sequences
[M::worker_pipeline::655.138*0.46] mapped 500456 sequences
[M::worker_pipeline::657.005*0.47] mapped 500441 sequences
[M::worker_pipeline::658.175*0.47] mapped 500442 sequences
[M::worker_pipeline::658.323*0.47] mapped 23093 sequences
[M::main] Version: 2.24-r1122
[M::main] CMD: minimap2 --sam-hit-only -t 6 -a -x sr data/ref/NC_045512.2.fas.mmi /dev/fd/63
[M::main] Real time: 658.381 sec; CPU: 309.859 sec; Peak RSS: 0.582 GB
