[WARNING][1;31m Indexing parameters (-k, -w or -H) overridden by parameters used in the prebuilt index.[0m
[M::main::0.022*1.42] loaded/built the index for 1 target sequence(s)
[M::mm_mapopt_update::0.022*2.10] mid_occ = 1000
[M::mm_idx_stat] kmer size: 15; skip: 10; is_hpc: 0; #seq: 1
[M::mm_idx_stat::0.023*2.06] distinct minimizers: 5587 (99.93% are singletons); average occurrences: 1.004; average spacing: 5.332; total length: 29903
[M::worker_pipeline::466.650*0.06] mapped 501452 sequences
[M::worker_pipeline::469.209*0.08] mapped 501461 sequences
[M::worker_pipeline::474.959*0.15] mapped 501466 sequences
[M::worker_pipeline::477.059*0.17] mapped 501470 sequences
[M::worker_pipeline::479.946*0.20] mapped 501464 sequences
[M::worker_pipeline::483.806*0.25] mapped 501419 sequences
[M::worker_pipeline::486.062*0.27] mapped 501445 sequences
[M::worker_pipeline::488.552*0.29] mapped 501431 sequences
[M::worker_pipeline::492.357*0.33] mapped 501448 sequences
[M::worker_pipeline::494.568*0.35] mapped 501431 sequences
[M::worker_pipeline::497.134*0.37] mapped 501467 sequences
[M::worker_pipeline::501.070*0.41] mapped 501436 sequences
[M::worker_pipeline::503.409*0.43] mapped 501457 sequences
[M::worker_pipeline::506.087*0.45] mapped 501458 sequences
[M::worker_pipeline::509.908*0.49] mapped 501451 sequences
[M::worker_pipeline::512.084*0.51] mapped 501458 sequences
[M::worker_pipeline::514.999*0.53] mapped 501457 sequences
[M::worker_pipeline::518.845*0.57] mapped 501417 sequences
[M::worker_pipeline::521.054*0.58] mapped 501450 sequences
[M::worker_pipeline::523.746*0.61] mapped 501431 sequences
[M::worker_pipeline::527.682*0.64] mapped 501433 sequences
[M::worker_pipeline::530.479*0.66] mapped 501433 sequences
[M::worker_pipeline::531.822*0.66] mapped 501464 sequences
[M::worker_pipeline::532.892*0.66] mapped 361825 sequences
[M::main] Version: 2.24-r1122
[M::main] CMD: minimap2 --sam-hit-only -t 6 -a -x sr data/ref/NC_045512.2.fas.mmi /dev/fd/63
[M::main] Real time: 532.967 sec; CPU: 352.219 sec; Peak RSS: 0.619 GB
