[WARNING][1;31m Indexing parameters (-k, -w or -H) overridden by parameters used in the prebuilt index.[0m
[M::main::0.020*1.60] loaded/built the index for 1 target sequence(s)
[M::mm_mapopt_update::0.020*1.58] mid_occ = 1000
[M::mm_idx_stat] kmer size: 15; skip: 10; is_hpc: 0; #seq: 1
[M::mm_idx_stat::0.020*1.54] distinct minimizers: 5587 (99.93% are singletons); average occurrences: 1.004; average spacing: 5.332; total length: 29903
[M::worker_pipeline::4157.630*0.01] mapped 500417 sequences
[M::worker_pipeline::4160.511*0.01] mapped 500418 sequences
[M::worker_pipeline::4162.733*0.01] mapped 500413 sequences
[M::worker_pipeline::4165.034*0.02] mapped 500431 sequences
[M::worker_pipeline::4168.108*0.02] mapped 500426 sequences
[M::worker_pipeline::4170.080*0.03] mapped 500425 sequences
[M::worker_pipeline::4172.788*0.03] mapped 500425 sequences
[M::worker_pipeline::4175.996*0.03] mapped 500428 sequences
[M::worker_pipeline::4177.971*0.04] mapped 500428 sequences
[M::worker_pipeline::4181.265*0.04] mapped 500424 sequences
[M::worker_pipeline::4183.461*0.04] mapped 500414 sequences
[M::worker_pipeline::4185.456*0.05] mapped 500428 sequences
[M::worker_pipeline::4187.937*0.05] mapped 500403 sequences
[M::worker_pipeline::4190.574*0.05] mapped 500425 sequences
[M::worker_pipeline::4192.502*0.06] mapped 500440 sequences
[M::worker_pipeline::4194.977*0.06] mapped 500433 sequences
[M::worker_pipeline::4197.894*0.06] mapped 500419 sequences
[M::worker_pipeline::4199.759*0.07] mapped 500436 sequences
[M::worker_pipeline::4202.110*0.07] mapped 500406 sequences
[M::worker_pipeline::4204.967*0.07] mapped 500430 sequences
[M::worker_pipeline::4206.772*0.08] mapped 500416 sequences
[M::worker_pipeline::4209.263*0.08] mapped 500446 sequences
[M::worker_pipeline::4212.251*0.08] mapped 500426 sequences
[M::worker_pipeline::4213.908*0.09] mapped 500425 sequences
[M::worker_pipeline::4216.591*0.09] mapped 500436 sequences
[M::worker_pipeline::4219.490*0.09] mapped 500427 sequences
[M::worker_pipeline::4221.351*0.10] mapped 500425 sequences
[M::worker_pipeline::4224.040*0.10] mapped 500417 sequences
[M::worker_pipeline::4227.341*0.10] mapped 500425 sequences
[M::worker_pipeline::4229.084*0.11] mapped 500424 sequences
[M::worker_pipeline::4232.466*0.11] mapped 500435 sequences
[M::worker_pipeline::4279.020*0.11] mapped 500432 sequences
[M::worker_pipeline::4282.165*0.12] mapped 500441 sequences
[M::worker_pipeline::4284.523*0.12] mapped 500426 sequences
[M::worker_pipeline::4287.003*0.12] mapped 500424 sequences
[M::worker_pipeline::4288.927*0.13] mapped 500402 sequences
[M::worker_pipeline::4291.079*0.13] mapped 500424 sequences
[M::worker_pipeline::4293.702*0.13] mapped 500422 sequences
[M::worker_pipeline::4295.649*0.14] mapped 500431 sequences
[M::worker_pipeline::4297.840*0.14] mapped 500406 sequences
[M::worker_pipeline::4300.549*0.14] mapped 500418 sequences
[M::worker_pipeline::4302.479*0.14] mapped 500426 sequences
[M::worker_pipeline::4304.723*0.15] mapped 500433 sequences
[M::worker_pipeline::4307.286*0.15] mapped 500422 sequences
[M::worker_pipeline::4309.216*0.15] mapped 500415 sequences
[M::worker_pipeline::4311.434*0.16] mapped 500438 sequences
[M::worker_pipeline::4313.999*0.16] mapped 500415 sequences
[M::worker_pipeline::4315.882*0.16] mapped 500430 sequences
[M::worker_pipeline::4318.070*0.17] mapped 500424 sequences
[M::worker_pipeline::4320.675*0.17] mapped 500437 sequences
[M::worker_pipeline::4322.643*0.17] mapped 500420 sequences
[M::worker_pipeline::4324.921*0.18] mapped 500432 sequences
[M::worker_pipeline::4327.545*0.18] mapped 500406 sequences
[M::worker_pipeline::4329.676*0.18] mapped 500428 sequences
[M::worker_pipeline::4331.796*0.19] mapped 500434 sequences
[M::worker_pipeline::4334.447*0.19] mapped 500426 sequences
[M::worker_pipeline::4336.362*0.19] mapped 500421 sequences
[M::worker_pipeline::4338.647*0.20] mapped 500418 sequences
[M::worker_pipeline::4341.237*0.20] mapped 500428 sequences
[M::worker_pipeline::4343.144*0.20] mapped 500423 sequences
[M::worker_pipeline::4345.584*0.21] mapped 500428 sequences
[M::worker_pipeline::4348.271*0.21] mapped 500423 sequences
[M::worker_pipeline::4350.211*0.21] mapped 500427 sequences
[M::worker_pipeline::4392.204*0.22] mapped 500411 sequences
[M::worker_pipeline::4393.875*0.22] mapped 500423 sequences
[M::worker_pipeline::4395.862*0.22] mapped 500414 sequences
[M::worker_pipeline::4398.105*0.22] mapped 500420 sequences
[M::worker_pipeline::4400.613*0.23] mapped 500427 sequences
[M::worker_pipeline::4402.583*0.23] mapped 500431 sequences
[M::worker_pipeline::4404.789*0.23] mapped 500435 sequences
[M::worker_pipeline::4407.489*0.24] mapped 500419 sequences
[M::worker_pipeline::4409.585*0.24] mapped 500418 sequences
[M::worker_pipeline::4411.830*0.24] mapped 500425 sequences
[M::worker_pipeline::4414.560*0.25] mapped 500429 sequences
[M::worker_pipeline::4416.473*0.25] mapped 500406 sequences
[M::worker_pipeline::4418.777*0.25] mapped 500422 sequences
[M::worker_pipeline::4421.428*0.26] mapped 500419 sequences
[M::worker_pipeline::4423.419*0.26] mapped 500420 sequences
[M::worker_pipeline::4425.870*0.26] mapped 500407 sequences
[M::worker_pipeline::4428.605*0.26] mapped 500425 sequences
[M::worker_pipeline::4430.398*0.27] mapped 500423 sequences
[M::worker_pipeline::4432.695*0.27] mapped 500435 sequences
[M::worker_pipeline::4435.259*0.27] mapped 500435 sequences
[M::worker_pipeline::4437.304*0.28] mapped 500418 sequences
[M::worker_pipeline::4439.635*0.28] mapped 500437 sequences
[M::worker_pipeline::4442.052*0.28] mapped 500427 sequences
[M::worker_pipeline::4444.132*0.28] mapped 500417 sequences
[M::worker_pipeline::4446.376*0.29] mapped 500425 sequences
[M::worker_pipeline::4448.916*0.29] mapped 500411 sequences
[M::worker_pipeline::4450.853*0.29] mapped 500434 sequences
[M::worker_pipeline::4453.035*0.30] mapped 500435 sequences
[M::worker_pipeline::4455.637*0.30] mapped 500420 sequences
[M::worker_pipeline::4457.615*0.30] mapped 500423 sequences
[M::worker_pipeline::4459.938*0.31] mapped 500422 sequences
[M::worker_pipeline::4462.489*0.31] mapped 500424 sequences
[M::worker_pipeline::4507.377*0.31] mapped 500420 sequences
[M::worker_pipeline::4509.194*0.31] mapped 500407 sequences
[M::worker_pipeline::4511.592*0.32] mapped 500442 sequences
[M::worker_pipeline::4513.778*0.32] mapped 500431 sequences
[M::worker_pipeline::4516.060*0.32] mapped 500422 sequences
[M::worker_pipeline::4518.726*0.33] mapped 500415 sequences
[M::worker_pipeline::4520.743*0.33] mapped 500414 sequences
[M::worker_pipeline::4523.246*0.33] mapped 500421 sequences
[M::worker_pipeline::4526.090*0.34] mapped 500433 sequences
[M::worker_pipeline::4528.227*0.34] mapped 500416 sequences
[M::worker_pipeline::4530.597*0.34] mapped 500415 sequences
[M::worker_pipeline::4533.368*0.34] mapped 500437 sequences
[M::worker_pipeline::4535.352*0.35] mapped 500414 sequences
[M::worker_pipeline::4537.745*0.35] mapped 500433 sequences
[M::worker_pipeline::4540.532*0.35] mapped 500418 sequences
[M::worker_pipeline::4542.705*0.36] mapped 500412 sequences
[M::worker_pipeline::4545.011*0.36] mapped 500410 sequences
[M::worker_pipeline::4549.844*0.36] mapped 500412 sequences
[M::worker_pipeline::4551.776*0.37] mapped 500432 sequences
[M::worker_pipeline::4554.193*0.37] mapped 500435 sequences
[M::worker_pipeline::4556.721*0.37] mapped 500427 sequences
[M::worker_pipeline::4559.072*0.38] mapped 500413 sequences
[M::worker_pipeline::4561.276*0.38] mapped 500421 sequences
[M::worker_pipeline::4563.995*0.38] mapped 500406 sequences
[M::worker_pipeline::4566.284*0.39] mapped 500414 sequences
[M::worker_pipeline::4568.555*0.39] mapped 500436 sequences
[M::worker_pipeline::4571.206*0.39] mapped 500432 sequences
[M::worker_pipeline::4573.531*0.39] mapped 500420 sequences
[M::worker_pipeline::4575.968*0.40] mapped 500427 sequences
[M::worker_pipeline::4578.674*0.40] mapped 500425 sequences
[M::worker_pipeline::4580.915*0.40] mapped 500422 sequences
[M::worker_pipeline::4583.321*0.41] mapped 500406 sequences
[M::worker_pipeline::4586.088*0.41] mapped 500426 sequences
[M::worker_pipeline::4631.801*0.41] mapped 500416 sequences
[M::worker_pipeline::4633.941*0.41] mapped 500429 sequences
[M::worker_pipeline::4636.162*0.42] mapped 500425 sequences
[M::worker_pipeline::4638.272*0.42] mapped 500431 sequences
[M::worker_pipeline::4640.590*0.42] mapped 500431 sequences
[M::worker_pipeline::4643.272*0.43] mapped 500416 sequences
[M::worker_pipeline::4645.410*0.43] mapped 500403 sequences
[M::worker_pipeline::4647.914*0.43] mapped 500415 sequences
[M::worker_pipeline::4650.637*0.44] mapped 500419 sequences
[M::worker_pipeline::4652.696*0.44] mapped 500432 sequences
[M::worker_pipeline::4655.077*0.44] mapped 500414 sequences
[M::worker_pipeline::4657.828*0.44] mapped 500405 sequences
[M::worker_pipeline::4659.967*0.45] mapped 500431 sequences
[M::worker_pipeline::4662.257*0.45] mapped 500428 sequences
[M::worker_pipeline::4664.950*0.45] mapped 500423 sequences
[M::worker_pipeline::4667.080*0.46] mapped 500406 sequences
[M::worker_pipeline::4669.603*0.46] mapped 500435 sequences
[M::worker_pipeline::4672.244*0.46] mapped 500419 sequences
[M::worker_pipeline::4674.391*0.47] mapped 500418 sequences
[M::worker_pipeline::4676.780*0.47] mapped 500426 sequences
[M::worker_pipeline::4679.537*0.47] mapped 500429 sequences
[M::worker_pipeline::4681.638*0.47] mapped 500419 sequences
[M::worker_pipeline::4683.988*0.48] mapped 500421 sequences
[M::worker_pipeline::4686.742*0.48] mapped 500419 sequences
[M::worker_pipeline::4688.814*0.48] mapped 500417 sequences
[M::worker_pipeline::4691.223*0.49] mapped 500417 sequences
[M::worker_pipeline::4693.967*0.49] mapped 500436 sequences
[M::worker_pipeline::4696.030*0.49] mapped 500412 sequences
[M::worker_pipeline::4698.340*0.50] mapped 500420 sequences
[M::worker_pipeline::4701.104*0.50] mapped 500418 sequences
[M::worker_pipeline::4703.201*0.50] mapped 500425 sequences
[M::worker_pipeline::4705.629*0.51] mapped 500423 sequences
[M::worker_pipeline::4749.362*0.51] mapped 500422 sequences
[M::worker_pipeline::4751.331*0.51] mapped 500426 sequences
[M::worker_pipeline::4753.512*0.51] mapped 500420 sequences
[M::worker_pipeline::4756.215*0.51] mapped 500415 sequences
[M::worker_pipeline::4758.277*0.52] mapped 500404 sequences
[M::worker_pipeline::4760.582*0.52] mapped 500427 sequences
[M::worker_pipeline::4763.316*0.52] mapped 500422 sequences
[M::worker_pipeline::4765.444*0.52] mapped 500426 sequences
[M::worker_pipeline::4767.838*0.53] mapped 500436 sequences
[M::worker_pipeline::4770.591*0.53] mapped 500427 sequences
[M::worker_pipeline::4772.611*0.53] mapped 500403 sequences
[M::worker_pipeline::4775.021*0.54] mapped 500419 sequences
[M::worker_pipeline::4777.890*0.54] mapped 500422 sequences
[M::worker_pipeline::4780.569*0.54] mapped 500417 sequences
[M::worker_pipeline::4783.078*0.54] mapped 500418 sequences
[M::worker_pipeline::4785.927*0.55] mapped 500415 sequences
[M::worker_pipeline::4788.142*0.55] mapped 500416 sequences
[M::worker_pipeline::4790.639*0.55] mapped 500408 sequences
[M::worker_pipeline::4793.470*0.56] mapped 500423 sequences
[M::worker_pipeline::4795.511*0.56] mapped 500416 sequences
[M::worker_pipeline::4798.893*0.56] mapped 500424 sequences
[M::worker_pipeline::4805.284*0.57] mapped 500439 sequences
[M::worker_pipeline::4807.082*0.57] mapped 500416 sequences
[M::worker_pipeline::4809.431*0.57] mapped 500420 sequences
[M::worker_pipeline::4812.182*0.57] mapped 500428 sequences
[M::worker_pipeline::4814.335*0.58] mapped 500421 sequences
[M::worker_pipeline::4816.769*0.58] mapped 500424 sequences
[M::worker_pipeline::4820.513*0.58] mapped 500405 sequences
[M::worker_pipeline::4822.742*0.59] mapped 500420 sequences
[M::worker_pipeline::4825.147*0.59] mapped 500443 sequences
[M::worker_pipeline::4827.870*0.59] mapped 500418 sequences
[M::worker_pipeline::4829.901*0.59] mapped 500419 sequences
[M::worker_pipeline::4872.967*0.59] mapped 500416 sequences
[M::worker_pipeline::4874.822*0.60] mapped 500424 sequences
[M::worker_pipeline::4876.785*0.60] mapped 500417 sequences
[M::worker_pipeline::4879.187*0.60] mapped 500398 sequences
[M::worker_pipeline::4881.878*0.60] mapped 500420 sequences
[M::worker_pipeline::4883.688*0.61] mapped 500441 sequences
[M::worker_pipeline::4884.957*0.61] mapped 500429 sequences
[M::worker_pipeline::4885.040*0.61] mapped 6832 sequences
[M::main] Version: 2.24-r1122
[M::main] CMD: minimap2 --sam-hit-only -t 6 -a -x sr data/ref/NC_045512.2.fas.mmi /dev/fd/63
[M::main] Real time: 4885.205 sec; CPU: 2960.312 sec; Peak RSS: 0.660 GB
