[WARNING][1;31m Indexing parameters (-k, -w or -H) overridden by parameters used in the prebuilt index.[0m
[M::main::0.017*1.80] loaded/built the index for 1 target sequence(s)
[M::mm_mapopt_update::0.018*1.78] mid_occ = 1000
[M::mm_idx_stat] kmer size: 15; skip: 10; is_hpc: 0; #seq: 1
[M::mm_idx_stat::0.018*1.74] distinct minimizers: 5587 (99.93% are singletons); average occurrences: 1.004; average spacing: 5.332; total length: 29903
[M::worker_pipeline::316.240*0.08] mapped 500652 sequences
[M::worker_pipeline::319.175*0.13] mapped 500631 sequences
[M::worker_pipeline::322.306*0.19] mapped 500639 sequences
[M::worker_pipeline::324.562*0.23] mapped 500648 sequences
[M::worker_pipeline::326.945*0.28] mapped 500647 sequences
[M::worker_pipeline::329.495*0.32] mapped 500645 sequences
[M::worker_pipeline::331.416*0.35] mapped 500645 sequences
[M::worker_pipeline::333.971*0.40] mapped 500651 sequences
[M::worker_pipeline::336.341*0.44] mapped 500649 sequences
[M::worker_pipeline::338.202*0.47] mapped 500643 sequences
[M::worker_pipeline::339.331*0.47] mapped 500654 sequences
[M::worker_pipeline::339.551*0.47] mapped 50582 sequences
[M::main] Version: 2.24-r1122
[M::main] CMD: minimap2 --sam-hit-only -t 6 -a -x sr data/ref/NC_045512.2.fas.mmi /dev/fd/63
[M::main] Real time: 339.595 sec; CPU: 161.094 sec; Peak RSS: 0.566 GB
